<?xml version="1.0" encoding="UTF-8"?>
<testsuite xmlns:xsi="http://www.w3.org/2001/XMLSchema-instance" xsi:noNamespaceSchemaLocation="https://maven.apache.org/surefire/maven-surefire-plugin/xsd/surefire-test-report-3.0.xsd" version="3.0" name="org.rtklib.java.RinexDiagTest" time="0.345" tests="1" errors="0" skipped="0" failures="0">
  <properties>
[...]
</properties>
  <testcase name="verifySatpossVsSatpos" classname="org.rtklib.java.RinexDiagTest" time="0.344">
    <system-out><![CDATA[02:41:13.664 [main] DEBUG org.rtklib.java.rtcm.Rtcm -- RTCM3 decoded message type=1005, length=25
02:41:13.664 [main] DEBUG org.rtklib.java.rtcm.Rtcm -- RTCM3 decoded message type=1033, length=27
02:41:13.664 [main] DEBUG org.rtklib.java.rtcm.Rtcm -- RTCM3 decoded message type=1124, length=248
02:41:13.664 [main] DEBUG org.rtklib.java.rtcm.Rtcm -- MSM BDS TOW: raw=61204000, tow=61218.0
02:41:13.664 [main] DEBUG org.rtklib.java.rtcm.Rtcm -- MSM BDS after adjweek: time.time=316026018, time.sec=0.0
02:41:13.664 [main] DEBUG org.rtklib.java.rtcm.Rtcm -- decode_msm_head: sys=32 staid=0 nsat=12 nsig=5 sync=1 iod=0 ncell=31
02:41:13.664 [main] DEBUG org.rtklib.java.rtcm.Rtcm -- MSM sig[0] sigid=2 sigstr=2I code=40 idx=0
02:41:13.664 [main] DEBUG org.rtklib.java.rtcm.Rtcm -- MSM sig[1] sigid=8 sigstr=6I code=42 idx=3
02:41:13.664 [main] DEBUG org.rtklib.java.rtcm.Rtcm -- MSM sig[2] sigid=14 sigstr=7I code=27 idx=1
02:41:13.664 [main] DEBUG org.rtklib.java.rtcm.Rtcm -- MSM sig[3] sigid=23 sigstr=5P code=58 idx=2
02:41:13.664 [main] DEBUG org.rtklib.java.rtcm.Rtcm -- MSM sig[4] sigid=31 sigstr=1P code=2 idx=4
02:41:13.664 [main] DEBUG org.rtklib.java.rtcm.Rtcm -- MSM after sigindex: sig[0] code=40 idx=0
02:41:13.664 [main] DEBUG org.rtklib.java.rtcm.Rtcm -- MSM after sigindex: sig[1] code=42 idx=3
02:41:13.664 [main] DEBUG org.rtklib.java.rtcm.Rtcm -- MSM after sigindex: sig[2] code=27 idx=1
02:41:13.664 [main] DEBUG org.rtklib.java.rtcm.Rtcm -- MSM after sigindex: sig[3] code=58 idx=2
02:41:13.664 [main] DEBUG org.rtklib.java.rtcm.Rtcm -- MSM after sigindex: sig[4] code=2 idx=4
02:41:13.664 [main] DEBUG org.rtklib.java.rtcm.Rtcm -- RTCM3 decoded message type=1124, length=54
02:41:13.664 [main] DEBUG org.rtklib.java.rtcm.Rtcm -- MSM BDS TOW: raw=61204000, tow=61218.0
02:41:13.664 [main] DEBUG org.rtklib.java.rtcm.Rtcm -- MSM BDS after adjweek: time.time=316026018, time.sec=0.0
02:41:13.664 [main] DEBUG org.rtklib.java.rtcm.Rtcm -- decode_msm_head: sys=32 staid=0 nsat=1 nsig=4 sync=0 iod=0 ncell=4
02:41:13.664 [main] DEBUG org.rtklib.java.rtcm.Rtcm -- MSM sig[0] sigid=2 sigstr=2I code=40 idx=0
02:41:13.664 [main] DEBUG org.rtklib.java.rtcm.Rtcm -- MSM sig[1] sigid=8 sigstr=6I code=42 idx=3
02:41:13.664 [main] DEBUG org.rtklib.java.rtcm.Rtcm -- MSM sig[2] sigid=23 sigstr=5P code=58 idx=2
02:41:13.664 [main] DEBUG org.rtklib.java.rtcm.Rtcm -- MSM sig[3] sigid=31 sigstr=1P code=2 idx=4
02:41:13.664 [main] DEBUG org.rtklib.java.rtcm.Rtcm -- MSM after sigindex: sig[0] code=40 idx=0
02:41:13.664 [main] DEBUG org.rtklib.java.rtcm.Rtcm -- MSM after sigindex: sig[1] code=42 idx=3
02:41:13.664 [main] DEBUG org.rtklib.java.rtcm.Rtcm -- MSM after sigindex: sig[2] code=58 idx=2
02:41:13.664 [main] DEBUG org.rtklib.java.rtcm.Rtcm -- MSM after sigindex: sig[3] code=2 idx=4
02:41:13.664 [main] DEBUG org.rtklib.java.rtcm.Rtcm -- RTCM3 decoded message type=1042, length=70
02:41:13.664 [main] INFO org.rtklib.java.rtcm.Rtcm -- RTCM 1042 eph stored: sat=137 prn=32 week=1066 toe=54000.0 A=27906219.4
02:41:13.664 [main] DEBUG org.rtklib.java.rtcm.Rtcm -- RTCM3 decoded message type=1005, length=25
02:41:13.664 [main] DEBUG org.rtklib.java.rtcm.Rtcm -- RTCM3 decoded message type=1033, length=27
02:41:13.664 [main] DEBUG org.rtklib.java.rtcm.Rtcm -- RTCM3 decoded message type=1124, length=236
02:41:13.664 [main] DEBUG org.rtklib.java.rtcm.Rtcm -- MSM BDS TOW: raw=61219000, tow=61233.0
02:41:13.664 [main] DEBUG org.rtklib.java.rtcm.Rtcm -- MSM BDS after adjweek: time.time=1780851633, time.sec=0.0
02:41:13.664 [main] DEBUG org.rtklib.java.rtcm.Rtcm -- decode_msm_head: sys=32 staid=0 nsat=12 nsig=5 sync=1 iod=0 ncell=29
02:41:13.664 [main] DEBUG org.rtklib.java.rtcm.Rtcm -- MSM sig[0] sigid=2 sigstr=2I code=40 idx=0
02:41:13.664 [main] DEBUG org.rtklib.java.rtcm.Rtcm -- MSM sig[1] sigid=8 sigstr=6I code=42 idx=3
02:41:13.664 [main] DEBUG org.rtklib.java.rtcm.Rtcm -- MSM sig[2] sigid=14 sigstr=7I code=27 idx=1
02:41:13.664 [main] DEBUG org.rtklib.java.rtcm.Rtcm -- MSM sig[3] sigid=23 sigstr=5P code=58 idx=2
02:41:13.664 [main] DEBUG org.rtklib.java.rtcm.Rtcm -- MSM sig[4] sigid=31 sigstr=1P code=2 idx=4
02:41:13.664 [main] DEBUG org.rtklib.java.rtcm.Rtcm -- MSM after sigindex: sig[0] code=40 idx=0
02:41:13.664 [main] DEBUG org.rtklib.java.rtcm.Rtcm -- MSM after sigindex: sig[1] code=42 idx=3
02:41:13.664 [main] DEBUG org.rtklib.java.rtcm.Rtcm -- MSM after sigindex: sig[2] code=27 idx=1
02:41:13.664 [main] DEBUG org.rtklib.java.rtcm.Rtcm -- MSM after sigindex: sig[3] code=58 idx=2
02:41:13.664 [main] DEBUG org.rtklib.java.rtcm.Rtcm -- MSM after sigindex: sig[4] code=2 idx=4
02:41:13.664 [main] DEBUG org.rtklib.java.rtcm.Rtcm -- RTCM3 decoded message type=1124, length=54
02:41:13.664 [main] DEBUG org.rtklib.java.rtcm.Rtcm -- MSM BDS TOW: raw=61219000, tow=61233.0
02:41:13.664 [main] DEBUG org.rtklib.java.rtcm.Rtcm -- MSM BDS after adjweek: time.time=1780851633, time.sec=0.0
02:41:13.664 [main] DEBUG org.rtklib.java.rtcm.Rtcm -- decode_msm_head: sys=32 staid=0 nsat=1 nsig=4 sync=0 iod=0 ncell=4
02:41:13.664 [main] DEBUG org.rtklib.java.rtcm.Rtcm -- MSM sig[0] sigid=2 sigstr=2I code=40 idx=0
02:41:13.664 [main] DEBUG org.rtklib.java.rtcm.Rtcm -- MSM sig[1] sigid=8 sigstr=6I code=42 idx=3
02:41:13.664 [main] DEBUG org.rtklib.java.rtcm.Rtcm -- MSM sig[2] sigid=23 sigstr=5P code=58 idx=2
02:41:13.664 [main] DEBUG org.rtklib.java.rtcm.Rtcm -- MSM sig[3] sigid=31 sigstr=1P code=2 idx=4
02:41:13.664 [main] DEBUG org.rtklib.java.rtcm.Rtcm -- MSM after sigindex: sig[0] code=40 idx=0
02:41:13.664 [main] DEBUG org.rtklib.java.rtcm.Rtcm -- MSM after sigindex: sig[1] code=42 idx=3
02:41:13.664 [main] DEBUG org.rtklib.java.rtcm.Rtcm -- MSM after sigindex: sig[2] code=58 idx=2
02:41:13.664 [main] DEBUG org.rtklib.java.rtcm.Rtcm -- MSM after sigindex: sig[3] code=2 idx=4
02:41:13.664 [main] DEBUG org.rtklib.java.rtcm.Rtcm -- RTCM3 decoded message type=1042, length=70
02:41:13.664 [main] INFO org.rtklib.java.rtcm.Rtcm -- RTCM 1042 eph stored: sat=112 prn=7 week=1066 toe=61200.0 A=42165725.8
02:41:13.664 [main] DEBUG org.rtklib.java.rtcm.Rtcm -- RTCM3 decoded message type=1005, length=25
02:41:13.664 [main] DEBUG org.rtklib.java.rtcm.Rtcm -- RTCM3 decoded message type=1033, length=27
02:41:13.664 [main] DEBUG org.rtklib.java.rtcm.Rtcm -- RTCM3 decoded message type=1124, length=236
02:41:13.664 [main] DEBUG org.rtklib.java.rtcm.Rtcm -- MSM BDS TOW: raw=61234000, tow=61248.0
02:41:13.664 [main] DEBUG org.rtklib.java.rtcm.Rtcm -- MSM BDS after adjweek: time.time=1780851648, time.sec=0.0
02:41:13.664 [main] DEBUG org.rtklib.java.rtcm.Rtcm -- decode_msm_head: sys=32 staid=0 nsat=12 nsig=5 sync=1 iod=0 ncell=29
02:41:13.664 [main] DEBUG org.rtklib.java.rtcm.Rtcm -- MSM sig[0] sigid=2 sigstr=2I code=40 idx=0
02:41:13.664 [main] DEBUG org.rtklib.java.rtcm.Rtcm -- MSM sig[1] sigid=8 sigstr=6I code=42 idx=3
02:41:13.664 [main] DEBUG org.rtklib.java.rtcm.Rtcm -- MSM sig[2] sigid=14 sigstr=7I code=27 idx=1
02:41:13.664 [main] DEBUG org.rtklib.java.rtcm.Rtcm -- MSM sig[3] sigid=23 sigstr=5P code=58 idx=2
02:41:13.664 [main] DEBUG org.rtklib.java.rtcm.Rtcm -- MSM sig[4] sigid=31 sigstr=1P code=2 idx=4
02:41:13.664 [main] DEBUG org.rtklib.java.rtcm.Rtcm -- MSM after sigindex: sig[0] code=40 idx=0
02:41:13.664 [main] DEBUG org.rtklib.java.rtcm.Rtcm -- MSM after sigindex: sig[1] code=42 idx=3
02:41:13.664 [main] DEBUG org.rtklib.java.rtcm.Rtcm -- MSM after sigindex: sig[2] code=27 idx=1
02:41:13.664 [main] DEBUG org.rtklib.java.rtcm.Rtcm -- MSM after sigindex: sig[3] code=58 idx=2
02:41:13.664 [main] DEBUG org.rtklib.java.rtcm.Rtcm -- MSM after sigindex: sig[4] code=2 idx=4
02:41:13.664 [main] DEBUG org.rtklib.java.rtcm.Rtcm -- RTCM3 decoded message type=1124, length=54
02:41:13.664 [main] DEBUG org.rtklib.java.rtcm.Rtcm -- MSM BDS TOW: raw=61234000, tow=61248.0
02:41:13.664 [main] DEBUG org.rtklib.java.rtcm.Rtcm -- MSM BDS after adjweek: time.time=1780851648, time.sec=0.0
02:41:13.664 [main] DEBUG org.rtklib.java.rtcm.Rtcm -- decode_msm_head: sys=32 staid=0 nsat=1 nsig=4 sync=0 iod=0 ncell=4
02:41:13.664 [main] DEBUG org.rtklib.java.rtcm.Rtcm -- MSM sig[0] sigid=2 sigstr=2I code=40 idx=0
02:41:13.664 [main] DEBUG org.rtklib.java.rtcm.Rtcm -- MSM sig[1] sigid=8 sigstr=6I code=42 idx=3
02:41:13.664 [main] DEBUG org.rtklib.java.rtcm.Rtcm -- MSM sig[2] sigid=23 sigstr=5P code=58 idx=2
02:41:13.664 [main] DEBUG org.rtklib.java.rtcm.Rtcm -- MSM sig[3] sigid=31 sigstr=1P code=2 idx=4
02:41:13.664 [main] DEBUG org.rtklib.java.rtcm.Rtcm -- MSM after sigindex: sig[0] code=40 idx=0
02:41:13.664 [main] DEBUG org.rtklib.java.rtcm.Rtcm -- MSM after sigindex: sig[1] code=42 idx=3
02:41:13.664 [main] DEBUG org.rtklib.java.rtcm.Rtcm -- MSM after sigindex: sig[2] code=58 idx=2
02:41:13.664 [main] DEBUG org.rtklib.java.rtcm.Rtcm -- MSM after sigindex: sig[3] code=2 idx=4
02:41:13.664 [main] DEBUG org.rtklib.java.rtcm.Rtcm -- RTCM3 decoded message type=1042, length=70
02:41:13.664 [main] INFO org.rtklib.java.rtcm.Rtcm -- RTCM 1042 eph stored: sat=106 prn=1 week=1066 toe=61200.0 A=42166232.7
02:41:13.664 [main] DEBUG org.rtklib.java.rtcm.Rtcm -- RTCM3 decoded message type=1005, length=25
02:41:13.664 [main] DEBUG org.rtklib.java.rtcm.Rtcm -- RTCM3 decoded message type=1033, length=27
02:41:13.664 [main] DEBUG org.rtklib.java.rtcm.Rtcm -- RTCM3 decoded message type=1124, length=248
02:41:13.664 [main] DEBUG org.rtklib.java.rtcm.Rtcm -- MSM BDS TOW: raw=61249000, tow=61263.0
02:41:13.664 [main] DEBUG org.rtklib.java.rtcm.Rtcm -- MSM BDS after adjweek: time.time=1780851663, time.sec=0.0
02:41:13.664 [main] DEBUG org.rtklib.java.rtcm.Rtcm -- decode_msm_head: sys=32 staid=0 nsat=12 nsig=5 sync=0 iod=0 ncell=31
02:41:13.664 [main] DEBUG org.rtklib.java.rtcm.Rtcm -- MSM sig[0] sigid=2 sigstr=2I code=40 idx=0
02:41:13.664 [main] DEBUG org.rtklib.java.rtcm.Rtcm -- MSM sig[1] sigid=8 sigstr=6I code=42 idx=3
02:41:13.664 [main] DEBUG org.rtklib.java.rtcm.Rtcm -- MSM sig[2] sigid=14 sigstr=7I code=27 idx=1
02:41:13.664 [main] DEBUG org.rtklib.java.rtcm.Rtcm -- MSM sig[3] sigid=23 sigstr=5P code=58 idx=2
02:41:13.664 [main] DEBUG org.rtklib.java.rtcm.Rtcm -- MSM sig[4] sigid=31 sigstr=1P code=2 idx=4
02:41:13.664 [main] DEBUG org.rtklib.java.rtcm.Rtcm -- MSM after sigindex: sig[0] code=40 idx=0
02:41:13.664 [main] DEBUG org.rtklib.java.rtcm.Rtcm -- MSM after sigindex: sig[1] code=42 idx=3
02:41:13.664 [main] DEBUG org.rtklib.java.rtcm.Rtcm -- MSM after sigindex: sig[2] code=27 idx=1
02:41:13.664 [main] DEBUG org.rtklib.java.rtcm.Rtcm -- MSM after sigindex: sig[3] code=58 idx=2
02:41:13.664 [main] DEBUG org.rtklib.java.rtcm.Rtcm -- MSM after sigindex: sig[4] code=2 idx=4
02:41:13.664 [main] DEBUG org.rtklib.java.rtcm.Rtcm -- RTCM3 decoded message type=1042, length=70
02:41:13.664 [main] INFO org.rtklib.java.rtcm.Rtcm -- RTCM 1042 eph stored: sat=107 prn=2 week=1066 toe=61200.0 A=42163941.3
02:41:13.664 [main] DEBUG org.rtklib.java.rtcm.Rtcm -- RTCM3 decoded message type=1005, length=25
02:41:13.664 [main] DEBUG org.rtklib.java.rtcm.Rtcm -- RTCM3 decoded message type=1033, length=27
02:41:13.664 [main] DEBUG org.rtklib.java.rtcm.Rtcm -- RTCM3 decoded message type=1124, length=260
02:41:13.664 [main] DEBUG org.rtklib.java.rtcm.Rtcm -- MSM BDS TOW: raw=61264000, tow=61278.0
02:41:13.664 [main] DEBUG org.rtklib.java.rtcm.Rtcm -- MSM BDS after adjweek: time.time=1780851678, time.sec=0.0
02:41:13.664 [main] DEBUG org.rtklib.java.rtcm.Rtcm -- decode_msm_head: sys=32 staid=0 nsat=12 nsig=5 sync=0 iod=0 ncell=33
02:41:13.664 [main] DEBUG org.rtklib.java.rtcm.Rtcm -- MSM sig[0] sigid=2 sigstr=2I code=40 idx=0
02:41:13.664 [main] DEBUG org.rtklib.java.rtcm.Rtcm -- MSM sig[1] sigid=8 sigstr=6I code=42 idx=3
02:41:13.664 [main] DEBUG org.rtklib.java.rtcm.Rtcm -- MSM sig[2] sigid=14 sigstr=7I code=27 idx=1
02:41:13.664 [main] DEBUG org.rtklib.java.rtcm.Rtcm -- MSM sig[3] sigid=23 sigstr=5P code=58 idx=2
02:41:13.664 [main] DEBUG org.rtklib.java.rtcm.Rtcm -- MSM sig[4] sigid=31 sigstr=1P code=2 idx=4
02:41:13.664 [main] DEBUG org.rtklib.java.rtcm.Rtcm -- MSM after sigindex: sig[0] code=40 idx=0
02:41:13.664 [main] DEBUG org.rtklib.java.rtcm.Rtcm -- MSM after sigindex: sig[1] code=42 idx=3
02:41:13.664 [main] DEBUG org.rtklib.java.rtcm.Rtcm -- MSM after sigindex: sig[2] code=27 idx=1
02:41:13.664 [main] DEBUG org.rtklib.java.rtcm.Rtcm -- MSM after sigindex: sig[3] code=58 idx=2
02:41:13.664 [main] DEBUG org.rtklib.java.rtcm.Rtcm -- MSM after sigindex: sig[4] code=2 idx=4
02:41:13.664 [main] DEBUG org.rtklib.java.rtcm.Rtcm -- RTCM3 decoded message type=1042, length=70
02:41:13.664 [main] INFO org.rtklib.java.rtcm.Rtcm -- RTCM 1042 eph stored: sat=108 prn=3 week=1066 toe=61200.0 A=42164777.8
02:41:13.664 [main] DEBUG org.rtklib.java.rtcm.Rtcm -- RTCM3 decoded message type=1005, length=25
02:41:13.664 [main] DEBUG org.rtklib.java.rtcm.Rtcm -- RTCM3 decoded message type=1033, length=27
02:41:13.664 [main] DEBUG org.rtklib.java.rtcm.Rtcm -- RTCM3 decoded message type=1124, length=254
02:41:13.664 [main] DEBUG org.rtklib.java.rtcm.Rtcm -- MSM BDS TOW: raw=61279000, tow=61293.0
02:41:13.664 [main] DEBUG org.rtklib.java.rtcm.Rtcm -- MSM BDS after adjweek: time.time=1780851693, time.sec=0.0
02:41:13.664 [main] DEBUG org.rtklib.java.rtcm.Rtcm -- decode_msm_head: sys=32 staid=0 nsat=12 nsig=5 sync=0 iod=0 ncell=32
02:41:13.664 [main] DEBUG org.rtklib.java.rtcm.Rtcm -- MSM sig[0] sigid=2 sigstr=2I code=40 idx=0
02:41:13.664 [main] DEBUG org.rtklib.java.rtcm.Rtcm -- MSM sig[1] sigid=8 sigstr=6I code=42 idx=3
02:41:13.664 [main] DEBUG org.rtklib.java.rtcm.Rtcm -- MSM sig[2] sigid=14 sigstr=7I code=27 idx=1
02:41:13.664 [main] DEBUG org.rtklib.java.rtcm.Rtcm -- MSM sig[3] sigid=23 sigstr=5P code=58 idx=2
02:41:13.664 [main] DEBUG org.rtklib.java.rtcm.Rtcm -- MSM sig[4] sigid=31 sigstr=1P code=2 idx=4
02:41:13.664 [main] DEBUG org.rtklib.java.rtcm.Rtcm -- MSM after sigindex: sig[0] code=40 idx=0
02:41:13.664 [main] DEBUG org.rtklib.java.rtcm.Rtcm -- MSM after sigindex: sig[1] code=42 idx=3
02:41:13.664 [main] DEBUG org.rtklib.java.rtcm.Rtcm -- MSM after sigindex: sig[2] code=27 idx=1
02:41:13.664 [main] DEBUG org.rtklib.java.rtcm.Rtcm -- MSM after sigindex: sig[3] code=58 idx=2
02:41:13.664 [main] DEBUG org.rtklib.java.rtcm.Rtcm -- MSM after sigindex: sig[4] code=2 idx=4
02:41:13.664 [main] DEBUG org.rtklib.java.rtcm.Rtcm -- RTCM3 decoded message type=1042, length=70
02:41:13.664 [main] INFO org.rtklib.java.rtcm.Rtcm -- RTCM 1042 eph stored: sat=113 prn=8 week=1066 toe=61200.0 A=42158272.3
02:41:13.664 [main] DEBUG org.rtklib.java.rtcm.Rtcm -- RTCM3 decoded message type=1005, length=25
02:41:13.664 [main] DEBUG org.rtklib.java.rtcm.Rtcm -- RTCM3 decoded message type=1033, length=27
02:41:13.664 [main] DEBUG org.rtklib.java.rtcm.Rtcm -- RTCM3 decoded message type=1124, length=254
02:41:13.664 [main] DEBUG org.rtklib.java.rtcm.Rtcm -- MSM BDS TOW: raw=61294000, tow=61308.0
02:41:13.664 [main] DEBUG org.rtklib.java.rtcm.Rtcm -- MSM BDS after adjweek: time.time=1780851708, time.sec=0.0
02:41:13.664 [main] DEBUG org.rtklib.java.rtcm.Rtcm -- decode_msm_head: sys=32 staid=0 nsat=12 nsig=5 sync=0 iod=0 ncell=32
02:41:13.664 [main] DEBUG org.rtklib.java.rtcm.Rtcm -- MSM sig[0] sigid=2 sigstr=2I code=40 idx=0
02:41:13.664 [main] DEBUG org.rtklib.java.rtcm.Rtcm -- MSM sig[1] sigid=8 sigstr=6I code=42 idx=3
02:41:13.664 [main] DEBUG org.rtklib.java.rtcm.Rtcm -- MSM sig[2] sigid=14 sigstr=7I code=27 idx=1
02:41:13.664 [main] DEBUG org.rtklib.java.rtcm.Rtcm -- MSM sig[3] sigid=23 sigstr=5P code=58 idx=2
02:41:13.664 [main] DEBUG org.rtklib.java.rtcm.Rtcm -- MSM sig[4] sigid=31 sigstr=1P code=2 idx=4
02:41:13.664 [main] DEBUG org.rtklib.java.rtcm.Rtcm -- MSM after sigindex: sig[0] code=40 idx=0
02:41:13.664 [main] DEBUG org.rtklib.java.rtcm.Rtcm -- MSM after sigindex: sig[1] code=42 idx=3
02:41:13.664 [main] DEBUG org.rtklib.java.rtcm.Rtcm -- MSM after sigindex: sig[2] code=27 idx=1
02:41:13.664 [main] DEBUG org.rtklib.java.rtcm.Rtcm -- MSM after sigindex: sig[3] code=58 idx=2
02:41:13.664 [main] DEBUG org.rtklib.java.rtcm.Rtcm -- MSM after sigindex: sig[4] code=2 idx=4
02:41:13.664 [main] DEBUG org.rtklib.java.rtcm.Rtcm -- RTCM3 decoded message type=1042, length=70
02:41:13.664 [main] INFO org.rtklib.java.rtcm.Rtcm -- RTCM 1042 eph stored: sat=114 prn=9 week=1066 toe=61200.0 A=42167667.7
02:41:13.664 [main] DEBUG org.rtklib.java.rtcm.Rtcm -- RTCM3 decoded message type=1005, length=25
02:41:13.664 [main] DEBUG org.rtklib.java.rtcm.Rtcm -- RTCM3 decoded message type=1033, length=27
02:41:13.664 [main] DEBUG org.rtklib.java.rtcm.Rtcm -- RTCM3 decoded message type=1124, length=260
02:41:13.664 [main] DEBUG org.rtklib.java.rtcm.Rtcm -- MSM BDS TOW: raw=61309000, tow=61323.0
02:41:13.664 [main] DEBUG org.rtklib.java.rtcm.Rtcm -- MSM BDS after adjweek: time.time=1780851723, time.sec=0.0
02:41:13.664 [main] DEBUG org.rtklib.java.rtcm.Rtcm -- decode_msm_head: sys=32 staid=0 nsat=12 nsig=5 sync=0 iod=0 ncell=33
02:41:13.664 [main] DEBUG org.rtklib.java.rtcm.Rtcm -- MSM sig[0] sigid=2 sigstr=2I code=40 idx=0
02:41:13.664 [main] DEBUG org.rtklib.java.rtcm.Rtcm -- MSM sig[1] sigid=8 sigstr=6I code=42 idx=3
02:41:13.664 [main] DEBUG org.rtklib.java.rtcm.Rtcm -- MSM sig[2] sigid=14 sigstr=7I code=27 idx=1
02:41:13.664 [main] DEBUG org.rtklib.java.rtcm.Rtcm -- MSM sig[3] sigid=23 sigstr=5P code=58 idx=2
02:41:13.664 [main] DEBUG org.rtklib.java.rtcm.Rtcm -- MSM sig[4] sigid=31 sigstr=1P code=2 idx=4
02:41:13.664 [main] DEBUG org.rtklib.java.rtcm.Rtcm -- MSM after sigindex: sig[0] code=40 idx=0
02:41:13.664 [main] DEBUG org.rtklib.java.rtcm.Rtcm -- MSM after sigindex: sig[1] code=42 idx=3
02:41:13.664 [main] DEBUG org.rtklib.java.rtcm.Rtcm -- MSM after sigindex: sig[2] code=27 idx=1
02:41:13.664 [main] DEBUG org.rtklib.java.rtcm.Rtcm -- MSM after sigindex: sig[3] code=58 idx=2
02:41:13.664 [main] DEBUG org.rtklib.java.rtcm.Rtcm -- MSM after sigindex: sig[4] code=2 idx=4
02:41:13.664 [main] DEBUG org.rtklib.java.rtcm.Rtcm -- RTCM3 decoded message type=1042, length=70
02:41:13.664 [main] INFO org.rtklib.java.rtcm.Rtcm -- RTCM 1042 eph stored: sat=115 prn=10 week=1066 toe=61200.0 A=42169927.7
02:41:13.664 [main] DEBUG org.rtklib.java.rtcm.Rtcm -- RTCM3 decoded message type=1005, length=25
02:41:13.664 [main] DEBUG org.rtklib.java.rtcm.Rtcm -- RTCM3 decoded message type=1033, length=27
02:41:13.664 [main] DEBUG org.rtklib.java.rtcm.Rtcm -- RTCM3 decoded message type=1124, length=260
02:41:13.664 [main] DEBUG org.rtklib.java.rtcm.Rtcm -- MSM BDS TOW: raw=61324000, tow=61338.0
02:41:13.665 [main] DEBUG org.rtklib.java.rtcm.Rtcm -- MSM BDS after adjweek: time.time=1780851738, time.sec=0.0
02:41:13.665 [main] DEBUG org.rtklib.java.rtcm.Rtcm -- decode_msm_head: sys=32 staid=0 nsat=12 nsig=5 sync=0 iod=0 ncell=33
02:41:13.665 [main] DEBUG org.rtklib.java.rtcm.Rtcm -- MSM sig[0] sigid=2 sigstr=2I code=40 idx=0
02:41:13.665 [main] DEBUG org.rtklib.java.rtcm.Rtcm -- MSM sig[1] sigid=8 sigstr=6I code=42 idx=3
02:41:13.665 [main] DEBUG org.rtklib.java.rtcm.Rtcm -- MSM sig[2] sigid=14 sigstr=7I code=27 idx=1
02:41:13.665 [main] DEBUG org.rtklib.java.rtcm.Rtcm -- MSM sig[3] sigid=23 sigstr=5P code=58 idx=2
02:41:13.665 [main] DEBUG org.rtklib.java.rtcm.Rtcm -- MSM sig[4] sigid=31 sigstr=1P code=2 idx=4
02:41:13.665 [main] DEBUG org.rtklib.java.rtcm.Rtcm -- MSM after sigindex: sig[0] code=40 idx=0
02:41:13.665 [main] DEBUG org.rtklib.java.rtcm.Rtcm -- MSM after sigindex: sig[1] code=42 idx=3
02:41:13.665 [main] DEBUG org.rtklib.java.rtcm.Rtcm -- MSM after sigindex: sig[2] code=27 idx=1
02:41:13.665 [main] DEBUG org.rtklib.java.rtcm.Rtcm -- MSM after sigindex: sig[3] code=58 idx=2
02:41:13.665 [main] DEBUG org.rtklib.java.rtcm.Rtcm -- MSM after sigindex: sig[4] code=2 idx=4
02:41:13.665 [main] DEBUG org.rtklib.java.rtcm.Rtcm -- RTCM3 decoded message type=1042, length=70
02:41:13.665 [main] INFO org.rtklib.java.rtcm.Rtcm -- RTCM 1042 eph stored: sat=117 prn=12 week=1066 toe=61200.0 A=27906348.6
02:41:13.665 [main] DEBUG org.rtklib.java.rtcm.Rtcm -- RTCM3 decoded message type=1005, length=25
02:41:13.665 [main] DEBUG org.rtklib.java.rtcm.Rtcm -- RTCM3 decoded message type=1033, length=27
02:41:13.665 [main] DEBUG org.rtklib.java.rtcm.Rtcm -- RTCM3 decoded message type=1124, length=266
02:41:13.665 [main] DEBUG org.rtklib.java.rtcm.Rtcm -- MSM BDS TOW: raw=61339000, tow=61353.0
02:41:13.665 [main] DEBUG org.rtklib.java.rtcm.Rtcm -- MSM BDS after adjweek: time.time=1780851753, time.sec=0.0
02:41:13.665 [main] DEBUG org.rtklib.java.rtcm.Rtcm -- decode_msm_head: sys=32 staid=0 nsat=12 nsig=5 sync=0 iod=0 ncell=34
02:41:13.665 [main] DEBUG org.rtklib.java.rtcm.Rtcm -- MSM sig[0] sigid=2 sigstr=2I code=40 idx=0
02:41:13.665 [main] DEBUG org.rtklib.java.rtcm.Rtcm -- MSM sig[1] sigid=8 sigstr=6I code=42 idx=3
02:41:13.665 [main] DEBUG org.rtklib.java.rtcm.Rtcm -- MSM sig[2] sigid=14 sigstr=7I code=27 idx=1
02:41:13.665 [main] DEBUG org.rtklib.java.rtcm.Rtcm -- MSM sig[3] sigid=23 sigstr=5P code=58 idx=2
02:41:13.665 [main] DEBUG org.rtklib.java.rtcm.Rtcm -- MSM sig[4] sigid=31 sigstr=1P code=2 idx=4
02:41:13.665 [main] DEBUG org.rtklib.java.rtcm.Rtcm -- MSM after sigindex: sig[0] code=40 idx=0
02:41:13.665 [main] DEBUG org.rtklib.java.rtcm.Rtcm -- MSM after sigindex: sig[1] code=42 idx=3
02:41:13.665 [main] DEBUG org.rtklib.java.rtcm.Rtcm -- MSM after sigindex: sig[2] code=27 idx=1
02:41:13.665 [main] DEBUG org.rtklib.java.rtcm.Rtcm -- MSM after sigindex: sig[3] code=58 idx=2
02:41:13.665 [main] DEBUG org.rtklib.java.rtcm.Rtcm -- MSM after sigindex: sig[4] code=2 idx=4
02:41:13.665 [main] DEBUG org.rtklib.java.rtcm.Rtcm -- RTCM3 decoded message type=1042, length=70
02:41:13.665 [main] INFO org.rtklib.java.rtcm.Rtcm -- RTCM 1042 eph stored: sat=124 prn=19 week=1066 toe=61200.0 A=27906196.7
02:41:13.665 [main] DEBUG org.rtklib.java.rtcm.Rtcm -- RTCM3 decoded message type=1005, length=25
02:41:13.665 [main] DEBUG org.rtklib.java.rtcm.Rtcm -- RTCM3 decoded message type=1033, length=27
02:41:13.665 [main] DEBUG org.rtklib.java.rtcm.Rtcm -- RTCM3 decoded message type=1124, length=254
02:41:13.665 [main] DEBUG org.rtklib.java.rtcm.Rtcm -- MSM BDS TOW: raw=61354000, tow=61368.0
02:41:13.665 [main] DEBUG org.rtklib.java.rtcm.Rtcm -- MSM BDS after adjweek: time.time=1780851768, time.sec=0.0
02:41:13.665 [main] DEBUG org.rtklib.java.rtcm.Rtcm -- decode_msm_head: sys=32 staid=0 nsat=12 nsig=5 sync=0 iod=0 ncell=32
02:41:13.665 [main] DEBUG org.rtklib.java.rtcm.Rtcm -- MSM sig[0] sigid=2 sigstr=2I code=40 idx=0
02:41:13.665 [main] DEBUG org.rtklib.java.rtcm.Rtcm -- MSM sig[1] sigid=8 sigstr=6I code=42 idx=3
02:41:13.665 [main] DEBUG org.rtklib.java.rtcm.Rtcm -- MSM sig[2] sigid=14 sigstr=7I code=27 idx=1
02:41:13.665 [main] DEBUG org.rtklib.java.rtcm.Rtcm -- MSM sig[3] sigid=23 sigstr=5P code=58 idx=2
02:41:13.665 [main] DEBUG org.rtklib.java.rtcm.Rtcm -- MSM sig[4] sigid=31 sigstr=1P code=2 idx=4
02:41:13.665 [main] DEBUG org.rtklib.java.rtcm.Rtcm -- MSM after sigindex: sig[0] code=40 idx=0
02:41:13.665 [main] DEBUG org.rtklib.java.rtcm.Rtcm -- MSM after sigindex: sig[1] code=42 idx=3
02:41:13.665 [main] DEBUG org.rtklib.java.rtcm.Rtcm -- MSM after sigindex: sig[2] code=27 idx=1
02:41:13.665 [main] DEBUG org.rtklib.java.rtcm.Rtcm -- MSM after sigindex: sig[3] code=58 idx=2
02:41:13.665 [main] DEBUG org.rtklib.java.rtcm.Rtcm -- MSM after sigindex: sig[4] code=2 idx=4
02:41:13.665 [main] DEBUG org.rtklib.java.rtcm.Rtcm -- RTCM3 decoded message type=1042, length=70
02:41:13.665 [main] INFO org.rtklib.java.rtcm.Rtcm -- RTCM 1042 eph stored: sat=125 prn=20 week=1066 toe=61200.0 A=27906274.3
02:41:13.665 [main] DEBUG org.rtklib.java.rtcm.Rtcm -- RTCM3 decoded message type=1005, length=25
02:41:13.665 [main] DEBUG org.rtklib.java.rtcm.Rtcm -- RTCM3 decoded message type=1033, length=27
02:41:13.665 [main] DEBUG org.rtklib.java.rtcm.Rtcm -- RTCM3 decoded message type=1124, length=248
02:41:13.665 [main] DEBUG org.rtklib.java.rtcm.Rtcm -- MSM BDS TOW: raw=61369000, tow=61383.0
02:41:13.665 [main] DEBUG org.rtklib.java.rtcm.Rtcm -- MSM BDS after adjweek: time.time=1780851783, time.sec=0.0
02:41:13.665 [main] DEBUG org.rtklib.java.rtcm.Rtcm -- decode_msm_head: sys=32 staid=0 nsat=12 nsig=5 sync=1 iod=0 ncell=31
02:41:13.665 [main] DEBUG org.rtklib.java.rtcm.Rtcm -- MSM sig[0] sigid=2 sigstr=2I code=40 idx=0
02:41:13.665 [main] DEBUG org.rtklib.java.rtcm.Rtcm -- MSM sig[1] sigid=8 sigstr=6I code=42 idx=3
02:41:13.665 [main] DEBUG org.rtklib.java.rtcm.Rtcm -- MSM sig[2] sigid=14 sigstr=7I code=27 idx=1
02:41:13.665 [main] DEBUG org.rtklib.java.rtcm.Rtcm -- MSM sig[3] sigid=23 sigstr=5P code=58 idx=2
02:41:13.665 [main] DEBUG org.rtklib.java.rtcm.Rtcm -- MSM sig[4] sigid=31 sigstr=1P code=2 idx=4
02:41:13.665 [main] DEBUG org.rtklib.java.rtcm.Rtcm -- MSM after sigindex: sig[0] code=40 idx=0
02:41:13.665 [main] DEBUG org.rtklib.java.rtcm.Rtcm -- MSM after sigindex: sig[1] code=42 idx=3
02:41:13.665 [main] DEBUG org.rtklib.java.rtcm.Rtcm -- MSM after sigindex: sig[2] code=27 idx=1
02:41:13.665 [main] DEBUG org.rtklib.java.rtcm.Rtcm -- MSM after sigindex: sig[3] code=58 idx=2
02:41:13.665 [main] DEBUG org.rtklib.java.rtcm.Rtcm -- MSM after sigindex: sig[4] code=2 idx=4
02:41:13.665 [main] DEBUG org.rtklib.java.rtcm.Rtcm -- RTCM3 decoded message type=1124, length=48
02:41:13.665 [main] DEBUG org.rtklib.java.rtcm.Rtcm -- MSM BDS TOW: raw=61369000, tow=61383.0
02:41:13.665 [main] DEBUG org.rtklib.java.rtcm.Rtcm -- MSM BDS after adjweek: time.time=1780851783, time.sec=0.0
02:41:13.665 [main] DEBUG org.rtklib.java.rtcm.Rtcm -- decode_msm_head: sys=32 staid=0 nsat=1 nsig=3 sync=0 iod=0 ncell=3
02:41:13.665 [main] DEBUG org.rtklib.java.rtcm.Rtcm -- MSM sig[0] sigid=2 sigstr=2I code=40 idx=0
02:41:13.665 [main] DEBUG org.rtklib.java.rtcm.Rtcm -- MSM sig[1] sigid=8 sigstr=6I code=42 idx=3
02:41:13.665 [main] DEBUG org.rtklib.java.rtcm.Rtcm -- MSM sig[2] sigid=23 sigstr=5P code=58 idx=2
02:41:13.665 [main] DEBUG org.rtklib.java.rtcm.Rtcm -- MSM after sigindex: sig[0] code=40 idx=0
02:41:13.665 [main] DEBUG org.rtklib.java.rtcm.Rtcm -- MSM after sigindex: sig[1] code=42 idx=3
02:41:13.665 [main] DEBUG org.rtklib.java.rtcm.Rtcm -- MSM after sigindex: sig[2] code=58 idx=2
02:41:13.665 [main] DEBUG org.rtklib.java.rtcm.Rtcm -- RTCM3 decoded message type=1042, length=70
02:41:13.665 [main] INFO org.rtklib.java.rtcm.Rtcm -- RTCM 1042 eph stored: sat=127 prn=22 week=1066 toe=61200.0 A=27906228.7
02:41:13.665 [main] DEBUG org.rtklib.java.rtcm.Rtcm -- RTCM3 decoded message type=1005, length=25
02:41:13.665 [main] DEBUG org.rtklib.java.rtcm.Rtcm -- RTCM3 decoded message type=1033, length=27
02:41:13.665 [main] DEBUG org.rtklib.java.rtcm.Rtcm -- RTCM3 decoded message type=1124, length=254
02:41:13.665 [main] DEBUG org.rtklib.java.rtcm.Rtcm -- MSM BDS TOW: raw=61384000, tow=61398.0
02:41:13.665 [main] DEBUG org.rtklib.java.rtcm.Rtcm -- MSM BDS after adjweek: time.time=1780851798, time.sec=0.0
02:41:13.665 [main] DEBUG org.rtklib.java.rtcm.Rtcm -- decode_msm_head: sys=32 staid=0 nsat=12 nsig=5 sync=1 iod=0 ncell=32
02:41:13.665 [main] DEBUG org.rtklib.java.rtcm.Rtcm -- MSM sig[0] sigid=2 sigstr=2I code=40 idx=0
02:41:13.665 [main] DEBUG org.rtklib.java.rtcm.Rtcm -- MSM sig[1] sigid=8 sigstr=6I code=42 idx=3
02:41:13.665 [main] DEBUG org.rtklib.java.rtcm.Rtcm -- MSM sig[2] sigid=14 sigstr=7I code=27 idx=1
02:41:13.665 [main] DEBUG org.rtklib.java.rtcm.Rtcm -- MSM sig[3] sigid=23 sigstr=5P code=58 idx=2
02:41:13.665 [main] DEBUG org.rtklib.java.rtcm.Rtcm -- MSM sig[4] sigid=31 sigstr=1P code=2 idx=4
02:41:13.665 [main] DEBUG org.rtklib.java.rtcm.Rtcm -- MSM after sigindex: sig[0] code=40 idx=0
02:41:13.665 [main] DEBUG org.rtklib.java.rtcm.Rtcm -- MSM after sigindex: sig[1] code=42 idx=3
02:41:13.665 [main] DEBUG org.rtklib.java.rtcm.Rtcm -- MSM after sigindex: sig[2] code=27 idx=1
02:41:13.665 [main] DEBUG org.rtklib.java.rtcm.Rtcm -- MSM after sigindex: sig[3] code=58 idx=2
02:41:13.665 [main] DEBUG org.rtklib.java.rtcm.Rtcm -- MSM after sigindex: sig[4] code=2 idx=4
02:41:13.665 [main] DEBUG org.rtklib.java.rtcm.Rtcm -- RTCM3 decoded message type=1124, length=48
02:41:13.665 [main] DEBUG org.rtklib.java.rtcm.Rtcm -- MSM BDS TOW: raw=61384000, tow=61398.0
02:41:13.665 [main] DEBUG org.rtklib.java.rtcm.Rtcm -- MSM BDS after adjweek: time.time=1780851798, time.sec=0.0
02:41:13.665 [main] DEBUG org.rtklib.java.rtcm.Rtcm -- decode_msm_head: sys=32 staid=0 nsat=1 nsig=3 sync=0 iod=0 ncell=3
02:41:13.665 [main] DEBUG org.rtklib.java.rtcm.Rtcm -- MSM sig[0] sigid=2 sigstr=2I code=40 idx=0
02:41:13.665 [main] DEBUG org.rtklib.java.rtcm.Rtcm -- MSM sig[1] sigid=8 sigstr=6I code=42 idx=3
02:41:13.665 [main] DEBUG org.rtklib.java.rtcm.Rtcm -- MSM sig[2] sigid=23 sigstr=5P code=58 idx=2
02:41:13.665 [main] DEBUG org.rtklib.java.rtcm.Rtcm -- MSM after sigindex: sig[0] code=40 idx=0
02:41:13.665 [main] DEBUG org.rtklib.java.rtcm.Rtcm -- MSM after sigindex: sig[1] code=42 idx=3
02:41:13.665 [main] DEBUG org.rtklib.java.rtcm.Rtcm -- MSM after sigindex: sig[2] code=58 idx=2
02:41:13.665 [main] DEBUG org.rtklib.java.rtcm.Rtcm -- RTCM3 decoded message type=1042, length=70
02:41:13.665 [main] INFO org.rtklib.java.rtcm.Rtcm -- RTCM 1042 eph stored: sat=141 prn=36 week=1066 toe=61200.0 A=27906401.4
02:41:13.665 [main] DEBUG org.rtklib.java.rtcm.Rtcm -- RTCM3 decoded message type=1005, length=25
02:41:13.665 [main] DEBUG org.rtklib.java.rtcm.Rtcm -- RTCM3 decoded message type=1033, length=27
02:41:13.665 [main] DEBUG org.rtklib.java.rtcm.Rtcm -- RTCM3 decoded message type=1124, length=224
02:41:13.665 [main] DEBUG org.rtklib.java.rtcm.Rtcm -- MSM BDS TOW: raw=61399000, tow=61413.0
02:41:13.665 [main] DEBUG org.rtklib.java.rtcm.Rtcm -- MSM BDS after adjweek: time.time=1780851813, time.sec=0.0
02:41:13.665 [main] DEBUG org.rtklib.java.rtcm.Rtcm -- decode_msm_head: sys=32 staid=0 nsat=12 nsig=5 sync=1 iod=0 ncell=27
02:41:13.665 [main] DEBUG org.rtklib.java.rtcm.Rtcm -- MSM sig[0] sigid=2 sigstr=2I code=40 idx=0
02:41:13.665 [main] DEBUG org.rtklib.java.rtcm.Rtcm -- MSM sig[1] sigid=8 sigstr=6I code=42 idx=3
02:41:13.665 [main] DEBUG org.rtklib.java.rtcm.Rtcm -- MSM sig[2] sigid=14 sigstr=7I code=27 idx=1
02:41:13.665 [main] DEBUG org.rtklib.java.rtcm.Rtcm -- MSM sig[3] sigid=23 sigstr=5P code=58 idx=2
02:41:13.665 [main] DEBUG org.rtklib.java.rtcm.Rtcm -- MSM sig[4] sigid=31 sigstr=1P code=2 idx=4
02:41:13.665 [main] DEBUG org.rtklib.java.rtcm.Rtcm -- MSM after sigindex: sig[0] code=40 idx=0
02:41:13.665 [main] DEBUG org.rtklib.java.rtcm.Rtcm -- MSM after sigindex: sig[1] code=42 idx=3
02:41:13.665 [main] DEBUG org.rtklib.java.rtcm.Rtcm -- MSM after sigindex: sig[2] code=27 idx=1
02:41:13.665 [main] DEBUG org.rtklib.java.rtcm.Rtcm -- MSM after sigindex: sig[3] code=58 idx=2
02:41:13.665 [main] DEBUG org.rtklib.java.rtcm.Rtcm -- MSM after sigindex: sig[4] code=2 idx=4
02:41:13.665 [main] DEBUG org.rtklib.java.rtcm.Rtcm -- RTCM3 decoded message type=1124, length=75
02:41:13.665 [main] DEBUG org.rtklib.java.rtcm.Rtcm -- MSM BDS TOW: raw=61399000, tow=61413.0
02:41:13.665 [main] DEBUG org.rtklib.java.rtcm.Rtcm -- MSM BDS after adjweek: time.time=1780851813, time.sec=0.0
02:41:13.665 [main] DEBUG org.rtklib.java.rtcm.Rtcm -- decode_msm_head: sys=32 staid=0 nsat=2 nsig=4 sync=0 iod=0 ncell=7
02:41:13.665 [main] DEBUG org.rtklib.java.rtcm.Rtcm -- MSM sig[0] sigid=2 sigstr=2I code=40 idx=0
02:41:13.665 [main] DEBUG org.rtklib.java.rtcm.Rtcm -- MSM sig[1] sigid=8 sigstr=6I code=42 idx=3
02:41:13.665 [main] DEBUG org.rtklib.java.rtcm.Rtcm -- MSM sig[2] sigid=23 sigstr=5P code=58 idx=2
02:41:13.665 [main] DEBUG org.rtklib.java.rtcm.Rtcm -- MSM sig[3] sigid=31 sigstr=1P code=2 idx=4
02:41:13.665 [main] DEBUG org.rtklib.java.rtcm.Rtcm -- MSM after sigindex: sig[0] code=40 idx=0
02:41:13.665 [main] DEBUG org.rtklib.java.rtcm.Rtcm -- MSM after sigindex: sig[1] code=42 idx=3
02:41:13.665 [main] DEBUG org.rtklib.java.rtcm.Rtcm -- MSM after sigindex: sig[2] code=58 idx=2
02:41:13.665 [main] DEBUG org.rtklib.java.rtcm.Rtcm -- MSM after sigindex: sig[3] code=2 idx=4
02:41:13.665 [main] DEBUG org.rtklib.java.rtcm.Rtcm -- RTCM3 decoded message type=1042, length=70
02:41:13.665 [main] INFO org.rtklib.java.rtcm.Rtcm -- RTCM 1042 eph stored: sat=142 prn=37 week=1066 toe=54000.0 A=27906625.0
02:41:13.665 [main] DEBUG org.rtklib.java.rtcm.Rtcm -- RTCM3 decoded message type=1005, length=25
02:41:13.665 [main] DEBUG org.rtklib.java.rtcm.Rtcm -- RTCM3 decoded message type=1033, length=27
02:41:13.665 [main] DEBUG org.rtklib.java.rtcm.Rtcm -- RTCM3 decoded message type=1124, length=242
02:41:13.665 [main] DEBUG org.rtklib.java.rtcm.Rtcm -- MSM BDS TOW: raw=61414000, tow=61428.0
02:41:13.665 [main] DEBUG org.rtklib.java.rtcm.Rtcm -- MSM BDS after adjweek: time.time=1780851828, time.sec=0.0
02:41:13.665 [main] DEBUG org.rtklib.java.rtcm.Rtcm -- decode_msm_head: sys=32 staid=0 nsat=12 nsig=5 sync=1 iod=0 ncell=30
02:41:13.665 [main] DEBUG org.rtklib.java.rtcm.Rtcm -- MSM sig[0] sigid=2 sigstr=2I code=40 idx=0
02:41:13.665 [main] DEBUG org.rtklib.java.rtcm.Rtcm -- MSM sig[1] sigid=8 sigstr=6I code=42 idx=3
02:41:13.665 [main] DEBUG org.rtklib.java.rtcm.Rtcm -- MSM sig[2] sigid=14 sigstr=7I code=27 idx=1
02:41:13.665 [main] DEBUG org.rtklib.java.rtcm.Rtcm -- MSM sig[3] sigid=23 sigstr=5P code=58 idx=2
02:41:13.665 [main] DEBUG org.rtklib.java.rtcm.Rtcm -- MSM sig[4] sigid=31 sigstr=1P code=2 idx=4
02:41:13.665 [main] DEBUG org.rtklib.java.rtcm.Rtcm -- MSM after sigindex: sig[0] code=40 idx=0
02:41:13.665 [main] DEBUG org.rtklib.java.rtcm.Rtcm -- MSM after sigindex: sig[1] code=42 idx=3
02:41:13.665 [main] DEBUG org.rtklib.java.rtcm.Rtcm -- MSM after sigindex: sig[2] code=27 idx=1
02:41:13.665 [main] DEBUG org.rtklib.java.rtcm.Rtcm -- MSM after sigindex: sig[3] code=58 idx=2
02:41:13.665 [main] DEBUG org.rtklib.java.rtcm.Rtcm -- MSM after sigindex: sig[4] code=2 idx=4
02:41:13.665 [main] DEBUG org.rtklib.java.rtcm.Rtcm -- RTCM3 decoded message type=1124, length=48
02:41:13.665 [main] DEBUG org.rtklib.java.rtcm.Rtcm -- MSM BDS TOW: raw=61414000, tow=61428.0
02:41:13.665 [main] DEBUG org.rtklib.java.rtcm.Rtcm -- MSM BDS after adjweek: time.time=1780851828, time.sec=0.0
02:41:13.665 [main] DEBUG org.rtklib.java.rtcm.Rtcm -- decode_msm_head: sys=32 staid=0 nsat=1 nsig=3 sync=0 iod=0 ncell=3
02:41:13.665 [main] DEBUG org.rtklib.java.rtcm.Rtcm -- MSM sig[0] sigid=2 sigstr=2I code=40 idx=0
02:41:13.665 [main] DEBUG org.rtklib.java.rtcm.Rtcm -- MSM sig[1] sigid=8 sigstr=6I code=42 idx=3
02:41:13.665 [main] DEBUG org.rtklib.java.rtcm.Rtcm -- MSM sig[2] sigid=23 sigstr=5P code=58 idx=2
02:41:13.665 [main] DEBUG org.rtklib.java.rtcm.Rtcm -- MSM after sigindex: sig[0] code=40 idx=0
02:41:13.665 [main] DEBUG org.rtklib.java.rtcm.Rtcm -- MSM after sigindex: sig[1] code=42 idx=3
02:41:13.665 [main] DEBUG org.rtklib.java.rtcm.Rtcm -- MSM after sigindex: sig[2] code=58 idx=2
02:41:13.665 [main] DEBUG org.rtklib.java.rtcm.Rtcm -- RTCM3 decoded message type=1042, length=70
02:41:13.665 [main] INFO org.rtklib.java.rtcm.Rtcm -- RTCM 1042 eph stored: sat=144 prn=39 week=1066 toe=61200.0 A=27906542.7
02:41:13.665 [main] DEBUG org.rtklib.java.rtcm.Rtcm -- RTCM3 decoded message type=1005, length=25
02:41:13.665 [main] DEBUG org.rtklib.java.rtcm.Rtcm -- RTCM3 decoded message type=1033, length=27
02:41:13.665 [main] DEBUG org.rtklib.java.rtcm.Rtcm -- RTCM3 decoded message type=1124, length=242
02:41:13.665 [main] DEBUG org.rtklib.java.rtcm.Rtcm -- MSM BDS TOW: raw=61429000, tow=61443.0
02:41:13.665 [main] DEBUG org.rtklib.java.rtcm.Rtcm -- MSM BDS after adjweek: time.time=1780851843, time.sec=0.0
02:41:13.665 [main] DEBUG org.rtklib.java.rtcm.Rtcm -- decode_msm_head: sys=32 staid=0 nsat=12 nsig=5 sync=1 iod=0 ncell=30
02:41:13.665 [main] DEBUG org.rtklib.java.rtcm.Rtcm -- MSM sig[0] sigid=2 sigstr=2I code=40 idx=0
02:41:13.665 [main] DEBUG org.rtklib.java.rtcm.Rtcm -- MSM sig[1] sigid=8 sigstr=6I code=42 idx=3
02:41:13.665 [main] DEBUG org.rtklib.java.rtcm.Rtcm -- MSM sig[2] sigid=14 sigstr=7I code=27 idx=1
02:41:13.665 [main] DEBUG org.rtklib.java.rtcm.Rtcm -- MSM sig[3] sigid=23 sigstr=5P code=58 idx=2
02:41:13.665 [main] DEBUG org.rtklib.java.rtcm.Rtcm -- MSM sig[4] sigid=31 sigstr=1P code=2 idx=4
02:41:13.665 [main] DEBUG org.rtklib.java.rtcm.Rtcm -- MSM after sigindex: sig[0] code=40 idx=0
02:41:13.665 [main] DEBUG org.rtklib.java.rtcm.Rtcm -- MSM after sigindex: sig[1] code=42 idx=3
02:41:13.665 [main] DEBUG org.rtklib.java.rtcm.Rtcm -- MSM after sigindex: sig[2] code=27 idx=1
02:41:13.665 [main] DEBUG org.rtklib.java.rtcm.Rtcm -- MSM after sigindex: sig[3] code=58 idx=2
02:41:13.665 [main] DEBUG org.rtklib.java.rtcm.Rtcm -- MSM after sigindex: sig[4] code=2 idx=4
02:41:13.665 [main] DEBUG org.rtklib.java.rtcm.Rtcm -- RTCM3 decoded message type=1124, length=54
02:41:13.665 [main] DEBUG org.rtklib.java.rtcm.Rtcm -- MSM BDS TOW: raw=61429000, tow=61443.0
02:41:13.665 [main] DEBUG org.rtklib.java.rtcm.Rtcm -- MSM BDS after adjweek: time.time=1780851843, time.sec=0.0
02:41:13.665 [main] DEBUG org.rtklib.java.rtcm.Rtcm -- decode_msm_head: sys=32 staid=0 nsat=1 nsig=4 sync=0 iod=0 ncell=4
02:41:13.665 [main] DEBUG org.rtklib.java.rtcm.Rtcm -- MSM sig[0] sigid=2 sigstr=2I code=40 idx=0
02:41:13.665 [main] DEBUG org.rtklib.java.rtcm.Rtcm -- MSM sig[1] sigid=8 sigstr=6I code=42 idx=3
02:41:13.665 [main] DEBUG org.rtklib.java.rtcm.Rtcm -- MSM sig[2] sigid=23 sigstr=5P code=58 idx=2
02:41:13.665 [main] DEBUG org.rtklib.java.rtcm.Rtcm -- MSM sig[3] sigid=31 sigstr=1P code=2 idx=4
02:41:13.665 [main] DEBUG org.rtklib.java.rtcm.Rtcm -- MSM after sigindex: sig[0] code=40 idx=0
02:41:13.665 [main] DEBUG org.rtklib.java.rtcm.Rtcm -- MSM after sigindex: sig[1] code=42 idx=3
02:41:13.665 [main] DEBUG org.rtklib.java.rtcm.Rtcm -- MSM after sigindex: sig[2] code=58 idx=2
02:41:13.665 [main] DEBUG org.rtklib.java.rtcm.Rtcm -- MSM after sigindex: sig[3] code=2 idx=4
02:41:13.665 [main] DEBUG org.rtklib.java.rtcm.Rtcm -- RTCM3 decoded message type=1042, length=70
02:41:13.665 [main] DEBUG org.rtklib.java.rtcm.Rtcm -- RTCM3 decoded message type=1005, length=25
02:41:13.665 [main] DEBUG org.rtklib.java.rtcm.Rtcm -- RTCM3 decoded message type=1033, length=27
02:41:13.665 [main] DEBUG org.rtklib.java.rtcm.Rtcm -- RTCM3 decoded message type=1124, length=254
02:41:13.665 [main] DEBUG org.rtklib.java.rtcm.Rtcm -- MSM BDS TOW: raw=61444000, tow=61458.0
02:41:13.665 [main] DEBUG org.rtklib.java.rtcm.Rtcm -- MSM BDS after adjweek: time.time=1780851858, time.sec=0.0
02:41:13.665 [main] DEBUG org.rtklib.java.rtcm.Rtcm -- decode_msm_head: sys=32 staid=0 nsat=12 nsig=5 sync=1 iod=0 ncell=32
02:41:13.665 [main] DEBUG org.rtklib.java.rtcm.Rtcm -- MSM sig[0] sigid=2 sigstr=2I code=40 idx=0
02:41:13.665 [main] DEBUG org.rtklib.java.rtcm.Rtcm -- MSM sig[1] sigid=8 sigstr=6I code=42 idx=3
02:41:13.665 [main] DEBUG org.rtklib.java.rtcm.Rtcm -- MSM sig[2] sigid=14 sigstr=7I code=27 idx=1
02:41:13.665 [main] DEBUG org.rtklib.java.rtcm.Rtcm -- MSM sig[3] sigid=23 sigstr=5P code=58 idx=2
02:41:13.665 [main] DEBUG org.rtklib.java.rtcm.Rtcm -- MSM sig[4] sigid=31 sigstr=1P code=2 idx=4
02:41:13.665 [main] DEBUG org.rtklib.java.rtcm.Rtcm -- MSM after sigindex: sig[0] code=40 idx=0
02:41:13.665 [main] DEBUG org.rtklib.java.rtcm.Rtcm -- MSM after sigindex: sig[1] code=42 idx=3
02:41:13.665 [main] DEBUG org.rtklib.java.rtcm.Rtcm -- MSM after sigindex: sig[2] code=27 idx=1
02:41:13.665 [main] DEBUG org.rtklib.java.rtcm.Rtcm -- MSM after sigindex: sig[3] code=58 idx=2
02:41:13.665 [main] DEBUG org.rtklib.java.rtcm.Rtcm -- MSM after sigindex: sig[4] code=2 idx=4
02:41:13.665 [main] DEBUG org.rtklib.java.rtcm.Rtcm -- RTCM3 decoded message type=1124, length=48
02:41:13.665 [main] DEBUG org.rtklib.java.rtcm.Rtcm -- MSM BDS TOW: raw=61444000, tow=61458.0
02:41:13.665 [main] DEBUG org.rtklib.java.rtcm.Rtcm -- MSM BDS after adjweek: time.time=1780851858, time.sec=0.0
02:41:13.665 [main] DEBUG org.rtklib.java.rtcm.Rtcm -- decode_msm_head: sys=32 staid=0 nsat=1 nsig=3 sync=0 iod=0 ncell=3
02:41:13.665 [main] DEBUG org.rtklib.java.rtcm.Rtcm -- MSM sig[0] sigid=8 sigstr=6I code=42 idx=3
02:41:13.665 [main] DEBUG org.rtklib.java.rtcm.Rtcm -- MSM sig[1] sigid=23 sigstr=5P code=58 idx=2
02:41:13.665 [main] DEBUG org.rtklib.java.rtcm.Rtcm -- MSM sig[2] sigid=31 sigstr=1P code=2 idx=4
02:41:13.665 [main] DEBUG org.rtklib.java.rtcm.Rtcm -- MSM after sigindex: sig[0] code=42 idx=3
02:41:13.666 [main] DEBUG org.rtklib.java.rtcm.Rtcm -- MSM after sigindex: sig[1] code=58 idx=2
02:41:13.666 [main] DEBUG org.rtklib.java.rtcm.Rtcm -- MSM after sigindex: sig[2] code=2 idx=4
02:41:13.666 [main] DEBUG org.rtklib.java.rtcm.Rtcm -- RTCM3 decoded message type=1042, length=70
02:41:13.666 [main] DEBUG org.rtklib.java.rtcm.Rtcm -- RTCM3 decoded message type=1005, length=25
02:41:13.666 [main] DEBUG org.rtklib.java.rtcm.Rtcm -- RTCM3 decoded message type=1033, length=27
02:41:13.666 [main] DEBUG org.rtklib.java.rtcm.Rtcm -- RTCM3 decoded message type=1124, length=230
02:41:13.666 [main] DEBUG org.rtklib.java.rtcm.Rtcm -- MSM BDS TOW: raw=61459000, tow=61473.0
02:41:13.666 [main] DEBUG org.rtklib.java.rtcm.Rtcm -- MSM BDS after adjweek: time.time=1780851873, time.sec=0.0
02:41:13.666 [main] DEBUG org.rtklib.java.rtcm.Rtcm -- decode_msm_head: sys=32 staid=0 nsat=12 nsig=5 sync=1 iod=0 ncell=28
02:41:13.666 [main] DEBUG org.rtklib.java.rtcm.Rtcm -- MSM sig[0] sigid=2 sigstr=2I code=40 idx=0
02:41:13.666 [main] DEBUG org.rtklib.java.rtcm.Rtcm -- MSM sig[1] sigid=8 sigstr=6I code=42 idx=3
02:41:13.666 [main] DEBUG org.rtklib.java.rtcm.Rtcm -- MSM sig[2] sigid=14 sigstr=7I code=27 idx=1
02:41:13.666 [main] DEBUG org.rtklib.java.rtcm.Rtcm -- MSM sig[3] sigid=23 sigstr=5P code=58 idx=2
02:41:13.666 [main] DEBUG org.rtklib.java.rtcm.Rtcm -- MSM sig[4] sigid=31 sigstr=1P code=2 idx=4
02:41:13.666 [main] DEBUG org.rtklib.java.rtcm.Rtcm -- MSM after sigindex: sig[0] code=40 idx=0
02:41:13.666 [main] DEBUG org.rtklib.java.rtcm.Rtcm -- MSM after sigindex: sig[1] code=42 idx=3
02:41:13.666 [main] DEBUG org.rtklib.java.rtcm.Rtcm -- MSM after sigindex: sig[2] code=27 idx=1
02:41:13.666 [main] DEBUG org.rtklib.java.rtcm.Rtcm -- MSM after sigindex: sig[3] code=58 idx=2
02:41:13.666 [main] DEBUG org.rtklib.java.rtcm.Rtcm -- MSM after sigindex: sig[4] code=2 idx=4
02:41:13.666 [main] DEBUG org.rtklib.java.rtcm.Rtcm -- RTCM3 decoded message type=1124, length=81
02:41:13.666 [main] DEBUG org.rtklib.java.rtcm.Rtcm -- MSM BDS TOW: raw=61459000, tow=61473.0
02:41:13.666 [main] DEBUG org.rtklib.java.rtcm.Rtcm -- MSM BDS after adjweek: time.time=1780851873, time.sec=0.0
02:41:13.666 [main] DEBUG org.rtklib.java.rtcm.Rtcm -- decode_msm_head: sys=32 staid=0 nsat=2 nsig=4 sync=0 iod=0 ncell=8
02:41:13.666 [main] DEBUG org.rtklib.java.rtcm.Rtcm -- MSM sig[0] sigid=2 sigstr=2I code=40 idx=0
02:41:13.666 [main] DEBUG org.rtklib.java.rtcm.Rtcm -- MSM sig[1] sigid=8 sigstr=6I code=42 idx=3
02:41:13.666 [main] DEBUG org.rtklib.java.rtcm.Rtcm -- MSM sig[2] sigid=23 sigstr=5P code=58 idx=2
02:41:13.666 [main] DEBUG org.rtklib.java.rtcm.Rtcm -- MSM sig[3] sigid=31 sigstr=1P code=2 idx=4
02:41:13.666 [main] DEBUG org.rtklib.java.rtcm.Rtcm -- MSM after sigindex: sig[0] code=40 idx=0
02:41:13.666 [main] DEBUG org.rtklib.java.rtcm.Rtcm -- MSM after sigindex: sig[1] code=42 idx=3
02:41:13.666 [main] DEBUG org.rtklib.java.rtcm.Rtcm -- MSM after sigindex: sig[2] code=58 idx=2
02:41:13.666 [main] DEBUG org.rtklib.java.rtcm.Rtcm -- MSM after sigindex: sig[3] code=2 idx=4
02:41:13.666 [main] DEBUG org.rtklib.java.rtcm.Rtcm -- RTCM3 decoded message type=1042, length=70
02:41:13.666 [main] DEBUG org.rtklib.java.rtcm.Rtcm -- RTCM3 decoded message type=1005, length=25
02:41:13.666 [main] DEBUG org.rtklib.java.rtcm.Rtcm -- RTCM3 decoded message type=1033, length=27
02:41:13.666 [main] DEBUG org.rtklib.java.rtcm.Rtcm -- RTCM3 decoded message type=1124, length=224
02:41:13.666 [main] DEBUG org.rtklib.java.rtcm.Rtcm -- MSM BDS TOW: raw=61474000, tow=61488.0
02:41:13.666 [main] DEBUG org.rtklib.java.rtcm.Rtcm -- MSM BDS after adjweek: time.time=1780851888, time.sec=0.0
02:41:13.666 [main] DEBUG org.rtklib.java.rtcm.Rtcm -- decode_msm_head: sys=32 staid=0 nsat=12 nsig=5 sync=1 iod=0 ncell=27
02:41:13.666 [main] DEBUG org.rtklib.java.rtcm.Rtcm -- MSM sig[0] sigid=2 sigstr=2I code=40 idx=0
02:41:13.666 [main] DEBUG org.rtklib.java.rtcm.Rtcm -- MSM sig[1] sigid=8 sigstr=6I code=42 idx=3
02:41:13.666 [main] DEBUG org.rtklib.java.rtcm.Rtcm -- MSM sig[2] sigid=14 sigstr=7I code=27 idx=1
02:41:13.666 [main] DEBUG org.rtklib.java.rtcm.Rtcm -- MSM sig[3] sigid=23 sigstr=5P code=58 idx=2
02:41:13.666 [main] DEBUG org.rtklib.java.rtcm.Rtcm -- MSM sig[4] sigid=31 sigstr=1P code=2 idx=4
02:41:13.666 [main] DEBUG org.rtklib.java.rtcm.Rtcm -- MSM after sigindex: sig[0] code=40 idx=0
02:41:13.666 [main] DEBUG org.rtklib.java.rtcm.Rtcm -- MSM after sigindex: sig[1] code=42 idx=3
02:41:13.666 [main] DEBUG org.rtklib.java.rtcm.Rtcm -- MSM after sigindex: sig[2] code=27 idx=1
02:41:13.666 [main] DEBUG org.rtklib.java.rtcm.Rtcm -- MSM after sigindex: sig[3] code=58 idx=2
02:41:13.666 [main] DEBUG org.rtklib.java.rtcm.Rtcm -- MSM after sigindex: sig[4] code=2 idx=4
02:41:13.666 [main] DEBUG org.rtklib.java.rtcm.Rtcm -- RTCM3 decoded message type=1124, length=81
02:41:13.666 [main] DEBUG org.rtklib.java.rtcm.Rtcm -- MSM BDS TOW: raw=61474000, tow=61488.0
02:41:13.666 [main] DEBUG org.rtklib.java.rtcm.Rtcm -- MSM BDS after adjweek: time.time=1780851888, time.sec=0.0
02:41:13.666 [main] DEBUG org.rtklib.java.rtcm.Rtcm -- decode_msm_head: sys=32 staid=0 nsat=2 nsig=4 sync=0 iod=0 ncell=8
02:41:13.666 [main] DEBUG org.rtklib.java.rtcm.Rtcm -- MSM sig[0] sigid=2 sigstr=2I code=40 idx=0
02:41:13.666 [main] DEBUG org.rtklib.java.rtcm.Rtcm -- MSM sig[1] sigid=8 sigstr=6I code=42 idx=3
02:41:13.666 [main] DEBUG org.rtklib.java.rtcm.Rtcm -- MSM sig[2] sigid=23 sigstr=5P code=58 idx=2
02:41:13.666 [main] DEBUG org.rtklib.java.rtcm.Rtcm -- MSM sig[3] sigid=31 sigstr=1P code=2 idx=4
02:41:13.666 [main] DEBUG org.rtklib.java.rtcm.Rtcm -- MSM after sigindex: sig[0] code=40 idx=0
02:41:13.666 [main] DEBUG org.rtklib.java.rtcm.Rtcm -- MSM after sigindex: sig[1] code=42 idx=3
02:41:13.666 [main] DEBUG org.rtklib.java.rtcm.Rtcm -- MSM after sigindex: sig[2] code=58 idx=2
02:41:13.666 [main] DEBUG org.rtklib.java.rtcm.Rtcm -- MSM after sigindex: sig[3] code=2 idx=4
02:41:13.666 [main] DEBUG org.rtklib.java.rtcm.Rtcm -- RTCM3 decoded message type=1042, length=70
02:41:13.666 [main] INFO org.rtklib.java.rtcm.Rtcm -- RTCM 1042 eph stored: sat=111 prn=6 week=1066 toe=57600.0 A=42158421.4
02:41:13.666 [main] DEBUG org.rtklib.java.rtcm.Rtcm -- RTCM3 decoded message type=1005, length=25
02:41:13.666 [main] DEBUG org.rtklib.java.rtcm.Rtcm -- RTCM3 decoded message type=1033, length=27
02:41:13.666 [main] DEBUG org.rtklib.java.rtcm.Rtcm -- RTCM3 decoded message type=1124, length=230
02:41:13.666 [main] DEBUG org.rtklib.java.rtcm.Rtcm -- MSM BDS TOW: raw=61489000, tow=61503.0
02:41:13.666 [main] DEBUG org.rtklib.java.rtcm.Rtcm -- MSM BDS after adjweek: time.time=1780851903, time.sec=0.0
02:41:13.666 [main] DEBUG org.rtklib.java.rtcm.Rtcm -- decode_msm_head: sys=32 staid=0 nsat=12 nsig=5 sync=1 iod=0 ncell=28
02:41:13.666 [main] DEBUG org.rtklib.java.rtcm.Rtcm -- MSM sig[0] sigid=2 sigstr=2I code=40 idx=0
02:41:13.666 [main] DEBUG org.rtklib.java.rtcm.Rtcm -- MSM sig[1] sigid=8 sigstr=6I code=42 idx=3
02:41:13.666 [main] DEBUG org.rtklib.java.rtcm.Rtcm -- MSM sig[2] sigid=14 sigstr=7I code=27 idx=1
02:41:13.666 [main] DEBUG org.rtklib.java.rtcm.Rtcm -- MSM sig[3] sigid=23 sigstr=5P code=58 idx=2
02:41:13.666 [main] DEBUG org.rtklib.java.rtcm.Rtcm -- MSM sig[4] sigid=31 sigstr=1P code=2 idx=4
02:41:13.666 [main] DEBUG org.rtklib.java.rtcm.Rtcm -- MSM after sigindex: sig[0] code=40 idx=0
02:41:13.666 [main] DEBUG org.rtklib.java.rtcm.Rtcm -- MSM after sigindex: sig[1] code=42 idx=3
02:41:13.666 [main] DEBUG org.rtklib.java.rtcm.Rtcm -- MSM after sigindex: sig[2] code=27 idx=1
02:41:13.666 [main] DEBUG org.rtklib.java.rtcm.Rtcm -- MSM after sigindex: sig[3] code=58 idx=2
02:41:13.666 [main] DEBUG org.rtklib.java.rtcm.Rtcm -- MSM after sigindex: sig[4] code=2 idx=4
02:41:13.666 [main] DEBUG org.rtklib.java.rtcm.Rtcm -- RTCM3 decoded message type=1124, length=81
02:41:13.666 [main] DEBUG org.rtklib.java.rtcm.Rtcm -- MSM BDS TOW: raw=61489000, tow=61503.0
02:41:13.666 [main] DEBUG org.rtklib.java.rtcm.Rtcm -- MSM BDS after adjweek: time.time=1780851903, time.sec=0.0
02:41:13.666 [main] DEBUG org.rtklib.java.rtcm.Rtcm -- decode_msm_head: sys=32 staid=0 nsat=2 nsig=4 sync=0 iod=0 ncell=8
02:41:13.666 [main] DEBUG org.rtklib.java.rtcm.Rtcm -- MSM sig[0] sigid=2 sigstr=2I code=40 idx=0
02:41:13.666 [main] DEBUG org.rtklib.java.rtcm.Rtcm -- MSM sig[1] sigid=8 sigstr=6I code=42 idx=3
02:41:13.666 [main] DEBUG org.rtklib.java.rtcm.Rtcm -- MSM sig[2] sigid=23 sigstr=5P code=58 idx=2
02:41:13.666 [main] DEBUG org.rtklib.java.rtcm.Rtcm -- MSM sig[3] sigid=31 sigstr=1P code=2 idx=4
02:41:13.666 [main] DEBUG org.rtklib.java.rtcm.Rtcm -- MSM after sigindex: sig[0] code=40 idx=0
02:41:13.666 [main] DEBUG org.rtklib.java.rtcm.Rtcm -- MSM after sigindex: sig[1] code=42 idx=3
02:41:13.666 [main] DEBUG org.rtklib.java.rtcm.Rtcm -- MSM after sigindex: sig[2] code=58 idx=2
02:41:13.666 [main] DEBUG org.rtklib.java.rtcm.Rtcm -- MSM after sigindex: sig[3] code=2 idx=4
02:41:13.666 [main] DEBUG org.rtklib.java.rtcm.Rtcm -- RTCM3 decoded message type=1042, length=70
02:41:13.666 [main] DEBUG org.rtklib.java.rtcm.Rtcm -- RTCM3 decoded message type=1005, length=25
02:41:13.666 [main] DEBUG org.rtklib.java.rtcm.Rtcm -- RTCM3 decoded message type=1033, length=27
02:41:13.666 [main] DEBUG org.rtklib.java.rtcm.Rtcm -- RTCM3 decoded message type=1124, length=248
02:41:13.666 [main] DEBUG org.rtklib.java.rtcm.Rtcm -- MSM BDS TOW: raw=61504000, tow=61518.0
02:41:13.666 [main] DEBUG org.rtklib.java.rtcm.Rtcm -- MSM BDS after adjweek: time.time=1780851918, time.sec=0.0
02:41:13.666 [main] DEBUG org.rtklib.java.rtcm.Rtcm -- decode_msm_head: sys=32 staid=0 nsat=12 nsig=5 sync=1 iod=0 ncell=31
02:41:13.666 [main] DEBUG org.rtklib.java.rtcm.Rtcm -- MSM sig[0] sigid=2 sigstr=2I code=40 idx=0
02:41:13.666 [main] DEBUG org.rtklib.java.rtcm.Rtcm -- MSM sig[1] sigid=8 sigstr=6I code=42 idx=3
02:41:13.666 [main] DEBUG org.rtklib.java.rtcm.Rtcm -- MSM sig[2] sigid=14 sigstr=7I code=27 idx=1
02:41:13.666 [main] DEBUG org.rtklib.java.rtcm.Rtcm -- MSM sig[3] sigid=23 sigstr=5P code=58 idx=2
02:41:13.666 [main] DEBUG org.rtklib.java.rtcm.Rtcm -- MSM sig[4] sigid=31 sigstr=1P code=2 idx=4
02:41:13.666 [main] DEBUG org.rtklib.java.rtcm.Rtcm -- MSM after sigindex: sig[0] code=40 idx=0
02:41:13.666 [main] DEBUG org.rtklib.java.rtcm.Rtcm -- MSM after sigindex: sig[1] code=42 idx=3
02:41:13.666 [main] DEBUG org.rtklib.java.rtcm.Rtcm -- MSM after sigindex: sig[2] code=27 idx=1
02:41:13.666 [main] DEBUG org.rtklib.java.rtcm.Rtcm -- MSM after sigindex: sig[3] code=58 idx=2
02:41:13.666 [main] DEBUG org.rtklib.java.rtcm.Rtcm -- MSM after sigindex: sig[4] code=2 idx=4
02:41:13.666 [main] DEBUG org.rtklib.java.rtcm.Rtcm -- RTCM3 decoded message type=1124, length=54
02:41:13.666 [main] DEBUG org.rtklib.java.rtcm.Rtcm -- MSM BDS TOW: raw=61504000, tow=61518.0
02:41:13.666 [main] DEBUG org.rtklib.java.rtcm.Rtcm -- MSM BDS after adjweek: time.time=1780851918, time.sec=0.0
02:41:13.666 [main] DEBUG org.rtklib.java.rtcm.Rtcm -- decode_msm_head: sys=32 staid=0 nsat=1 nsig=4 sync=0 iod=0 ncell=4
02:41:13.666 [main] DEBUG org.rtklib.java.rtcm.Rtcm -- MSM sig[0] sigid=2 sigstr=2I code=40 idx=0
02:41:13.666 [main] DEBUG org.rtklib.java.rtcm.Rtcm -- MSM sig[1] sigid=8 sigstr=6I code=42 idx=3
02:41:13.666 [main] DEBUG org.rtklib.java.rtcm.Rtcm -- MSM sig[2] sigid=23 sigstr=5P code=58 idx=2
02:41:13.666 [main] DEBUG org.rtklib.java.rtcm.Rtcm -- MSM sig[3] sigid=31 sigstr=1P code=2 idx=4
02:41:13.666 [main] DEBUG org.rtklib.java.rtcm.Rtcm -- MSM after sigindex: sig[0] code=40 idx=0
02:41:13.666 [main] DEBUG org.rtklib.java.rtcm.Rtcm -- MSM after sigindex: sig[1] code=42 idx=3
02:41:13.666 [main] DEBUG org.rtklib.java.rtcm.Rtcm -- MSM after sigindex: sig[2] code=58 idx=2
02:41:13.666 [main] DEBUG org.rtklib.java.rtcm.Rtcm -- MSM after sigindex: sig[3] code=2 idx=4
02:41:13.666 [main] DEBUG org.rtklib.java.rtcm.Rtcm -- RTCM3 decoded message type=1042, length=70
02:41:13.666 [main] DEBUG org.rtklib.java.rtcm.Rtcm -- RTCM3 decoded message type=1005, length=25
02:41:13.666 [main] DEBUG org.rtklib.java.rtcm.Rtcm -- RTCM3 decoded message type=1033, length=27
02:41:13.666 [main] DEBUG org.rtklib.java.rtcm.Rtcm -- RTCM3 decoded message type=1124, length=248
02:41:13.666 [main] DEBUG org.rtklib.java.rtcm.Rtcm -- MSM BDS TOW: raw=61519000, tow=61533.0
02:41:13.666 [main] DEBUG org.rtklib.java.rtcm.Rtcm -- MSM BDS after adjweek: time.time=1780851933, time.sec=0.0
02:41:13.666 [main] DEBUG org.rtklib.java.rtcm.Rtcm -- decode_msm_head: sys=32 staid=0 nsat=12 nsig=5 sync=1 iod=0 ncell=31
02:41:13.666 [main] DEBUG org.rtklib.java.rtcm.Rtcm -- MSM sig[0] sigid=2 sigstr=2I code=40 idx=0
02:41:13.666 [main] DEBUG org.rtklib.java.rtcm.Rtcm -- MSM sig[1] sigid=8 sigstr=6I code=42 idx=3
02:41:13.666 [main] DEBUG org.rtklib.java.rtcm.Rtcm -- MSM sig[2] sigid=14 sigstr=7I code=27 idx=1
02:41:13.666 [main] DEBUG org.rtklib.java.rtcm.Rtcm -- MSM sig[3] sigid=23 sigstr=5P code=58 idx=2
02:41:13.666 [main] DEBUG org.rtklib.java.rtcm.Rtcm -- MSM sig[4] sigid=31 sigstr=1P code=2 idx=4
02:41:13.666 [main] DEBUG org.rtklib.java.rtcm.Rtcm -- MSM after sigindex: sig[0] code=40 idx=0
02:41:13.666 [main] DEBUG org.rtklib.java.rtcm.Rtcm -- MSM after sigindex: sig[1] code=42 idx=3
02:41:13.666 [main] DEBUG org.rtklib.java.rtcm.Rtcm -- MSM after sigindex: sig[2] code=27 idx=1
02:41:13.666 [main] DEBUG org.rtklib.java.rtcm.Rtcm -- MSM after sigindex: sig[3] code=58 idx=2
02:41:13.666 [main] DEBUG org.rtklib.java.rtcm.Rtcm -- MSM after sigindex: sig[4] code=2 idx=4
02:41:13.666 [main] DEBUG org.rtklib.java.rtcm.Rtcm -- RTCM3 decoded message type=1124, length=54
02:41:13.666 [main] DEBUG org.rtklib.java.rtcm.Rtcm -- MSM BDS TOW: raw=61519000, tow=61533.0
02:41:13.666 [main] DEBUG org.rtklib.java.rtcm.Rtcm -- MSM BDS after adjweek: time.time=1780851933, time.sec=0.0
02:41:13.666 [main] DEBUG org.rtklib.java.rtcm.Rtcm -- decode_msm_head: sys=32 staid=0 nsat=1 nsig=4 sync=0 iod=0 ncell=4
02:41:13.666 [main] DEBUG org.rtklib.java.rtcm.Rtcm -- MSM sig[0] sigid=2 sigstr=2I code=40 idx=0
02:41:13.666 [main] DEBUG org.rtklib.java.rtcm.Rtcm -- MSM sig[1] sigid=8 sigstr=6I code=42 idx=3
02:41:13.666 [main] DEBUG org.rtklib.java.rtcm.Rtcm -- MSM sig[2] sigid=23 sigstr=5P code=58 idx=2
02:41:13.666 [main] DEBUG org.rtklib.java.rtcm.Rtcm -- MSM sig[3] sigid=31 sigstr=1P code=2 idx=4
02:41:13.666 [main] DEBUG org.rtklib.java.rtcm.Rtcm -- MSM after sigindex: sig[0] code=40 idx=0
02:41:13.666 [main] DEBUG org.rtklib.java.rtcm.Rtcm -- MSM after sigindex: sig[1] code=42 idx=3
02:41:13.666 [main] DEBUG org.rtklib.java.rtcm.Rtcm -- MSM after sigindex: sig[2] code=58 idx=2
02:41:13.666 [main] DEBUG org.rtklib.java.rtcm.Rtcm -- MSM after sigindex: sig[3] code=2 idx=4
02:41:13.666 [main] DEBUG org.rtklib.java.rtcm.Rtcm -- RTCM3 decoded message type=1042, length=70
02:41:13.666 [main] DEBUG org.rtklib.java.rtcm.Rtcm -- RTCM3 decoded message type=1005, length=25
02:41:13.666 [main] DEBUG org.rtklib.java.rtcm.Rtcm -- RTCM3 decoded message type=1033, length=27
02:41:13.666 [main] DEBUG org.rtklib.java.rtcm.Rtcm -- RTCM3 decoded message type=1124, length=254
02:41:13.666 [main] DEBUG org.rtklib.java.rtcm.Rtcm -- MSM BDS TOW: raw=61534000, tow=61548.0
02:41:13.666 [main] DEBUG org.rtklib.java.rtcm.Rtcm -- MSM BDS after adjweek: time.time=1780851948, time.sec=0.0
02:41:13.666 [main] DEBUG org.rtklib.java.rtcm.Rtcm -- decode_msm_head: sys=32 staid=0 nsat=12 nsig=5 sync=1 iod=0 ncell=32
02:41:13.666 [main] DEBUG org.rtklib.java.rtcm.Rtcm -- MSM sig[0] sigid=2 sigstr=2I code=40 idx=0
02:41:13.666 [main] DEBUG org.rtklib.java.rtcm.Rtcm -- MSM sig[1] sigid=8 sigstr=6I code=42 idx=3
02:41:13.666 [main] DEBUG org.rtklib.java.rtcm.Rtcm -- MSM sig[2] sigid=14 sigstr=7I code=27 idx=1
02:41:13.666 [main] DEBUG org.rtklib.java.rtcm.Rtcm -- MSM sig[3] sigid=23 sigstr=5P code=58 idx=2
02:41:13.666 [main] DEBUG org.rtklib.java.rtcm.Rtcm -- MSM sig[4] sigid=31 sigstr=1P code=2 idx=4
02:41:13.666 [main] DEBUG org.rtklib.java.rtcm.Rtcm -- MSM after sigindex: sig[0] code=40 idx=0
02:41:13.666 [main] DEBUG org.rtklib.java.rtcm.Rtcm -- MSM after sigindex: sig[1] code=42 idx=3
02:41:13.666 [main] DEBUG org.rtklib.java.rtcm.Rtcm -- MSM after sigindex: sig[2] code=27 idx=1
02:41:13.666 [main] DEBUG org.rtklib.java.rtcm.Rtcm -- MSM after sigindex: sig[3] code=58 idx=2
02:41:13.666 [main] DEBUG org.rtklib.java.rtcm.Rtcm -- MSM after sigindex: sig[4] code=2 idx=4
02:41:13.666 [main] DEBUG org.rtklib.java.rtcm.Rtcm -- RTCM3 decoded message type=1124, length=54
02:41:13.666 [main] DEBUG org.rtklib.java.rtcm.Rtcm -- MSM BDS TOW: raw=61534000, tow=61548.0
02:41:13.666 [main] DEBUG org.rtklib.java.rtcm.Rtcm -- MSM BDS after adjweek: time.time=1780851948, time.sec=0.0
02:41:13.666 [main] DEBUG org.rtklib.java.rtcm.Rtcm -- decode_msm_head: sys=32 staid=0 nsat=1 nsig=4 sync=0 iod=0 ncell=4
02:41:13.666 [main] DEBUG org.rtklib.java.rtcm.Rtcm -- MSM sig[0] sigid=2 sigstr=2I code=40 idx=0
02:41:13.666 [main] DEBUG org.rtklib.java.rtcm.Rtcm -- MSM sig[1] sigid=8 sigstr=6I code=42 idx=3
02:41:13.666 [main] DEBUG org.rtklib.java.rtcm.Rtcm -- MSM sig[2] sigid=23 sigstr=5P code=58 idx=2
02:41:13.666 [main] DEBUG org.rtklib.java.rtcm.Rtcm -- MSM sig[3] sigid=31 sigstr=1P code=2 idx=4
02:41:13.666 [main] DEBUG org.rtklib.java.rtcm.Rtcm -- MSM after sigindex: sig[0] code=40 idx=0
02:41:13.666 [main] DEBUG org.rtklib.java.rtcm.Rtcm -- MSM after sigindex: sig[1] code=42 idx=3
02:41:13.666 [main] DEBUG org.rtklib.java.rtcm.Rtcm -- MSM after sigindex: sig[2] code=58 idx=2
02:41:13.666 [main] DEBUG org.rtklib.java.rtcm.Rtcm -- MSM after sigindex: sig[3] code=2 idx=4
02:41:13.666 [main] DEBUG org.rtklib.java.rtcm.Rtcm -- RTCM3 decoded message type=1042, length=70
02:41:13.666 [main] DEBUG org.rtklib.java.rtcm.Rtcm -- RTCM3 decoded message type=1005, length=25
02:41:13.666 [main] DEBUG org.rtklib.java.rtcm.Rtcm -- RTCM3 decoded message type=1033, length=27
02:41:13.666 [main] DEBUG org.rtklib.java.rtcm.Rtcm -- RTCM3 decoded message type=1124, length=254
02:41:13.666 [main] DEBUG org.rtklib.java.rtcm.Rtcm -- MSM BDS TOW: raw=61549000, tow=61563.0
02:41:13.666 [main] DEBUG org.rtklib.java.rtcm.Rtcm -- MSM BDS after adjweek: time.time=1780851963, time.sec=0.0
02:41:13.666 [main] DEBUG org.rtklib.java.rtcm.Rtcm -- decode_msm_head: sys=32 staid=0 nsat=12 nsig=5 sync=1 iod=0 ncell=32
02:41:13.666 [main] DEBUG org.rtklib.java.rtcm.Rtcm -- MSM sig[0] sigid=2 sigstr=2I code=40 idx=0
02:41:13.666 [main] DEBUG org.rtklib.java.rtcm.Rtcm -- MSM sig[1] sigid=8 sigstr=6I code=42 idx=3
02:41:13.666 [main] DEBUG org.rtklib.java.rtcm.Rtcm -- MSM sig[2] sigid=14 sigstr=7I code=27 idx=1
02:41:13.666 [main] DEBUG org.rtklib.java.rtcm.Rtcm -- MSM sig[3] sigid=23 sigstr=5P code=58 idx=2
02:41:13.666 [main] DEBUG org.rtklib.java.rtcm.Rtcm -- MSM sig[4] sigid=31 sigstr=1P code=2 idx=4
02:41:13.666 [main] DEBUG org.rtklib.java.rtcm.Rtcm -- MSM after sigindex: sig[0] code=40 idx=0
02:41:13.666 [main] DEBUG org.rtklib.java.rtcm.Rtcm -- MSM after sigindex: sig[1] code=42 idx=3
02:41:13.666 [main] DEBUG org.rtklib.java.rtcm.Rtcm -- MSM after sigindex: sig[2] code=27 idx=1
02:41:13.666 [main] DEBUG org.rtklib.java.rtcm.Rtcm -- MSM after sigindex: sig[3] code=58 idx=2
02:41:13.666 [main] DEBUG org.rtklib.java.rtcm.Rtcm -- MSM after sigindex: sig[4] code=2 idx=4
02:41:13.666 [main] DEBUG org.rtklib.java.rtcm.Rtcm -- RTCM3 decoded message type=1124, length=54
02:41:13.666 [main] DEBUG org.rtklib.java.rtcm.Rtcm -- MSM BDS TOW: raw=61549000, tow=61563.0
02:41:13.666 [main] DEBUG org.rtklib.java.rtcm.Rtcm -- MSM BDS after adjweek: time.time=1780851963, time.sec=0.0
02:41:13.666 [main] DEBUG org.rtklib.java.rtcm.Rtcm -- decode_msm_head: sys=32 staid=0 nsat=1 nsig=4 sync=0 iod=0 ncell=4
02:41:13.666 [main] DEBUG org.rtklib.java.rtcm.Rtcm -- MSM sig[0] sigid=2 sigstr=2I code=40 idx=0
02:41:13.666 [main] DEBUG org.rtklib.java.rtcm.Rtcm -- MSM sig[1] sigid=8 sigstr=6I code=42 idx=3
02:41:13.666 [main] DEBUG org.rtklib.java.rtcm.Rtcm -- MSM sig[2] sigid=23 sigstr=5P code=58 idx=2
02:41:13.666 [main] DEBUG org.rtklib.java.rtcm.Rtcm -- MSM sig[3] sigid=31 sigstr=1P code=2 idx=4
02:41:13.666 [main] DEBUG org.rtklib.java.rtcm.Rtcm -- MSM after sigindex: sig[0] code=40 idx=0
02:41:13.666 [main] DEBUG org.rtklib.java.rtcm.Rtcm -- MSM after sigindex: sig[1] code=42 idx=3
02:41:13.666 [main] DEBUG org.rtklib.java.rtcm.Rtcm -- MSM after sigindex: sig[2] code=58 idx=2
02:41:13.666 [main] DEBUG org.rtklib.java.rtcm.Rtcm -- MSM after sigindex: sig[3] code=2 idx=4
02:41:13.666 [main] DEBUG org.rtklib.java.rtcm.Rtcm -- RTCM3 decoded message type=1042, length=70
02:41:13.666 [main] DEBUG org.rtklib.java.rtcm.Rtcm -- RTCM3 decoded message type=1005, length=25
02:41:13.666 [main] DEBUG org.rtklib.java.rtcm.Rtcm -- RTCM3 decoded message type=1033, length=27
02:41:13.666 [main] DEBUG org.rtklib.java.rtcm.Rtcm -- RTCM3 decoded message type=1124, length=248
02:41:13.666 [main] DEBUG org.rtklib.java.rtcm.Rtcm -- MSM BDS TOW: raw=61564000, tow=61578.0
02:41:13.666 [main] DEBUG org.rtklib.java.rtcm.Rtcm -- MSM BDS after adjweek: time.time=1780851978, time.sec=0.0
02:41:13.666 [main] DEBUG org.rtklib.java.rtcm.Rtcm -- decode_msm_head: sys=32 staid=0 nsat=12 nsig=5 sync=1 iod=0 ncell=31
02:41:13.666 [main] DEBUG org.rtklib.java.rtcm.Rtcm -- MSM sig[0] sigid=2 sigstr=2I code=40 idx=0
02:41:13.666 [main] DEBUG org.rtklib.java.rtcm.Rtcm -- MSM sig[1] sigid=8 sigstr=6I code=42 idx=3
02:41:13.666 [main] DEBUG org.rtklib.java.rtcm.Rtcm -- MSM sig[2] sigid=14 sigstr=7I code=27 idx=1
02:41:13.666 [main] DEBUG org.rtklib.java.rtcm.Rtcm -- MSM sig[3] sigid=23 sigstr=5P code=58 idx=2
02:41:13.666 [main] DEBUG org.rtklib.java.rtcm.Rtcm -- MSM sig[4] sigid=31 sigstr=1P code=2 idx=4
02:41:13.666 [main] DEBUG org.rtklib.java.rtcm.Rtcm -- MSM after sigindex: sig[0] code=40 idx=0
02:41:13.666 [main] DEBUG org.rtklib.java.rtcm.Rtcm -- MSM after sigindex: sig[1] code=42 idx=3
02:41:13.666 [main] DEBUG org.rtklib.java.rtcm.Rtcm -- MSM after sigindex: sig[2] code=27 idx=1
02:41:13.666 [main] DEBUG org.rtklib.java.rtcm.Rtcm -- MSM after sigindex: sig[3] code=58 idx=2
02:41:13.666 [main] DEBUG org.rtklib.java.rtcm.Rtcm -- MSM after sigindex: sig[4] code=2 idx=4
02:41:13.666 [main] DEBUG org.rtklib.java.rtcm.Rtcm -- RTCM3 decoded message type=1124, length=48
02:41:13.666 [main] DEBUG org.rtklib.java.rtcm.Rtcm -- MSM BDS TOW: raw=61564000, tow=61578.0
02:41:13.666 [main] DEBUG org.rtklib.java.rtcm.Rtcm -- MSM BDS after adjweek: time.time=1780851978, time.sec=0.0
02:41:13.666 [main] DEBUG org.rtklib.java.rtcm.Rtcm -- decode_msm_head: sys=32 staid=0 nsat=1 nsig=3 sync=0 iod=0 ncell=3
02:41:13.666 [main] DEBUG org.rtklib.java.rtcm.Rtcm -- MSM sig[0] sigid=8 sigstr=6I code=42 idx=3
02:41:13.666 [main] DEBUG org.rtklib.java.rtcm.Rtcm -- MSM sig[1] sigid=23 sigstr=5P code=58 idx=2
02:41:13.666 [main] DEBUG org.rtklib.java.rtcm.Rtcm -- MSM sig[2] sigid=31 sigstr=1P code=2 idx=4
02:41:13.666 [main] DEBUG org.rtklib.java.rtcm.Rtcm -- MSM after sigindex: sig[0] code=42 idx=3
02:41:13.666 [main] DEBUG org.rtklib.java.rtcm.Rtcm -- MSM after sigindex: sig[1] code=58 idx=2
02:41:13.666 [main] DEBUG org.rtklib.java.rtcm.Rtcm -- MSM after sigindex: sig[2] code=2 idx=4
02:41:13.666 [main] DEBUG org.rtklib.java.rtcm.Rtcm -- RTCM3 decoded message type=1042, length=70
02:41:13.666 [main] DEBUG org.rtklib.java.rtcm.Rtcm -- RTCM3 decoded message type=1005, length=25
02:41:13.666 [main] DEBUG org.rtklib.java.rtcm.Rtcm -- RTCM3 decoded message type=1033, length=27
02:41:13.666 [main] DEBUG org.rtklib.java.rtcm.Rtcm -- RTCM3 decoded message type=1124, length=248
02:41:13.666 [main] DEBUG org.rtklib.java.rtcm.Rtcm -- MSM BDS TOW: raw=61579000, tow=61593.0
02:41:13.666 [main] DEBUG org.rtklib.java.rtcm.Rtcm -- MSM BDS after adjweek: time.time=1780851993, time.sec=0.0
02:41:13.666 [main] DEBUG org.rtklib.java.rtcm.Rtcm -- decode_msm_head: sys=32 staid=0 nsat=12 nsig=5 sync=1 iod=0 ncell=31
02:41:13.666 [main] DEBUG org.rtklib.java.rtcm.Rtcm -- MSM sig[0] sigid=2 sigstr=2I code=40 idx=0
02:41:13.666 [main] DEBUG org.rtklib.java.rtcm.Rtcm -- MSM sig[1] sigid=8 sigstr=6I code=42 idx=3
02:41:13.666 [main] DEBUG org.rtklib.java.rtcm.Rtcm -- MSM sig[2] sigid=14 sigstr=7I code=27 idx=1
02:41:13.666 [main] DEBUG org.rtklib.java.rtcm.Rtcm -- MSM sig[3] sigid=23 sigstr=5P code=58 idx=2
02:41:13.666 [main] DEBUG org.rtklib.java.rtcm.Rtcm -- MSM sig[4] sigid=31 sigstr=1P code=2 idx=4
02:41:13.666 [main] DEBUG org.rtklib.java.rtcm.Rtcm -- MSM after sigindex: sig[0] code=40 idx=0
02:41:13.666 [main] DEBUG org.rtklib.java.rtcm.Rtcm -- MSM after sigindex: sig[1] code=42 idx=3
02:41:13.666 [main] DEBUG org.rtklib.java.rtcm.Rtcm -- MSM after sigindex: sig[2] code=27 idx=1
02:41:13.666 [main] DEBUG org.rtklib.java.rtcm.Rtcm -- MSM after sigindex: sig[3] code=58 idx=2
02:41:13.666 [main] DEBUG org.rtklib.java.rtcm.Rtcm -- MSM after sigindex: sig[4] code=2 idx=4
02:41:13.666 [main] DEBUG org.rtklib.java.rtcm.Rtcm -- RTCM3 decoded message type=1124, length=48
02:41:13.666 [main] DEBUG org.rtklib.java.rtcm.Rtcm -- MSM BDS TOW: raw=61579000, tow=61593.0
02:41:13.666 [main] DEBUG org.rtklib.java.rtcm.Rtcm -- MSM BDS after adjweek: time.time=1780851993, time.sec=0.0
02:41:13.666 [main] DEBUG org.rtklib.java.rtcm.Rtcm -- decode_msm_head: sys=32 staid=0 nsat=1 nsig=3 sync=0 iod=0 ncell=3
02:41:13.666 [main] DEBUG org.rtklib.java.rtcm.Rtcm -- MSM sig[0] sigid=8 sigstr=6I code=42 idx=3
02:41:13.666 [main] DEBUG org.rtklib.java.rtcm.Rtcm -- MSM sig[1] sigid=23 sigstr=5P code=58 idx=2
02:41:13.666 [main] DEBUG org.rtklib.java.rtcm.Rtcm -- MSM sig[2] sigid=31 sigstr=1P code=2 idx=4
02:41:13.666 [main] DEBUG org.rtklib.java.rtcm.Rtcm -- MSM after sigindex: sig[0] code=42 idx=3
02:41:13.666 [main] DEBUG org.rtklib.java.rtcm.Rtcm -- MSM after sigindex: sig[1] code=58 idx=2
02:41:13.666 [main] DEBUG org.rtklib.java.rtcm.Rtcm -- MSM after sigindex: sig[2] code=2 idx=4
02:41:13.666 [main] DEBUG org.rtklib.java.rtcm.Rtcm -- RTCM3 decoded message type=1042, length=70
02:41:13.666 [main] DEBUG org.rtklib.java.rtcm.Rtcm -- RTCM3 decoded message type=1005, length=25
02:41:13.666 [main] DEBUG org.rtklib.java.rtcm.Rtcm -- RTCM3 decoded message type=1033, length=27
02:41:13.666 [main] DEBUG org.rtklib.java.rtcm.Rtcm -- RTCM3 decoded message type=1124, length=254
02:41:13.666 [main] DEBUG org.rtklib.java.rtcm.Rtcm -- MSM BDS TOW: raw=61594000, tow=61608.0
02:41:13.666 [main] DEBUG org.rtklib.java.rtcm.Rtcm -- MSM BDS after adjweek: time.time=1780852008, time.sec=0.0
02:41:13.666 [main] DEBUG org.rtklib.java.rtcm.Rtcm -- decode_msm_head: sys=32 staid=0 nsat=12 nsig=5 sync=1 iod=0 ncell=32
02:41:13.666 [main] DEBUG org.rtklib.java.rtcm.Rtcm -- MSM sig[0] sigid=2 sigstr=2I code=40 idx=0
02:41:13.666 [main] DEBUG org.rtklib.java.rtcm.Rtcm -- MSM sig[1] sigid=8 sigstr=6I code=42 idx=3
02:41:13.666 [main] DEBUG org.rtklib.java.rtcm.Rtcm -- MSM sig[2] sigid=14 sigstr=7I code=27 idx=1
02:41:13.666 [main] DEBUG org.rtklib.java.rtcm.Rtcm -- MSM sig[3] sigid=23 sigstr=5P code=58 idx=2
02:41:13.666 [main] DEBUG org.rtklib.java.rtcm.Rtcm -- MSM sig[4] sigid=31 sigstr=1P code=2 idx=4
02:41:13.666 [main] DEBUG org.rtklib.java.rtcm.Rtcm -- MSM after sigindex: sig[0] code=40 idx=0
02:41:13.666 [main] DEBUG org.rtklib.java.rtcm.Rtcm -- MSM after sigindex: sig[1] code=42 idx=3
02:41:13.666 [main] DEBUG org.rtklib.java.rtcm.Rtcm -- MSM after sigindex: sig[2] code=27 idx=1
02:41:13.666 [main] DEBUG org.rtklib.java.rtcm.Rtcm -- MSM after sigindex: sig[3] code=58 idx=2
02:41:13.666 [main] DEBUG org.rtklib.java.rtcm.Rtcm -- MSM after sigindex: sig[4] code=2 idx=4
02:41:13.666 [main] DEBUG org.rtklib.java.rtcm.Rtcm -- RTCM3 decoded message type=1124, length=48
02:41:13.666 [main] DEBUG org.rtklib.java.rtcm.Rtcm -- MSM BDS TOW: raw=61594000, tow=61608.0
02:41:13.666 [main] DEBUG org.rtklib.java.rtcm.Rtcm -- MSM BDS after adjweek: time.time=1780852008, time.sec=0.0
02:41:13.666 [main] DEBUG org.rtklib.java.rtcm.Rtcm -- decode_msm_head: sys=32 staid=0 nsat=1 nsig=3 sync=0 iod=0 ncell=3
02:41:13.666 [main] DEBUG org.rtklib.java.rtcm.Rtcm -- MSM sig[0] sigid=8 sigstr=6I code=42 idx=3
02:41:13.666 [main] DEBUG org.rtklib.java.rtcm.Rtcm -- MSM sig[1] sigid=23 sigstr=5P code=58 idx=2
02:41:13.666 [main] DEBUG org.rtklib.java.rtcm.Rtcm -- MSM sig[2] sigid=31 sigstr=1P code=2 idx=4
02:41:13.666 [main] DEBUG org.rtklib.java.rtcm.Rtcm -- MSM after sigindex: sig[0] code=42 idx=3
02:41:13.666 [main] DEBUG org.rtklib.java.rtcm.Rtcm -- MSM after sigindex: sig[1] code=58 idx=2
02:41:13.666 [main] DEBUG org.rtklib.java.rtcm.Rtcm -- MSM after sigindex: sig[2] code=2 idx=4
02:41:13.666 [main] DEBUG org.rtklib.java.rtcm.Rtcm -- RTCM3 decoded message type=1042, length=70
02:41:13.666 [main] DEBUG org.rtklib.java.rtcm.Rtcm -- RTCM3 decoded message type=1005, length=25
02:41:13.666 [main] DEBUG org.rtklib.java.rtcm.Rtcm -- RTCM3 decoded message type=1033, length=27
02:41:13.666 [main] DEBUG org.rtklib.java.rtcm.Rtcm -- RTCM3 decoded message type=1124, length=260
02:41:13.666 [main] DEBUG org.rtklib.java.rtcm.Rtcm -- MSM BDS TOW: raw=61609000, tow=61623.0
02:41:13.666 [main] DEBUG org.rtklib.java.rtcm.Rtcm -- MSM BDS after adjweek: time.time=1780852023, time.sec=0.0
02:41:13.666 [main] DEBUG org.rtklib.java.rtcm.Rtcm -- decode_msm_head: sys=32 staid=0 nsat=12 nsig=5 sync=1 iod=0 ncell=33
02:41:13.666 [main] DEBUG org.rtklib.java.rtcm.Rtcm -- MSM sig[0] sigid=2 sigstr=2I code=40 idx=0
02:41:13.666 [main] DEBUG org.rtklib.java.rtcm.Rtcm -- MSM sig[1] sigid=8 sigstr=6I code=42 idx=3
02:41:13.666 [main] DEBUG org.rtklib.java.rtcm.Rtcm -- MSM sig[2] sigid=14 sigstr=7I code=27 idx=1
02:41:13.666 [main] DEBUG org.rtklib.java.rtcm.Rtcm -- MSM sig[3] sigid=23 sigstr=5P code=58 idx=2
02:41:13.666 [main] DEBUG org.rtklib.java.rtcm.Rtcm -- MSM sig[4] sigid=31 sigstr=1P code=2 idx=4
02:41:13.666 [main] DEBUG org.rtklib.java.rtcm.Rtcm -- MSM after sigindex: sig[0] code=40 idx=0
02:41:13.666 [main] DEBUG org.rtklib.java.rtcm.Rtcm -- MSM after sigindex: sig[1] code=42 idx=3
02:41:13.666 [main] DEBUG org.rtklib.java.rtcm.Rtcm -- MSM after sigindex: sig[2] code=27 idx=1
02:41:13.666 [main] DEBUG org.rtklib.java.rtcm.Rtcm -- MSM after sigindex: sig[3] code=58 idx=2
02:41:13.666 [main] DEBUG org.rtklib.java.rtcm.Rtcm -- MSM after sigindex: sig[4] code=2 idx=4
02:41:13.666 [main] DEBUG org.rtklib.java.rtcm.Rtcm -- RTCM3 decoded message type=1124, length=54
02:41:13.666 [main] DEBUG org.rtklib.java.rtcm.Rtcm -- MSM BDS TOW: raw=61609000, tow=61623.0
02:41:13.666 [main] DEBUG org.rtklib.java.rtcm.Rtcm -- MSM BDS after adjweek: time.time=1780852023, time.sec=0.0
02:41:13.666 [main] DEBUG org.rtklib.java.rtcm.Rtcm -- decode_msm_head: sys=32 staid=0 nsat=1 nsig=4 sync=0 iod=0 ncell=4
02:41:13.666 [main] DEBUG org.rtklib.java.rtcm.Rtcm -- MSM sig[0] sigid=2 sigstr=2I code=40 idx=0
02:41:13.666 [main] DEBUG org.rtklib.java.rtcm.Rtcm -- MSM sig[1] sigid=8 sigstr=6I code=42 idx=3
02:41:13.666 [main] DEBUG org.rtklib.java.rtcm.Rtcm -- MSM sig[2] sigid=23 sigstr=5P code=58 idx=2
02:41:13.666 [main] DEBUG org.rtklib.java.rtcm.Rtcm -- MSM sig[3] sigid=31 sigstr=1P code=2 idx=4
02:41:13.666 [main] DEBUG org.rtklib.java.rtcm.Rtcm -- MSM after sigindex: sig[0] code=40 idx=0
02:41:13.666 [main] DEBUG org.rtklib.java.rtcm.Rtcm -- MSM after sigindex: sig[1] code=42 idx=3
02:41:13.666 [main] DEBUG org.rtklib.java.rtcm.Rtcm -- MSM after sigindex: sig[2] code=58 idx=2
02:41:13.666 [main] DEBUG org.rtklib.java.rtcm.Rtcm -- MSM after sigindex: sig[3] code=2 idx=4
02:41:13.666 [main] DEBUG org.rtklib.java.rtcm.Rtcm -- RTCM3 decoded message type=1042, length=70
02:41:13.666 [main] INFO org.rtklib.java.rtcm.Rtcm -- RTCM 1042 eph stored: sat=132 prn=27 week=1066 toe=61200.0 A=27906476.4
02:41:13.666 [main] DEBUG org.rtklib.java.rtcm.Rtcm -- RTCM3 decoded message type=1005, length=25
02:41:13.666 [main] DEBUG org.rtklib.java.rtcm.Rtcm -- RTCM3 decoded message type=1033, length=27
02:41:13.666 [main] DEBUG org.rtklib.java.rtcm.Rtcm -- RTCM3 decoded message type=1124, length=260
02:41:13.666 [main] DEBUG org.rtklib.java.rtcm.Rtcm -- MSM BDS TOW: raw=61624000, tow=61638.0
02:41:13.666 [main] DEBUG org.rtklib.java.rtcm.Rtcm -- MSM BDS after adjweek: time.time=1780852038, time.sec=0.0
02:41:13.666 [main] DEBUG org.rtklib.java.rtcm.Rtcm -- decode_msm_head: sys=32 staid=0 nsat=12 nsig=5 sync=1 iod=0 ncell=33
02:41:13.666 [main] DEBUG org.rtklib.java.rtcm.Rtcm -- MSM sig[0] sigid=2 sigstr=2I code=40 idx=0
02:41:13.666 [main] DEBUG org.rtklib.java.rtcm.Rtcm -- MSM sig[1] sigid=8 sigstr=6I code=42 idx=3
02:41:13.666 [main] DEBUG org.rtklib.java.rtcm.Rtcm -- MSM sig[2] sigid=14 sigstr=7I code=27 idx=1
02:41:13.666 [main] DEBUG org.rtklib.java.rtcm.Rtcm -- MSM sig[3] sigid=23 sigstr=5P code=58 idx=2
02:41:13.666 [main] DEBUG org.rtklib.java.rtcm.Rtcm -- MSM sig[4] sigid=31 sigstr=1P code=2 idx=4
02:41:13.666 [main] DEBUG org.rtklib.java.rtcm.Rtcm -- MSM after sigindex: sig[0] code=40 idx=0
02:41:13.666 [main] DEBUG org.rtklib.java.rtcm.Rtcm -- MSM after sigindex: sig[1] code=42 idx=3
02:41:13.666 [main] DEBUG org.rtklib.java.rtcm.Rtcm -- MSM after sigindex: sig[2] code=27 idx=1
02:41:13.666 [main] DEBUG org.rtklib.java.rtcm.Rtcm -- MSM after sigindex: sig[3] code=58 idx=2
02:41:13.666 [main] DEBUG org.rtklib.java.rtcm.Rtcm -- MSM after sigindex: sig[4] code=2 idx=4
02:41:13.666 [main] DEBUG org.rtklib.java.rtcm.Rtcm -- RTCM3 decoded message type=1124, length=54
02:41:13.666 [main] DEBUG org.rtklib.java.rtcm.Rtcm -- MSM BDS TOW: raw=61624000, tow=61638.0
02:41:13.666 [main] DEBUG org.rtklib.java.rtcm.Rtcm -- MSM BDS after adjweek: time.time=1780852038, time.sec=0.0
02:41:13.666 [main] DEBUG org.rtklib.java.rtcm.Rtcm -- decode_msm_head: sys=32 staid=0 nsat=1 nsig=4 sync=0 iod=0 ncell=4
02:41:13.666 [main] DEBUG org.rtklib.java.rtcm.Rtcm -- MSM sig[0] sigid=2 sigstr=2I code=40 idx=0
02:41:13.666 [main] DEBUG org.rtklib.java.rtcm.Rtcm -- MSM sig[1] sigid=8 sigstr=6I code=42 idx=3
02:41:13.666 [main] DEBUG org.rtklib.java.rtcm.Rtcm -- MSM sig[2] sigid=23 sigstr=5P code=58 idx=2
02:41:13.666 [main] DEBUG org.rtklib.java.rtcm.Rtcm -- MSM sig[3] sigid=31 sigstr=1P code=2 idx=4
02:41:13.666 [main] DEBUG org.rtklib.java.rtcm.Rtcm -- MSM after sigindex: sig[0] code=40 idx=0
02:41:13.666 [main] DEBUG org.rtklib.java.rtcm.Rtcm -- MSM after sigindex: sig[1] code=42 idx=3
02:41:13.666 [main] DEBUG org.rtklib.java.rtcm.Rtcm -- MSM after sigindex: sig[2] code=58 idx=2
02:41:13.666 [main] DEBUG org.rtklib.java.rtcm.Rtcm -- MSM after sigindex: sig[3] code=2 idx=4
02:41:13.666 [main] DEBUG org.rtklib.java.rtcm.Rtcm -- RTCM3 decoded message type=1042, length=70
02:41:13.666 [main] DEBUG org.rtklib.java.rtcm.Rtcm -- RTCM3 decoded message type=1005, length=25
02:41:13.666 [main] DEBUG org.rtklib.java.rtcm.Rtcm -- RTCM3 decoded message type=1033, length=27
02:41:13.666 [main] DEBUG org.rtklib.java.rtcm.Rtcm -- RTCM3 decoded message type=1124, length=242
02:41:13.666 [main] DEBUG org.rtklib.java.rtcm.Rtcm -- MSM BDS TOW: raw=61639000, tow=61653.0
02:41:13.666 [main] DEBUG org.rtklib.java.rtcm.Rtcm -- MSM BDS after adjweek: time.time=1780852053, time.sec=0.0
02:41:13.666 [main] DEBUG org.rtklib.java.rtcm.Rtcm -- decode_msm_head: sys=32 staid=0 nsat=12 nsig=5 sync=1 iod=0 ncell=30
02:41:13.666 [main] DEBUG org.rtklib.java.rtcm.Rtcm -- MSM sig[0] sigid=2 sigstr=2I code=40 idx=0
02:41:13.666 [main] DEBUG org.rtklib.java.rtcm.Rtcm -- MSM sig[1] sigid=8 sigstr=6I code=42 idx=3
02:41:13.666 [main] DEBUG org.rtklib.java.rtcm.Rtcm -- MSM sig[2] sigid=14 sigstr=7I code=27 idx=1
02:41:13.666 [main] DEBUG org.rtklib.java.rtcm.Rtcm -- MSM sig[3] sigid=23 sigstr=5P code=58 idx=2
02:41:13.666 [main] DEBUG org.rtklib.java.rtcm.Rtcm -- MSM sig[4] sigid=31 sigstr=1P code=2 idx=4
02:41:13.666 [main] DEBUG org.rtklib.java.rtcm.Rtcm -- MSM after sigindex: sig[0] code=40 idx=0
02:41:13.666 [main] DEBUG org.rtklib.java.rtcm.Rtcm -- MSM after sigindex: sig[1] code=42 idx=3
02:41:13.666 [main] DEBUG org.rtklib.java.rtcm.Rtcm -- MSM after sigindex: sig[2] code=27 idx=1
02:41:13.666 [main] DEBUG org.rtklib.java.rtcm.Rtcm -- MSM after sigindex: sig[3] code=58 idx=2
02:41:13.666 [main] DEBUG org.rtklib.java.rtcm.Rtcm -- MSM after sigindex: sig[4] code=2 idx=4
02:41:13.666 [main] DEBUG org.rtklib.java.rtcm.Rtcm -- RTCM3 decoded message type=1124, length=75
02:41:13.666 [main] DEBUG org.rtklib.java.rtcm.Rtcm -- MSM BDS TOW: raw=61639000, tow=61653.0
02:41:13.666 [main] DEBUG org.rtklib.java.rtcm.Rtcm -- MSM BDS after adjweek: time.time=1780852053, time.sec=0.0
02:41:13.666 [main] DEBUG org.rtklib.java.rtcm.Rtcm -- decode_msm_head: sys=32 staid=0 nsat=2 nsig=4 sync=0 iod=0 ncell=7
02:41:13.666 [main] DEBUG org.rtklib.java.rtcm.Rtcm -- MSM sig[0] sigid=2 sigstr=2I code=40 idx=0
02:41:13.666 [main] DEBUG org.rtklib.java.rtcm.Rtcm -- MSM sig[1] sigid=8 sigstr=6I code=42 idx=3
02:41:13.666 [main] DEBUG org.rtklib.java.rtcm.Rtcm -- MSM sig[2] sigid=23 sigstr=5P code=58 idx=2
02:41:13.666 [main] DEBUG org.rtklib.java.rtcm.Rtcm -- MSM sig[3] sigid=31 sigstr=1P code=2 idx=4
02:41:13.666 [main] DEBUG org.rtklib.java.rtcm.Rtcm -- MSM after sigindex: sig[0] code=40 idx=0
02:41:13.666 [main] DEBUG org.rtklib.java.rtcm.Rtcm -- MSM after sigindex: sig[1] code=42 idx=3
02:41:13.666 [main] DEBUG org.rtklib.java.rtcm.Rtcm -- MSM after sigindex: sig[2] code=58 idx=2
02:41:13.666 [main] DEBUG org.rtklib.java.rtcm.Rtcm -- MSM after sigindex: sig[3] code=2 idx=4
02:41:13.666 [main] DEBUG org.rtklib.java.rtcm.Rtcm -- RTCM3 decoded message type=1042, length=70
02:41:13.666 [main] DEBUG org.rtklib.java.rtcm.Rtcm -- RTCM3 decoded message type=1005, length=25
02:41:13.666 [main] DEBUG org.rtklib.java.rtcm.Rtcm -- RTCM3 decoded message type=1033, length=27
02:41:13.666 [main] DEBUG org.rtklib.java.rtcm.Rtcm -- RTCM3 decoded message type=1124, length=260
02:41:13.666 [main] DEBUG org.rtklib.java.rtcm.Rtcm -- MSM BDS TOW: raw=61654000, tow=61668.0
02:41:13.666 [main] DEBUG org.rtklib.java.rtcm.Rtcm -- MSM BDS after adjweek: time.time=1780852068, time.sec=0.0
02:41:13.666 [main] DEBUG org.rtklib.java.rtcm.Rtcm -- decode_msm_head: sys=32 staid=0 nsat=12 nsig=5 sync=1 iod=0 ncell=33
02:41:13.666 [main] DEBUG org.rtklib.java.rtcm.Rtcm -- MSM sig[0] sigid=2 sigstr=2I code=40 idx=0
02:41:13.666 [main] DEBUG org.rtklib.java.rtcm.Rtcm -- MSM sig[1] sigid=8 sigstr=6I code=42 idx=3
02:41:13.666 [main] DEBUG org.rtklib.java.rtcm.Rtcm -- MSM sig[2] sigid=14 sigstr=7I code=27 idx=1
02:41:13.666 [main] DEBUG org.rtklib.java.rtcm.Rtcm -- MSM sig[3] sigid=23 sigstr=5P code=58 idx=2
02:41:13.666 [main] DEBUG org.rtklib.java.rtcm.Rtcm -- MSM sig[4] sigid=31 sigstr=1P code=2 idx=4
02:41:13.666 [main] DEBUG org.rtklib.java.rtcm.Rtcm -- MSM after sigindex: sig[0] code=40 idx=0
02:41:13.666 [main] DEBUG org.rtklib.java.rtcm.Rtcm -- MSM after sigindex: sig[1] code=42 idx=3
02:41:13.666 [main] DEBUG org.rtklib.java.rtcm.Rtcm -- MSM after sigindex: sig[2] code=27 idx=1
[...]
02:41:13.880 [main] DEBUG org.rtklib.java.rtcm.Rtcm -- MSM after sigindex: sig[1] code=42 idx=3
02:41:13.880 [main] DEBUG org.rtklib.java.rtcm.Rtcm -- MSM after sigindex: sig[2] code=27 idx=1
02:41:13.880 [main] DEBUG org.rtklib.java.rtcm.Rtcm -- MSM after sigindex: sig[3] code=58 idx=2
02:41:13.880 [main] DEBUG org.rtklib.java.rtcm.Rtcm -- MSM after sigindex: sig[4] code=2 idx=4
02:41:13.880 [main] DEBUG org.rtklib.java.rtcm.Rtcm -- RTCM3 decoded message type=1042, length=70
02:41:13.880 [main] DEBUG org.rtklib.java.rtcm.Rtcm -- RTCM3 decoded message type=1005, length=25
02:41:13.880 [main] DEBUG org.rtklib.java.rtcm.Rtcm -- RTCM3 decoded message type=1033, length=27
02:41:13.880 [main] DEBUG org.rtklib.java.rtcm.Rtcm -- RTCM3 decoded message type=1124, length=254
02:41:13.880 [main] DEBUG org.rtklib.java.rtcm.Rtcm -- MSM BDS TOW: raw=64789000, tow=64803.0
02:41:13.880 [main] DEBUG org.rtklib.java.rtcm.Rtcm -- MSM BDS after adjweek: time.time=1780855203, time.sec=0.0
02:41:13.880 [main] DEBUG org.rtklib.java.rtcm.Rtcm -- decode_msm_head: sys=32 staid=0 nsat=12 nsig=5 sync=0 iod=0 ncell=32
02:41:13.880 [main] DEBUG org.rtklib.java.rtcm.Rtcm -- MSM sig[0] sigid=2 sigstr=2I code=40 idx=0
02:41:13.880 [main] DEBUG org.rtklib.java.rtcm.Rtcm -- MSM sig[1] sigid=8 sigstr=6I code=42 idx=3
02:41:13.880 [main] DEBUG org.rtklib.java.rtcm.Rtcm -- MSM sig[2] sigid=14 sigstr=7I code=27 idx=1
02:41:13.880 [main] DEBUG org.rtklib.java.rtcm.Rtcm -- MSM sig[3] sigid=23 sigstr=5P code=58 idx=2
02:41:13.880 [main] DEBUG org.rtklib.java.rtcm.Rtcm -- MSM sig[4] sigid=31 sigstr=1P code=2 idx=4
02:41:13.880 [main] DEBUG org.rtklib.java.rtcm.Rtcm -- MSM after sigindex: sig[0] code=40 idx=0
02:41:13.880 [main] DEBUG org.rtklib.java.rtcm.Rtcm -- MSM after sigindex: sig[1] code=42 idx=3
02:41:13.880 [main] DEBUG org.rtklib.java.rtcm.Rtcm -- MSM after sigindex: sig[2] code=27 idx=1
02:41:13.880 [main] DEBUG org.rtklib.java.rtcm.Rtcm -- MSM after sigindex: sig[3] code=58 idx=2
02:41:13.880 [main] DEBUG org.rtklib.java.rtcm.Rtcm -- MSM after sigindex: sig[4] code=2 idx=4
02:41:13.880 [main] DEBUG org.rtklib.java.rtcm.Rtcm -- RTCM3 decoded message type=1042, length=70
02:41:13.880 [main] DEBUG org.rtklib.java.rinex.RinexParser -- RINEX version: 3.02, type: O, system: M
02:41:13.918 [main] INFO org.rtklib.java.rinex.RinexParser -- RINEX observation parsed: 3233 epochs, 3233 observations
02:41:13.920 [main] DEBUG org.rtklib.java.rinex.RinexParser -- RINEX version: 3.02, type: N, system: M
02:41:13.920 [main] DEBUG org.rtklib.java.rinex.RinexParser -- parseNav: lineNum=1, calling readNavEphV3, line=[C01 2026 06 07 17 00]
02:41:13.920 [main] DEBUG org.rtklib.java.rinex.RinexParser -- readEphV3: sat=106, sys=32, i=31, data[21]=1066.0, data[3]=1.0, data[11]=61200.0
02:41:13.920 [main] DEBUG org.rtklib.java.rinex.RinexParser -- decodeEph: stored eph sat=106, week=1066, toes=61200.0, nav.n=1
02:41:13.920 [main] DEBUG org.rtklib.java.rinex.RinexParser -- parseNav: lineNum=2, calling readNavEphV3, line=[C02 2026 06 07 17 00]
02:41:13.920 [main] DEBUG org.rtklib.java.rinex.RinexParser -- readEphV3: sat=107, sys=32, i=31, data[21]=1066.0, data[3]=1.0, data[11]=61200.0
02:41:13.920 [main] DEBUG org.rtklib.java.rinex.RinexParser -- decodeEph: stored eph sat=107, week=1066, toes=61200.0, nav.n=2
02:41:13.920 [main] DEBUG org.rtklib.java.rinex.RinexParser -- parseNav: lineNum=3, calling readNavEphV3, line=[C03 2026 06 07 17 00]
02:41:13.921 [main] DEBUG org.rtklib.java.rinex.RinexParser -- readEphV3: sat=108, sys=32, i=31, data[21]=1066.0, data[3]=1.0, data[11]=61200.0
02:41:13.921 [main] DEBUG org.rtklib.java.rinex.RinexParser -- decodeEph: stored eph sat=108, week=1066, toes=61200.0, nav.n=3
02:41:13.921 [main] DEBUG org.rtklib.java.rinex.RinexParser -- parseNav: lineNum=4, calling readNavEphV3, line=[C06 2026 06 07 16 00]
02:41:13.921 [main] DEBUG org.rtklib.java.rinex.RinexParser -- readEphV3: sat=111, sys=32, i=31, data[21]=1066.0, data[3]=1.0, data[11]=57600.0
02:41:13.921 [main] DEBUG org.rtklib.java.rinex.RinexParser -- decodeEph: stored eph sat=111, week=1066, toes=57600.0, nav.n=4
02:41:13.921 [main] DEBUG org.rtklib.java.rinex.RinexParser -- parseNav: lineNum=5, calling readNavEphV3, line=[C07 2026 06 07 17 00]
02:41:13.921 [main] DEBUG org.rtklib.java.rinex.RinexParser -- readEphV3: sat=112, sys=32, i=31, data[21]=1066.0, data[3]=1.0, data[11]=61200.0
02:41:13.921 [main] DEBUG org.rtklib.java.rinex.RinexParser -- decodeEph: stored eph sat=112, week=1066, toes=61200.0, nav.n=5
02:41:13.921 [main] DEBUG org.rtklib.java.rinex.RinexParser -- parseNav: lineNum=6, calling readNavEphV3, line=[C08 2026 06 07 17 00]
02:41:13.921 [main] DEBUG org.rtklib.java.rinex.RinexParser -- readEphV3: sat=113, sys=32, i=31, data[21]=1066.0, data[3]=1.0, data[11]=61200.0
02:41:13.921 [main] DEBUG org.rtklib.java.rinex.RinexParser -- decodeEph: stored eph sat=113, week=1066, toes=61200.0, nav.n=6
02:41:13.921 [main] DEBUG org.rtklib.java.rinex.RinexParser -- parseNav: lineNum=7, calling readNavEphV3, line=[C09 2026 06 07 17 00]
02:41:13.921 [main] DEBUG org.rtklib.java.rinex.RinexParser -- readEphV3: sat=114, sys=32, i=31, data[21]=1066.0, data[3]=2.0, data[11]=61200.0
02:41:13.921 [main] DEBUG org.rtklib.java.rinex.RinexParser -- decodeEph: stored eph sat=114, week=1066, toes=61200.0, nav.n=7
02:41:13.921 [main] DEBUG org.rtklib.java.rinex.RinexParser -- parseNav: lineNum=8, calling readNavEphV3, line=[C10 2026 06 07 17 00]
02:41:13.921 [main] DEBUG org.rtklib.java.rinex.RinexParser -- readEphV3: sat=115, sys=32, i=31, data[21]=1066.0, data[3]=1.0, data[11]=61200.0
02:41:13.921 [main] DEBUG org.rtklib.java.rinex.RinexParser -- decodeEph: stored eph sat=115, week=1066, toes=61200.0, nav.n=8
02:41:13.921 [main] DEBUG org.rtklib.java.rinex.RinexParser -- parseNav: lineNum=9, calling readNavEphV3, line=[C11 2026 06 07 17 00]
02:41:13.922 [main] DEBUG org.rtklib.java.rinex.RinexParser -- readEphV3: sat=116, sys=32, i=31, data[21]=1066.0, data[3]=1.0, data[11]=61200.0
02:41:13.922 [main] DEBUG org.rtklib.java.rinex.RinexParser -- decodeEph: stored eph sat=116, week=1066, toes=61200.0, nav.n=9
02:41:13.922 [main] DEBUG org.rtklib.java.rinex.RinexParser -- parseNav: lineNum=10, calling readNavEphV3, line=[C12 2026 06 07 17 00]
02:41:13.922 [main] DEBUG org.rtklib.java.rinex.RinexParser -- readEphV3: sat=117, sys=32, i=31, data[21]=1066.0, data[3]=1.0, data[11]=61200.0
02:41:13.922 [main] DEBUG org.rtklib.java.rinex.RinexParser -- decodeEph: stored eph sat=117, week=1066, toes=61200.0, nav.n=10
02:41:13.922 [main] DEBUG org.rtklib.java.rinex.RinexParser -- parseNav: lineNum=11, calling readNavEphV3, line=[C19 2026 06 07 17 00]
02:41:13.922 [main] DEBUG org.rtklib.java.rinex.RinexParser -- readEphV3: sat=124, sys=32, i=31, data[21]=1066.0, data[3]=1.0, data[11]=61200.0
02:41:13.922 [main] DEBUG org.rtklib.java.rinex.RinexParser -- decodeEph: stored eph sat=124, week=1066, toes=61200.0, nav.n=11
02:41:13.922 [main] DEBUG org.rtklib.java.rinex.RinexParser -- parseNav: lineNum=12, calling readNavEphV3, line=[C20 2026 06 07 17 00]
02:41:13.922 [main] DEBUG org.rtklib.java.rinex.RinexParser -- readEphV3: sat=125, sys=32, i=31, data[21]=1066.0, data[3]=1.0, data[11]=61200.0
02:41:13.922 [main] DEBUG org.rtklib.java.rinex.RinexParser -- decodeEph: stored eph sat=125, week=1066, toes=61200.0, nav.n=12
02:41:13.922 [main] DEBUG org.rtklib.java.rinex.RinexParser -- parseNav: lineNum=13, calling readNavEphV3, line=[C22 2026 06 07 17 00]
02:41:13.922 [main] DEBUG org.rtklib.java.rinex.RinexParser -- readEphV3: sat=127, sys=32, i=31, data[21]=1066.0, data[3]=1.0, data[11]=61200.0
02:41:13.922 [main] DEBUG org.rtklib.java.rinex.RinexParser -- decodeEph: stored eph sat=127, week=1066, toes=61200.0, nav.n=13
02:41:13.922 [main] DEBUG org.rtklib.java.rinex.RinexParser -- parseNav: lineNum=14, calling readNavEphV3, line=[C27 2026 06 07 17 00]
02:41:13.922 [main] DEBUG org.rtklib.java.rinex.RinexParser -- readEphV3: sat=132, sys=32, i=31, data[21]=1066.0, data[3]=1.0, data[11]=61200.0
02:41:13.922 [main] DEBUG org.rtklib.java.rinex.RinexParser -- decodeEph: stored eph sat=132, week=1066, toes=61200.0, nav.n=14
02:41:13.922 [main] DEBUG org.rtklib.java.rinex.RinexParser -- parseNav: lineNum=15, calling readNavEphV3, line=[C30 2026 06 07 17 00]
02:41:13.922 [main] DEBUG org.rtklib.java.rinex.RinexParser -- readEphV3: sat=135, sys=32, i=31, data[21]=1066.0, data[3]=1.0, data[11]=61200.0
02:41:13.922 [main] DEBUG org.rtklib.java.rinex.RinexParser -- decodeEph: stored eph sat=135, week=1066, toes=61200.0, nav.n=15
02:41:13.922 [main] DEBUG org.rtklib.java.rinex.RinexParser -- parseNav: lineNum=16, calling readNavEphV3, line=[C32 2026 06 07 15 00]
02:41:13.922 [main] DEBUG org.rtklib.java.rinex.RinexParser -- readEphV3: sat=137, sys=32, i=31, data[21]=1066.0, data[3]=1.0, data[11]=54000.0
02:41:13.922 [main] DEBUG org.rtklib.java.rinex.RinexParser -- decodeEph: stored eph sat=137, week=1066, toes=54000.0, nav.n=16
02:41:13.922 [main] DEBUG org.rtklib.java.rinex.RinexParser -- parseNav: lineNum=17, calling readNavEphV3, line=[C36 2026 06 07 17 00]
02:41:13.922 [main] DEBUG org.rtklib.java.rinex.RinexParser -- readEphV3: sat=141, sys=32, i=31, data[21]=1066.0, data[3]=1.0, data[11]=61200.0
02:41:13.922 [main] DEBUG org.rtklib.java.rinex.RinexParser -- decodeEph: stored eph sat=141, week=1066, toes=61200.0, nav.n=17
02:41:13.922 [main] DEBUG org.rtklib.java.rinex.RinexParser -- parseNav: lineNum=18, calling readNavEphV3, line=[C37 2026 06 07 15 00]
02:41:13.923 [main] DEBUG org.rtklib.java.rinex.RinexParser -- readEphV3: sat=142, sys=32, i=31, data[21]=1066.0, data[3]=1.0, data[11]=54000.0
02:41:13.923 [main] DEBUG org.rtklib.java.rinex.RinexParser -- decodeEph: stored eph sat=142, week=1066, toes=54000.0, nav.n=18
02:41:13.923 [main] DEBUG org.rtklib.java.rinex.RinexParser -- parseNav: lineNum=19, calling readNavEphV3, line=[C39 2026 06 07 17 00]
02:41:13.923 [main] DEBUG org.rtklib.java.rinex.RinexParser -- readEphV3: sat=144, sys=32, i=31, data[21]=1066.0, data[3]=1.0, data[11]=61200.0
02:41:13.923 [main] DEBUG org.rtklib.java.rinex.RinexParser -- decodeEph: stored eph sat=144, week=1066, toes=61200.0, nav.n=19
02:41:13.923 [main] INFO org.rtklib.java.rinex.RinexParser -- RINEX navigation parsed: GPS=19, GLO=0, GAL=0, BDS=0
eph2pos WARNING: sat=113 dts=-0.0002386464 f0=-2.386464038864e-04 f1=-3.327116360197e-12 f2=0.000000000000e+00 tk=3.872 toc.time=1780851611 time.time=1780851617
eph2pos WARNING: sat=113 dts=-0.0002386464 f0=-2.386464038864e-04 f1=-3.327116360197e-12 f2=0.000000000000e+00 tk=3.873 toc.time=1780851611 time.time=1780851617
eph2pos WARNING: sat=114 dts=-0.0005062003 f0=-5.062002455816e-04 f1=-2.042277458258e-11 f2=0.000000000000e+00 tk=3.872 toc.time=1780851611 time.time=1780851617
eph2pos WARNING: sat=114 dts=-0.0005062003 f0=-5.062002455816e-04 f1=-2.042277458258e-11 f2=0.000000000000e+00 tk=3.873 toc.time=1780851611 time.time=1780851617
eph2pos WARNING: sat=115 dts=-0.0007820987 f0=-7.820987375453e-04 f1=5.221600929417e-12 f2=0.000000000000e+00 tk=3.876 toc.time=1780851611 time.time=1780851617
eph2pos WARNING: sat=115 dts=-0.0007820987 f0=-7.820987375453e-04 f1=5.221600929417e-12 f2=0.000000000000e+00 tk=3.877 toc.time=1780851611 time.time=1780851617
eph2pos WARNING: sat=117 dts=0.0006344477 f0=6.344476714730e-04 f1=-4.932942943014e-12 f2=0.000000000000e+00 tk=3.924 toc.time=1780851611 time.time=1780851617
eph2pos WARNING: sat=117 dts=0.0006344477 f0=6.344476714730e-04 f1=-4.932942943014e-12 f2=0.000000000000e+00 tk=3.925 toc.time=1780851611 time.time=1780851617
eph2pos WARNING: sat=124 dts=-0.0009380191 f0=-9.380191331729e-04 f1=1.985966946449e-12 f2=0.000000000000e+00 tk=3.927 toc.time=1780851611 time.time=1780851617
eph2pos WARNING: sat=124 dts=-0.0009380191 f0=-9.380191331729e-04 f1=1.985966946449e-12 f2=0.000000000000e+00 tk=3.928 toc.time=1780851611 time.time=1780851617
eph2pos WARNING: sat=125 dts=-0.0009026597 f0=-9.026597253978e-04 f1=4.130917830025e-12 f2=0.000000000000e+00 tk=3.919 toc.time=1780851611 time.time=1780851617
eph2pos WARNING: sat=125 dts=-0.0009026597 f0=-9.026597253978e-04 f1=4.130917830025e-12 f2=0.000000000000e+00 tk=3.920 toc.time=1780851611 time.time=1780851617
eph2pos WARNING: sat=127 dts=0.0004553295 f0=4.553295439109e-04 f1=8.455458555545e-13 f2=0.000000000000e+00 tk=3.921 toc.time=1780851611 time.time=1780851617
eph2pos WARNING: sat=127 dts=0.0004553295 f0=4.553295439109e-04 f1=8.455458555545e-13 f2=0.000000000000e+00 tk=3.922 toc.time=1780851611 time.time=1780851617
eph2pos WARNING: sat=141 dts=0.0002745371 f0=2.745371311903e-04 f1=-3.669065051781e-12 f2=0.000000000000e+00 tk=3.924 toc.time=1780851611 time.time=1780851617
eph2pos WARNING: sat=141 dts=0.0002745371 f0=2.745371311903e-04 f1=-3.669065051781e-12 f2=0.000000000000e+00 tk=3.925 toc.time=1780851611 time.time=1780851617
eph2pos WARNING: sat=144 dts=-0.0008975077 f0=-8.975076489151e-04 f1=-2.180566838206e-11 f2=0.000000000000e+00 tk=3.913 toc.time=1780851611 time.time=1780851617
eph2pos WARNING: sat=144 dts=-0.0008975077 f0=-8.975076489151e-04 f1=-2.180566838206e-11 f2=0.000000000000e+00 tk=3.914 toc.time=1780851611 time.time=1780851617
eph2pos WARNING: sat=113 dts=-0.0002386464 f0=-2.386464038864e-04 f1=-3.327116360197e-12 f2=0.000000000000e+00 tk=4.000 toc.time=1780851611 time.time=1780851618
eph2pos WARNING: sat=114 dts=-0.0005062003 f0=-5.062002455816e-04 f1=-2.042277458258e-11 f2=0.000000000000e+00 tk=4.000 toc.time=1780851611 time.time=1780851618
eph2pos WARNING: sat=115 dts=-0.0007820987 f0=-7.820987375453e-04 f1=5.221600929417e-12 f2=0.000000000000e+00 tk=4.000 toc.time=1780851611 time.time=1780851618
eph2pos WARNING: sat=117 dts=0.0006344477 f0=6.344476714730e-04 f1=-4.932942943014e-12 f2=0.000000000000e+00 tk=4.000 toc.time=1780851611 time.time=1780851618
eph2pos WARNING: sat=124 dts=-0.0009380191 f0=-9.380191331729e-04 f1=1.985966946449e-12 f2=0.000000000000e+00 tk=4.000 toc.time=1780851611 time.time=1780851618
eph2pos WARNING: sat=125 dts=-0.0009026597 f0=-9.026597253978e-04 f1=4.130917830025e-12 f2=0.000000000000e+00 tk=4.000 toc.time=1780851611 time.time=1780851618
eph2pos WARNING: sat=127 dts=0.0004553295 f0=4.553295439109e-04 f1=8.455458555545e-13 f2=0.000000000000e+00 tk=4.000 toc.time=1780851611 time.time=1780851618
eph2pos WARNING: sat=141 dts=0.0002745371 f0=2.745371311903e-04 f1=-3.669065051781e-12 f2=0.000000000000e+00 tk=4.000 toc.time=1780851611 time.time=1780851618
eph2pos WARNING: sat=144 dts=-0.0008975077 f0=-8.975076489151e-04 f1=-2.180566838206e-11 f2=0.000000000000e+00 tk=4.000 toc.time=1780851611 time.time=1780851618
02:41:13.960 [main] INFO org.rtklib.java.RinexDiagTest -- === Satellite position difference: satposs (with transit time) vs satpos (without) ===
02:41:13.960 [main] INFO org.rtklib.java.RinexDiagTest -- C01: pos_diff=2.834m dts_diff=-0.000000000000 satposs_pos=(-32313538.763,27114087.607,-233705.148) satpos_pos=(-32313538.610,27114087.923,-233702.336)
02:41:13.960 [main] INFO org.rtklib.java.RinexDiagTest -- C02: pos_diff=18.805m dts_diff=-0.000000000000 satposs_pos=(7285174.368,41539538.997,-154310.795) satpos_pos=(7285174.989,41539538.868,-154329.589)
02:41:13.960 [main] INFO org.rtklib.java.RinexDiagTest -- C03: pos_diff=15.529m dts_diff=0.000000000000 satposs_pos=(-14802336.634,39489011.500,-450281.035) satpos_pos=(-14802336.106,39489011.455,-450296.555)
02:41:13.960 [main] INFO org.rtklib.java.RinexDiagTest -- C07: pos_diff=199.820m dts_diff=0.000000000000 satposs_pos=(-18458766.412,20063798.734,32214009.445) satpos_pos=(-18458924.207,20063837.331,32213893.089)
02:41:13.960 [main] INFO org.rtklib.java.RinexDiagTest -- C08: pos_diff=355.490m dts_diff=0.000000000000 satposs_pos=(-22676505.971,35019336.508,-7162132.739) satpos_pos=(-22676401.193,35019469.191,-7161820.025)
02:41:13.960 [main] INFO org.rtklib.java.RinexDiagTest -- C09: pos_diff=366.602m dts_diff=0.000000000003 satposs_pos=(6250118.821,38269735.268,-16011576.816) satpos_pos=(6250245.996,38269584.250,-16011885.713)
02:41:13.960 [main] INFO org.rtklib.java.RinexDiagTest -- C10: pos_diff=163.969m dts_diff=-0.000000000001 satposs_pos=(-10706059.878,22319965.759,34548291.263) satpos_pos=(-10706217.282,22319954.228,34548246.801)
02:41:13.960 [main] INFO org.rtklib.java.RinexDiagTest -- C12: pos_diff=238.197m dts_diff=0.000000000000 satposs_pos=(-2262273.498,27730828.350,-2246405.088) satpos_pos=(-2262279.830,27730808.596,-2246642.380)
02:41:13.960 [main] INFO org.rtklib.java.RinexDiagTest -- C19: pos_diff=227.751m dts_diff=-0.000000000000 satposs_pos=(3878986.249,26618166.575,7527913.458) satpos_pos=(3878981.234,26618229.193,7527694.542)
02:41:13.960 [main] INFO org.rtklib.java.RinexDiagTest -- C20: pos_diff=249.206m dts_diff=-0.000000000000 satposs_pos=(-6868021.786,25582680.929,-8858507.953) satpos_pos=(-6868021.155,25582599.449,-8858743.462)
02:41:13.960 [main] INFO org.rtklib.java.RinexDiagTest -- C22: pos_diff=218.361m dts_diff=-0.000000000000 satposs_pos=(13319380.126,12622892.940,21020628.141) satpos_pos=(13319370.967,12623082.637,21020520.378)
02:41:13.960 [main] INFO org.rtklib.java.RinexDiagTest -- C36: pos_diff=216.068m dts_diff=0.000000000000 satposs_pos=(11832360.387,20172538.391,15237150.396) satpos_pos=(11832243.083,20172478.201,15237321.575)
02:41:13.960 [main] INFO org.rtklib.java.RinexDiagTest -- C39: pos_diff=267.888m dts_diff=0.000000000002 satposs_pos=(23744538.964,14633517.507,-183403.329) satpos_pos=(23744532.751,14633530.932,-183135.850)
lsq: n=5 m=13
lsq b: -6.367e+05 6.347e+06 3.513e+06 0.000e+00 9.706e+05 
lsq A:
1.000e+00 0.000e+00 0.000e+00 0.000e+00 0.000e+00 
0.000e+00 1.000e+00 0.000e+00 0.000e+00 0.000e+00 
0.000e+00 0.000e+00 1.000e+00 0.000e+00 0.000e+00 
0.000e+00 0.000e+00 0.000e+00 1.000e+00 0.000e+00 
0.000e+00 0.000e+00 0.000e+00 0.000e+00 1.000e+00 
lsq: n=5 m=12
lsq b: 1.388e+05 -7.790e+05 -4.123e+05 -0.000e+00 -9.503e+05 
lsq A:
1.000e+00 0.000e+00 0.000e+00 0.000e+00 0.000e+00 
0.000e+00 1.000e+00 0.000e+00 0.000e+00 0.000e+00 
0.000e+00 0.000e+00 1.000e+00 0.000e+00 0.000e+00 
0.000e+00 0.000e+00 0.000e+00 1.000e+00 0.000e+00 
0.000e+00 0.000e+00 0.000e+00 0.000e+00 1.000e+00 
lsq: n=5 m=12
lsq b: 5.117e+03 -1.654e+04 -8.118e+03 -0.000e+00 -2.031e+04 
lsq A:
1.000e+00 0.000e+00 0.000e+00 0.000e+00 0.000e+00 
0.000e+00 1.000e+00 0.000e+00 0.000e+00 0.000e+00 
0.000e+00 0.000e+00 1.000e+00 0.000e+00 0.000e+00 
0.000e+00 0.000e+00 0.000e+00 1.000e+00 0.000e+00 
0.000e+00 0.000e+00 0.000e+00 0.000e+00 1.000e+00 
lsq: n=5 m=12
lsq b: 3.369e+00 -1.137e+01 -5.639e+00 8.882e-18 -1.553e+01 
lsq A:
1.000e+00 0.000e+00 0.000e+00 0.000e+00 0.000e+00 
0.000e+00 1.000e+00 0.000e+00 0.000e+00 0.000e+00 
0.000e+00 0.000e+00 1.000e+00 0.000e+00 0.000e+00 
0.000e+00 0.000e+00 0.000e+00 1.000e+00 0.000e+00 
0.000e+00 0.000e+00 0.000e+00 0.000e+00 1.000e+00 
lsq: n=5 m=12
lsq b: 6.303e-04 -7.304e-03 -4.256e-03 -0.000e+00 -1.135e-02 
lsq A:
1.000e+00 0.000e+00 0.000e+00 0.000e+00 0.000e+00 
0.000e+00 1.000e+00 0.000e+00 0.000e+00 0.000e+00 
0.000e+00 0.000e+00 1.000e+00 0.000e+00 0.000e+00 
0.000e+00 0.000e+00 0.000e+00 1.000e+00 0.000e+00 
0.000e+00 0.000e+00 0.000e+00 0.000e+00 1.000e+00 
lsq: n=5 m=12
lsq b: 4.234e-07 -4.787e-06 -2.807e-06 -0.000e+00 -7.463e-06 
lsq A:
1.000e+00 0.000e+00 0.000e+00 0.000e+00 0.000e+00 
0.000e+00 1.000e+00 0.000e+00 0.000e+00 0.000e+00 
0.000e+00 0.000e+00 1.000e+00 0.000e+00 0.000e+00 
0.000e+00 0.000e+00 0.000e+00 1.000e+00 0.000e+00 
0.000e+00 0.000e+00 0.000e+00 0.000e+00 1.000e+00 
02:41:14.007 [main] INFO org.rtklib.java.RinexDiagTest -- satposs SPP: ECEF=(-492866.4704, 5551486.4792, 3092899.1779) result=1 ns=11
02:41:14.007 [main] INFO org.rtklib.java.RinexDiagTest -- satposs SPP: LLH=(29.191509874, 95.073474163, 922.932)
02:41:14.007 [main] INFO org.rtklib.java.RinexDiagTest -- satposs SPP vs C: dX=0.0000 dY=0.0000 dZ=-0.0000 3D=0.0000
]]></system-out>
  </testcase>
</testsuite>