<?xml version="1.0" encoding="UTF-8"?>
<testsuite xmlns:xsi="http://www.w3.org/2001/XMLSchema-instance" xsi:noNamespaceSchemaLocation="https://maven.apache.org/surefire/maven-surefire-plugin/xsd/surefire-test-report-3.0.xsd" version="3.0" name="org.rtklib.java.PppTest" time="0.62" tests="1" errors="0" skipped="0" failures="0">
  <properties>
[...]
</properties>
  <testcase name="testPppCoreWithRinex" classname="org.rtklib.java.PppTest" time="0.224">
    <system-out><![CDATA[19:57:27.138 [main] INFO org.rtklib.java.PppTest -- RTCM rover: D:\code\rtklib_java\testdat\rover.rtcm exists=true
19:57:27.140 [main] INFO org.rtklib.java.PppTest -- SP3: D:\code\rtklib_java\WUM0MGXNRT_20261581500_02D_05M_ORB.SP3\WUM0MGXNRT_20261581500_02D_05M_ORB.SP3 exists=true
19:57:27.140 [main] INFO org.rtklib.java.PppTest -- CLK: D:\code\rtklib_java\WUM0MGXNRT_20261581500_02D_05M_CLK.CLK\WUM0MGXNRT_20261581500_02D_05M_CLK.CLK exists=true
19:57:27.144 [main] INFO org.rtklib.java.rinex.RtcmFileToRinexConverter -- Read RTCM file: D:\code\rtklib_java\testdat\rover.rtcm (103816 bytes)
19:57:27.150 [main] DEBUG org.rtklib.java.rtcm.Rtcm -- RTCM3 decoded message type=1005, length=25
19:57:27.151 [main] DEBUG org.rtklib.java.rtcm.Rtcm -- RTCM3 decoded message type=1033, length=27
19:57:27.151 [main] DEBUG org.rtklib.java.rtcm.Rtcm -- RTCM3 decoded message type=1124, length=248
19:57:27.151 [main] DEBUG org.rtklib.java.rtcm.Rtcm -- MSM BDS TOW: raw=61204000, tow=61218.0
19:57:27.151 [main] DEBUG org.rtklib.java.rtcm.Rtcm -- MSM BDS after adjweek: time.time=316026018, time.sec=0.0
19:57:27.152 [main] DEBUG org.rtklib.java.rtcm.Rtcm -- decode_msm_head: sys=32 staid=0 nsat=12 nsig=5 sync=1 iod=0 ncell=31
19:57:27.152 [main] DEBUG org.rtklib.java.rtcm.Rtcm -- MSM sig[0] sigid=2 sigstr=2I code=40 idx=0
19:57:27.152 [main] DEBUG org.rtklib.java.rtcm.Rtcm -- MSM sig[1] sigid=8 sigstr=6I code=42 idx=3
19:57:27.152 [main] DEBUG org.rtklib.java.rtcm.Rtcm -- MSM sig[2] sigid=14 sigstr=7I code=27 idx=1
19:57:27.152 [main] DEBUG org.rtklib.java.rtcm.Rtcm -- MSM sig[3] sigid=23 sigstr=5P code=58 idx=2
19:57:27.153 [main] DEBUG org.rtklib.java.rtcm.Rtcm -- MSM sig[4] sigid=31 sigstr=1P code=2 idx=4
19:57:27.153 [main] DEBUG org.rtklib.java.rtcm.Rtcm -- MSM after sigindex: sig[0] code=40 idx=0
19:57:27.153 [main] DEBUG org.rtklib.java.rtcm.Rtcm -- MSM after sigindex: sig[1] code=42 idx=3
19:57:27.153 [main] DEBUG org.rtklib.java.rtcm.Rtcm -- MSM after sigindex: sig[2] code=27 idx=1
19:57:27.153 [main] DEBUG org.rtklib.java.rtcm.Rtcm -- MSM after sigindex: sig[3] code=58 idx=2
19:57:27.153 [main] DEBUG org.rtklib.java.rtcm.Rtcm -- MSM after sigindex: sig[4] code=2 idx=4
19:57:27.153 [main] DEBUG org.rtklib.java.rtcm.Rtcm -- RTCM3 decoded message type=1124, length=54
19:57:27.153 [main] DEBUG org.rtklib.java.rtcm.Rtcm -- MSM BDS TOW: raw=61204000, tow=61218.0
19:57:27.153 [main] DEBUG org.rtklib.java.rtcm.Rtcm -- MSM BDS after adjweek: time.time=316026018, time.sec=0.0
19:57:27.154 [main] DEBUG org.rtklib.java.rtcm.Rtcm -- decode_msm_head: sys=32 staid=0 nsat=1 nsig=4 sync=0 iod=0 ncell=4
19:57:27.154 [main] DEBUG org.rtklib.java.rtcm.Rtcm -- MSM sig[0] sigid=2 sigstr=2I code=40 idx=0
19:57:27.154 [main] DEBUG org.rtklib.java.rtcm.Rtcm -- MSM sig[1] sigid=8 sigstr=6I code=42 idx=3
19:57:27.154 [main] DEBUG org.rtklib.java.rtcm.Rtcm -- MSM sig[2] sigid=23 sigstr=5P code=58 idx=2
19:57:27.154 [main] DEBUG org.rtklib.java.rtcm.Rtcm -- MSM sig[3] sigid=31 sigstr=1P code=2 idx=4
19:57:27.154 [main] DEBUG org.rtklib.java.rtcm.Rtcm -- MSM after sigindex: sig[0] code=40 idx=0
19:57:27.154 [main] DEBUG org.rtklib.java.rtcm.Rtcm -- MSM after sigindex: sig[1] code=42 idx=3
19:57:27.154 [main] DEBUG org.rtklib.java.rtcm.Rtcm -- MSM after sigindex: sig[2] code=58 idx=2
19:57:27.154 [main] DEBUG org.rtklib.java.rtcm.Rtcm -- MSM after sigindex: sig[3] code=2 idx=4
19:57:27.154 [main] DEBUG org.rtklib.java.rtcm.Rtcm -- RTCM3 decoded message type=1042, length=70
19:57:27.154 [main] DEBUG org.rtklib.java.rtcm.Rtcm -- RTCM 1042 eph stored: sat=137 prn=32 week=1066 toe=54000.0 A=27906219.4
19:57:27.154 [main] DEBUG org.rtklib.java.rtcm.Rtcm -- RTCM3 decoded message type=1005, length=25
19:57:27.154 [main] DEBUG org.rtklib.java.rtcm.Rtcm -- RTCM3 decoded message type=1033, length=27
19:57:27.154 [main] DEBUG org.rtklib.java.rtcm.Rtcm -- RTCM3 decoded message type=1124, length=236
19:57:27.154 [main] DEBUG org.rtklib.java.rtcm.Rtcm -- MSM BDS TOW: raw=61219000, tow=61233.0
19:57:27.154 [main] DEBUG org.rtklib.java.rtcm.Rtcm -- MSM BDS after adjweek: time.time=1780851633, time.sec=0.0
19:57:27.154 [main] DEBUG org.rtklib.java.rtcm.Rtcm -- decode_msm_head: sys=32 staid=0 nsat=12 nsig=5 sync=1 iod=0 ncell=29
19:57:27.154 [main] DEBUG org.rtklib.java.rtcm.Rtcm -- MSM sig[0] sigid=2 sigstr=2I code=40 idx=0
19:57:27.154 [main] DEBUG org.rtklib.java.rtcm.Rtcm -- MSM sig[1] sigid=8 sigstr=6I code=42 idx=3
19:57:27.154 [main] DEBUG org.rtklib.java.rtcm.Rtcm -- MSM sig[2] sigid=14 sigstr=7I code=27 idx=1
19:57:27.154 [main] DEBUG org.rtklib.java.rtcm.Rtcm -- MSM sig[3] sigid=23 sigstr=5P code=58 idx=2
19:57:27.154 [main] DEBUG org.rtklib.java.rtcm.Rtcm -- MSM sig[4] sigid=31 sigstr=1P code=2 idx=4
19:57:27.154 [main] DEBUG org.rtklib.java.rtcm.Rtcm -- MSM after sigindex: sig[0] code=40 idx=0
19:57:27.154 [main] DEBUG org.rtklib.java.rtcm.Rtcm -- MSM after sigindex: sig[1] code=42 idx=3
19:57:27.154 [main] DEBUG org.rtklib.java.rtcm.Rtcm -- MSM after sigindex: sig[2] code=27 idx=1
19:57:27.154 [main] DEBUG org.rtklib.java.rtcm.Rtcm -- MSM after sigindex: sig[3] code=58 idx=2
19:57:27.154 [main] DEBUG org.rtklib.java.rtcm.Rtcm -- MSM after sigindex: sig[4] code=2 idx=4
19:57:27.156 [main] DEBUG org.rtklib.java.rtcm.Rtcm -- RTCM3 decoded message type=1124, length=54
19:57:27.156 [main] DEBUG org.rtklib.java.rtcm.Rtcm -- MSM BDS TOW: raw=61219000, tow=61233.0
19:57:27.156 [main] DEBUG org.rtklib.java.rtcm.Rtcm -- MSM BDS after adjweek: time.time=1780851633, time.sec=0.0
19:57:27.156 [main] DEBUG org.rtklib.java.rtcm.Rtcm -- decode_msm_head: sys=32 staid=0 nsat=1 nsig=4 sync=0 iod=0 ncell=4
19:57:27.156 [main] DEBUG org.rtklib.java.rtcm.Rtcm -- MSM sig[0] sigid=2 sigstr=2I code=40 idx=0
19:57:27.156 [main] DEBUG org.rtklib.java.rtcm.Rtcm -- MSM sig[1] sigid=8 sigstr=6I code=42 idx=3
19:57:27.156 [main] DEBUG org.rtklib.java.rtcm.Rtcm -- MSM sig[2] sigid=23 sigstr=5P code=58 idx=2
19:57:27.156 [main] DEBUG org.rtklib.java.rtcm.Rtcm -- MSM sig[3] sigid=31 sigstr=1P code=2 idx=4
19:57:27.156 [main] DEBUG org.rtklib.java.rtcm.Rtcm -- MSM after sigindex: sig[0] code=40 idx=0
19:57:27.156 [main] DEBUG org.rtklib.java.rtcm.Rtcm -- MSM after sigindex: sig[1] code=42 idx=3
19:57:27.156 [main] DEBUG org.rtklib.java.rtcm.Rtcm -- MSM after sigindex: sig[2] code=58 idx=2
19:57:27.156 [main] DEBUG org.rtklib.java.rtcm.Rtcm -- MSM after sigindex: sig[3] code=2 idx=4
19:57:27.156 [main] DEBUG org.rtklib.java.rtcm.Rtcm -- RTCM3 decoded message type=1042, length=70
19:57:27.156 [main] DEBUG org.rtklib.java.rtcm.Rtcm -- RTCM 1042 eph stored: sat=112 prn=7 week=1066 toe=61200.0 A=42165725.8
19:57:27.156 [main] DEBUG org.rtklib.java.rtcm.Rtcm -- RTCM3 decoded message type=1005, length=25
19:57:27.156 [main] DEBUG org.rtklib.java.rtcm.Rtcm -- RTCM3 decoded message type=1033, length=27
19:57:27.156 [main] DEBUG org.rtklib.java.rtcm.Rtcm -- RTCM3 decoded message type=1124, length=236
19:57:27.156 [main] DEBUG org.rtklib.java.rtcm.Rtcm -- MSM BDS TOW: raw=61234000, tow=61248.0
19:57:27.156 [main] DEBUG org.rtklib.java.rtcm.Rtcm -- MSM BDS after adjweek: time.time=1780851648, time.sec=0.0
19:57:27.156 [main] DEBUG org.rtklib.java.rtcm.Rtcm -- decode_msm_head: sys=32 staid=0 nsat=12 nsig=5 sync=1 iod=0 ncell=29
19:57:27.156 [main] DEBUG org.rtklib.java.rtcm.Rtcm -- MSM sig[0] sigid=2 sigstr=2I code=40 idx=0
19:57:27.156 [main] DEBUG org.rtklib.java.rtcm.Rtcm -- MSM sig[1] sigid=8 sigstr=6I code=42 idx=3
19:57:27.156 [main] DEBUG org.rtklib.java.rtcm.Rtcm -- MSM sig[2] sigid=14 sigstr=7I code=27 idx=1
19:57:27.157 [main] DEBUG org.rtklib.java.rtcm.Rtcm -- MSM sig[3] sigid=23 sigstr=5P code=58 idx=2
19:57:27.157 [main] DEBUG org.rtklib.java.rtcm.Rtcm -- MSM sig[4] sigid=31 sigstr=1P code=2 idx=4
19:57:27.157 [main] DEBUG org.rtklib.java.rtcm.Rtcm -- MSM after sigindex: sig[0] code=40 idx=0
19:57:27.157 [main] DEBUG org.rtklib.java.rtcm.Rtcm -- MSM after sigindex: sig[1] code=42 idx=3
19:57:27.157 [main] DEBUG org.rtklib.java.rtcm.Rtcm -- MSM after sigindex: sig[2] code=27 idx=1
19:57:27.157 [main] DEBUG org.rtklib.java.rtcm.Rtcm -- MSM after sigindex: sig[3] code=58 idx=2
19:57:27.157 [main] DEBUG org.rtklib.java.rtcm.Rtcm -- MSM after sigindex: sig[4] code=2 idx=4
19:57:27.157 [main] DEBUG org.rtklib.java.rtcm.Rtcm -- RTCM3 decoded message type=1124, length=54
19:57:27.157 [main] DEBUG org.rtklib.java.rtcm.Rtcm -- MSM BDS TOW: raw=61234000, tow=61248.0
19:57:27.157 [main] DEBUG org.rtklib.java.rtcm.Rtcm -- MSM BDS after adjweek: time.time=1780851648, time.sec=0.0
19:57:27.157 [main] DEBUG org.rtklib.java.rtcm.Rtcm -- decode_msm_head: sys=32 staid=0 nsat=1 nsig=4 sync=0 iod=0 ncell=4
19:57:27.157 [main] DEBUG org.rtklib.java.rtcm.Rtcm -- MSM sig[0] sigid=2 sigstr=2I code=40 idx=0
19:57:27.157 [main] DEBUG org.rtklib.java.rtcm.Rtcm -- MSM sig[1] sigid=8 sigstr=6I code=42 idx=3
19:57:27.157 [main] DEBUG org.rtklib.java.rtcm.Rtcm -- MSM sig[2] sigid=23 sigstr=5P code=58 idx=2
19:57:27.157 [main] DEBUG org.rtklib.java.rtcm.Rtcm -- MSM sig[3] sigid=31 sigstr=1P code=2 idx=4
19:57:27.157 [main] DEBUG org.rtklib.java.rtcm.Rtcm -- MSM after sigindex: sig[0] code=40 idx=0
19:57:27.157 [main] DEBUG org.rtklib.java.rtcm.Rtcm -- MSM after sigindex: sig[1] code=42 idx=3
19:57:27.157 [main] DEBUG org.rtklib.java.rtcm.Rtcm -- MSM after sigindex: sig[2] code=58 idx=2
19:57:27.157 [main] DEBUG org.rtklib.java.rtcm.Rtcm -- MSM after sigindex: sig[3] code=2 idx=4
19:57:27.157 [main] DEBUG org.rtklib.java.rtcm.Rtcm -- RTCM3 decoded message type=1042, length=70
19:57:27.157 [main] DEBUG org.rtklib.java.rtcm.Rtcm -- RTCM 1042 eph stored: sat=106 prn=1 week=1066 toe=61200.0 A=42166232.7
19:57:27.158 [main] DEBUG org.rtklib.java.rtcm.Rtcm -- RTCM3 decoded message type=1005, length=25
19:57:27.158 [main] DEBUG org.rtklib.java.rtcm.Rtcm -- RTCM3 decoded message type=1033, length=27
19:57:27.158 [main] DEBUG org.rtklib.java.rtcm.Rtcm -- RTCM3 decoded message type=1124, length=248
19:57:27.158 [main] DEBUG org.rtklib.java.rtcm.Rtcm -- MSM BDS TOW: raw=61249000, tow=61263.0
19:57:27.158 [main] DEBUG org.rtklib.java.rtcm.Rtcm -- MSM BDS after adjweek: time.time=1780851663, time.sec=0.0
19:57:27.158 [main] DEBUG org.rtklib.java.rtcm.Rtcm -- decode_msm_head: sys=32 staid=0 nsat=12 nsig=5 sync=0 iod=0 ncell=31
19:57:27.158 [main] DEBUG org.rtklib.java.rtcm.Rtcm -- MSM sig[0] sigid=2 sigstr=2I code=40 idx=0
19:57:27.158 [main] DEBUG org.rtklib.java.rtcm.Rtcm -- MSM sig[1] sigid=8 sigstr=6I code=42 idx=3
19:57:27.158 [main] DEBUG org.rtklib.java.rtcm.Rtcm -- MSM sig[2] sigid=14 sigstr=7I code=27 idx=1
19:57:27.158 [main] DEBUG org.rtklib.java.rtcm.Rtcm -- MSM sig[3] sigid=23 sigstr=5P code=58 idx=2
19:57:27.158 [main] DEBUG org.rtklib.java.rtcm.Rtcm -- MSM sig[4] sigid=31 sigstr=1P code=2 idx=4
19:57:27.158 [main] DEBUG org.rtklib.java.rtcm.Rtcm -- MSM after sigindex: sig[0] code=40 idx=0
19:57:27.158 [main] DEBUG org.rtklib.java.rtcm.Rtcm -- MSM after sigindex: sig[1] code=42 idx=3
19:57:27.158 [main] DEBUG org.rtklib.java.rtcm.Rtcm -- MSM after sigindex: sig[2] code=27 idx=1
19:57:27.158 [main] DEBUG org.rtklib.java.rtcm.Rtcm -- MSM after sigindex: sig[3] code=58 idx=2
19:57:27.158 [main] DEBUG org.rtklib.java.rtcm.Rtcm -- MSM after sigindex: sig[4] code=2 idx=4
19:57:27.158 [main] DEBUG org.rtklib.java.rtcm.Rtcm -- RTCM3 decoded message type=1042, length=70
19:57:27.158 [main] DEBUG org.rtklib.java.rtcm.Rtcm -- RTCM 1042 eph stored: sat=107 prn=2 week=1066 toe=61200.0 A=42163941.3
19:57:27.158 [main] DEBUG org.rtklib.java.rtcm.Rtcm -- RTCM3 decoded message type=1005, length=25
19:57:27.158 [main] DEBUG org.rtklib.java.rtcm.Rtcm -- RTCM3 decoded message type=1033, length=27
19:57:27.158 [main] DEBUG org.rtklib.java.rtcm.Rtcm -- RTCM3 decoded message type=1124, length=260
19:57:27.158 [main] DEBUG org.rtklib.java.rtcm.Rtcm -- MSM BDS TOW: raw=61264000, tow=61278.0
19:57:27.158 [main] DEBUG org.rtklib.java.rtcm.Rtcm -- MSM BDS after adjweek: time.time=1780851678, time.sec=0.0
19:57:27.158 [main] DEBUG org.rtklib.java.rtcm.Rtcm -- decode_msm_head: sys=32 staid=0 nsat=12 nsig=5 sync=0 iod=0 ncell=33
19:57:27.158 [main] DEBUG org.rtklib.java.rtcm.Rtcm -- MSM sig[0] sigid=2 sigstr=2I code=40 idx=0
19:57:27.158 [main] DEBUG org.rtklib.java.rtcm.Rtcm -- MSM sig[1] sigid=8 sigstr=6I code=42 idx=3
19:57:27.158 [main] DEBUG org.rtklib.java.rtcm.Rtcm -- MSM sig[2] sigid=14 sigstr=7I code=27 idx=1
19:57:27.158 [main] DEBUG org.rtklib.java.rtcm.Rtcm -- MSM sig[3] sigid=23 sigstr=5P code=58 idx=2
19:57:27.159 [main] DEBUG org.rtklib.java.rtcm.Rtcm -- MSM sig[4] sigid=31 sigstr=1P code=2 idx=4
19:57:27.159 [main] DEBUG org.rtklib.java.rtcm.Rtcm -- MSM after sigindex: sig[0] code=40 idx=0
19:57:27.159 [main] DEBUG org.rtklib.java.rtcm.Rtcm -- MSM after sigindex: sig[1] code=42 idx=3
19:57:27.159 [main] DEBUG org.rtklib.java.rtcm.Rtcm -- MSM after sigindex: sig[2] code=27 idx=1
19:57:27.159 [main] DEBUG org.rtklib.java.rtcm.Rtcm -- MSM after sigindex: sig[3] code=58 idx=2
19:57:27.159 [main] DEBUG org.rtklib.java.rtcm.Rtcm -- MSM after sigindex: sig[4] code=2 idx=4
19:57:27.159 [main] DEBUG org.rtklib.java.rtcm.Rtcm -- RTCM3 decoded message type=1042, length=70
19:57:27.159 [main] DEBUG org.rtklib.java.rtcm.Rtcm -- RTCM 1042 eph stored: sat=108 prn=3 week=1066 toe=61200.0 A=42164777.8
19:57:27.159 [main] DEBUG org.rtklib.java.rtcm.Rtcm -- RTCM3 decoded message type=1005, length=25
19:57:27.159 [main] DEBUG org.rtklib.java.rtcm.Rtcm -- RTCM3 decoded message type=1033, length=27
19:57:27.159 [main] DEBUG org.rtklib.java.rtcm.Rtcm -- RTCM3 decoded message type=1124, length=254
19:57:27.159 [main] DEBUG org.rtklib.java.rtcm.Rtcm -- MSM BDS TOW: raw=61279000, tow=61293.0
19:57:27.159 [main] DEBUG org.rtklib.java.rtcm.Rtcm -- MSM BDS after adjweek: time.time=1780851693, time.sec=0.0
19:57:27.159 [main] DEBUG org.rtklib.java.rtcm.Rtcm -- decode_msm_head: sys=32 staid=0 nsat=12 nsig=5 sync=0 iod=0 ncell=32
19:57:27.159 [main] DEBUG org.rtklib.java.rtcm.Rtcm -- MSM sig[0] sigid=2 sigstr=2I code=40 idx=0
19:57:27.159 [main] DEBUG org.rtklib.java.rtcm.Rtcm -- MSM sig[1] sigid=8 sigstr=6I code=42 idx=3
19:57:27.159 [main] DEBUG org.rtklib.java.rtcm.Rtcm -- MSM sig[2] sigid=14 sigstr=7I code=27 idx=1
19:57:27.159 [main] DEBUG org.rtklib.java.rtcm.Rtcm -- MSM sig[3] sigid=23 sigstr=5P code=58 idx=2
19:57:27.159 [main] DEBUG org.rtklib.java.rtcm.Rtcm -- MSM sig[4] sigid=31 sigstr=1P code=2 idx=4
19:57:27.159 [main] DEBUG org.rtklib.java.rtcm.Rtcm -- MSM after sigindex: sig[0] code=40 idx=0
19:57:27.159 [main] DEBUG org.rtklib.java.rtcm.Rtcm -- MSM after sigindex: sig[1] code=42 idx=3
19:57:27.159 [main] DEBUG org.rtklib.java.rtcm.Rtcm -- MSM after sigindex: sig[2] code=27 idx=1
19:57:27.159 [main] DEBUG org.rtklib.java.rtcm.Rtcm -- MSM after sigindex: sig[3] code=58 idx=2
19:57:27.160 [main] DEBUG org.rtklib.java.rtcm.Rtcm -- MSM after sigindex: sig[4] code=2 idx=4
19:57:27.160 [main] DEBUG org.rtklib.java.rtcm.Rtcm -- RTCM3 decoded message type=1042, length=70
19:57:27.160 [main] DEBUG org.rtklib.java.rtcm.Rtcm -- RTCM 1042 eph stored: sat=113 prn=8 week=1066 toe=61200.0 A=42158272.3
19:57:27.160 [main] DEBUG org.rtklib.java.rtcm.Rtcm -- RTCM3 decoded message type=1005, length=25
19:57:27.160 [main] DEBUG org.rtklib.java.rtcm.Rtcm -- RTCM3 decoded message type=1033, length=27
19:57:27.160 [main] DEBUG org.rtklib.java.rtcm.Rtcm -- RTCM3 decoded message type=1124, length=254
19:57:27.160 [main] DEBUG org.rtklib.java.rtcm.Rtcm -- MSM BDS TOW: raw=61294000, tow=61308.0
19:57:27.160 [main] DEBUG org.rtklib.java.rtcm.Rtcm -- MSM BDS after adjweek: time.time=1780851708, time.sec=0.0
19:57:27.160 [main] DEBUG org.rtklib.java.rtcm.Rtcm -- decode_msm_head: sys=32 staid=0 nsat=12 nsig=5 sync=0 iod=0 ncell=32
19:57:27.160 [main] DEBUG org.rtklib.java.rtcm.Rtcm -- MSM sig[0] sigid=2 sigstr=2I code=40 idx=0
19:57:27.160 [main] DEBUG org.rtklib.java.rtcm.Rtcm -- MSM sig[1] sigid=8 sigstr=6I code=42 idx=3
19:57:27.160 [main] DEBUG org.rtklib.java.rtcm.Rtcm -- MSM sig[2] sigid=14 sigstr=7I code=27 idx=1
19:57:27.160 [main] DEBUG org.rtklib.java.rtcm.Rtcm -- MSM sig[3] sigid=23 sigstr=5P code=58 idx=2
19:57:27.160 [main] DEBUG org.rtklib.java.rtcm.Rtcm -- MSM sig[4] sigid=31 sigstr=1P code=2 idx=4
19:57:27.160 [main] DEBUG org.rtklib.java.rtcm.Rtcm -- MSM after sigindex: sig[0] code=40 idx=0
19:57:27.160 [main] DEBUG org.rtklib.java.rtcm.Rtcm -- MSM after sigindex: sig[1] code=42 idx=3
19:57:27.160 [main] DEBUG org.rtklib.java.rtcm.Rtcm -- MSM after sigindex: sig[2] code=27 idx=1
19:57:27.160 [main] DEBUG org.rtklib.java.rtcm.Rtcm -- MSM after sigindex: sig[3] code=58 idx=2
19:57:27.160 [main] DEBUG org.rtklib.java.rtcm.Rtcm -- MSM after sigindex: sig[4] code=2 idx=4
19:57:27.160 [main] DEBUG org.rtklib.java.rtcm.Rtcm -- RTCM3 decoded message type=1042, length=70
19:57:27.160 [main] DEBUG org.rtklib.java.rtcm.Rtcm -- RTCM 1042 eph stored: sat=114 prn=9 week=1066 toe=61200.0 A=42167667.7
19:57:27.160 [main] DEBUG org.rtklib.java.rtcm.Rtcm -- RTCM3 decoded message type=1005, length=25
19:57:27.160 [main] DEBUG org.rtklib.java.rtcm.Rtcm -- RTCM3 decoded message type=1033, length=27
19:57:27.160 [main] DEBUG org.rtklib.java.rtcm.Rtcm -- RTCM3 decoded message type=1124, length=260
19:57:27.160 [main] DEBUG org.rtklib.java.rtcm.Rtcm -- MSM BDS TOW: raw=61309000, tow=61323.0
19:57:27.160 [main] DEBUG org.rtklib.java.rtcm.Rtcm -- MSM BDS after adjweek: time.time=1780851723, time.sec=0.0
19:57:27.160 [main] DEBUG org.rtklib.java.rtcm.Rtcm -- decode_msm_head: sys=32 staid=0 nsat=12 nsig=5 sync=0 iod=0 ncell=33
19:57:27.160 [main] DEBUG org.rtklib.java.rtcm.Rtcm -- MSM sig[0] sigid=2 sigstr=2I code=40 idx=0
19:57:27.160 [main] DEBUG org.rtklib.java.rtcm.Rtcm -- MSM sig[1] sigid=8 sigstr=6I code=42 idx=3
19:57:27.160 [main] DEBUG org.rtklib.java.rtcm.Rtcm -- MSM sig[2] sigid=14 sigstr=7I code=27 idx=1
19:57:27.160 [main] DEBUG org.rtklib.java.rtcm.Rtcm -- MSM sig[3] sigid=23 sigstr=5P code=58 idx=2
19:57:27.160 [main] DEBUG org.rtklib.java.rtcm.Rtcm -- MSM sig[4] sigid=31 sigstr=1P code=2 idx=4
19:57:27.160 [main] DEBUG org.rtklib.java.rtcm.Rtcm -- MSM after sigindex: sig[0] code=40 idx=0
19:57:27.160 [main] DEBUG org.rtklib.java.rtcm.Rtcm -- MSM after sigindex: sig[1] code=42 idx=3
19:57:27.160 [main] DEBUG org.rtklib.java.rtcm.Rtcm -- MSM after sigindex: sig[2] code=27 idx=1
19:57:27.160 [main] DEBUG org.rtklib.java.rtcm.Rtcm -- MSM after sigindex: sig[3] code=58 idx=2
19:57:27.160 [main] DEBUG org.rtklib.java.rtcm.Rtcm -- MSM after sigindex: sig[4] code=2 idx=4
19:57:27.162 [main] DEBUG org.rtklib.java.rtcm.Rtcm -- RTCM3 decoded message type=1042, length=70
19:57:27.162 [main] DEBUG org.rtklib.java.rtcm.Rtcm -- RTCM 1042 eph stored: sat=115 prn=10 week=1066 toe=61200.0 A=42169927.7
19:57:27.162 [main] DEBUG org.rtklib.java.rtcm.Rtcm -- RTCM3 decoded message type=1005, length=25
19:57:27.162 [main] DEBUG org.rtklib.java.rtcm.Rtcm -- RTCM3 decoded message type=1033, length=27
19:57:27.162 [main] DEBUG org.rtklib.java.rtcm.Rtcm -- RTCM3 decoded message type=1124, length=260
19:57:27.162 [main] DEBUG org.rtklib.java.rtcm.Rtcm -- MSM BDS TOW: raw=61324000, tow=61338.0
19:57:27.162 [main] DEBUG org.rtklib.java.rtcm.Rtcm -- MSM BDS after adjweek: time.time=1780851738, time.sec=0.0
19:57:27.162 [main] DEBUG org.rtklib.java.rtcm.Rtcm -- decode_msm_head: sys=32 staid=0 nsat=12 nsig=5 sync=0 iod=0 ncell=33
19:57:27.162 [main] DEBUG org.rtklib.java.rtcm.Rtcm -- MSM sig[0] sigid=2 sigstr=2I code=40 idx=0
19:57:27.162 [main] DEBUG org.rtklib.java.rtcm.Rtcm -- MSM sig[1] sigid=8 sigstr=6I code=42 idx=3
19:57:27.162 [main] DEBUG org.rtklib.java.rtcm.Rtcm -- MSM sig[2] sigid=14 sigstr=7I code=27 idx=1
19:57:27.162 [main] DEBUG org.rtklib.java.rtcm.Rtcm -- MSM sig[3] sigid=23 sigstr=5P code=58 idx=2
19:57:27.162 [main] DEBUG org.rtklib.java.rtcm.Rtcm -- MSM sig[4] sigid=31 sigstr=1P code=2 idx=4
19:57:27.162 [main] DEBUG org.rtklib.java.rtcm.Rtcm -- MSM after sigindex: sig[0] code=40 idx=0
19:57:27.162 [main] DEBUG org.rtklib.java.rtcm.Rtcm -- MSM after sigindex: sig[1] code=42 idx=3
19:57:27.162 [main] DEBUG org.rtklib.java.rtcm.Rtcm -- MSM after sigindex: sig[2] code=27 idx=1
19:57:27.162 [main] DEBUG org.rtklib.java.rtcm.Rtcm -- MSM after sigindex: sig[3] code=58 idx=2
19:57:27.162 [main] DEBUG org.rtklib.java.rtcm.Rtcm -- MSM after sigindex: sig[4] code=2 idx=4
19:57:27.162 [main] DEBUG org.rtklib.java.rtcm.Rtcm -- RTCM3 decoded message type=1042, length=70
19:57:27.162 [main] DEBUG org.rtklib.java.rtcm.Rtcm -- RTCM 1042 eph stored: sat=117 prn=12 week=1066 toe=61200.0 A=27906348.6
19:57:27.162 [main] DEBUG org.rtklib.java.rtcm.Rtcm -- RTCM3 decoded message type=1005, length=25
19:57:27.162 [main] DEBUG org.rtklib.java.rtcm.Rtcm -- RTCM3 decoded message type=1033, length=27
19:57:27.162 [main] DEBUG org.rtklib.java.rtcm.Rtcm -- RTCM3 decoded message type=1124, length=266
19:57:27.162 [main] DEBUG org.rtklib.java.rtcm.Rtcm -- MSM BDS TOW: raw=61339000, tow=61353.0
19:57:27.163 [main] DEBUG org.rtklib.java.rtcm.Rtcm -- MSM BDS after adjweek: time.time=1780851753, time.sec=0.0
19:57:27.163 [main] DEBUG org.rtklib.java.rtcm.Rtcm -- decode_msm_head: sys=32 staid=0 nsat=12 nsig=5 sync=0 iod=0 ncell=34
19:57:27.163 [main] DEBUG org.rtklib.java.rtcm.Rtcm -- MSM sig[0] sigid=2 sigstr=2I code=40 idx=0
19:57:27.163 [main] DEBUG org.rtklib.java.rtcm.Rtcm -- MSM sig[1] sigid=8 sigstr=6I code=42 idx=3
19:57:27.163 [main] DEBUG org.rtklib.java.rtcm.Rtcm -- MSM sig[2] sigid=14 sigstr=7I code=27 idx=1
19:57:27.163 [main] DEBUG org.rtklib.java.rtcm.Rtcm -- MSM sig[3] sigid=23 sigstr=5P code=58 idx=2
19:57:27.163 [main] DEBUG org.rtklib.java.rtcm.Rtcm -- MSM sig[4] sigid=31 sigstr=1P code=2 idx=4
19:57:27.163 [main] DEBUG org.rtklib.java.rtcm.Rtcm -- MSM after sigindex: sig[0] code=40 idx=0
19:57:27.163 [main] DEBUG org.rtklib.java.rtcm.Rtcm -- MSM after sigindex: sig[1] code=42 idx=3
19:57:27.163 [main] DEBUG org.rtklib.java.rtcm.Rtcm -- MSM after sigindex: sig[2] code=27 idx=1
19:57:27.163 [main] DEBUG org.rtklib.java.rtcm.Rtcm -- MSM after sigindex: sig[3] code=58 idx=2
19:57:27.163 [main] DEBUG org.rtklib.java.rtcm.Rtcm -- MSM after sigindex: sig[4] code=2 idx=4
19:57:27.163 [main] DEBUG org.rtklib.java.rtcm.Rtcm -- RTCM3 decoded message type=1042, length=70
19:57:27.163 [main] DEBUG org.rtklib.java.rtcm.Rtcm -- RTCM 1042 eph stored: sat=124 prn=19 week=1066 toe=61200.0 A=27906196.7
19:57:27.163 [main] DEBUG org.rtklib.java.rtcm.Rtcm -- RTCM3 decoded message type=1005, length=25
19:57:27.163 [main] DEBUG org.rtklib.java.rtcm.Rtcm -- RTCM3 decoded message type=1033, length=27
19:57:27.163 [main] DEBUG org.rtklib.java.rtcm.Rtcm -- RTCM3 decoded message type=1124, length=254
19:57:27.163 [main] DEBUG org.rtklib.java.rtcm.Rtcm -- MSM BDS TOW: raw=61354000, tow=61368.0
19:57:27.163 [main] DEBUG org.rtklib.java.rtcm.Rtcm -- MSM BDS after adjweek: time.time=1780851768, time.sec=0.0
19:57:27.163 [main] DEBUG org.rtklib.java.rtcm.Rtcm -- decode_msm_head: sys=32 staid=0 nsat=12 nsig=5 sync=0 iod=0 ncell=32
19:57:27.163 [main] DEBUG org.rtklib.java.rtcm.Rtcm -- MSM sig[0] sigid=2 sigstr=2I code=40 idx=0
19:57:27.163 [main] DEBUG org.rtklib.java.rtcm.Rtcm -- MSM sig[1] sigid=8 sigstr=6I code=42 idx=3
19:57:27.163 [main] DEBUG org.rtklib.java.rtcm.Rtcm -- MSM sig[2] sigid=14 sigstr=7I code=27 idx=1
19:57:27.163 [main] DEBUG org.rtklib.java.rtcm.Rtcm -- MSM sig[3] sigid=23 sigstr=5P code=58 idx=2
19:57:27.163 [main] DEBUG org.rtklib.java.rtcm.Rtcm -- MSM sig[4] sigid=31 sigstr=1P code=2 idx=4
19:57:27.163 [main] DEBUG org.rtklib.java.rtcm.Rtcm -- MSM after sigindex: sig[0] code=40 idx=0
19:57:27.163 [main] DEBUG org.rtklib.java.rtcm.Rtcm -- MSM after sigindex: sig[1] code=42 idx=3
19:57:27.163 [main] DEBUG org.rtklib.java.rtcm.Rtcm -- MSM after sigindex: sig[2] code=27 idx=1
19:57:27.163 [main] DEBUG org.rtklib.java.rtcm.Rtcm -- MSM after sigindex: sig[3] code=58 idx=2
19:57:27.163 [main] DEBUG org.rtklib.java.rtcm.Rtcm -- MSM after sigindex: sig[4] code=2 idx=4
19:57:27.163 [main] DEBUG org.rtklib.java.rtcm.Rtcm -- RTCM3 decoded message type=1042, length=70
19:57:27.164 [main] DEBUG org.rtklib.java.rtcm.Rtcm -- RTCM 1042 eph stored: sat=125 prn=20 week=1066 toe=61200.0 A=27906274.3
19:57:27.164 [main] DEBUG org.rtklib.java.rtcm.Rtcm -- RTCM3 decoded message type=1005, length=25
19:57:27.164 [main] DEBUG org.rtklib.java.rtcm.Rtcm -- RTCM3 decoded message type=1033, length=27
19:57:27.164 [main] DEBUG org.rtklib.java.rtcm.Rtcm -- RTCM3 decoded message type=1124, length=248
19:57:27.164 [main] DEBUG org.rtklib.java.rtcm.Rtcm -- MSM BDS TOW: raw=61369000, tow=61383.0
19:57:27.164 [main] DEBUG org.rtklib.java.rtcm.Rtcm -- MSM BDS after adjweek: time.time=1780851783, time.sec=0.0
19:57:27.164 [main] DEBUG org.rtklib.java.rtcm.Rtcm -- decode_msm_head: sys=32 staid=0 nsat=12 nsig=5 sync=1 iod=0 ncell=31
19:57:27.164 [main] DEBUG org.rtklib.java.rtcm.Rtcm -- MSM sig[0] sigid=2 sigstr=2I code=40 idx=0
19:57:27.164 [main] DEBUG org.rtklib.java.rtcm.Rtcm -- MSM sig[1] sigid=8 sigstr=6I code=42 idx=3
19:57:27.164 [main] DEBUG org.rtklib.java.rtcm.Rtcm -- MSM sig[2] sigid=14 sigstr=7I code=27 idx=1
19:57:27.164 [main] DEBUG org.rtklib.java.rtcm.Rtcm -- MSM sig[3] sigid=23 sigstr=5P code=58 idx=2
19:57:27.164 [main] DEBUG org.rtklib.java.rtcm.Rtcm -- MSM sig[4] sigid=31 sigstr=1P code=2 idx=4
19:57:27.164 [main] DEBUG org.rtklib.java.rtcm.Rtcm -- MSM after sigindex: sig[0] code=40 idx=0
19:57:27.164 [main] DEBUG org.rtklib.java.rtcm.Rtcm -- MSM after sigindex: sig[1] code=42 idx=3
19:57:27.164 [main] DEBUG org.rtklib.java.rtcm.Rtcm -- MSM after sigindex: sig[2] code=27 idx=1
19:57:27.164 [main] DEBUG org.rtklib.java.rtcm.Rtcm -- MSM after sigindex: sig[3] code=58 idx=2
19:57:27.164 [main] DEBUG org.rtklib.java.rtcm.Rtcm -- MSM after sigindex: sig[4] code=2 idx=4
19:57:27.164 [main] DEBUG org.rtklib.java.rtcm.Rtcm -- RTCM3 decoded message type=1124, length=48
19:57:27.164 [main] DEBUG org.rtklib.java.rtcm.Rtcm -- MSM BDS TOW: raw=61369000, tow=61383.0
19:57:27.164 [main] DEBUG org.rtklib.java.rtcm.Rtcm -- MSM BDS after adjweek: time.time=1780851783, time.sec=0.0
19:57:27.164 [main] DEBUG org.rtklib.java.rtcm.Rtcm -- decode_msm_head: sys=32 staid=0 nsat=1 nsig=3 sync=0 iod=0 ncell=3
19:57:27.164 [main] DEBUG org.rtklib.java.rtcm.Rtcm -- MSM sig[0] sigid=2 sigstr=2I code=40 idx=0
19:57:27.164 [main] DEBUG org.rtklib.java.rtcm.Rtcm -- MSM sig[1] sigid=8 sigstr=6I code=42 idx=3
19:57:27.164 [main] DEBUG org.rtklib.java.rtcm.Rtcm -- MSM sig[2] sigid=23 sigstr=5P code=58 idx=2
19:57:27.164 [main] DEBUG org.rtklib.java.rtcm.Rtcm -- MSM after sigindex: sig[0] code=40 idx=0
19:57:27.164 [main] DEBUG org.rtklib.java.rtcm.Rtcm -- MSM after sigindex: sig[1] code=42 idx=3
19:57:27.164 [main] DEBUG org.rtklib.java.rtcm.Rtcm -- MSM after sigindex: sig[2] code=58 idx=2
19:57:27.164 [main] DEBUG org.rtklib.java.rtcm.Rtcm -- RTCM3 decoded message type=1042, length=70
19:57:27.164 [main] DEBUG org.rtklib.java.rtcm.Rtcm -- RTCM 1042 eph stored: sat=127 prn=22 week=1066 toe=61200.0 A=27906228.7
19:57:27.165 [main] DEBUG org.rtklib.java.rtcm.Rtcm -- RTCM3 decoded message type=1005, length=25
19:57:27.165 [main] DEBUG org.rtklib.java.rtcm.Rtcm -- RTCM3 decoded message type=1033, length=27
19:57:27.165 [main] DEBUG org.rtklib.java.rtcm.Rtcm -- RTCM3 decoded message type=1124, length=254
19:57:27.165 [main] DEBUG org.rtklib.java.rtcm.Rtcm -- MSM BDS TOW: raw=61384000, tow=61398.0
19:57:27.165 [main] DEBUG org.rtklib.java.rtcm.Rtcm -- MSM BDS after adjweek: time.time=1780851798, time.sec=0.0
19:57:27.165 [main] DEBUG org.rtklib.java.rtcm.Rtcm -- decode_msm_head: sys=32 staid=0 nsat=12 nsig=5 sync=1 iod=0 ncell=32
19:57:27.165 [main] DEBUG org.rtklib.java.rtcm.Rtcm -- MSM sig[0] sigid=2 sigstr=2I code=40 idx=0
19:57:27.165 [main] DEBUG org.rtklib.java.rtcm.Rtcm -- MSM sig[1] sigid=8 sigstr=6I code=42 idx=3
19:57:27.165 [main] DEBUG org.rtklib.java.rtcm.Rtcm -- MSM sig[2] sigid=14 sigstr=7I code=27 idx=1
19:57:27.165 [main] DEBUG org.rtklib.java.rtcm.Rtcm -- MSM sig[3] sigid=23 sigstr=5P code=58 idx=2
19:57:27.165 [main] DEBUG org.rtklib.java.rtcm.Rtcm -- MSM sig[4] sigid=31 sigstr=1P code=2 idx=4
19:57:27.165 [main] DEBUG org.rtklib.java.rtcm.Rtcm -- MSM after sigindex: sig[0] code=40 idx=0
19:57:27.165 [main] DEBUG org.rtklib.java.rtcm.Rtcm -- MSM after sigindex: sig[1] code=42 idx=3
19:57:27.165 [main] DEBUG org.rtklib.java.rtcm.Rtcm -- MSM after sigindex: sig[2] code=27 idx=1
19:57:27.165 [main] DEBUG org.rtklib.java.rtcm.Rtcm -- MSM after sigindex: sig[3] code=58 idx=2
19:57:27.165 [main] DEBUG org.rtklib.java.rtcm.Rtcm -- MSM after sigindex: sig[4] code=2 idx=4
19:57:27.165 [main] DEBUG org.rtklib.java.rtcm.Rtcm -- RTCM3 decoded message type=1124, length=48
19:57:27.165 [main] DEBUG org.rtklib.java.rtcm.Rtcm -- MSM BDS TOW: raw=61384000, tow=61398.0
19:57:27.165 [main] DEBUG org.rtklib.java.rtcm.Rtcm -- MSM BDS after adjweek: time.time=1780851798, time.sec=0.0
19:57:27.165 [main] DEBUG org.rtklib.java.rtcm.Rtcm -- decode_msm_head: sys=32 staid=0 nsat=1 nsig=3 sync=0 iod=0 ncell=3
19:57:27.165 [main] DEBUG org.rtklib.java.rtcm.Rtcm -- MSM sig[0] sigid=2 sigstr=2I code=40 idx=0
19:57:27.165 [main] DEBUG org.rtklib.java.rtcm.Rtcm -- MSM sig[1] sigid=8 sigstr=6I code=42 idx=3
19:57:27.165 [main] DEBUG org.rtklib.java.rtcm.Rtcm -- MSM sig[2] sigid=23 sigstr=5P code=58 idx=2
19:57:27.165 [main] DEBUG org.rtklib.java.rtcm.Rtcm -- MSM after sigindex: sig[0] code=40 idx=0
19:57:27.165 [main] DEBUG org.rtklib.java.rtcm.Rtcm -- MSM after sigindex: sig[1] code=42 idx=3
19:57:27.165 [main] DEBUG org.rtklib.java.rtcm.Rtcm -- MSM after sigindex: sig[2] code=58 idx=2
19:57:27.165 [main] DEBUG org.rtklib.java.rtcm.Rtcm -- RTCM3 decoded message type=1042, length=70
19:57:27.165 [main] DEBUG org.rtklib.java.rtcm.Rtcm -- RTCM 1042 eph stored: sat=141 prn=36 week=1066 toe=61200.0 A=27906401.4
19:57:27.165 [main] DEBUG org.rtklib.java.rtcm.Rtcm -- RTCM3 decoded message type=1005, length=25
19:57:27.165 [main] DEBUG org.rtklib.java.rtcm.Rtcm -- RTCM3 decoded message type=1033, length=27
19:57:27.165 [main] DEBUG org.rtklib.java.rtcm.Rtcm -- RTCM3 decoded message type=1124, length=224
19:57:27.166 [main] DEBUG org.rtklib.java.rtcm.Rtcm -- MSM BDS TOW: raw=61399000, tow=61413.0
19:57:27.166 [main] DEBUG org.rtklib.java.rtcm.Rtcm -- MSM BDS after adjweek: time.time=1780851813, time.sec=0.0
19:57:27.166 [main] DEBUG org.rtklib.java.rtcm.Rtcm -- decode_msm_head: sys=32 staid=0 nsat=12 nsig=5 sync=1 iod=0 ncell=27
19:57:27.166 [main] DEBUG org.rtklib.java.rtcm.Rtcm -- MSM sig[0] sigid=2 sigstr=2I code=40 idx=0
19:57:27.166 [main] DEBUG org.rtklib.java.rtcm.Rtcm -- MSM sig[1] sigid=8 sigstr=6I code=42 idx=3
19:57:27.166 [main] DEBUG org.rtklib.java.rtcm.Rtcm -- MSM sig[2] sigid=14 sigstr=7I code=27 idx=1
19:57:27.166 [main] DEBUG org.rtklib.java.rtcm.Rtcm -- MSM sig[3] sigid=23 sigstr=5P code=58 idx=2
19:57:27.166 [main] DEBUG org.rtklib.java.rtcm.Rtcm -- MSM sig[4] sigid=31 sigstr=1P code=2 idx=4
19:57:27.166 [main] DEBUG org.rtklib.java.rtcm.Rtcm -- MSM after sigindex: sig[0] code=40 idx=0
19:57:27.166 [main] DEBUG org.rtklib.java.rtcm.Rtcm -- MSM after sigindex: sig[1] code=42 idx=3
19:57:27.166 [main] DEBUG org.rtklib.java.rtcm.Rtcm -- MSM after sigindex: sig[2] code=27 idx=1
19:57:27.166 [main] DEBUG org.rtklib.java.rtcm.Rtcm -- MSM after sigindex: sig[3] code=58 idx=2
19:57:27.166 [main] DEBUG org.rtklib.java.rtcm.Rtcm -- MSM after sigindex: sig[4] code=2 idx=4
19:57:27.166 [main] DEBUG org.rtklib.java.rtcm.Rtcm -- RTCM3 decoded message type=1124, length=75
19:57:27.166 [main] DEBUG org.rtklib.java.rtcm.Rtcm -- MSM BDS TOW: raw=61399000, tow=61413.0
19:57:27.166 [main] DEBUG org.rtklib.java.rtcm.Rtcm -- MSM BDS after adjweek: time.time=1780851813, time.sec=0.0
19:57:27.166 [main] DEBUG org.rtklib.java.rtcm.Rtcm -- decode_msm_head: sys=32 staid=0 nsat=2 nsig=4 sync=0 iod=0 ncell=7
19:57:27.166 [main] DEBUG org.rtklib.java.rtcm.Rtcm -- MSM sig[0] sigid=2 sigstr=2I code=40 idx=0
19:57:27.166 [main] DEBUG org.rtklib.java.rtcm.Rtcm -- MSM sig[1] sigid=8 sigstr=6I code=42 idx=3
19:57:27.166 [main] DEBUG org.rtklib.java.rtcm.Rtcm -- MSM sig[2] sigid=23 sigstr=5P code=58 idx=2
19:57:27.166 [main] DEBUG org.rtklib.java.rtcm.Rtcm -- MSM sig[3] sigid=31 sigstr=1P code=2 idx=4
19:57:27.166 [main] DEBUG org.rtklib.java.rtcm.Rtcm -- MSM after sigindex: sig[0] code=40 idx=0
19:57:27.166 [main] DEBUG org.rtklib.java.rtcm.Rtcm -- MSM after sigindex: sig[1] code=42 idx=3
19:57:27.166 [main] DEBUG org.rtklib.java.rtcm.Rtcm -- MSM after sigindex: sig[2] code=58 idx=2
19:57:27.166 [main] DEBUG org.rtklib.java.rtcm.Rtcm -- MSM after sigindex: sig[3] code=2 idx=4
19:57:27.166 [main] DEBUG org.rtklib.java.rtcm.Rtcm -- RTCM3 decoded message type=1042, length=70
19:57:27.166 [main] DEBUG org.rtklib.java.rtcm.Rtcm -- RTCM 1042 eph stored: sat=142 prn=37 week=1066 toe=54000.0 A=27906625.0
19:57:27.166 [main] DEBUG org.rtklib.java.rtcm.Rtcm -- RTCM3 decoded message type=1005, length=25
19:57:27.166 [main] DEBUG org.rtklib.java.rtcm.Rtcm -- RTCM3 decoded message type=1033, length=27
19:57:27.166 [main] DEBUG org.rtklib.java.rtcm.Rtcm -- RTCM3 decoded message type=1124, length=242
19:57:27.166 [main] DEBUG org.rtklib.java.rtcm.Rtcm -- MSM BDS TOW: raw=61414000, tow=61428.0
19:57:27.166 [main] DEBUG org.rtklib.java.rtcm.Rtcm -- MSM BDS after adjweek: time.time=1780851828, time.sec=0.0
19:57:27.166 [main] DEBUG org.rtklib.java.rtcm.Rtcm -- decode_msm_head: sys=32 staid=0 nsat=12 nsig=5 sync=1 iod=0 ncell=30
19:57:27.166 [main] DEBUG org.rtklib.java.rtcm.Rtcm -- MSM sig[0] sigid=2 sigstr=2I code=40 idx=0
19:57:27.166 [main] DEBUG org.rtklib.java.rtcm.Rtcm -- MSM sig[1] sigid=8 sigstr=6I code=42 idx=3
19:57:27.166 [main] DEBUG org.rtklib.java.rtcm.Rtcm -- MSM sig[2] sigid=14 sigstr=7I code=27 idx=1
19:57:27.166 [main] DEBUG org.rtklib.java.rtcm.Rtcm -- MSM sig[3] sigid=23 sigstr=5P code=58 idx=2
19:57:27.166 [main] DEBUG org.rtklib.java.rtcm.Rtcm -- MSM sig[4] sigid=31 sigstr=1P code=2 idx=4
19:57:27.166 [main] DEBUG org.rtklib.java.rtcm.Rtcm -- MSM after sigindex: sig[0] code=40 idx=0
19:57:27.166 [main] DEBUG org.rtklib.java.rtcm.Rtcm -- MSM after sigindex: sig[1] code=42 idx=3
19:57:27.166 [main] DEBUG org.rtklib.java.rtcm.Rtcm -- MSM after sigindex: sig[2] code=27 idx=1
19:57:27.167 [main] DEBUG org.rtklib.java.rtcm.Rtcm -- MSM after sigindex: sig[3] code=58 idx=2
19:57:27.167 [main] DEBUG org.rtklib.java.rtcm.Rtcm -- MSM after sigindex: sig[4] code=2 idx=4
19:57:27.167 [main] DEBUG org.rtklib.java.rtcm.Rtcm -- RTCM3 decoded message type=1124, length=48
19:57:27.167 [main] DEBUG org.rtklib.java.rtcm.Rtcm -- MSM BDS TOW: raw=61414000, tow=61428.0
19:57:27.167 [main] DEBUG org.rtklib.java.rtcm.Rtcm -- MSM BDS after adjweek: time.time=1780851828, time.sec=0.0
19:57:27.167 [main] DEBUG org.rtklib.java.rtcm.Rtcm -- decode_msm_head: sys=32 staid=0 nsat=1 nsig=3 sync=0 iod=0 ncell=3
19:57:27.167 [main] DEBUG org.rtklib.java.rtcm.Rtcm -- MSM sig[0] sigid=2 sigstr=2I code=40 idx=0
19:57:27.167 [main] DEBUG org.rtklib.java.rtcm.Rtcm -- MSM sig[1] sigid=8 sigstr=6I code=42 idx=3
19:57:27.167 [main] DEBUG org.rtklib.java.rtcm.Rtcm -- MSM sig[2] sigid=23 sigstr=5P code=58 idx=2
19:57:27.167 [main] DEBUG org.rtklib.java.rtcm.Rtcm -- MSM after sigindex: sig[0] code=40 idx=0
19:57:27.167 [main] DEBUG org.rtklib.java.rtcm.Rtcm -- MSM after sigindex: sig[1] code=42 idx=3
19:57:27.167 [main] DEBUG org.rtklib.java.rtcm.Rtcm -- MSM after sigindex: sig[2] code=58 idx=2
19:57:27.167 [main] DEBUG org.rtklib.java.rtcm.Rtcm -- RTCM3 decoded message type=1042, length=70
19:57:27.167 [main] DEBUG org.rtklib.java.rtcm.Rtcm -- RTCM 1042 eph stored: sat=144 prn=39 week=1066 toe=61200.0 A=27906542.7
19:57:27.169 [main] DEBUG org.rtklib.java.rtcm.Rtcm -- RTCM3 decoded message type=1005, length=25
19:57:27.169 [main] DEBUG org.rtklib.java.rtcm.Rtcm -- RTCM3 decoded message type=1033, length=27
19:57:27.169 [main] DEBUG org.rtklib.java.rtcm.Rtcm -- RTCM3 decoded message type=1124, length=242
19:57:27.169 [main] DEBUG org.rtklib.java.rtcm.Rtcm -- MSM BDS TOW: raw=61429000, tow=61443.0
19:57:27.169 [main] DEBUG org.rtklib.java.rtcm.Rtcm -- MSM BDS after adjweek: time.time=1780851843, time.sec=0.0
19:57:27.169 [main] DEBUG org.rtklib.java.rtcm.Rtcm -- decode_msm_head: sys=32 staid=0 nsat=12 nsig=5 sync=1 iod=0 ncell=30
19:57:27.169 [main] DEBUG org.rtklib.java.rtcm.Rtcm -- MSM sig[0] sigid=2 sigstr=2I code=40 idx=0
19:57:27.169 [main] DEBUG org.rtklib.java.rtcm.Rtcm -- MSM sig[1] sigid=8 sigstr=6I code=42 idx=3
19:57:27.169 [main] DEBUG org.rtklib.java.rtcm.Rtcm -- MSM sig[2] sigid=14 sigstr=7I code=27 idx=1
19:57:27.169 [main] DEBUG org.rtklib.java.rtcm.Rtcm -- MSM sig[3] sigid=23 sigstr=5P code=58 idx=2
19:57:27.169 [main] DEBUG org.rtklib.java.rtcm.Rtcm -- MSM sig[4] sigid=31 sigstr=1P code=2 idx=4
19:57:27.170 [main] DEBUG org.rtklib.java.rtcm.Rtcm -- MSM after sigindex: sig[0] code=40 idx=0
19:57:27.170 [main] DEBUG org.rtklib.java.rtcm.Rtcm -- MSM after sigindex: sig[1] code=42 idx=3
19:57:27.170 [main] DEBUG org.rtklib.java.rtcm.Rtcm -- MSM after sigindex: sig[2] code=27 idx=1
19:57:27.170 [main] DEBUG org.rtklib.java.rtcm.Rtcm -- MSM after sigindex: sig[3] code=58 idx=2
19:57:27.170 [main] DEBUG org.rtklib.java.rtcm.Rtcm -- MSM after sigindex: sig[4] code=2 idx=4
19:57:27.170 [main] DEBUG org.rtklib.java.rtcm.Rtcm -- RTCM3 decoded message type=1124, length=54
19:57:27.170 [main] DEBUG org.rtklib.java.rtcm.Rtcm -- MSM BDS TOW: raw=61429000, tow=61443.0
19:57:27.170 [main] DEBUG org.rtklib.java.rtcm.Rtcm -- MSM BDS after adjweek: time.time=1780851843, time.sec=0.0
19:57:27.170 [main] DEBUG org.rtklib.java.rtcm.Rtcm -- decode_msm_head: sys=32 staid=0 nsat=1 nsig=4 sync=0 iod=0 ncell=4
19:57:27.170 [main] DEBUG org.rtklib.java.rtcm.Rtcm -- MSM sig[0] sigid=2 sigstr=2I code=40 idx=0
19:57:27.170 [main] DEBUG org.rtklib.java.rtcm.Rtcm -- MSM sig[1] sigid=8 sigstr=6I code=42 idx=3
19:57:27.170 [main] DEBUG org.rtklib.java.rtcm.Rtcm -- MSM sig[2] sigid=23 sigstr=5P code=58 idx=2
19:57:27.170 [main] DEBUG org.rtklib.java.rtcm.Rtcm -- MSM sig[3] sigid=31 sigstr=1P code=2 idx=4
19:57:27.170 [main] DEBUG org.rtklib.java.rtcm.Rtcm -- MSM after sigindex: sig[0] code=40 idx=0
19:57:27.170 [main] DEBUG org.rtklib.java.rtcm.Rtcm -- MSM after sigindex: sig[1] code=42 idx=3
19:57:27.170 [main] DEBUG org.rtklib.java.rtcm.Rtcm -- MSM after sigindex: sig[2] code=58 idx=2
19:57:27.171 [main] DEBUG org.rtklib.java.rtcm.Rtcm -- MSM after sigindex: sig[3] code=2 idx=4
19:57:27.171 [main] DEBUG org.rtklib.java.rtcm.Rtcm -- RTCM3 decoded message type=1042, length=70
19:57:27.171 [main] DEBUG org.rtklib.java.rtcm.Rtcm -- RTCM3 decoded message type=1005, length=25
19:57:27.171 [main] DEBUG org.rtklib.java.rtcm.Rtcm -- RTCM3 decoded message type=1033, length=27
19:57:27.171 [main] DEBUG org.rtklib.java.rtcm.Rtcm -- RTCM3 decoded message type=1124, length=254
19:57:27.171 [main] DEBUG org.rtklib.java.rtcm.Rtcm -- MSM BDS TOW: raw=61444000, tow=61458.0
19:57:27.172 [main] DEBUG org.rtklib.java.rtcm.Rtcm -- MSM BDS after adjweek: time.time=1780851858, time.sec=0.0
19:57:27.172 [main] DEBUG org.rtklib.java.rtcm.Rtcm -- decode_msm_head: sys=32 staid=0 nsat=12 nsig=5 sync=1 iod=0 ncell=32
19:57:27.172 [main] DEBUG org.rtklib.java.rtcm.Rtcm -- MSM sig[0] sigid=2 sigstr=2I code=40 idx=0
19:57:27.172 [main] DEBUG org.rtklib.java.rtcm.Rtcm -- MSM sig[1] sigid=8 sigstr=6I code=42 idx=3
19:57:27.172 [main] DEBUG org.rtklib.java.rtcm.Rtcm -- MSM sig[2] sigid=14 sigstr=7I code=27 idx=1
19:57:27.172 [main] DEBUG org.rtklib.java.rtcm.Rtcm -- MSM sig[3] sigid=23 sigstr=5P code=58 idx=2
19:57:27.172 [main] DEBUG org.rtklib.java.rtcm.Rtcm -- MSM sig[4] sigid=31 sigstr=1P code=2 idx=4
19:57:27.172 [main] DEBUG org.rtklib.java.rtcm.Rtcm -- MSM after sigindex: sig[0] code=40 idx=0
19:57:27.172 [main] DEBUG org.rtklib.java.rtcm.Rtcm -- MSM after sigindex: sig[1] code=42 idx=3
19:57:27.172 [main] DEBUG org.rtklib.java.rtcm.Rtcm -- MSM after sigindex: sig[2] code=27 idx=1
19:57:27.172 [main] DEBUG org.rtklib.java.rtcm.Rtcm -- MSM after sigindex: sig[3] code=58 idx=2
19:57:27.172 [main] DEBUG org.rtklib.java.rtcm.Rtcm -- MSM after sigindex: sig[4] code=2 idx=4
19:57:27.172 [main] DEBUG org.rtklib.java.rtcm.Rtcm -- RTCM3 decoded message type=1124, length=48
19:57:27.172 [main] DEBUG org.rtklib.java.rtcm.Rtcm -- MSM BDS TOW: raw=61444000, tow=61458.0
19:57:27.172 [main] DEBUG org.rtklib.java.rtcm.Rtcm -- MSM BDS after adjweek: time.time=1780851858, time.sec=0.0
19:57:27.172 [main] DEBUG org.rtklib.java.rtcm.Rtcm -- decode_msm_head: sys=32 staid=0 nsat=1 nsig=3 sync=0 iod=0 ncell=3
19:57:27.172 [main] DEBUG org.rtklib.java.rtcm.Rtcm -- MSM sig[0] sigid=8 sigstr=6I code=42 idx=3
19:57:27.172 [main] DEBUG org.rtklib.java.rtcm.Rtcm -- MSM sig[1] sigid=23 sigstr=5P code=58 idx=2
19:57:27.172 [main] DEBUG org.rtklib.java.rtcm.Rtcm -- MSM sig[2] sigid=31 sigstr=1P code=2 idx=4
19:57:27.172 [main] DEBUG org.rtklib.java.rtcm.Rtcm -- MSM after sigindex: sig[0] code=42 idx=3
19:57:27.172 [main] DEBUG org.rtklib.java.rtcm.Rtcm -- MSM after sigindex: sig[1] code=58 idx=2
19:57:27.173 [main] DEBUG org.rtklib.java.rtcm.Rtcm -- MSM after sigindex: sig[2] code=2 idx=4
19:57:27.173 [main] DEBUG org.rtklib.java.rtcm.Rtcm -- RTCM3 decoded message type=1042, length=70
19:57:27.173 [main] DEBUG org.rtklib.java.rtcm.Rtcm -- RTCM3 decoded message type=1005, length=25
19:57:27.173 [main] DEBUG org.rtklib.java.rtcm.Rtcm -- RTCM3 decoded message type=1033, length=27
19:57:27.173 [main] DEBUG org.rtklib.java.rtcm.Rtcm -- RTCM3 decoded message type=1124, length=230
19:57:27.173 [main] DEBUG org.rtklib.java.rtcm.Rtcm -- MSM BDS TOW: raw=61459000, tow=61473.0
19:57:27.173 [main] DEBUG org.rtklib.java.rtcm.Rtcm -- MSM BDS after adjweek: time.time=1780851873, time.sec=0.0
19:57:27.173 [main] DEBUG org.rtklib.java.rtcm.Rtcm -- decode_msm_head: sys=32 staid=0 nsat=12 nsig=5 sync=1 iod=0 ncell=28
19:57:27.173 [main] DEBUG org.rtklib.java.rtcm.Rtcm -- MSM sig[0] sigid=2 sigstr=2I code=40 idx=0
19:57:27.173 [main] DEBUG org.rtklib.java.rtcm.Rtcm -- MSM sig[1] sigid=8 sigstr=6I code=42 idx=3
19:57:27.173 [main] DEBUG org.rtklib.java.rtcm.Rtcm -- MSM sig[2] sigid=14 sigstr=7I code=27 idx=1
19:57:27.174 [main] DEBUG org.rtklib.java.rtcm.Rtcm -- MSM sig[3] sigid=23 sigstr=5P code=58 idx=2
19:57:27.174 [main] DEBUG org.rtklib.java.rtcm.Rtcm -- MSM sig[4] sigid=31 sigstr=1P code=2 idx=4
19:57:27.174 [main] DEBUG org.rtklib.java.rtcm.Rtcm -- MSM after sigindex: sig[0] code=40 idx=0
19:57:27.174 [main] DEBUG org.rtklib.java.rtcm.Rtcm -- MSM after sigindex: sig[1] code=42 idx=3
19:57:27.174 [main] DEBUG org.rtklib.java.rtcm.Rtcm -- MSM after sigindex: sig[2] code=27 idx=1
19:57:27.174 [main] DEBUG org.rtklib.java.rtcm.Rtcm -- MSM after sigindex: sig[3] code=58 idx=2
19:57:27.174 [main] DEBUG org.rtklib.java.rtcm.Rtcm -- MSM after sigindex: sig[4] code=2 idx=4
19:57:27.174 [main] DEBUG org.rtklib.java.rtcm.Rtcm -- RTCM3 decoded message type=1124, length=81
19:57:27.174 [main] DEBUG org.rtklib.java.rtcm.Rtcm -- MSM BDS TOW: raw=61459000, tow=61473.0
19:57:27.174 [main] DEBUG org.rtklib.java.rtcm.Rtcm -- MSM BDS after adjweek: time.time=1780851873, time.sec=0.0
19:57:27.174 [main] DEBUG org.rtklib.java.rtcm.Rtcm -- decode_msm_head: sys=32 staid=0 nsat=2 nsig=4 sync=0 iod=0 ncell=8
19:57:27.174 [main] DEBUG org.rtklib.java.rtcm.Rtcm -- MSM sig[0] sigid=2 sigstr=2I code=40 idx=0
19:57:27.174 [main] DEBUG org.rtklib.java.rtcm.Rtcm -- MSM sig[1] sigid=8 sigstr=6I code=42 idx=3
19:57:27.174 [main] DEBUG org.rtklib.java.rtcm.Rtcm -- MSM sig[2] sigid=23 sigstr=5P code=58 idx=2
19:57:27.174 [main] DEBUG org.rtklib.java.rtcm.Rtcm -- MSM sig[3] sigid=31 sigstr=1P code=2 idx=4
19:57:27.174 [main] DEBUG org.rtklib.java.rtcm.Rtcm -- MSM after sigindex: sig[0] code=40 idx=0
19:57:27.174 [main] DEBUG org.rtklib.java.rtcm.Rtcm -- MSM after sigindex: sig[1] code=42 idx=3
19:57:27.174 [main] DEBUG org.rtklib.java.rtcm.Rtcm -- MSM after sigindex: sig[2] code=58 idx=2
19:57:27.174 [main] DEBUG org.rtklib.java.rtcm.Rtcm -- MSM after sigindex: sig[3] code=2 idx=4
19:57:27.174 [main] DEBUG org.rtklib.java.rtcm.Rtcm -- RTCM3 decoded message type=1042, length=70
19:57:27.175 [main] DEBUG org.rtklib.java.rtcm.Rtcm -- RTCM3 decoded message type=1005, length=25
19:57:27.175 [main] DEBUG org.rtklib.java.rtcm.Rtcm -- RTCM3 decoded message type=1033, length=27
19:57:27.175 [main] DEBUG org.rtklib.java.rtcm.Rtcm -- RTCM3 decoded message type=1124, length=224
19:57:27.175 [main] DEBUG org.rtklib.java.rtcm.Rtcm -- MSM BDS TOW: raw=61474000, tow=61488.0
19:57:27.175 [main] DEBUG org.rtklib.java.rtcm.Rtcm -- MSM BDS after adjweek: time.time=1780851888, time.sec=0.0
19:57:27.175 [main] DEBUG org.rtklib.java.rtcm.Rtcm -- decode_msm_head: sys=32 staid=0 nsat=12 nsig=5 sync=1 iod=0 ncell=27
19:57:27.175 [main] DEBUG org.rtklib.java.rtcm.Rtcm -- MSM sig[0] sigid=2 sigstr=2I code=40 idx=0
19:57:27.175 [main] DEBUG org.rtklib.java.rtcm.Rtcm -- MSM sig[1] sigid=8 sigstr=6I code=42 idx=3
19:57:27.175 [main] DEBUG org.rtklib.java.rtcm.Rtcm -- MSM sig[2] sigid=14 sigstr=7I code=27 idx=1
19:57:27.175 [main] DEBUG org.rtklib.java.rtcm.Rtcm -- MSM sig[3] sigid=23 sigstr=5P code=58 idx=2
19:57:27.175 [main] DEBUG org.rtklib.java.rtcm.Rtcm -- MSM sig[4] sigid=31 sigstr=1P code=2 idx=4
19:57:27.175 [main] DEBUG org.rtklib.java.rtcm.Rtcm -- MSM after sigindex: sig[0] code=40 idx=0
19:57:27.175 [main] DEBUG org.rtklib.java.rtcm.Rtcm -- MSM after sigindex: sig[1] code=42 idx=3
19:57:27.175 [main] DEBUG org.rtklib.java.rtcm.Rtcm -- MSM after sigindex: sig[2] code=27 idx=1
19:57:27.175 [main] DEBUG org.rtklib.java.rtcm.Rtcm -- MSM after sigindex: sig[3] code=58 idx=2
19:57:27.175 [main] DEBUG org.rtklib.java.rtcm.Rtcm -- MSM after sigindex: sig[4] code=2 idx=4
19:57:27.175 [main] DEBUG org.rtklib.java.rtcm.Rtcm -- RTCM3 decoded message type=1124, length=81
19:57:27.175 [main] DEBUG org.rtklib.java.rtcm.Rtcm -- MSM BDS TOW: raw=61474000, tow=61488.0
19:57:27.175 [main] DEBUG org.rtklib.java.rtcm.Rtcm -- MSM BDS after adjweek: time.time=1780851888, time.sec=0.0
19:57:27.175 [main] DEBUG org.rtklib.java.rtcm.Rtcm -- decode_msm_head: sys=32 staid=0 nsat=2 nsig=4 sync=0 iod=0 ncell=8
19:57:27.175 [main] DEBUG org.rtklib.java.rtcm.Rtcm -- MSM sig[0] sigid=2 sigstr=2I code=40 idx=0
19:57:27.175 [main] DEBUG org.rtklib.java.rtcm.Rtcm -- MSM sig[1] sigid=8 sigstr=6I code=42 idx=3
19:57:27.176 [main] DEBUG org.rtklib.java.rtcm.Rtcm -- MSM sig[2] sigid=23 sigstr=5P code=58 idx=2
19:57:27.176 [main] DEBUG org.rtklib.java.rtcm.Rtcm -- MSM sig[3] sigid=31 sigstr=1P code=2 idx=4
19:57:27.176 [main] DEBUG org.rtklib.java.rtcm.Rtcm -- MSM after sigindex: sig[0] code=40 idx=0
19:57:27.176 [main] DEBUG org.rtklib.java.rtcm.Rtcm -- MSM after sigindex: sig[1] code=42 idx=3
19:57:27.176 [main] DEBUG org.rtklib.java.rtcm.Rtcm -- MSM after sigindex: sig[2] code=58 idx=2
19:57:27.176 [main] DEBUG org.rtklib.java.rtcm.Rtcm -- MSM after sigindex: sig[3] code=2 idx=4
19:57:27.176 [main] DEBUG org.rtklib.java.rtcm.Rtcm -- RTCM3 decoded message type=1042, length=70
19:57:27.176 [main] DEBUG org.rtklib.java.rtcm.Rtcm -- RTCM 1042 eph stored: sat=111 prn=6 week=1066 toe=57600.0 A=42158421.4
19:57:27.176 [main] DEBUG org.rtklib.java.rtcm.Rtcm -- RTCM3 decoded message type=1005, length=25
19:57:27.176 [main] DEBUG org.rtklib.java.rtcm.Rtcm -- RTCM3 decoded message type=1033, length=27
19:57:27.176 [main] DEBUG org.rtklib.java.rtcm.Rtcm -- RTCM3 decoded message type=1124, length=230
19:57:27.176 [main] DEBUG org.rtklib.java.rtcm.Rtcm -- MSM BDS TOW: raw=61489000, tow=61503.0
19:57:27.176 [main] DEBUG org.rtklib.java.rtcm.Rtcm -- MSM BDS after adjweek: time.time=1780851903, time.sec=0.0
19:57:27.176 [main] DEBUG org.rtklib.java.rtcm.Rtcm -- decode_msm_head: sys=32 staid=0 nsat=12 nsig=5 sync=1 iod=0 ncell=28
19:57:27.176 [main] DEBUG org.rtklib.java.rtcm.Rtcm -- MSM sig[0] sigid=2 sigstr=2I code=40 idx=0
19:57:27.178 [main] DEBUG org.rtklib.java.rtcm.Rtcm -- MSM sig[1] sigid=8 sigstr=6I code=42 idx=3
19:57:27.178 [main] DEBUG org.rtklib.java.rtcm.Rtcm -- MSM sig[2] sigid=14 sigstr=7I code=27 idx=1
19:57:27.178 [main] DEBUG org.rtklib.java.rtcm.Rtcm -- MSM sig[3] sigid=23 sigstr=5P code=58 idx=2
19:57:27.178 [main] DEBUG org.rtklib.java.rtcm.Rtcm -- MSM sig[4] sigid=31 sigstr=1P code=2 idx=4
19:57:27.178 [main] DEBUG org.rtklib.java.rtcm.Rtcm -- MSM after sigindex: sig[0] code=40 idx=0
19:57:27.178 [main] DEBUG org.rtklib.java.rtcm.Rtcm -- MSM after sigindex: sig[1] code=42 idx=3
19:57:27.178 [main] DEBUG org.rtklib.java.rtcm.Rtcm -- MSM after sigindex: sig[2] code=27 idx=1
19:57:27.178 [main] DEBUG org.rtklib.java.rtcm.Rtcm -- MSM after sigindex: sig[3] code=58 idx=2
19:57:27.178 [main] DEBUG org.rtklib.java.rtcm.Rtcm -- MSM after sigindex: sig[4] code=2 idx=4
19:57:27.178 [main] DEBUG org.rtklib.java.rtcm.Rtcm -- RTCM3 decoded message type=1124, length=81
19:57:27.178 [main] DEBUG org.rtklib.java.rtcm.Rtcm -- MSM BDS TOW: raw=61489000, tow=61503.0
19:57:27.178 [main] DEBUG org.rtklib.java.rtcm.Rtcm -- MSM BDS after adjweek: time.time=1780851903, time.sec=0.0
19:57:27.178 [main] DEBUG org.rtklib.java.rtcm.Rtcm -- decode_msm_head: sys=32 staid=0 nsat=2 nsig=4 sync=0 iod=0 ncell=8
19:57:27.178 [main] DEBUG org.rtklib.java.rtcm.Rtcm -- MSM sig[0] sigid=2 sigstr=2I code=40 idx=0
19:57:27.178 [main] DEBUG org.rtklib.java.rtcm.Rtcm -- MSM sig[1] sigid=8 sigstr=6I code=42 idx=3
19:57:27.178 [main] DEBUG org.rtklib.java.rtcm.Rtcm -- MSM sig[2] sigid=23 sigstr=5P code=58 idx=2
19:57:27.178 [main] DEBUG org.rtklib.java.rtcm.Rtcm -- MSM sig[3] sigid=31 sigstr=1P code=2 idx=4
19:57:27.178 [main] DEBUG org.rtklib.java.rtcm.Rtcm -- MSM after sigindex: sig[0] code=40 idx=0
19:57:27.178 [main] DEBUG org.rtklib.java.rtcm.Rtcm -- MSM after sigindex: sig[1] code=42 idx=3
19:57:27.178 [main] DEBUG org.rtklib.java.rtcm.Rtcm -- MSM after sigindex: sig[2] code=58 idx=2
19:57:27.178 [main] DEBUG org.rtklib.java.rtcm.Rtcm -- MSM after sigindex: sig[3] code=2 idx=4
19:57:27.178 [main] DEBUG org.rtklib.java.rtcm.Rtcm -- RTCM3 decoded message type=1042, length=70
19:57:27.178 [main] DEBUG org.rtklib.java.rtcm.Rtcm -- RTCM3 decoded message type=1005, length=25
19:57:27.178 [main] DEBUG org.rtklib.java.rtcm.Rtcm -- RTCM3 decoded message type=1033, length=27
19:57:27.178 [main] DEBUG org.rtklib.java.rtcm.Rtcm -- RTCM3 decoded message type=1124, length=248
19:57:27.178 [main] DEBUG org.rtklib.java.rtcm.Rtcm -- MSM BDS TOW: raw=61504000, tow=61518.0
19:57:27.178 [main] DEBUG org.rtklib.java.rtcm.Rtcm -- MSM BDS after adjweek: time.time=1780851918, time.sec=0.0
19:57:27.178 [main] DEBUG org.rtklib.java.rtcm.Rtcm -- decode_msm_head: sys=32 staid=0 nsat=12 nsig=5 sync=1 iod=0 ncell=31
19:57:27.179 [main] DEBUG org.rtklib.java.rtcm.Rtcm -- MSM sig[0] sigid=2 sigstr=2I code=40 idx=0
19:57:27.179 [main] DEBUG org.rtklib.java.rtcm.Rtcm -- MSM sig[1] sigid=8 sigstr=6I code=42 idx=3
19:57:27.179 [main] DEBUG org.rtklib.java.rtcm.Rtcm -- MSM sig[2] sigid=14 sigstr=7I code=27 idx=1
19:57:27.179 [main] DEBUG org.rtklib.java.rtcm.Rtcm -- MSM sig[3] sigid=23 sigstr=5P code=58 idx=2
19:57:27.179 [main] DEBUG org.rtklib.java.rtcm.Rtcm -- MSM sig[4] sigid=31 sigstr=1P code=2 idx=4
19:57:27.179 [main] DEBUG org.rtklib.java.rtcm.Rtcm -- MSM after sigindex: sig[0] code=40 idx=0
19:57:27.179 [main] DEBUG org.rtklib.java.rtcm.Rtcm -- MSM after sigindex: sig[1] code=42 idx=3
19:57:27.179 [main] DEBUG org.rtklib.java.rtcm.Rtcm -- MSM after sigindex: sig[2] code=27 idx=1
19:57:27.179 [main] DEBUG org.rtklib.java.rtcm.Rtcm -- MSM after sigindex: sig[3] code=58 idx=2
19:57:27.179 [main] DEBUG org.rtklib.java.rtcm.Rtcm -- MSM after sigindex: sig[4] code=2 idx=4
19:57:27.179 [main] DEBUG org.rtklib.java.rtcm.Rtcm -- RTCM3 decoded message type=1124, length=54
19:57:27.179 [main] DEBUG org.rtklib.java.rtcm.Rtcm -- MSM BDS TOW: raw=61504000, tow=61518.0
19:57:27.179 [main] DEBUG org.rtklib.java.rtcm.Rtcm -- MSM BDS after adjweek: time.time=1780851918, time.sec=0.0
19:57:27.179 [main] DEBUG org.rtklib.java.rtcm.Rtcm -- decode_msm_head: sys=32 staid=0 nsat=1 nsig=4 sync=0 iod=0 ncell=4
19:57:27.179 [main] DEBUG org.rtklib.java.rtcm.Rtcm -- MSM sig[0] sigid=2 sigstr=2I code=40 idx=0
19:57:27.180 [main] DEBUG org.rtklib.java.rtcm.Rtcm -- MSM sig[1] sigid=8 sigstr=6I code=42 idx=3
19:57:27.180 [main] DEBUG org.rtklib.java.rtcm.Rtcm -- MSM sig[2] sigid=23 sigstr=5P code=58 idx=2
19:57:27.180 [main] DEBUG org.rtklib.java.rtcm.Rtcm -- MSM sig[3] sigid=31 sigstr=1P code=2 idx=4
19:57:27.180 [main] DEBUG org.rtklib.java.rtcm.Rtcm -- MSM after sigindex: sig[0] code=40 idx=0
19:57:27.180 [main] DEBUG org.rtklib.java.rtcm.Rtcm -- MSM after sigindex: sig[1] code=42 idx=3
19:57:27.180 [main] DEBUG org.rtklib.java.rtcm.Rtcm -- MSM after sigindex: sig[2] code=58 idx=2
19:57:27.180 [main] DEBUG org.rtklib.java.rtcm.Rtcm -- MSM after sigindex: sig[3] code=2 idx=4
19:57:27.180 [main] DEBUG org.rtklib.java.rtcm.Rtcm -- RTCM3 decoded message type=1042, length=70
19:57:27.180 [main] DEBUG org.rtklib.java.rtcm.Rtcm -- RTCM3 decoded message type=1005, length=25
19:57:27.180 [main] DEBUG org.rtklib.java.rtcm.Rtcm -- RTCM3 decoded message type=1033, length=27
19:57:27.180 [main] DEBUG org.rtklib.java.rtcm.Rtcm -- RTCM3 decoded message type=1124, length=248
19:57:27.180 [main] DEBUG org.rtklib.java.rtcm.Rtcm -- MSM BDS TOW: raw=61519000, tow=61533.0
19:57:27.180 [main] DEBUG org.rtklib.java.rtcm.Rtcm -- MSM BDS after adjweek: time.time=1780851933, time.sec=0.0
19:57:27.180 [main] DEBUG org.rtklib.java.rtcm.Rtcm -- decode_msm_head: sys=32 staid=0 nsat=12 nsig=5 sync=1 iod=0 ncell=31
19:57:27.180 [main] DEBUG org.rtklib.java.rtcm.Rtcm -- MSM sig[0] sigid=2 sigstr=2I code=40 idx=0
19:57:27.180 [main] DEBUG org.rtklib.java.rtcm.Rtcm -- MSM sig[1] sigid=8 sigstr=6I code=42 idx=3
19:57:27.180 [main] DEBUG org.rtklib.java.rtcm.Rtcm -- MSM sig[2] sigid=14 sigstr=7I code=27 idx=1
19:57:27.180 [main] DEBUG org.rtklib.java.rtcm.Rtcm -- MSM sig[3] sigid=23 sigstr=5P code=58 idx=2
19:57:27.180 [main] DEBUG org.rtklib.java.rtcm.Rtcm -- MSM sig[4] sigid=31 sigstr=1P code=2 idx=4
19:57:27.180 [main] DEBUG org.rtklib.java.rtcm.Rtcm -- MSM after sigindex: sig[0] code=40 idx=0
19:57:27.180 [main] DEBUG org.rtklib.java.rtcm.Rtcm -- MSM after sigindex: sig[1] code=42 idx=3
19:57:27.180 [main] DEBUG org.rtklib.java.rtcm.Rtcm -- MSM after sigindex: sig[2] code=27 idx=1
19:57:27.180 [main] DEBUG org.rtklib.java.rtcm.Rtcm -- MSM after sigindex: sig[3] code=58 idx=2
19:57:27.180 [main] DEBUG org.rtklib.java.rtcm.Rtcm -- MSM after sigindex: sig[4] code=2 idx=4
19:57:27.180 [main] DEBUG org.rtklib.java.rtcm.Rtcm -- RTCM3 decoded message type=1124, length=54
19:57:27.180 [main] DEBUG org.rtklib.java.rtcm.Rtcm -- MSM BDS TOW: raw=61519000, tow=61533.0
19:57:27.180 [main] DEBUG org.rtklib.java.rtcm.Rtcm -- MSM BDS after adjweek: time.time=1780851933, time.sec=0.0
19:57:27.180 [main] DEBUG org.rtklib.java.rtcm.Rtcm -- decode_msm_head: sys=32 staid=0 nsat=1 nsig=4 sync=0 iod=0 ncell=4
19:57:27.180 [main] DEBUG org.rtklib.java.rtcm.Rtcm -- MSM sig[0] sigid=2 sigstr=2I code=40 idx=0
19:57:27.180 [main] DEBUG org.rtklib.java.rtcm.Rtcm -- MSM sig[1] sigid=8 sigstr=6I code=42 idx=3
19:57:27.180 [main] DEBUG org.rtklib.java.rtcm.Rtcm -- MSM sig[2] sigid=23 sigstr=5P code=58 idx=2
19:57:27.180 [main] DEBUG org.rtklib.java.rtcm.Rtcm -- MSM sig[3] sigid=31 sigstr=1P code=2 idx=4
19:57:27.180 [main] DEBUG org.rtklib.java.rtcm.Rtcm -- MSM after sigindex: sig[0] code=40 idx=0
19:57:27.180 [main] DEBUG org.rtklib.java.rtcm.Rtcm -- MSM after sigindex: sig[1] code=42 idx=3
19:57:27.180 [main] DEBUG org.rtklib.java.rtcm.Rtcm -- MSM after sigindex: sig[2] code=58 idx=2
19:57:27.180 [main] DEBUG org.rtklib.java.rtcm.Rtcm -- MSM after sigindex: sig[3] code=2 idx=4
19:57:27.181 [main] DEBUG org.rtklib.java.rtcm.Rtcm -- RTCM3 decoded message type=1042, length=70
19:57:27.181 [main] DEBUG org.rtklib.java.rtcm.Rtcm -- RTCM3 decoded message type=1005, length=25
19:57:27.181 [main] DEBUG org.rtklib.java.rtcm.Rtcm -- RTCM3 decoded message type=1033, length=27
19:57:27.181 [main] DEBUG org.rtklib.java.rtcm.Rtcm -- RTCM3 decoded message type=1124, length=254
19:57:27.181 [main] DEBUG org.rtklib.java.rtcm.Rtcm -- MSM BDS TOW: raw=61534000, tow=61548.0
19:57:27.181 [main] DEBUG org.rtklib.java.rtcm.Rtcm -- MSM BDS after adjweek: time.time=1780851948, time.sec=0.0
19:57:27.181 [main] DEBUG org.rtklib.java.rtcm.Rtcm -- decode_msm_head: sys=32 staid=0 nsat=12 nsig=5 sync=1 iod=0 ncell=32
19:57:27.181 [main] DEBUG org.rtklib.java.rtcm.Rtcm -- MSM sig[0] sigid=2 sigstr=2I code=40 idx=0
19:57:27.181 [main] DEBUG org.rtklib.java.rtcm.Rtcm -- MSM sig[1] sigid=8 sigstr=6I code=42 idx=3
19:57:27.181 [main] DEBUG org.rtklib.java.rtcm.Rtcm -- MSM sig[2] sigid=14 sigstr=7I code=27 idx=1
19:57:27.181 [main] DEBUG org.rtklib.java.rtcm.Rtcm -- MSM sig[3] sigid=23 sigstr=5P code=58 idx=2
19:57:27.181 [main] DEBUG org.rtklib.java.rtcm.Rtcm -- MSM sig[4] sigid=31 sigstr=1P code=2 idx=4
19:57:27.181 [main] DEBUG org.rtklib.java.rtcm.Rtcm -- MSM after sigindex: sig[0] code=40 idx=0
19:57:27.181 [main] DEBUG org.rtklib.java.rtcm.Rtcm -- MSM after sigindex: sig[1] code=42 idx=3
19:57:27.181 [main] DEBUG org.rtklib.java.rtcm.Rtcm -- MSM after sigindex: sig[2] code=27 idx=1
19:57:27.181 [main] DEBUG org.rtklib.java.rtcm.Rtcm -- MSM after sigindex: sig[3] code=58 idx=2
19:57:27.181 [main] DEBUG org.rtklib.java.rtcm.Rtcm -- MSM after sigindex: sig[4] code=2 idx=4
19:57:27.181 [main] DEBUG org.rtklib.java.rtcm.Rtcm -- RTCM3 decoded message type=1124, length=54
19:57:27.181 [main] DEBUG org.rtklib.java.rtcm.Rtcm -- MSM BDS TOW: raw=61534000, tow=61548.0
19:57:27.181 [main] DEBUG org.rtklib.java.rtcm.Rtcm -- MSM BDS after adjweek: time.time=1780851948, time.sec=0.0
19:57:27.181 [main] DEBUG org.rtklib.java.rtcm.Rtcm -- decode_msm_head: sys=32 staid=0 nsat=1 nsig=4 sync=0 iod=0 ncell=4
19:57:27.181 [main] DEBUG org.rtklib.java.rtcm.Rtcm -- MSM sig[0] sigid=2 sigstr=2I code=40 idx=0
19:57:27.181 [main] DEBUG org.rtklib.java.rtcm.Rtcm -- MSM sig[1] sigid=8 sigstr=6I code=42 idx=3
19:57:27.181 [main] DEBUG org.rtklib.java.rtcm.Rtcm -- MSM sig[2] sigid=23 sigstr=5P code=58 idx=2
19:57:27.181 [main] DEBUG org.rtklib.java.rtcm.Rtcm -- MSM sig[3] sigid=31 sigstr=1P code=2 idx=4
19:57:27.181 [main] DEBUG org.rtklib.java.rtcm.Rtcm -- MSM after sigindex: sig[0] code=40 idx=0
19:57:27.181 [main] DEBUG org.rtklib.java.rtcm.Rtcm -- MSM after sigindex: sig[1] code=42 idx=3
19:57:27.181 [main] DEBUG org.rtklib.java.rtcm.Rtcm -- MSM after sigindex: sig[2] code=58 idx=2
19:57:27.181 [main] DEBUG org.rtklib.java.rtcm.Rtcm -- MSM after sigindex: sig[3] code=2 idx=4
19:57:27.181 [main] DEBUG org.rtklib.java.rtcm.Rtcm -- RTCM3 decoded message type=1042, length=70
19:57:27.181 [main] DEBUG org.rtklib.java.rtcm.Rtcm -- RTCM3 decoded message type=1005, length=25
19:57:27.181 [main] DEBUG org.rtklib.java.rtcm.Rtcm -- RTCM3 decoded message type=1033, length=27
19:57:27.181 [main] DEBUG org.rtklib.java.rtcm.Rtcm -- RTCM3 decoded message type=1124, length=254
19:57:27.181 [main] DEBUG org.rtklib.java.rtcm.Rtcm -- MSM BDS TOW: raw=61549000, tow=61563.0
19:57:27.181 [main] DEBUG org.rtklib.java.rtcm.Rtcm -- MSM BDS after adjweek: time.time=1780851963, time.sec=0.0
19:57:27.181 [main] DEBUG org.rtklib.java.rtcm.Rtcm -- decode_msm_head: sys=32 staid=0 nsat=12 nsig=5 sync=1 iod=0 ncell=32
19:57:27.181 [main] DEBUG org.rtklib.java.rtcm.Rtcm -- MSM sig[0] sigid=2 sigstr=2I code=40 idx=0
19:57:27.181 [main] DEBUG org.rtklib.java.rtcm.Rtcm -- MSM sig[1] sigid=8 sigstr=6I code=42 idx=3
19:57:27.181 [main] DEBUG org.rtklib.java.rtcm.Rtcm -- MSM sig[2] sigid=14 sigstr=7I code=27 idx=1
19:57:27.181 [main] DEBUG org.rtklib.java.rtcm.Rtcm -- MSM sig[3] sigid=23 sigstr=5P code=58 idx=2
19:57:27.181 [main] DEBUG org.rtklib.java.rtcm.Rtcm -- MSM sig[4] sigid=31 sigstr=1P code=2 idx=4
19:57:27.181 [main] DEBUG org.rtklib.java.rtcm.Rtcm -- MSM after sigindex: sig[0] code=40 idx=0
19:57:27.181 [main] DEBUG org.rtklib.java.rtcm.Rtcm -- MSM after sigindex: sig[1] code=42 idx=3
19:57:27.181 [main] DEBUG org.rtklib.java.rtcm.Rtcm -- MSM after sigindex: sig[2] code=27 idx=1
19:57:27.181 [main] DEBUG org.rtklib.java.rtcm.Rtcm -- MSM after sigindex: sig[3] code=58 idx=2
19:57:27.181 [main] DEBUG org.rtklib.java.rtcm.Rtcm -- MSM after sigindex: sig[4] code=2 idx=4
19:57:27.182 [main] DEBUG org.rtklib.java.rtcm.Rtcm -- RTCM3 decoded message type=1124, length=54
19:57:27.182 [main] DEBUG org.rtklib.java.rtcm.Rtcm -- MSM BDS TOW: raw=61549000, tow=61563.0
19:57:27.182 [main] DEBUG org.rtklib.java.rtcm.Rtcm -- MSM BDS after adjweek: time.time=1780851963, time.sec=0.0
19:57:27.182 [main] DEBUG org.rtklib.java.rtcm.Rtcm -- decode_msm_head: sys=32 staid=0 nsat=1 nsig=4 sync=0 iod=0 ncell=4
19:57:27.182 [main] DEBUG org.rtklib.java.rtcm.Rtcm -- MSM sig[0] sigid=2 sigstr=2I code=40 idx=0
19:57:27.182 [main] DEBUG org.rtklib.java.rtcm.Rtcm -- MSM sig[1] sigid=8 sigstr=6I code=42 idx=3
19:57:27.182 [main] DEBUG org.rtklib.java.rtcm.Rtcm -- MSM sig[2] sigid=23 sigstr=5P code=58 idx=2
19:57:27.182 [main] DEBUG org.rtklib.java.rtcm.Rtcm -- MSM sig[3] sigid=31 sigstr=1P code=2 idx=4
19:57:27.182 [main] DEBUG org.rtklib.java.rtcm.Rtcm -- MSM after sigindex: sig[0] code=40 idx=0
19:57:27.182 [main] DEBUG org.rtklib.java.rtcm.Rtcm -- MSM after sigindex: sig[1] code=42 idx=3
19:57:27.182 [main] DEBUG org.rtklib.java.rtcm.Rtcm -- MSM after sigindex: sig[2] code=58 idx=2
19:57:27.182 [main] DEBUG org.rtklib.java.rtcm.Rtcm -- MSM after sigindex: sig[3] code=2 idx=4
19:57:27.182 [main] DEBUG org.rtklib.java.rtcm.Rtcm -- RTCM3 decoded message type=1042, length=70
19:57:27.182 [main] DEBUG org.rtklib.java.rtcm.Rtcm -- RTCM3 decoded message type=1005, length=25
19:57:27.182 [main] DEBUG org.rtklib.java.rtcm.Rtcm -- RTCM3 decoded message type=1033, length=27
19:57:27.182 [main] DEBUG org.rtklib.java.rtcm.Rtcm -- RTCM3 decoded message type=1124, length=248
19:57:27.182 [main] DEBUG org.rtklib.java.rtcm.Rtcm -- MSM BDS TOW: raw=61564000, tow=61578.0
19:57:27.182 [main] DEBUG org.rtklib.java.rtcm.Rtcm -- MSM BDS after adjweek: time.time=1780851978, time.sec=0.0
19:57:27.182 [main] DEBUG org.rtklib.java.rtcm.Rtcm -- decode_msm_head: sys=32 staid=0 nsat=12 nsig=5 sync=1 iod=0 ncell=31
19:57:27.182 [main] DEBUG org.rtklib.java.rtcm.Rtcm -- MSM sig[0] sigid=2 sigstr=2I code=40 idx=0
19:57:27.182 [main] DEBUG org.rtklib.java.rtcm.Rtcm -- MSM sig[1] sigid=8 sigstr=6I code=42 idx=3
19:57:27.182 [main] DEBUG org.rtklib.java.rtcm.Rtcm -- MSM sig[2] sigid=14 sigstr=7I code=27 idx=1
19:57:27.182 [main] DEBUG org.rtklib.java.rtcm.Rtcm -- MSM sig[3] sigid=23 sigstr=5P code=58 idx=2
19:57:27.182 [main] DEBUG org.rtklib.java.rtcm.Rtcm -- MSM sig[4] sigid=31 sigstr=1P code=2 idx=4
19:57:27.182 [main] DEBUG org.rtklib.java.rtcm.Rtcm -- MSM after sigindex: sig[0] code=40 idx=0
19:57:27.182 [main] DEBUG org.rtklib.java.rtcm.Rtcm -- MSM after sigindex: sig[1] code=42 idx=3
19:57:27.182 [main] DEBUG org.rtklib.java.rtcm.Rtcm -- MSM after sigindex: sig[2] code=27 idx=1
19:57:27.182 [main] DEBUG org.rtklib.java.rtcm.Rtcm -- MSM after sigindex: sig[3] code=58 idx=2
19:57:27.182 [main] DEBUG org.rtklib.java.rtcm.Rtcm -- MSM after sigindex: sig[4] code=2 idx=4
19:57:27.182 [main] DEBUG org.rtklib.java.rtcm.Rtcm -- RTCM3 decoded message type=1124, length=48
19:57:27.182 [main] DEBUG org.rtklib.java.rtcm.Rtcm -- MSM BDS TOW: raw=61564000, tow=61578.0
19:57:27.182 [main] DEBUG org.rtklib.java.rtcm.Rtcm -- MSM BDS after adjweek: time.time=1780851978, time.sec=0.0
19:57:27.182 [main] DEBUG org.rtklib.java.rtcm.Rtcm -- decode_msm_head: sys=32 staid=0 nsat=1 nsig=3 sync=0 iod=0 ncell=3
19:57:27.182 [main] DEBUG org.rtklib.java.rtcm.Rtcm -- MSM sig[0] sigid=8 sigstr=6I code=42 idx=3
19:57:27.182 [main] DEBUG org.rtklib.java.rtcm.Rtcm -- MSM sig[1] sigid=23 sigstr=5P code=58 idx=2
19:57:27.182 [main] DEBUG org.rtklib.java.rtcm.Rtcm -- MSM sig[2] sigid=31 sigstr=1P code=2 idx=4
19:57:27.182 [main] DEBUG org.rtklib.java.rtcm.Rtcm -- MSM after sigindex: sig[0] code=42 idx=3
19:57:27.183 [main] DEBUG org.rtklib.java.rtcm.Rtcm -- MSM after sigindex: sig[1] code=58 idx=2
19:57:27.183 [main] DEBUG org.rtklib.java.rtcm.Rtcm -- MSM after sigindex: sig[2] code=2 idx=4
19:57:27.183 [main] DEBUG org.rtklib.java.rtcm.Rtcm -- RTCM3 decoded message type=1042, length=70
19:57:27.183 [main] DEBUG org.rtklib.java.rtcm.Rtcm -- RTCM3 decoded message type=1005, length=25
19:57:27.184 [main] DEBUG org.rtklib.java.rtcm.Rtcm -- RTCM3 decoded message type=1033, length=27
19:57:27.184 [main] DEBUG org.rtklib.java.rtcm.Rtcm -- RTCM3 decoded message type=1124, length=248
19:57:27.184 [main] DEBUG org.rtklib.java.rtcm.Rtcm -- MSM BDS TOW: raw=61579000, tow=61593.0
19:57:27.184 [main] DEBUG org.rtklib.java.rtcm.Rtcm -- MSM BDS after adjweek: time.time=1780851993, time.sec=0.0
19:57:27.184 [main] DEBUG org.rtklib.java.rtcm.Rtcm -- decode_msm_head: sys=32 staid=0 nsat=12 nsig=5 sync=1 iod=0 ncell=31
19:57:27.184 [main] DEBUG org.rtklib.java.rtcm.Rtcm -- MSM sig[0] sigid=2 sigstr=2I code=40 idx=0
19:57:27.184 [main] DEBUG org.rtklib.java.rtcm.Rtcm -- MSM sig[1] sigid=8 sigstr=6I code=42 idx=3
19:57:27.184 [main] DEBUG org.rtklib.java.rtcm.Rtcm -- MSM sig[2] sigid=14 sigstr=7I code=27 idx=1
19:57:27.184 [main] DEBUG org.rtklib.java.rtcm.Rtcm -- MSM sig[3] sigid=23 sigstr=5P code=58 idx=2
19:57:27.184 [main] DEBUG org.rtklib.java.rtcm.Rtcm -- MSM sig[4] sigid=31 sigstr=1P code=2 idx=4
19:57:27.184 [main] DEBUG org.rtklib.java.rtcm.Rtcm -- MSM after sigindex: sig[0] code=40 idx=0
19:57:27.184 [main] DEBUG org.rtklib.java.rtcm.Rtcm -- MSM after sigindex: sig[1] code=42 idx=3
19:57:27.184 [main] DEBUG org.rtklib.java.rtcm.Rtcm -- MSM after sigindex: sig[2] code=27 idx=1
19:57:27.184 [main] DEBUG org.rtklib.java.rtcm.Rtcm -- MSM after sigindex: sig[3] code=58 idx=2
19:57:27.184 [main] DEBUG org.rtklib.java.rtcm.Rtcm -- MSM after sigindex: sig[4] code=2 idx=4
19:57:27.184 [main] DEBUG org.rtklib.java.rtcm.Rtcm -- RTCM3 decoded message type=1124, length=48
19:57:27.184 [main] DEBUG org.rtklib.java.rtcm.Rtcm -- MSM BDS TOW: raw=61579000, tow=61593.0
19:57:27.184 [main] DEBUG org.rtklib.java.rtcm.Rtcm -- MSM BDS after adjweek: time.time=1780851993, time.sec=0.0
19:57:27.184 [main] DEBUG org.rtklib.java.rtcm.Rtcm -- decode_msm_head: sys=32 staid=0 nsat=1 nsig=3 sync=0 iod=0 ncell=3
19:57:27.184 [main] DEBUG org.rtklib.java.rtcm.Rtcm -- MSM sig[0] sigid=8 sigstr=6I code=42 idx=3
19:57:27.184 [main] DEBUG org.rtklib.java.rtcm.Rtcm -- MSM sig[1] sigid=23 sigstr=5P code=58 idx=2
19:57:27.184 [main] DEBUG org.rtklib.java.rtcm.Rtcm -- MSM sig[2] sigid=31 sigstr=1P code=2 idx=4
19:57:27.184 [main] DEBUG org.rtklib.java.rtcm.Rtcm -- MSM after sigindex: sig[0] code=42 idx=3
19:57:27.184 [main] DEBUG org.rtklib.java.rtcm.Rtcm -- MSM after sigindex: sig[1] code=58 idx=2
19:57:27.184 [main] DEBUG org.rtklib.java.rtcm.Rtcm -- MSM after sigindex: sig[2] code=2 idx=4
19:57:27.184 [main] DEBUG org.rtklib.java.rtcm.Rtcm -- RTCM3 decoded message type=1042, length=70
19:57:27.184 [main] DEBUG org.rtklib.java.rtcm.Rtcm -- RTCM3 decoded message type=1005, length=25
19:57:27.186 [main] DEBUG org.rtklib.java.rtcm.Rtcm -- RTCM3 decoded message type=1033, length=27
19:57:27.186 [main] DEBUG org.rtklib.java.rtcm.Rtcm -- RTCM3 decoded message type=1124, length=254
19:57:27.186 [main] DEBUG org.rtklib.java.rtcm.Rtcm -- MSM BDS TOW: raw=61594000, tow=61608.0
19:57:27.186 [main] DEBUG org.rtklib.java.rtcm.Rtcm -- MSM BDS after adjweek: time.time=1780852008, time.sec=0.0
19:57:27.186 [main] DEBUG org.rtklib.java.rtcm.Rtcm -- decode_msm_head: sys=32 staid=0 nsat=12 nsig=5 sync=1 iod=0 ncell=32
19:57:27.186 [main] DEBUG org.rtklib.java.rtcm.Rtcm -- MSM sig[0] sigid=2 sigstr=2I code=40 idx=0
19:57:27.186 [main] DEBUG org.rtklib.java.rtcm.Rtcm -- MSM sig[1] sigid=8 sigstr=6I code=42 idx=3
19:57:27.186 [main] DEBUG org.rtklib.java.rtcm.Rtcm -- MSM sig[2] sigid=14 sigstr=7I code=27 idx=1
19:57:27.186 [main] DEBUG org.rtklib.java.rtcm.Rtcm -- MSM sig[3] sigid=23 sigstr=5P code=58 idx=2
19:57:27.186 [main] DEBUG org.rtklib.java.rtcm.Rtcm -- MSM sig[4] sigid=31 sigstr=1P code=2 idx=4
19:57:27.186 [main] DEBUG org.rtklib.java.rtcm.Rtcm -- MSM after sigindex: sig[0] code=40 idx=0
19:57:27.186 [main] DEBUG org.rtklib.java.rtcm.Rtcm -- MSM after sigindex: sig[1] code=42 idx=3
19:57:27.186 [main] DEBUG org.rtklib.java.rtcm.Rtcm -- MSM after sigindex: sig[2] code=27 idx=1
19:57:27.186 [main] DEBUG org.rtklib.java.rtcm.Rtcm -- MSM after sigindex: sig[3] code=58 idx=2
19:57:27.186 [main] DEBUG org.rtklib.java.rtcm.Rtcm -- MSM after sigindex: sig[4] code=2 idx=4
19:57:27.186 [main] DEBUG org.rtklib.java.rtcm.Rtcm -- RTCM3 decoded message type=1124, length=48
19:57:27.186 [main] DEBUG org.rtklib.java.rtcm.Rtcm -- MSM BDS TOW: raw=61594000, tow=61608.0
19:57:27.186 [main] DEBUG org.rtklib.java.rtcm.Rtcm -- MSM BDS after adjweek: time.time=1780852008, time.sec=0.0
19:57:27.186 [main] DEBUG org.rtklib.java.rtcm.Rtcm -- decode_msm_head: sys=32 staid=0 nsat=1 nsig=3 sync=0 iod=0 ncell=3
19:57:27.186 [main] DEBUG org.rtklib.java.rtcm.Rtcm -- MSM sig[0] sigid=8 sigstr=6I code=42 idx=3
19:57:27.186 [main] DEBUG org.rtklib.java.rtcm.Rtcm -- MSM sig[1] sigid=23 sigstr=5P code=58 idx=2
19:57:27.186 [main] DEBUG org.rtklib.java.rtcm.Rtcm -- MSM sig[2] sigid=31 sigstr=1P code=2 idx=4
19:57:27.186 [main] DEBUG org.rtklib.java.rtcm.Rtcm -- MSM after sigindex: sig[0] code=42 idx=3
19:57:27.186 [main] DEBUG org.rtklib.java.rtcm.Rtcm -- MSM after sigindex: sig[1] code=58 idx=2
19:57:27.186 [main] DEBUG org.rtklib.java.rtcm.Rtcm -- MSM after sigindex: sig[2] code=2 idx=4
19:57:27.186 [main] DEBUG org.rtklib.java.rtcm.Rtcm -- RTCM3 decoded message type=1042, length=70
19:57:27.186 [main] DEBUG org.rtklib.java.rtcm.Rtcm -- RTCM3 decoded message type=1005, length=25
19:57:27.186 [main] DEBUG org.rtklib.java.rtcm.Rtcm -- RTCM3 decoded message type=1033, length=27
19:57:27.186 [main] DEBUG org.rtklib.java.rtcm.Rtcm -- RTCM3 decoded message type=1124, length=260
19:57:27.186 [main] DEBUG org.rtklib.java.rtcm.Rtcm -- MSM BDS TOW: raw=61609000, tow=61623.0
19:57:27.186 [main] DEBUG org.rtklib.java.rtcm.Rtcm -- MSM BDS after adjweek: time.time=1780852023, time.sec=0.0
19:57:27.186 [main] DEBUG org.rtklib.java.rtcm.Rtcm -- decode_msm_head: sys=32 staid=0 nsat=12 nsig=5 sync=1 iod=0 ncell=33
19:57:27.186 [main] DEBUG org.rtklib.java.rtcm.Rtcm -- MSM sig[0] sigid=2 sigstr=2I code=40 idx=0
19:57:27.186 [main] DEBUG org.rtklib.java.rtcm.Rtcm -- MSM sig[1] sigid=8 sigstr=6I code=42 idx=3
19:57:27.186 [main] DEBUG org.rtklib.java.rtcm.Rtcm -- MSM sig[2] sigid=14 sigstr=7I code=27 idx=1
19:57:27.186 [main] DEBUG org.rtklib.java.rtcm.Rtcm -- MSM sig[3] sigid=23 sigstr=5P code=58 idx=2
19:57:27.186 [main] DEBUG org.rtklib.java.rtcm.Rtcm -- MSM sig[4] sigid=31 sigstr=1P code=2 idx=4
19:57:27.186 [main] DEBUG org.rtklib.java.rtcm.Rtcm -- MSM after sigindex: sig[0] code=40 idx=0
19:57:27.186 [main] DEBUG org.rtklib.java.rtcm.Rtcm -- MSM after sigindex: sig[1] code=42 idx=3
19:57:27.186 [main] DEBUG org.rtklib.java.rtcm.Rtcm -- MSM after sigindex: sig[2] code=27 idx=1
19:57:27.186 [main] DEBUG org.rtklib.java.rtcm.Rtcm -- MSM after sigindex: sig[3] code=58 idx=2
19:57:27.186 [main] DEBUG org.rtklib.java.rtcm.Rtcm -- MSM after sigindex: sig[4] code=2 idx=4
19:57:27.187 [main] DEBUG org.rtklib.java.rtcm.Rtcm -- RTCM3 decoded message type=1124, length=54
19:57:27.187 [main] DEBUG org.rtklib.java.rtcm.Rtcm -- MSM BDS TOW: raw=61609000, tow=61623.0
19:57:27.187 [main] DEBUG org.rtklib.java.rtcm.Rtcm -- MSM BDS after adjweek: time.time=1780852023, time.sec=0.0
19:57:27.187 [main] DEBUG org.rtklib.java.rtcm.Rtcm -- decode_msm_head: sys=32 staid=0 nsat=1 nsig=4 sync=0 iod=0 ncell=4
19:57:27.187 [main] DEBUG org.rtklib.java.rtcm.Rtcm -- MSM sig[0] sigid=2 sigstr=2I code=40 idx=0
19:57:27.187 [main] DEBUG org.rtklib.java.rtcm.Rtcm -- MSM sig[1] sigid=8 sigstr=6I code=42 idx=3
19:57:27.187 [main] DEBUG org.rtklib.java.rtcm.Rtcm -- MSM sig[2] sigid=23 sigstr=5P code=58 idx=2
19:57:27.187 [main] DEBUG org.rtklib.java.rtcm.Rtcm -- MSM sig[3] sigid=31 sigstr=1P code=2 idx=4
19:57:27.187 [main] DEBUG org.rtklib.java.rtcm.Rtcm -- MSM after sigindex: sig[0] code=40 idx=0
19:57:27.187 [main] DEBUG org.rtklib.java.rtcm.Rtcm -- MSM after sigindex: sig[1] code=42 idx=3
19:57:27.187 [main] DEBUG org.rtklib.java.rtcm.Rtcm -- MSM after sigindex: sig[2] code=58 idx=2
19:57:27.187 [main] DEBUG org.rtklib.java.rtcm.Rtcm -- MSM after sigindex: sig[3] code=2 idx=4
19:57:27.187 [main] DEBUG org.rtklib.java.rtcm.Rtcm -- RTCM3 decoded message type=1042, length=70
19:57:27.187 [main] DEBUG org.rtklib.java.rtcm.Rtcm -- RTCM 1042 eph stored: sat=132 prn=27 week=1066 toe=61200.0 A=27906476.4
19:57:27.187 [main] DEBUG org.rtklib.java.rtcm.Rtcm -- RTCM3 decoded message type=1005, length=25
19:57:27.187 [main] DEBUG org.rtklib.java.rtcm.Rtcm -- RTCM3 decoded message type=1033, length=27
19:57:27.187 [main] DEBUG org.rtklib.java.rtcm.Rtcm -- RTCM3 decoded message type=1124, length=260
19:57:27.187 [main] DEBUG org.rtklib.java.rtcm.Rtcm -- MSM BDS TOW: raw=61624000, tow=61638.0
19:57:27.187 [main] DEBUG org.rtklib.java.rtcm.Rtcm -- MSM BDS after adjweek: time.time=1780852038, time.sec=0.0
19:57:27.187 [main] DEBUG org.rtklib.java.rtcm.Rtcm -- decode_msm_head: sys=32 staid=0 nsat=12 nsig=5 sync=1 iod=0 ncell=33
19:57:27.187 [main] DEBUG org.rtklib.java.rtcm.Rtcm -- MSM sig[0] sigid=2 sigstr=2I code=40 idx=0
19:57:27.187 [main] DEBUG org.rtklib.java.rtcm.Rtcm -- MSM sig[1] sigid=8 sigstr=6I code=42 idx=3
19:57:27.187 [main] DEBUG org.rtklib.java.rtcm.Rtcm -- MSM sig[2] sigid=14 sigstr=7I code=27 idx=1
19:57:27.187 [main] DEBUG org.rtklib.java.rtcm.Rtcm -- MSM sig[3] sigid=23 sigstr=5P code=58 idx=2
19:57:27.187 [main] DEBUG org.rtklib.java.rtcm.Rtcm -- MSM sig[4] sigid=31 sigstr=1P code=2 idx=4
19:57:27.187 [main] DEBUG org.rtklib.java.rtcm.Rtcm -- MSM after sigindex: sig[0] code=40 idx=0
19:57:27.187 [main] DEBUG org.rtklib.java.rtcm.Rtcm -- MSM after sigindex: sig[1] code=42 idx=3
19:57:27.187 [main] DEBUG org.rtklib.java.rtcm.Rtcm -- MSM after sigindex: sig[2] code=27 idx=1
19:57:27.187 [main] DEBUG org.rtklib.java.rtcm.Rtcm -- MSM after sigindex: sig[3] code=58 idx=2
19:57:27.187 [main] DEBUG org.rtklib.java.rtcm.Rtcm -- MSM after sigindex: sig[4] code=2 idx=4
19:57:27.187 [main] DEBUG org.rtklib.java.rtcm.Rtcm -- RTCM3 decoded message type=1124, length=54
19:57:27.187 [main] DEBUG org.rtklib.java.rtcm.Rtcm -- MSM BDS TOW: raw=61624000, tow=61638.0
19:57:27.187 [main] DEBUG org.rtklib.java.rtcm.Rtcm -- MSM BDS after adjweek: time.time=1780852038, time.sec=0.0
19:57:27.187 [main] DEBUG org.rtklib.java.rtcm.Rtcm -- decode_msm_head: sys=32 staid=0 nsat=1 nsig=4 sync=0 iod=0 ncell=4
19:57:27.187 [main] DEBUG org.rtklib.java.rtcm.Rtcm -- MSM sig[0] sigid=2 sigstr=2I code=40 idx=0
19:57:27.187 [main] DEBUG org.rtklib.java.rtcm.Rtcm -- MSM sig[1] sigid=8 sigstr=6I code=42 idx=3
19:57:27.187 [main] DEBUG org.rtklib.java.rtcm.Rtcm -- MSM sig[2] sigid=23 sigstr=5P code=58 idx=2
19:57:27.187 [main] DEBUG org.rtklib.java.rtcm.Rtcm -- MSM sig[3] sigid=31 sigstr=1P code=2 idx=4
19:57:27.187 [main] DEBUG org.rtklib.java.rtcm.Rtcm -- MSM after sigindex: sig[0] code=40 idx=0
19:57:27.187 [main] DEBUG org.rtklib.java.rtcm.Rtcm -- MSM after sigindex: sig[1] code=42 idx=3
19:57:27.187 [main] DEBUG org.rtklib.java.rtcm.Rtcm -- MSM after sigindex: sig[2] code=58 idx=2
19:57:27.187 [main] DEBUG org.rtklib.java.rtcm.Rtcm -- MSM after sigindex: sig[3] code=2 idx=4
19:57:27.187 [main] DEBUG org.rtklib.java.rtcm.Rtcm -- RTCM3 decoded message type=1042, length=70
19:57:27.188 [main] DEBUG org.rtklib.java.rtcm.Rtcm -- RTCM3 decoded message type=1005, length=25
19:57:27.188 [main] DEBUG org.rtklib.java.rtcm.Rtcm -- RTCM3 decoded message type=1033, length=27
19:57:27.188 [main] DEBUG org.rtklib.java.rtcm.Rtcm -- RTCM3 decoded message type=1124, length=242
19:57:27.188 [main] DEBUG org.rtklib.java.rtcm.Rtcm -- MSM BDS TOW: raw=61639000, tow=61653.0
19:57:27.188 [main] DEBUG org.rtklib.java.rtcm.Rtcm -- MSM BDS after adjweek: time.time=1780852053, time.sec=0.0
19:57:27.188 [main] DEBUG org.rtklib.java.rtcm.Rtcm -- decode_msm_head: sys=32 staid=0 nsat=12 nsig=5 sync=1 iod=0 ncell=30
19:57:27.188 [main] DEBUG org.rtklib.java.rtcm.Rtcm -- MSM sig[0] sigid=2 sigstr=2I code=40 idx=0
19:57:27.188 [main] DEBUG org.rtklib.java.rtcm.Rtcm -- MSM sig[1] sigid=8 sigstr=6I code=42 idx=3
19:57:27.188 [main] DEBUG org.rtklib.java.rtcm.Rtcm -- MSM sig[2] sigid=14 sigstr=7I code=27 idx=1
19:57:27.188 [main] DEBUG org.rtklib.java.rtcm.Rtcm -- MSM sig[3] sigid=23 sigstr=5P code=58 idx=2
19:57:27.188 [main] DEBUG org.rtklib.java.rtcm.Rtcm -- MSM sig[4] sigid=31 sigstr=1P code=2 idx=4
19:57:27.188 [main] DEBUG org.rtklib.java.rtcm.Rtcm -- MSM after sigindex: sig[0] code=40 idx=0
19:57:27.188 [main] DEBUG org.rtklib.java.rtcm.Rtcm -- MSM after sigindex: sig[1] code=42 idx=3
19:57:27.188 [main] DEBUG org.rtklib.java.rtcm.Rtcm -- MSM after sigindex: sig[2] code=27 idx=1
19:57:27.188 [main] DEBUG org.rtklib.java.rtcm.Rtcm -- MSM after sigindex: sig[3] code=58 idx=2
19:57:27.188 [main] DEBUG org.rtklib.java.rtcm.Rtcm -- MSM after sigindex: sig[4] code=2 idx=4
19:57:27.188 [main] DEBUG org.rtklib.java.rtcm.Rtcm -- RTCM3 decoded message type=1124, length=75
19:57:27.188 [main] DEBUG org.rtklib.java.rtcm.Rtcm -- MSM BDS TOW: raw=61639000, tow=61653.0
19:57:27.188 [main] DEBUG org.rtklib.java.rtcm.Rtcm -- MSM BDS after adjweek: time.time=1780852053, time.sec=0.0
19:57:27.188 [main] DEBUG org.rtklib.java.rtcm.Rtcm -- decode_msm_head: sys=32 staid=0 nsat=2 nsig=4 sync=0 iod=0 ncell=7
19:57:27.188 [main] DEBUG org.rtklib.java.rtcm.Rtcm -- MSM sig[0] sigid=2 sigstr=2I code=40 idx=0
19:57:27.188 [main] DEBUG org.rtklib.java.rtcm.Rtcm -- MSM sig[1] sigid=8 sigstr=6I code=42 idx=3
19:57:27.188 [main] DEBUG org.rtklib.java.rtcm.Rtcm -- MSM sig[2] sigid=23 sigstr=5P code=58 idx=2
19:57:27.188 [main] DEBUG org.rtklib.java.rtcm.Rtcm -- MSM sig[3] sigid=31 sigstr=1P code=2 idx=4
19:57:27.188 [main] DEBUG org.rtklib.java.rtcm.Rtcm -- MSM after sigindex: sig[0] code=40 idx=0
19:57:27.188 [main] DEBUG org.rtklib.java.rtcm.Rtcm -- MSM after sigindex: sig[1] code=42 idx=3
19:57:27.188 [main] DEBUG org.rtklib.java.rtcm.Rtcm -- MSM after sigindex: sig[2] code=58 idx=2
19:57:27.188 [main] DEBUG org.rtklib.java.rtcm.Rtcm -- MSM after sigindex: sig[3] code=2 idx=4
19:57:27.188 [main] DEBUG org.rtklib.java.rtcm.Rtcm -- RTCM3 decoded message type=1042, length=70
19:57:27.188 [main] DEBUG org.rtklib.java.rtcm.Rtcm -- RTCM3 decoded message type=1005, length=25
19:57:27.188 [main] DEBUG org.rtklib.java.rtcm.Rtcm -- RTCM3 decoded message type=1033, length=27
19:57:27.188 [main] DEBUG org.rtklib.java.rtcm.Rtcm -- RTCM3 decoded message type=1124, length=260
19:57:27.188 [main] DEBUG org.rtklib.java.rtcm.Rtcm -- MSM BDS TOW: raw=61654000, tow=61668.0
19:57:27.188 [main] DEBUG org.rtklib.java.rtcm.Rtcm -- MSM BDS after adjweek: time.time=1780852068, time.sec=0.0
19:57:27.188 [main] DEBUG org.rtklib.java.rtcm.Rtcm -- decode_msm_head: sys=32 staid=0 nsat=12 nsig=5 sync=1 iod=0 ncell=33
19:57:27.188 [main] DEBUG org.rtklib.java.rtcm.Rtcm -- MSM sig[0] sigid=2 sigstr=2I code=40 idx=0
[...]
19:57:27.257 [main] DEBUG org.rtklib.java.rtcm.Rtcm -- MSM sig[0] sigid=2 sigstr=2I code=40 idx=0
19:57:27.257 [main] DEBUG org.rtklib.java.rtcm.Rtcm -- MSM sig[1] sigid=8 sigstr=6I code=42 idx=3
19:57:27.257 [main] DEBUG org.rtklib.java.rtcm.Rtcm -- MSM sig[2] sigid=14 sigstr=7I code=27 idx=1
19:57:27.257 [main] DEBUG org.rtklib.java.rtcm.Rtcm -- MSM sig[3] sigid=23 sigstr=5P code=58 idx=2
19:57:27.257 [main] DEBUG org.rtklib.java.rtcm.Rtcm -- MSM sig[4] sigid=31 sigstr=1P code=2 idx=4
19:57:27.257 [main] DEBUG org.rtklib.java.rtcm.Rtcm -- MSM after sigindex: sig[0] code=40 idx=0
19:57:27.257 [main] DEBUG org.rtklib.java.rtcm.Rtcm -- MSM after sigindex: sig[1] code=42 idx=3
19:57:27.257 [main] DEBUG org.rtklib.java.rtcm.Rtcm -- MSM after sigindex: sig[2] code=27 idx=1
19:57:27.257 [main] DEBUG org.rtklib.java.rtcm.Rtcm -- MSM after sigindex: sig[3] code=58 idx=2
19:57:27.257 [main] DEBUG org.rtklib.java.rtcm.Rtcm -- MSM after sigindex: sig[4] code=2 idx=4
19:57:27.257 [main] DEBUG org.rtklib.java.rtcm.Rtcm -- RTCM3 decoded message type=1042, length=70
19:57:27.257 [main] DEBUG org.rtklib.java.rtcm.Rtcm -- RTCM3 decoded message type=1005, length=25
19:57:27.257 [main] DEBUG org.rtklib.java.rtcm.Rtcm -- RTCM3 decoded message type=1033, length=27
19:57:27.257 [main] DEBUG org.rtklib.java.rtcm.Rtcm -- RTCM3 decoded message type=1124, length=254
19:57:27.257 [main] DEBUG org.rtklib.java.rtcm.Rtcm -- MSM BDS TOW: raw=64774000, tow=64788.0
19:57:27.257 [main] DEBUG org.rtklib.java.rtcm.Rtcm -- MSM BDS after adjweek: time.time=1780855188, time.sec=0.0
19:57:27.257 [main] DEBUG org.rtklib.java.rtcm.Rtcm -- decode_msm_head: sys=32 staid=0 nsat=12 nsig=5 sync=0 iod=0 ncell=32
19:57:27.257 [main] DEBUG org.rtklib.java.rtcm.Rtcm -- MSM sig[0] sigid=2 sigstr=2I code=40 idx=0
19:57:27.258 [main] DEBUG org.rtklib.java.rtcm.Rtcm -- MSM sig[1] sigid=8 sigstr=6I code=42 idx=3
19:57:27.258 [main] DEBUG org.rtklib.java.rtcm.Rtcm -- MSM sig[2] sigid=14 sigstr=7I code=27 idx=1
19:57:27.258 [main] DEBUG org.rtklib.java.rtcm.Rtcm -- MSM sig[3] sigid=23 sigstr=5P code=58 idx=2
19:57:27.258 [main] DEBUG org.rtklib.java.rtcm.Rtcm -- MSM sig[4] sigid=31 sigstr=1P code=2 idx=4
19:57:27.258 [main] DEBUG org.rtklib.java.rtcm.Rtcm -- MSM after sigindex: sig[0] code=40 idx=0
19:57:27.258 [main] DEBUG org.rtklib.java.rtcm.Rtcm -- MSM after sigindex: sig[1] code=42 idx=3
19:57:27.258 [main] DEBUG org.rtklib.java.rtcm.Rtcm -- MSM after sigindex: sig[2] code=27 idx=1
19:57:27.258 [main] DEBUG org.rtklib.java.rtcm.Rtcm -- MSM after sigindex: sig[3] code=58 idx=2
19:57:27.258 [main] DEBUG org.rtklib.java.rtcm.Rtcm -- MSM after sigindex: sig[4] code=2 idx=4
19:57:27.258 [main] DEBUG org.rtklib.java.rtcm.Rtcm -- RTCM3 decoded message type=1042, length=70
19:57:27.258 [main] DEBUG org.rtklib.java.rtcm.Rtcm -- RTCM3 decoded message type=1005, length=25
19:57:27.258 [main] DEBUG org.rtklib.java.rtcm.Rtcm -- RTCM3 decoded message type=1033, length=27
19:57:27.258 [main] DEBUG org.rtklib.java.rtcm.Rtcm -- RTCM3 decoded message type=1124, length=254
19:57:27.258 [main] DEBUG org.rtklib.java.rtcm.Rtcm -- MSM BDS TOW: raw=64789000, tow=64803.0
19:57:27.258 [main] DEBUG org.rtklib.java.rtcm.Rtcm -- MSM BDS after adjweek: time.time=1780855203, time.sec=0.0
19:57:27.258 [main] DEBUG org.rtklib.java.rtcm.Rtcm -- decode_msm_head: sys=32 staid=0 nsat=12 nsig=5 sync=0 iod=0 ncell=32
19:57:27.258 [main] DEBUG org.rtklib.java.rtcm.Rtcm -- MSM sig[0] sigid=2 sigstr=2I code=40 idx=0
19:57:27.258 [main] DEBUG org.rtklib.java.rtcm.Rtcm -- MSM sig[1] sigid=8 sigstr=6I code=42 idx=3
19:57:27.258 [main] DEBUG org.rtklib.java.rtcm.Rtcm -- MSM sig[2] sigid=14 sigstr=7I code=27 idx=1
19:57:27.258 [main] DEBUG org.rtklib.java.rtcm.Rtcm -- MSM sig[3] sigid=23 sigstr=5P code=58 idx=2
19:57:27.258 [main] DEBUG org.rtklib.java.rtcm.Rtcm -- MSM sig[4] sigid=31 sigstr=1P code=2 idx=4
19:57:27.258 [main] DEBUG org.rtklib.java.rtcm.Rtcm -- MSM after sigindex: sig[0] code=40 idx=0
19:57:27.258 [main] DEBUG org.rtklib.java.rtcm.Rtcm -- MSM after sigindex: sig[1] code=42 idx=3
19:57:27.258 [main] DEBUG org.rtklib.java.rtcm.Rtcm -- MSM after sigindex: sig[2] code=27 idx=1
19:57:27.258 [main] DEBUG org.rtklib.java.rtcm.Rtcm -- MSM after sigindex: sig[3] code=58 idx=2
19:57:27.258 [main] DEBUG org.rtklib.java.rtcm.Rtcm -- MSM after sigindex: sig[4] code=2 idx=4
19:57:27.258 [main] DEBUG org.rtklib.java.rtcm.Rtcm -- RTCM3 decoded message type=1042, length=70
19:57:27.291 [main] DEBUG org.rtklib.java.rinex.RinexObsWriter -- collectObsCodes: [CC2I, CL2I, CC7I, CL7I, CC5P, CL5P, CC6I, CL6I, CC1P, CL1P]
19:57:27.431 [main] INFO org.rtklib.java.rinex.RinexObsWriter -- RINEX observation file written: C:\Users\Admin\AppData\Local\Temp\ppp_test_1782647847140\ROVER.obs
19:57:27.438 [main] INFO org.rtklib.java.rinex.RinexNavWriter -- RINEX navigation file written: C:\Users\Admin\AppData\Local\Temp\ppp_test_1782647847140\ROVER.nav
19:57:27.439 [main] INFO org.rtklib.java.rinex.RtcmFileToRinexConverter -- RINEX files generated: C:\Users\Admin\AppData\Local\Temp\\ppp_test_1782647847140/ROVER.obs, C:\Users\Admin\AppData\Local\Temp\\ppp_test_1782647847140/ROVER.nav
19:57:27.439 [main] INFO org.rtklib.java.PppTest -- RTCM converted: obs=C:\Users\Admin\AppData\Local\Temp\\ppp_test_1782647847140\ROVER.obs, nav=C:\Users\Admin\AppData\Local\Temp\\ppp_test_1782647847140\ROVER.nav
19:57:27.489 [main] DEBUG org.rtklib.java.rinex.RinexParser -- RINEX version: 3.05, type: O, system: M
19:57:27.511 [main] INFO org.rtklib.java.rinex.RinexParser -- RINEX observation parsed: 3233 epochs, 3233 observations
19:57:27.538 [main] DEBUG org.rtklib.java.rinex.RinexParser -- RINEX version: 3.05, type: N, system: M
19:57:27.538 [main] DEBUG org.rtklib.java.rinex.RinexParser -- parseNav: lineNum=1, calling readNavEphV3, line=[C01 2026 06 07 17 00]
19:57:27.539 [main] DEBUG org.rtklib.java.rinex.RinexParser -- readEphV3: sat=106, sys=32, i=31, data[21]=1066.0, data[3]=1.0, data[11]=61200.0
19:57:27.539 [main] DEBUG org.rtklib.java.rinex.RinexParser -- decodeEph: stored eph sat=106, week=1066, toes=61200.0, nav.n=1
19:57:27.539 [main] DEBUG org.rtklib.java.rinex.RinexParser -- parseNav: lineNum=2, calling readNavEphV3, line=[C02 2026 06 07 17 00]
19:57:27.539 [main] DEBUG org.rtklib.java.rinex.RinexParser -- readEphV3: sat=107, sys=32, i=31, data[21]=1066.0, data[3]=1.0, data[11]=61200.0
19:57:27.539 [main] DEBUG org.rtklib.java.rinex.RinexParser -- decodeEph: stored eph sat=107, week=1066, toes=61200.0, nav.n=2
19:57:27.539 [main] DEBUG org.rtklib.java.rinex.RinexParser -- parseNav: lineNum=3, calling readNavEphV3, line=[C03 2026 06 07 17 00]
19:57:27.539 [main] DEBUG org.rtklib.java.rinex.RinexParser -- readEphV3: sat=108, sys=32, i=31, data[21]=1066.0, data[3]=1.0, data[11]=61200.0
19:57:27.539 [main] DEBUG org.rtklib.java.rinex.RinexParser -- decodeEph: stored eph sat=108, week=1066, toes=61200.0, nav.n=3
19:57:27.539 [main] DEBUG org.rtklib.java.rinex.RinexParser -- parseNav: lineNum=4, calling readNavEphV3, line=[C06 2026 06 07 16 00]
19:57:27.539 [main] DEBUG org.rtklib.java.rinex.RinexParser -- readEphV3: sat=111, sys=32, i=31, data[21]=1066.0, data[3]=1.0, data[11]=57600.0
19:57:27.539 [main] DEBUG org.rtklib.java.rinex.RinexParser -- decodeEph: stored eph sat=111, week=1066, toes=57600.0, nav.n=4
19:57:27.539 [main] DEBUG org.rtklib.java.rinex.RinexParser -- parseNav: lineNum=5, calling readNavEphV3, line=[C07 2026 06 07 17 00]
19:57:27.539 [main] DEBUG org.rtklib.java.rinex.RinexParser -- readEphV3: sat=112, sys=32, i=31, data[21]=1066.0, data[3]=1.0, data[11]=61200.0
19:57:27.539 [main] DEBUG org.rtklib.java.rinex.RinexParser -- decodeEph: stored eph sat=112, week=1066, toes=61200.0, nav.n=5
19:57:27.539 [main] DEBUG org.rtklib.java.rinex.RinexParser -- parseNav: lineNum=6, calling readNavEphV3, line=[C08 2026 06 07 17 00]
19:57:27.539 [main] DEBUG org.rtklib.java.rinex.RinexParser -- readEphV3: sat=113, sys=32, i=31, data[21]=1066.0, data[3]=1.0, data[11]=61200.0
19:57:27.539 [main] DEBUG org.rtklib.java.rinex.RinexParser -- decodeEph: stored eph sat=113, week=1066, toes=61200.0, nav.n=6
19:57:27.539 [main] DEBUG org.rtklib.java.rinex.RinexParser -- parseNav: lineNum=7, calling readNavEphV3, line=[C09 2026 06 07 17 00]
19:57:27.539 [main] DEBUG org.rtklib.java.rinex.RinexParser -- readEphV3: sat=114, sys=32, i=31, data[21]=1066.0, data[3]=2.0, data[11]=61200.0
19:57:27.539 [main] DEBUG org.rtklib.java.rinex.RinexParser -- decodeEph: stored eph sat=114, week=1066, toes=61200.0, nav.n=7
19:57:27.539 [main] DEBUG org.rtklib.java.rinex.RinexParser -- parseNav: lineNum=8, calling readNavEphV3, line=[C10 2026 06 07 17 00]
19:57:27.539 [main] DEBUG org.rtklib.java.rinex.RinexParser -- readEphV3: sat=115, sys=32, i=31, data[21]=1066.0, data[3]=1.0, data[11]=61200.0
19:57:27.539 [main] DEBUG org.rtklib.java.rinex.RinexParser -- decodeEph: stored eph sat=115, week=1066, toes=61200.0, nav.n=8
19:57:27.539 [main] DEBUG org.rtklib.java.rinex.RinexParser -- parseNav: lineNum=9, calling readNavEphV3, line=[C11 2026 06 07 17 00]
19:57:27.539 [main] DEBUG org.rtklib.java.rinex.RinexParser -- readEphV3: sat=116, sys=32, i=31, data[21]=1066.0, data[3]=1.0, data[11]=61200.0
19:57:27.539 [main] DEBUG org.rtklib.java.rinex.RinexParser -- decodeEph: stored eph sat=116, week=1066, toes=61200.0, nav.n=9
19:57:27.539 [main] DEBUG org.rtklib.java.rinex.RinexParser -- parseNav: lineNum=10, calling readNavEphV3, line=[C12 2026 06 07 17 00]
19:57:27.539 [main] DEBUG org.rtklib.java.rinex.RinexParser -- readEphV3: sat=117, sys=32, i=31, data[21]=1066.0, data[3]=1.0, data[11]=61200.0
19:57:27.539 [main] DEBUG org.rtklib.java.rinex.RinexParser -- decodeEph: stored eph sat=117, week=1066, toes=61200.0, nav.n=10
19:57:27.539 [main] DEBUG org.rtklib.java.rinex.RinexParser -- parseNav: lineNum=11, calling readNavEphV3, line=[C19 2026 06 07 17 00]
19:57:27.540 [main] DEBUG org.rtklib.java.rinex.RinexParser -- readEphV3: sat=124, sys=32, i=31, data[21]=1066.0, data[3]=1.0, data[11]=61200.0
19:57:27.540 [main] DEBUG org.rtklib.java.rinex.RinexParser -- decodeEph: stored eph sat=124, week=1066, toes=61200.0, nav.n=11
19:57:27.540 [main] DEBUG org.rtklib.java.rinex.RinexParser -- parseNav: lineNum=12, calling readNavEphV3, line=[C20 2026 06 07 17 00]
19:57:27.540 [main] DEBUG org.rtklib.java.rinex.RinexParser -- readEphV3: sat=125, sys=32, i=31, data[21]=1066.0, data[3]=1.0, data[11]=61200.0
19:57:27.540 [main] DEBUG org.rtklib.java.rinex.RinexParser -- decodeEph: stored eph sat=125, week=1066, toes=61200.0, nav.n=12
19:57:27.540 [main] DEBUG org.rtklib.java.rinex.RinexParser -- parseNav: lineNum=13, calling readNavEphV3, line=[C22 2026 06 07 17 00]
19:57:27.540 [main] DEBUG org.rtklib.java.rinex.RinexParser -- readEphV3: sat=127, sys=32, i=31, data[21]=1066.0, data[3]=1.0, data[11]=61200.0
19:57:27.540 [main] DEBUG org.rtklib.java.rinex.RinexParser -- decodeEph: stored eph sat=127, week=1066, toes=61200.0, nav.n=13
19:57:27.540 [main] DEBUG org.rtklib.java.rinex.RinexParser -- parseNav: lineNum=14, calling readNavEphV3, line=[C27 2026 06 07 17 00]
19:57:27.540 [main] DEBUG org.rtklib.java.rinex.RinexParser -- readEphV3: sat=132, sys=32, i=31, data[21]=1066.0, data[3]=1.0, data[11]=61200.0
19:57:27.540 [main] DEBUG org.rtklib.java.rinex.RinexParser -- decodeEph: stored eph sat=132, week=1066, toes=61200.0, nav.n=14
19:57:27.540 [main] DEBUG org.rtklib.java.rinex.RinexParser -- parseNav: lineNum=15, calling readNavEphV3, line=[C30 2026 06 07 17 00]
19:57:27.540 [main] DEBUG org.rtklib.java.rinex.RinexParser -- readEphV3: sat=135, sys=32, i=31, data[21]=1066.0, data[3]=1.0, data[11]=61200.0
19:57:27.540 [main] DEBUG org.rtklib.java.rinex.RinexParser -- decodeEph: stored eph sat=135, week=1066, toes=61200.0, nav.n=15
19:57:27.540 [main] DEBUG org.rtklib.java.rinex.RinexParser -- parseNav: lineNum=16, calling readNavEphV3, line=[C32 2026 06 07 15 00]
19:57:27.540 [main] DEBUG org.rtklib.java.rinex.RinexParser -- readEphV3: sat=137, sys=32, i=31, data[21]=1066.0, data[3]=1.0, data[11]=54000.0
19:57:27.540 [main] DEBUG org.rtklib.java.rinex.RinexParser -- decodeEph: stored eph sat=137, week=1066, toes=54000.0, nav.n=16
19:57:27.540 [main] DEBUG org.rtklib.java.rinex.RinexParser -- parseNav: lineNum=17, calling readNavEphV3, line=[C36 2026 06 07 17 00]
19:57:27.540 [main] DEBUG org.rtklib.java.rinex.RinexParser -- readEphV3: sat=141, sys=32, i=31, data[21]=1066.0, data[3]=1.0, data[11]=61200.0
19:57:27.540 [main] DEBUG org.rtklib.java.rinex.RinexParser -- decodeEph: stored eph sat=141, week=1066, toes=61200.0, nav.n=17
19:57:27.540 [main] DEBUG org.rtklib.java.rinex.RinexParser -- parseNav: lineNum=18, calling readNavEphV3, line=[C37 2026 06 07 15 00]
19:57:27.540 [main] DEBUG org.rtklib.java.rinex.RinexParser -- readEphV3: sat=142, sys=32, i=31, data[21]=1066.0, data[3]=1.0, data[11]=54000.0
19:57:27.540 [main] DEBUG org.rtklib.java.rinex.RinexParser -- decodeEph: stored eph sat=142, week=1066, toes=54000.0, nav.n=18
19:57:27.540 [main] DEBUG org.rtklib.java.rinex.RinexParser -- parseNav: lineNum=19, calling readNavEphV3, line=[C39 2026 06 07 17 00]
19:57:27.540 [main] DEBUG org.rtklib.java.rinex.RinexParser -- readEphV3: sat=144, sys=32, i=31, data[21]=1066.0, data[3]=1.0, data[11]=61200.0
19:57:27.540 [main] DEBUG org.rtklib.java.rinex.RinexParser -- decodeEph: stored eph sat=144, week=1066, toes=61200.0, nav.n=19
19:57:27.540 [main] INFO org.rtklib.java.rinex.RinexParser -- RINEX navigation parsed: GPS=19, GLO=0, GAL=0, BDS=0
19:57:27.546 [main] INFO org.rtklib.java.PppTest -- Total epochs: 240
19:57:27.557 [main] DEBUG org.rtklib.java.pntpos.SppCore -- SPP sat=106 sys=32 P=38582162.038 r=42182853.770 dtr=0.000000 dts=-0.000001 dion=0.000 dtrp=0.000 v=-3600923.715
19:57:27.557 [main] DEBUG org.rtklib.java.pntpos.SppCore -- SPP sat=107 sys=32 P=36961861.077 r=42173817.440 dtr=0.000000 dts=0.000000 dion=0.000 dtrp=0.000 v=-5211873.333
19:57:27.557 [main] DEBUG org.rtklib.java.pntpos.SppCore -- SPP sat=108 sys=32 P=37001066.892 r=42174565.227 dtr=0.000000 dts=-0.000000 dion=0.000 dtrp=0.000 v=-5173603.285
19:57:27.557 [main] DEBUG org.rtklib.java.pntpos.SppCore -- SPP sat=112 sys=32 P=37175104.261 r=42202185.744 dtr=0.000000 dts=-0.000026 dion=0.000 dtrp=0.000 v=-5034735.879
19:57:27.557 [main] DEBUG org.rtklib.java.pntpos.SppCore -- SPP sat=113 sys=32 P=38355126.523 r=42330532.691 dtr=0.000000 dts=-0.000239 dion=0.000 dtrp=0.000 v=-4046952.174
19:57:27.557 [main] DEBUG org.rtklib.java.pntpos.SppCore -- SPP sat=114 sys=32 P=38634669.126 r=41952439.916 dtr=0.000000 dts=-0.000506 dion=0.000 dtrp=0.000 v=-3469523.828
19:57:27.557 [main] DEBUG org.rtklib.java.pntpos.SppCore -- SPP sat=117 sys=32 P=22691289.912 r=27913492.404 dtr=0.000000 dts=0.000634 dion=0.000 dtrp=0.000 v=-5031999.842
19:57:27.557 [main] DEBUG org.rtklib.java.pntpos.SppCore -- SPP sat=124 sys=32 P=22249106.018 r=27932826.695 dtr=0.000000 dts=-0.000938 dion=0.000 dtrp=0.000 v=-5964931.671
19:57:27.557 [main] DEBUG org.rtklib.java.pntpos.SppCore -- SPP sat=125 sys=32 P=24451758.438 r=27930564.798 dtr=0.000000 dts=-0.000903 dion=0.000 dtrp=0.000 v=-3749416.735
19:57:27.557 [main] DEBUG org.rtklib.java.pntpos.SppCore -- SPP sat=127 sys=32 P=23574002.064 r=27903586.160 dtr=0.000000 dts=0.000455 dion=0.000 dtrp=0.000 v=-4193080.335
19:57:27.557 [main] DEBUG org.rtklib.java.pntpos.SppCore -- SPP sat=141 sys=32 P=22570957.356 r=27912484.835 dtr=0.000000 dts=0.000275 dion=0.000 dtrp=0.000 v=-5259223.871
19:57:27.557 [main] DEBUG org.rtklib.java.pntpos.SppCore -- SPP sat=144 sys=32 P=26358757.259 r=27892231.929 dtr=0.000000 dts=-0.000898 dion=0.000 dtrp=0.000 v=-1802540.713
19:57:27.651 [main] DEBUG org.rtklib.java.pntpos.SppCore -- SPP iter=0 dx_norm=7346853.890007 x=(-636743.569,6347053.721,3513358.067) clk=0.000000
19:57:27.653 [main] DEBUG org.rtklib.java.pntpos.SppCore -- SPP sat=106 sys=32 P=38582162.038 r=38062134.136 dtr=0.000000 dts=-0.000001 dion=2.699 dtrp=0.000 v=519793.221
19:57:27.653 [main] DEBUG org.rtklib.java.pntpos.SppCore -- SPP sat=107 sys=32 P=36961861.077 r=36259079.978 dtr=0.000000 dts=0.000000 dion=1.894 dtrp=0.000 v=702862.236
19:57:27.653 [main] DEBUG org.rtklib.java.pntpos.SppCore -- SPP sat=108 sys=32 P=37001066.892 r=36259655.452 dtr=0.000000 dts=-0.000000 dion=1.894 dtrp=0.000 v=741304.596
19:57:27.653 [main] DEBUG org.rtklib.java.pntpos.SppCore -- SPP sat=112 sys=32 P=37175104.261 r=36462297.376 dtr=0.000000 dts=-0.000026 dion=1.952 dtrp=0.000 v=705150.537
19:57:27.653 [main] DEBUG org.rtklib.java.pntpos.SppCore -- SPP sat=113 sys=32 P=38355126.523 r=37706959.567 dtr=0.000000 dts=-0.000239 dion=2.443 dtrp=0.000 v=576618.508
19:57:27.653 [main] DEBUG org.rtklib.java.pntpos.SppCore -- SPP sat=114 sys=32 P=38634669.126 r=38048794.176 dtr=0.000000 dts=-0.000506 dion=2.823 dtrp=0.000 v=434119.089
19:57:27.653 [main] DEBUG org.rtklib.java.pntpos.SppCore -- SPP sat=117 sys=32 P=22691289.912 r=22205473.924 dtr=0.000000 dts=0.000634 dion=2.033 dtrp=0.000 v=676016.605
19:57:27.653 [main] DEBUG org.rtklib.java.pntpos.SppCore -- SPP sat=124 sys=32 P=22249106.018 r=21152468.294 dtr=0.000000 dts=-0.000938 dion=1.642 dtrp=0.000 v=815425.089
19:57:27.653 [main] DEBUG org.rtklib.java.pntpos.SppCore -- SPP sat=125 sys=32 P=24451758.438 r=23704449.715 dtr=0.000000 dts=-0.000903 dion=2.784 dtrp=0.000 v=476695.564
19:57:27.653 [main] DEBUG org.rtklib.java.pntpos.SppCore -- SPP sat=127 sys=32 P=23574002.064 r=23252206.329 dtr=0.000000 dts=0.000455 dion=2.535 dtrp=0.000 v=458296.961
19:57:27.653 [main] DEBUG org.rtklib.java.pntpos.SppCore -- SPP sat=141 sys=32 P=22570957.356 r=22001609.662 dtr=0.000000 dts=0.000275 dion=1.943 dtrp=0.000 v=651649.359
19:57:27.654 [main] DEBUG org.rtklib.java.pntpos.SppCore -- SPP iter=1 dx_norm=1303516.414912 x=(-497983.266,5568027.333,3101018.024) clk=0.000000
19:57:27.654 [main] DEBUG org.rtklib.java.pntpos.SppCore -- SPP iter=2 dx_norm=27900.765404 x=(-492866.692,5551484.145,3092900.080) clk=0.000000
19:57:27.655 [main] DEBUG org.rtklib.java.pntpos.SppCore -- SPP iter=3 dx_norm=20.344353 x=(-492863.324,5551472.775,3092894.439) clk=0.000000
19:57:27.655 [main] DEBUG org.rtklib.java.pntpos.SppCore -- SPP iter=4 dx_norm=0.014185 x=(-492863.324,5551472.768,3092894.435) clk=0.000000
19:57:27.655 [main] DEBUG org.rtklib.java.pntpos.SppCore -- SPP iter=5 dx_norm=0.000009 x=(-492863.324,5551472.768,3092894.435) clk=0.000000
19:57:27.664 [main] INFO org.rtklib.java.PppTest --   Epoch 0: lat=29.191533839156506 lon=95.07345440551808 h=908.4530882900581 ns=11 stat=5
19:57:27.664 [main] INFO org.rtklib.java.PppTest --   Epoch 1: lat=29.191533839156506 lon=95.07345440551808 h=908.4530882900581 ns=11 stat=5
19:57:27.665 [main] INFO org.rtklib.java.PppTest --   Epoch 2: lat=29.191533839156506 lon=95.07345440551808 h=908.4530882900581 ns=11 stat=5
19:57:27.665 [main] INFO org.rtklib.java.PppTest --   Epoch 3: lat=29.191533839156506 lon=95.07345440551808 h=908.4530882900581 ns=11 stat=5
19:57:27.666 [main] INFO org.rtklib.java.PppTest --   Epoch 4: lat=29.191533839156506 lon=95.07345440551808 h=908.4530882900581 ns=11 stat=5
19:57:27.666 [main] INFO org.rtklib.java.PppTest --   Epoch 5: lat=29.191533839156506 lon=95.07345440551808 h=908.4530882900581 ns=11 stat=5
19:57:27.666 [main] INFO org.rtklib.java.PppTest --   Epoch 6: lat=29.191533839156506 lon=95.07345440551808 h=908.4530882900581 ns=11 stat=5
19:57:27.666 [main] INFO org.rtklib.java.PppTest --   Epoch 7: lat=29.191533839156506 lon=95.07345440551808 h=908.4530882900581 ns=11 stat=5
19:57:27.666 [main] INFO org.rtklib.java.PppTest --   Epoch 8: lat=29.191533839156506 lon=95.07345440551808 h=908.4530882900581 ns=11 stat=5
19:57:27.668 [main] INFO org.rtklib.java.PppTest --   Epoch 9: lat=29.191533839156506 lon=95.07345440551808 h=908.4530882900581 ns=11 stat=5
19:57:27.668 [main] INFO org.rtklib.java.PppTest -- PPP core test: 10 epochs, 10 success
]]></system-out>
  </testcase>
</testsuite>