<?xml version="1.0" encoding="UTF-8"?>
<testsuite xmlns:xsi="http://www.w3.org/2001/XMLSchema-instance" xsi:noNamespaceSchemaLocation="https://maven.apache.org/surefire/maven-surefire-plugin/xsd/surefire-test-report-3.0.xsd" version="3.0" name="org.rtklib.java.TimeDebugTest" time="0.002" tests="1" errors="0" skipped="0" failures="0">
  <properties>
[...]
</properties>
  <testcase name="testMessageOrder" classname="org.rtklib.java.TimeDebugTest" time="0.001">
    <system-out><![CDATA[19:36:55.561 [main] DEBUG org.rtklib.java.rtcm.Rtcm -- RTCM3 decoded message type=1005, length=25
Msg #1: type=1005, time=1970-01-01 00:00:00.000 (week=-522 tow=-259200.0)
19:36:55.562 [main] DEBUG org.rtklib.java.rtcm.Rtcm -- RTCM3 decoded message type=1033, length=27
Msg #2: type=1033, time=1970-01-01 00:00:00.000 (week=-522 tow=-259200.0)
19:36:55.562 [main] DEBUG org.rtklib.java.rtcm.Rtcm -- RTCM3 decoded message type=1124, length=248
19:36:55.562 [main] DEBUG org.rtklib.java.rtcm.Rtcm -- MSM BDS TOW: raw=61204000, tow=61218.0
19:36:55.562 [main] DEBUG org.rtklib.java.rtcm.Rtcm -- MSM BDS after adjweek: time.time=316026018, time.sec=0.0
19:36:55.562 [main] DEBUG org.rtklib.java.rtcm.Rtcm -- decode_msm_head: sys=32 staid=0 nsat=12 nsig=5 sync=1 iod=0 ncell=31
19:36:55.562 [main] DEBUG org.rtklib.java.rtcm.Rtcm -- MSM sig[0] sigid=2 sigstr=2I code=40 idx=0
19:36:55.562 [main] DEBUG org.rtklib.java.rtcm.Rtcm -- MSM sig[1] sigid=8 sigstr=6I code=42 idx=3
19:36:55.562 [main] DEBUG org.rtklib.java.rtcm.Rtcm -- MSM sig[2] sigid=14 sigstr=7I code=27 idx=1
19:36:55.562 [main] DEBUG org.rtklib.java.rtcm.Rtcm -- MSM sig[3] sigid=23 sigstr=5P code=58 idx=2
19:36:55.562 [main] DEBUG org.rtklib.java.rtcm.Rtcm -- MSM sig[4] sigid=31 sigstr=1P code=2 idx=4
19:36:55.562 [main] DEBUG org.rtklib.java.rtcm.Rtcm -- MSM after sigindex: sig[0] code=40 idx=0
19:36:55.562 [main] DEBUG org.rtklib.java.rtcm.Rtcm -- MSM after sigindex: sig[1] code=42 idx=3
19:36:55.562 [main] DEBUG org.rtklib.java.rtcm.Rtcm -- MSM after sigindex: sig[2] code=27 idx=1
19:36:55.562 [main] DEBUG org.rtklib.java.rtcm.Rtcm -- MSM after sigindex: sig[3] code=58 idx=2
19:36:55.562 [main] DEBUG org.rtklib.java.rtcm.Rtcm -- MSM after sigindex: sig[4] code=2 idx=4
Msg #3: type=1124, time=1980-01-05 17:00:18.000 (week=0 tow=61218.0)
19:36:55.562 [main] DEBUG org.rtklib.java.rtcm.Rtcm -- RTCM3 decoded message type=1124, length=54
19:36:55.562 [main] DEBUG org.rtklib.java.rtcm.Rtcm -- MSM BDS TOW: raw=61204000, tow=61218.0
19:36:55.562 [main] DEBUG org.rtklib.java.rtcm.Rtcm -- MSM BDS after adjweek: time.time=316026018, time.sec=0.0
19:36:55.562 [main] DEBUG org.rtklib.java.rtcm.Rtcm -- decode_msm_head: sys=32 staid=0 nsat=1 nsig=4 sync=0 iod=0 ncell=4
19:36:55.562 [main] DEBUG org.rtklib.java.rtcm.Rtcm -- MSM sig[0] sigid=2 sigstr=2I code=40 idx=0
19:36:55.562 [main] DEBUG org.rtklib.java.rtcm.Rtcm -- MSM sig[1] sigid=8 sigstr=6I code=42 idx=3
19:36:55.562 [main] DEBUG org.rtklib.java.rtcm.Rtcm -- MSM sig[2] sigid=23 sigstr=5P code=58 idx=2
19:36:55.562 [main] DEBUG org.rtklib.java.rtcm.Rtcm -- MSM sig[3] sigid=31 sigstr=1P code=2 idx=4
19:36:55.562 [main] DEBUG org.rtklib.java.rtcm.Rtcm -- MSM after sigindex: sig[0] code=40 idx=0
19:36:55.562 [main] DEBUG org.rtklib.java.rtcm.Rtcm -- MSM after sigindex: sig[1] code=42 idx=3
19:36:55.562 [main] DEBUG org.rtklib.java.rtcm.Rtcm -- MSM after sigindex: sig[2] code=58 idx=2
19:36:55.562 [main] DEBUG org.rtklib.java.rtcm.Rtcm -- MSM after sigindex: sig[3] code=2 idx=4
Msg #4: type=1124, time=1980-01-05 17:00:18.000 (week=0 tow=61218.0)
19:36:55.562 [main] DEBUG org.rtklib.java.rtcm.Rtcm -- RTCM3 decoded message type=1042, length=70
19:36:55.562 [main] INFO org.rtklib.java.rtcm.Rtcm -- RTCM 1042 eph stored: sat=137 prn=32 week=1066 toe=54000.0 A=27906219.4
Msg #5: type=1042, time=2026-06-07 15:00:14.000 (week=2422 tow=54014.0)
19:36:55.562 [main] DEBUG org.rtklib.java.rtcm.Rtcm -- RTCM3 decoded message type=1005, length=25
Msg #6: type=1005, time=2026-06-07 15:00:14.000 (week=2422 tow=54014.0)
19:36:55.562 [main] DEBUG org.rtklib.java.rtcm.Rtcm -- RTCM3 decoded message type=1033, length=27
Msg #7: type=1033, time=2026-06-07 15:00:14.000 (week=2422 tow=54014.0)
19:36:55.562 [main] DEBUG org.rtklib.java.rtcm.Rtcm -- RTCM3 decoded message type=1124, length=236
19:36:55.562 [main] DEBUG org.rtklib.java.rtcm.Rtcm -- MSM BDS TOW: raw=61219000, tow=61233.0
19:36:55.562 [main] DEBUG org.rtklib.java.rtcm.Rtcm -- MSM BDS after adjweek: time.time=1780851633, time.sec=0.0
19:36:55.562 [main] DEBUG org.rtklib.java.rtcm.Rtcm -- decode_msm_head: sys=32 staid=0 nsat=12 nsig=5 sync=1 iod=0 ncell=29
19:36:55.562 [main] DEBUG org.rtklib.java.rtcm.Rtcm -- MSM sig[0] sigid=2 sigstr=2I code=40 idx=0
19:36:55.562 [main] DEBUG org.rtklib.java.rtcm.Rtcm -- MSM sig[1] sigid=8 sigstr=6I code=42 idx=3
19:36:55.562 [main] DEBUG org.rtklib.java.rtcm.Rtcm -- MSM sig[2] sigid=14 sigstr=7I code=27 idx=1
19:36:55.562 [main] DEBUG org.rtklib.java.rtcm.Rtcm -- MSM sig[3] sigid=23 sigstr=5P code=58 idx=2
19:36:55.562 [main] DEBUG org.rtklib.java.rtcm.Rtcm -- MSM sig[4] sigid=31 sigstr=1P code=2 idx=4
19:36:55.562 [main] DEBUG org.rtklib.java.rtcm.Rtcm -- MSM after sigindex: sig[0] code=40 idx=0
19:36:55.562 [main] DEBUG org.rtklib.java.rtcm.Rtcm -- MSM after sigindex: sig[1] code=42 idx=3
19:36:55.562 [main] DEBUG org.rtklib.java.rtcm.Rtcm -- MSM after sigindex: sig[2] code=27 idx=1
19:36:55.562 [main] DEBUG org.rtklib.java.rtcm.Rtcm -- MSM after sigindex: sig[3] code=58 idx=2
19:36:55.562 [main] DEBUG org.rtklib.java.rtcm.Rtcm -- MSM after sigindex: sig[4] code=2 idx=4
Msg #8: type=1124, time=2026-06-07 17:00:33.000 (week=2422 tow=61233.0)
19:36:55.562 [main] DEBUG org.rtklib.java.rtcm.Rtcm -- RTCM3 decoded message type=1124, length=54
19:36:55.562 [main] DEBUG org.rtklib.java.rtcm.Rtcm -- MSM BDS TOW: raw=61219000, tow=61233.0
19:36:55.562 [main] DEBUG org.rtklib.java.rtcm.Rtcm -- MSM BDS after adjweek: time.time=1780851633, time.sec=0.0
19:36:55.562 [main] DEBUG org.rtklib.java.rtcm.Rtcm -- decode_msm_head: sys=32 staid=0 nsat=1 nsig=4 sync=0 iod=0 ncell=4
19:36:55.562 [main] DEBUG org.rtklib.java.rtcm.Rtcm -- MSM sig[0] sigid=2 sigstr=2I code=40 idx=0
19:36:55.562 [main] DEBUG org.rtklib.java.rtcm.Rtcm -- MSM sig[1] sigid=8 sigstr=6I code=42 idx=3
19:36:55.562 [main] DEBUG org.rtklib.java.rtcm.Rtcm -- MSM sig[2] sigid=23 sigstr=5P code=58 idx=2
19:36:55.562 [main] DEBUG org.rtklib.java.rtcm.Rtcm -- MSM sig[3] sigid=31 sigstr=1P code=2 idx=4
19:36:55.562 [main] DEBUG org.rtklib.java.rtcm.Rtcm -- MSM after sigindex: sig[0] code=40 idx=0
19:36:55.562 [main] DEBUG org.rtklib.java.rtcm.Rtcm -- MSM after sigindex: sig[1] code=42 idx=3
19:36:55.562 [main] DEBUG org.rtklib.java.rtcm.Rtcm -- MSM after sigindex: sig[2] code=58 idx=2
19:36:55.562 [main] DEBUG org.rtklib.java.rtcm.Rtcm -- MSM after sigindex: sig[3] code=2 idx=4
Msg #9: type=1124, time=2026-06-07 17:00:33.000 (week=2422 tow=61233.0)
19:36:55.562 [main] DEBUG org.rtklib.java.rtcm.Rtcm -- RTCM3 decoded message type=1042, length=70
19:36:55.562 [main] INFO org.rtklib.java.rtcm.Rtcm -- RTCM 1042 eph stored: sat=112 prn=7 week=1066 toe=61200.0 A=42165725.8
Msg #10: type=1042, time=2026-06-07 17:00:33.000 (week=2422 tow=61233.0)
19:36:55.562 [main] DEBUG org.rtklib.java.rtcm.Rtcm -- RTCM3 decoded message type=1005, length=25
Msg #11: type=1005, time=2026-06-07 17:00:33.000 (week=2422 tow=61233.0)
19:36:55.562 [main] DEBUG org.rtklib.java.rtcm.Rtcm -- RTCM3 decoded message type=1033, length=27
Msg #12: type=1033, time=2026-06-07 17:00:33.000 (week=2422 tow=61233.0)
19:36:55.562 [main] DEBUG org.rtklib.java.rtcm.Rtcm -- RTCM3 decoded message type=1124, length=236
19:36:55.562 [main] DEBUG org.rtklib.java.rtcm.Rtcm -- MSM BDS TOW: raw=61234000, tow=61248.0
19:36:55.562 [main] DEBUG org.rtklib.java.rtcm.Rtcm -- MSM BDS after adjweek: time.time=1780851648, time.sec=0.0
19:36:55.562 [main] DEBUG org.rtklib.java.rtcm.Rtcm -- decode_msm_head: sys=32 staid=0 nsat=12 nsig=5 sync=1 iod=0 ncell=29
19:36:55.562 [main] DEBUG org.rtklib.java.rtcm.Rtcm -- MSM sig[0] sigid=2 sigstr=2I code=40 idx=0
19:36:55.562 [main] DEBUG org.rtklib.java.rtcm.Rtcm -- MSM sig[1] sigid=8 sigstr=6I code=42 idx=3
19:36:55.562 [main] DEBUG org.rtklib.java.rtcm.Rtcm -- MSM sig[2] sigid=14 sigstr=7I code=27 idx=1
19:36:55.562 [main] DEBUG org.rtklib.java.rtcm.Rtcm -- MSM sig[3] sigid=23 sigstr=5P code=58 idx=2
19:36:55.562 [main] DEBUG org.rtklib.java.rtcm.Rtcm -- MSM sig[4] sigid=31 sigstr=1P code=2 idx=4
19:36:55.562 [main] DEBUG org.rtklib.java.rtcm.Rtcm -- MSM after sigindex: sig[0] code=40 idx=0
19:36:55.562 [main] DEBUG org.rtklib.java.rtcm.Rtcm -- MSM after sigindex: sig[1] code=42 idx=3
19:36:55.562 [main] DEBUG org.rtklib.java.rtcm.Rtcm -- MSM after sigindex: sig[2] code=27 idx=1
19:36:55.562 [main] DEBUG org.rtklib.java.rtcm.Rtcm -- MSM after sigindex: sig[3] code=58 idx=2
19:36:55.562 [main] DEBUG org.rtklib.java.rtcm.Rtcm -- MSM after sigindex: sig[4] code=2 idx=4
Msg #13: type=1124, time=2026-06-07 17:00:48.000 (week=2422 tow=61248.0)
19:36:55.562 [main] DEBUG org.rtklib.java.rtcm.Rtcm -- RTCM3 decoded message type=1124, length=54
19:36:55.562 [main] DEBUG org.rtklib.java.rtcm.Rtcm -- MSM BDS TOW: raw=61234000, tow=61248.0
19:36:55.562 [main] DEBUG org.rtklib.java.rtcm.Rtcm -- MSM BDS after adjweek: time.time=1780851648, time.sec=0.0
19:36:55.562 [main] DEBUG org.rtklib.java.rtcm.Rtcm -- decode_msm_head: sys=32 staid=0 nsat=1 nsig=4 sync=0 iod=0 ncell=4
19:36:55.562 [main] DEBUG org.rtklib.java.rtcm.Rtcm -- MSM sig[0] sigid=2 sigstr=2I code=40 idx=0
19:36:55.562 [main] DEBUG org.rtklib.java.rtcm.Rtcm -- MSM sig[1] sigid=8 sigstr=6I code=42 idx=3
19:36:55.562 [main] DEBUG org.rtklib.java.rtcm.Rtcm -- MSM sig[2] sigid=23 sigstr=5P code=58 idx=2
19:36:55.562 [main] DEBUG org.rtklib.java.rtcm.Rtcm -- MSM sig[3] sigid=31 sigstr=1P code=2 idx=4
19:36:55.562 [main] DEBUG org.rtklib.java.rtcm.Rtcm -- MSM after sigindex: sig[0] code=40 idx=0
19:36:55.562 [main] DEBUG org.rtklib.java.rtcm.Rtcm -- MSM after sigindex: sig[1] code=42 idx=3
19:36:55.562 [main] DEBUG org.rtklib.java.rtcm.Rtcm -- MSM after sigindex: sig[2] code=58 idx=2
19:36:55.562 [main] DEBUG org.rtklib.java.rtcm.Rtcm -- MSM after sigindex: sig[3] code=2 idx=4
Msg #14: type=1124, time=2026-06-07 17:00:48.000 (week=2422 tow=61248.0)
19:36:55.562 [main] DEBUG org.rtklib.java.rtcm.Rtcm -- RTCM3 decoded message type=1042, length=70
19:36:55.562 [main] INFO org.rtklib.java.rtcm.Rtcm -- RTCM 1042 eph stored: sat=106 prn=1 week=1066 toe=61200.0 A=42166232.7
Msg #15: type=1042, time=2026-06-07 17:00:48.000 (week=2422 tow=61248.0)
19:36:55.562 [main] DEBUG org.rtklib.java.rtcm.Rtcm -- RTCM3 decoded message type=1005, length=25
Msg #16: type=1005, time=2026-06-07 17:00:48.000 (week=2422 tow=61248.0)
19:36:55.562 [main] DEBUG org.rtklib.java.rtcm.Rtcm -- RTCM3 decoded message type=1033, length=27
Msg #17: type=1033, time=2026-06-07 17:00:48.000 (week=2422 tow=61248.0)
19:36:55.562 [main] DEBUG org.rtklib.java.rtcm.Rtcm -- RTCM3 decoded message type=1124, length=248
19:36:55.562 [main] DEBUG org.rtklib.java.rtcm.Rtcm -- MSM BDS TOW: raw=61249000, tow=61263.0
19:36:55.562 [main] DEBUG org.rtklib.java.rtcm.Rtcm -- MSM BDS after adjweek: time.time=1780851663, time.sec=0.0
19:36:55.562 [main] DEBUG org.rtklib.java.rtcm.Rtcm -- decode_msm_head: sys=32 staid=0 nsat=12 nsig=5 sync=0 iod=0 ncell=31
19:36:55.562 [main] DEBUG org.rtklib.java.rtcm.Rtcm -- MSM sig[0] sigid=2 sigstr=2I code=40 idx=0
19:36:55.562 [main] DEBUG org.rtklib.java.rtcm.Rtcm -- MSM sig[1] sigid=8 sigstr=6I code=42 idx=3
19:36:55.562 [main] DEBUG org.rtklib.java.rtcm.Rtcm -- MSM sig[2] sigid=14 sigstr=7I code=27 idx=1
19:36:55.562 [main] DEBUG org.rtklib.java.rtcm.Rtcm -- MSM sig[3] sigid=23 sigstr=5P code=58 idx=2
19:36:55.562 [main] DEBUG org.rtklib.java.rtcm.Rtcm -- MSM sig[4] sigid=31 sigstr=1P code=2 idx=4
19:36:55.562 [main] DEBUG org.rtklib.java.rtcm.Rtcm -- MSM after sigindex: sig[0] code=40 idx=0
19:36:55.562 [main] DEBUG org.rtklib.java.rtcm.Rtcm -- MSM after sigindex: sig[1] code=42 idx=3
19:36:55.562 [main] DEBUG org.rtklib.java.rtcm.Rtcm -- MSM after sigindex: sig[2] code=27 idx=1
19:36:55.562 [main] DEBUG org.rtklib.java.rtcm.Rtcm -- MSM after sigindex: sig[3] code=58 idx=2
19:36:55.562 [main] DEBUG org.rtklib.java.rtcm.Rtcm -- MSM after sigindex: sig[4] code=2 idx=4
Msg #18: type=1124, time=2026-06-07 17:01:03.000 (week=2422 tow=61263.0)
19:36:55.562 [main] DEBUG org.rtklib.java.rtcm.Rtcm -- RTCM3 decoded message type=1042, length=70
19:36:55.562 [main] INFO org.rtklib.java.rtcm.Rtcm -- RTCM 1042 eph stored: sat=107 prn=2 week=1066 toe=61200.0 A=42163941.3
Msg #19: type=1042, time=2026-06-07 17:01:03.000 (week=2422 tow=61263.0)
19:36:55.562 [main] DEBUG org.rtklib.java.rtcm.Rtcm -- RTCM3 decoded message type=1005, length=25
Msg #20: type=1005, time=2026-06-07 17:01:03.000 (week=2422 tow=61263.0)
]]></system-out>
  </testcase>
</testsuite>