<?xml version="1.0" encoding="UTF-8"?>
<testsuite xmlns:xsi="http://www.w3.org/2001/XMLSchema-instance" xsi:noNamespaceSchemaLocation="https://maven.apache.org/surefire/maven-surefire-plugin/xsd/surefire-test-report-3.0.xsd" version="3.0" name="org.rtklib.java.SppTest" time="0.036" tests="1" errors="0" skipped="0" failures="0">
  <properties>
[...]
</properties>
  <testcase name="testSppPositioning" classname="org.rtklib.java.SppTest" time="0.035">
    <system-out><![CDATA[13:15:25.590 [main] INFO org.rtklib.java.SppTest -- Loaded Rover RTCM data: 103816 bytes
13:15:25.594 [main] DEBUG org.rtklib.java.rtcm.Rtcm -- RTCM3 decoded message type=1005, length=25
13:15:25.594 [main] INFO org.rtklib.java.SppTest -- RTCM 1005 base station position: (-492860.33290000004, 5551481.2314, 3092889.6323)
13:15:25.594 [main] DEBUG org.rtklib.java.rtcm.Rtcm -- RTCM3 decoded message type=1033, length=27
13:15:25.594 [main] DEBUG org.rtklib.java.rtcm.Rtcm -- RTCM3 decoded message type=1124, length=248
13:15:25.594 [main] DEBUG org.rtklib.java.rtcm.Rtcm -- MSM BDS TOW: raw=61204000, tow=61218.0
13:15:25.594 [main] DEBUG org.rtklib.java.rtcm.Rtcm -- MSM BDS after adjweek: time.time=316026018, time.sec=0.0
13:15:25.594 [main] DEBUG org.rtklib.java.rtcm.Rtcm -- decode_msm_head: sys=32 staid=0 nsat=12 nsig=5 sync=1 iod=0 ncell=31
13:15:25.594 [main] DEBUG org.rtklib.java.rtcm.Rtcm -- MSM sig[0] sigid=2 sigstr=2I code=40 idx=0
13:15:25.594 [main] DEBUG org.rtklib.java.rtcm.Rtcm -- MSM sig[1] sigid=8 sigstr=6I code=42 idx=3
13:15:25.594 [main] DEBUG org.rtklib.java.rtcm.Rtcm -- MSM sig[2] sigid=14 sigstr=7I code=27 idx=1
13:15:25.594 [main] DEBUG org.rtklib.java.rtcm.Rtcm -- MSM sig[3] sigid=23 sigstr=5P code=58 idx=2
13:15:25.594 [main] DEBUG org.rtklib.java.rtcm.Rtcm -- MSM sig[4] sigid=31 sigstr=1P code=2 idx=4
13:15:25.594 [main] DEBUG org.rtklib.java.rtcm.Rtcm -- MSM after sigindex: sig[0] code=40 idx=0
13:15:25.594 [main] DEBUG org.rtklib.java.rtcm.Rtcm -- MSM after sigindex: sig[1] code=42 idx=3
13:15:25.594 [main] DEBUG org.rtklib.java.rtcm.Rtcm -- MSM after sigindex: sig[2] code=27 idx=1
13:15:25.594 [main] DEBUG org.rtklib.java.rtcm.Rtcm -- MSM after sigindex: sig[3] code=58 idx=2
13:15:25.594 [main] DEBUG org.rtklib.java.rtcm.Rtcm -- MSM after sigindex: sig[4] code=2 idx=4
13:15:25.594 [main] DEBUG org.rtklib.java.rtcm.Rtcm -- RTCM3 decoded message type=1124, length=54
13:15:25.594 [main] DEBUG org.rtklib.java.rtcm.Rtcm -- MSM BDS TOW: raw=61204000, tow=61218.0
13:15:25.594 [main] DEBUG org.rtklib.java.rtcm.Rtcm -- MSM BDS after adjweek: time.time=316026018, time.sec=0.0
13:15:25.594 [main] DEBUG org.rtklib.java.rtcm.Rtcm -- decode_msm_head: sys=32 staid=0 nsat=1 nsig=4 sync=0 iod=0 ncell=4
13:15:25.594 [main] DEBUG org.rtklib.java.rtcm.Rtcm -- MSM sig[0] sigid=2 sigstr=2I code=40 idx=0
13:15:25.594 [main] DEBUG org.rtklib.java.rtcm.Rtcm -- MSM sig[1] sigid=8 sigstr=6I code=42 idx=3
13:15:25.594 [main] DEBUG org.rtklib.java.rtcm.Rtcm -- MSM sig[2] sigid=23 sigstr=5P code=58 idx=2
13:15:25.594 [main] DEBUG org.rtklib.java.rtcm.Rtcm -- MSM sig[3] sigid=31 sigstr=1P code=2 idx=4
13:15:25.594 [main] DEBUG org.rtklib.java.rtcm.Rtcm -- MSM after sigindex: sig[0] code=40 idx=0
13:15:25.594 [main] DEBUG org.rtklib.java.rtcm.Rtcm -- MSM after sigindex: sig[1] code=42 idx=3
13:15:25.594 [main] DEBUG org.rtklib.java.rtcm.Rtcm -- MSM after sigindex: sig[2] code=58 idx=2
13:15:25.594 [main] DEBUG org.rtklib.java.rtcm.Rtcm -- MSM after sigindex: sig[3] code=2 idx=4
13:15:25.594 [main] DEBUG org.rtklib.java.rtcm.Rtcm -- RTCM3 decoded message type=1042, length=70
13:15:25.594 [main] INFO org.rtklib.java.rtcm.Rtcm -- RTCM 1042 eph stored: sat=137 prn=32 week=1066 toe=54000.0 A=27906219.4
13:15:25.595 [main] DEBUG org.rtklib.java.rtcm.Rtcm -- RTCM3 decoded message type=1005, length=25
13:15:25.595 [main] INFO org.rtklib.java.SppTest -- RTCM 1005 base station position: (-492860.33290000004, 5551481.2314, 3092889.6323)
13:15:25.595 [main] DEBUG org.rtklib.java.rtcm.Rtcm -- RTCM3 decoded message type=1033, length=27
13:15:25.595 [main] DEBUG org.rtklib.java.rtcm.Rtcm -- RTCM3 decoded message type=1124, length=236
13:15:25.595 [main] DEBUG org.rtklib.java.rtcm.Rtcm -- MSM BDS TOW: raw=61219000, tow=61233.0
13:15:25.595 [main] DEBUG org.rtklib.java.rtcm.Rtcm -- MSM BDS after adjweek: time.time=1780851633, time.sec=0.0
13:15:25.595 [main] DEBUG org.rtklib.java.rtcm.Rtcm -- decode_msm_head: sys=32 staid=0 nsat=12 nsig=5 sync=1 iod=0 ncell=29
13:15:25.595 [main] DEBUG org.rtklib.java.rtcm.Rtcm -- MSM sig[0] sigid=2 sigstr=2I code=40 idx=0
13:15:25.595 [main] DEBUG org.rtklib.java.rtcm.Rtcm -- MSM sig[1] sigid=8 sigstr=6I code=42 idx=3
13:15:25.595 [main] DEBUG org.rtklib.java.rtcm.Rtcm -- MSM sig[2] sigid=14 sigstr=7I code=27 idx=1
13:15:25.595 [main] DEBUG org.rtklib.java.rtcm.Rtcm -- MSM sig[3] sigid=23 sigstr=5P code=58 idx=2
13:15:25.595 [main] DEBUG org.rtklib.java.rtcm.Rtcm -- MSM sig[4] sigid=31 sigstr=1P code=2 idx=4
13:15:25.595 [main] DEBUG org.rtklib.java.rtcm.Rtcm -- MSM after sigindex: sig[0] code=40 idx=0
13:15:25.595 [main] DEBUG org.rtklib.java.rtcm.Rtcm -- MSM after sigindex: sig[1] code=42 idx=3
13:15:25.595 [main] DEBUG org.rtklib.java.rtcm.Rtcm -- MSM after sigindex: sig[2] code=27 idx=1
13:15:25.595 [main] DEBUG org.rtklib.java.rtcm.Rtcm -- MSM after sigindex: sig[3] code=58 idx=2
13:15:25.595 [main] DEBUG org.rtklib.java.rtcm.Rtcm -- MSM after sigindex: sig[4] code=2 idx=4
13:15:25.595 [main] DEBUG org.rtklib.java.rtcm.Rtcm -- RTCM3 decoded message type=1124, length=54
13:15:25.595 [main] DEBUG org.rtklib.java.rtcm.Rtcm -- MSM BDS TOW: raw=61219000, tow=61233.0
13:15:25.595 [main] DEBUG org.rtklib.java.rtcm.Rtcm -- MSM BDS after adjweek: time.time=1780851633, time.sec=0.0
13:15:25.595 [main] DEBUG org.rtklib.java.rtcm.Rtcm -- decode_msm_head: sys=32 staid=0 nsat=1 nsig=4 sync=0 iod=0 ncell=4
13:15:25.595 [main] DEBUG org.rtklib.java.rtcm.Rtcm -- MSM sig[0] sigid=2 sigstr=2I code=40 idx=0
13:15:25.595 [main] DEBUG org.rtklib.java.rtcm.Rtcm -- MSM sig[1] sigid=8 sigstr=6I code=42 idx=3
13:15:25.595 [main] DEBUG org.rtklib.java.rtcm.Rtcm -- MSM sig[2] sigid=23 sigstr=5P code=58 idx=2
13:15:25.595 [main] DEBUG org.rtklib.java.rtcm.Rtcm -- MSM sig[3] sigid=31 sigstr=1P code=2 idx=4
13:15:25.595 [main] DEBUG org.rtklib.java.rtcm.Rtcm -- MSM after sigindex: sig[0] code=40 idx=0
13:15:25.595 [main] DEBUG org.rtklib.java.rtcm.Rtcm -- MSM after sigindex: sig[1] code=42 idx=3
13:15:25.595 [main] DEBUG org.rtklib.java.rtcm.Rtcm -- MSM after sigindex: sig[2] code=58 idx=2
13:15:25.595 [main] DEBUG org.rtklib.java.rtcm.Rtcm -- MSM after sigindex: sig[3] code=2 idx=4
13:15:25.595 [main] DEBUG org.rtklib.java.rtcm.Rtcm -- RTCM3 decoded message type=1042, length=70
13:15:25.595 [main] INFO org.rtklib.java.rtcm.Rtcm -- RTCM 1042 eph stored: sat=112 prn=7 week=1066 toe=61200.0 A=42165725.8
13:15:25.595 [main] DEBUG org.rtklib.java.rtcm.Rtcm -- RTCM3 decoded message type=1005, length=25
13:15:25.595 [main] INFO org.rtklib.java.SppTest -- RTCM 1005 base station position: (-492860.33290000004, 5551481.2314, 3092889.6323)
13:15:25.595 [main] DEBUG org.rtklib.java.rtcm.Rtcm -- RTCM3 decoded message type=1033, length=27
13:15:25.595 [main] DEBUG org.rtklib.java.rtcm.Rtcm -- RTCM3 decoded message type=1124, length=236
13:15:25.595 [main] DEBUG org.rtklib.java.rtcm.Rtcm -- MSM BDS TOW: raw=61234000, tow=61248.0
13:15:25.595 [main] DEBUG org.rtklib.java.rtcm.Rtcm -- MSM BDS after adjweek: time.time=1780851648, time.sec=0.0
13:15:25.595 [main] DEBUG org.rtklib.java.rtcm.Rtcm -- decode_msm_head: sys=32 staid=0 nsat=12 nsig=5 sync=1 iod=0 ncell=29
13:15:25.595 [main] DEBUG org.rtklib.java.rtcm.Rtcm -- MSM sig[0] sigid=2 sigstr=2I code=40 idx=0
13:15:25.595 [main] DEBUG org.rtklib.java.rtcm.Rtcm -- MSM sig[1] sigid=8 sigstr=6I code=42 idx=3
13:15:25.595 [main] DEBUG org.rtklib.java.rtcm.Rtcm -- MSM sig[2] sigid=14 sigstr=7I code=27 idx=1
13:15:25.595 [main] DEBUG org.rtklib.java.rtcm.Rtcm -- MSM sig[3] sigid=23 sigstr=5P code=58 idx=2
13:15:25.595 [main] DEBUG org.rtklib.java.rtcm.Rtcm -- MSM sig[4] sigid=31 sigstr=1P code=2 idx=4
13:15:25.595 [main] DEBUG org.rtklib.java.rtcm.Rtcm -- MSM after sigindex: sig[0] code=40 idx=0
13:15:25.595 [main] DEBUG org.rtklib.java.rtcm.Rtcm -- MSM after sigindex: sig[1] code=42 idx=3
13:15:25.595 [main] DEBUG org.rtklib.java.rtcm.Rtcm -- MSM after sigindex: sig[2] code=27 idx=1
13:15:25.595 [main] DEBUG org.rtklib.java.rtcm.Rtcm -- MSM after sigindex: sig[3] code=58 idx=2
13:15:25.595 [main] DEBUG org.rtklib.java.rtcm.Rtcm -- MSM after sigindex: sig[4] code=2 idx=4
13:15:25.595 [main] DEBUG org.rtklib.java.rtcm.Rtcm -- RTCM3 decoded message type=1124, length=54
13:15:25.595 [main] DEBUG org.rtklib.java.rtcm.Rtcm -- MSM BDS TOW: raw=61234000, tow=61248.0
13:15:25.595 [main] DEBUG org.rtklib.java.rtcm.Rtcm -- MSM BDS after adjweek: time.time=1780851648, time.sec=0.0
13:15:25.595 [main] DEBUG org.rtklib.java.rtcm.Rtcm -- decode_msm_head: sys=32 staid=0 nsat=1 nsig=4 sync=0 iod=0 ncell=4
13:15:25.595 [main] DEBUG org.rtklib.java.rtcm.Rtcm -- MSM sig[0] sigid=2 sigstr=2I code=40 idx=0
13:15:25.595 [main] DEBUG org.rtklib.java.rtcm.Rtcm -- MSM sig[1] sigid=8 sigstr=6I code=42 idx=3
13:15:25.595 [main] DEBUG org.rtklib.java.rtcm.Rtcm -- MSM sig[2] sigid=23 sigstr=5P code=58 idx=2
13:15:25.595 [main] DEBUG org.rtklib.java.rtcm.Rtcm -- MSM sig[3] sigid=31 sigstr=1P code=2 idx=4
13:15:25.595 [main] DEBUG org.rtklib.java.rtcm.Rtcm -- MSM after sigindex: sig[0] code=40 idx=0
13:15:25.595 [main] DEBUG org.rtklib.java.rtcm.Rtcm -- MSM after sigindex: sig[1] code=42 idx=3
13:15:25.595 [main] DEBUG org.rtklib.java.rtcm.Rtcm -- MSM after sigindex: sig[2] code=58 idx=2
13:15:25.595 [main] DEBUG org.rtklib.java.rtcm.Rtcm -- MSM after sigindex: sig[3] code=2 idx=4
13:15:25.595 [main] DEBUG org.rtklib.java.rtcm.Rtcm -- RTCM3 decoded message type=1042, length=70
13:15:25.595 [main] INFO org.rtklib.java.rtcm.Rtcm -- RTCM 1042 eph stored: sat=106 prn=1 week=1066 toe=61200.0 A=42166232.7
13:15:25.595 [main] DEBUG org.rtklib.java.rtcm.Rtcm -- RTCM3 decoded message type=1005, length=25
13:15:25.595 [main] INFO org.rtklib.java.SppTest -- RTCM 1005 base station position: (-492860.33290000004, 5551481.2314, 3092889.6323)
13:15:25.595 [main] DEBUG org.rtklib.java.rtcm.Rtcm -- RTCM3 decoded message type=1033, length=27
13:15:25.595 [main] DEBUG org.rtklib.java.rtcm.Rtcm -- RTCM3 decoded message type=1124, length=248
13:15:25.595 [main] DEBUG org.rtklib.java.rtcm.Rtcm -- MSM BDS TOW: raw=61249000, tow=61263.0
13:15:25.595 [main] DEBUG org.rtklib.java.rtcm.Rtcm -- MSM BDS after adjweek: time.time=1780851663, time.sec=0.0
13:15:25.595 [main] DEBUG org.rtklib.java.rtcm.Rtcm -- decode_msm_head: sys=32 staid=0 nsat=12 nsig=5 sync=0 iod=0 ncell=31
13:15:25.595 [main] DEBUG org.rtklib.java.rtcm.Rtcm -- MSM sig[0] sigid=2 sigstr=2I code=40 idx=0
13:15:25.595 [main] DEBUG org.rtklib.java.rtcm.Rtcm -- MSM sig[1] sigid=8 sigstr=6I code=42 idx=3
13:15:25.595 [main] DEBUG org.rtklib.java.rtcm.Rtcm -- MSM sig[2] sigid=14 sigstr=7I code=27 idx=1
13:15:25.595 [main] DEBUG org.rtklib.java.rtcm.Rtcm -- MSM sig[3] sigid=23 sigstr=5P code=58 idx=2
13:15:25.595 [main] DEBUG org.rtklib.java.rtcm.Rtcm -- MSM sig[4] sigid=31 sigstr=1P code=2 idx=4
13:15:25.595 [main] DEBUG org.rtklib.java.rtcm.Rtcm -- MSM after sigindex: sig[0] code=40 idx=0
13:15:25.595 [main] DEBUG org.rtklib.java.rtcm.Rtcm -- MSM after sigindex: sig[1] code=42 idx=3
13:15:25.595 [main] DEBUG org.rtklib.java.rtcm.Rtcm -- MSM after sigindex: sig[2] code=27 idx=1
13:15:25.595 [main] DEBUG org.rtklib.java.rtcm.Rtcm -- MSM after sigindex: sig[3] code=58 idx=2
13:15:25.595 [main] DEBUG org.rtklib.java.rtcm.Rtcm -- MSM after sigindex: sig[4] code=2 idx=4
13:15:25.595 [main] DEBUG org.rtklib.java.rtcm.Rtcm -- RTCM3 decoded message type=1042, length=70
13:15:25.595 [main] INFO org.rtklib.java.rtcm.Rtcm -- RTCM 1042 eph stored: sat=107 prn=2 week=1066 toe=61200.0 A=42163941.3
13:15:25.595 [main] DEBUG org.rtklib.java.rtcm.Rtcm -- RTCM3 decoded message type=1005, length=25
13:15:25.595 [main] INFO org.rtklib.java.SppTest -- RTCM 1005 base station position: (-492860.33290000004, 5551481.2314, 3092889.6323)
13:15:25.595 [main] DEBUG org.rtklib.java.rtcm.Rtcm -- RTCM3 decoded message type=1033, length=27
13:15:25.595 [main] DEBUG org.rtklib.java.rtcm.Rtcm -- RTCM3 decoded message type=1124, length=260
13:15:25.595 [main] DEBUG org.rtklib.java.rtcm.Rtcm -- MSM BDS TOW: raw=61264000, tow=61278.0
13:15:25.595 [main] DEBUG org.rtklib.java.rtcm.Rtcm -- MSM BDS after adjweek: time.time=1780851678, time.sec=0.0
13:15:25.595 [main] DEBUG org.rtklib.java.rtcm.Rtcm -- decode_msm_head: sys=32 staid=0 nsat=12 nsig=5 sync=0 iod=0 ncell=33
13:15:25.595 [main] DEBUG org.rtklib.java.rtcm.Rtcm -- MSM sig[0] sigid=2 sigstr=2I code=40 idx=0
13:15:25.595 [main] DEBUG org.rtklib.java.rtcm.Rtcm -- MSM sig[1] sigid=8 sigstr=6I code=42 idx=3
13:15:25.595 [main] DEBUG org.rtklib.java.rtcm.Rtcm -- MSM sig[2] sigid=14 sigstr=7I code=27 idx=1
13:15:25.595 [main] DEBUG org.rtklib.java.rtcm.Rtcm -- MSM sig[3] sigid=23 sigstr=5P code=58 idx=2
13:15:25.595 [main] DEBUG org.rtklib.java.rtcm.Rtcm -- MSM sig[4] sigid=31 sigstr=1P code=2 idx=4
13:15:25.595 [main] DEBUG org.rtklib.java.rtcm.Rtcm -- MSM after sigindex: sig[0] code=40 idx=0
13:15:25.595 [main] DEBUG org.rtklib.java.rtcm.Rtcm -- MSM after sigindex: sig[1] code=42 idx=3
13:15:25.595 [main] DEBUG org.rtklib.java.rtcm.Rtcm -- MSM after sigindex: sig[2] code=27 idx=1
13:15:25.595 [main] DEBUG org.rtklib.java.rtcm.Rtcm -- MSM after sigindex: sig[3] code=58 idx=2
13:15:25.595 [main] DEBUG org.rtklib.java.rtcm.Rtcm -- MSM after sigindex: sig[4] code=2 idx=4
13:15:25.595 [main] DEBUG org.rtklib.java.rtcm.Rtcm -- RTCM3 decoded message type=1042, length=70
13:15:25.595 [main] INFO org.rtklib.java.rtcm.Rtcm -- RTCM 1042 eph stored: sat=108 prn=3 week=1066 toe=61200.0 A=42164777.8
13:15:25.595 [main] DEBUG org.rtklib.java.rtcm.Rtcm -- RTCM3 decoded message type=1005, length=25
13:15:25.595 [main] INFO org.rtklib.java.SppTest -- RTCM 1005 base station position: (-492860.33290000004, 5551481.2314, 3092889.6323)
13:15:25.595 [main] DEBUG org.rtklib.java.rtcm.Rtcm -- RTCM3 decoded message type=1033, length=27
13:15:25.595 [main] DEBUG org.rtklib.java.rtcm.Rtcm -- RTCM3 decoded message type=1124, length=254
13:15:25.595 [main] DEBUG org.rtklib.java.rtcm.Rtcm -- MSM BDS TOW: raw=61279000, tow=61293.0
13:15:25.595 [main] DEBUG org.rtklib.java.rtcm.Rtcm -- MSM BDS after adjweek: time.time=1780851693, time.sec=0.0
13:15:25.595 [main] DEBUG org.rtklib.java.rtcm.Rtcm -- decode_msm_head: sys=32 staid=0 nsat=12 nsig=5 sync=0 iod=0 ncell=32
13:15:25.595 [main] DEBUG org.rtklib.java.rtcm.Rtcm -- MSM sig[0] sigid=2 sigstr=2I code=40 idx=0
13:15:25.595 [main] DEBUG org.rtklib.java.rtcm.Rtcm -- MSM sig[1] sigid=8 sigstr=6I code=42 idx=3
13:15:25.595 [main] DEBUG org.rtklib.java.rtcm.Rtcm -- MSM sig[2] sigid=14 sigstr=7I code=27 idx=1
13:15:25.595 [main] DEBUG org.rtklib.java.rtcm.Rtcm -- MSM sig[3] sigid=23 sigstr=5P code=58 idx=2
13:15:25.595 [main] DEBUG org.rtklib.java.rtcm.Rtcm -- MSM sig[4] sigid=31 sigstr=1P code=2 idx=4
13:15:25.595 [main] DEBUG org.rtklib.java.rtcm.Rtcm -- MSM after sigindex: sig[0] code=40 idx=0
13:15:25.595 [main] DEBUG org.rtklib.java.rtcm.Rtcm -- MSM after sigindex: sig[1] code=42 idx=3
13:15:25.595 [main] DEBUG org.rtklib.java.rtcm.Rtcm -- MSM after sigindex: sig[2] code=27 idx=1
13:15:25.595 [main] DEBUG org.rtklib.java.rtcm.Rtcm -- MSM after sigindex: sig[3] code=58 idx=2
13:15:25.595 [main] DEBUG org.rtklib.java.rtcm.Rtcm -- MSM after sigindex: sig[4] code=2 idx=4
13:15:25.595 [main] DEBUG org.rtklib.java.rtcm.Rtcm -- RTCM3 decoded message type=1042, length=70
13:15:25.595 [main] INFO org.rtklib.java.rtcm.Rtcm -- RTCM 1042 eph stored: sat=113 prn=8 week=1066 toe=61200.0 A=42158272.3
13:15:25.595 [main] DEBUG org.rtklib.java.rtcm.Rtcm -- RTCM3 decoded message type=1005, length=25
13:15:25.595 [main] INFO org.rtklib.java.SppTest -- RTCM 1005 base station position: (-492860.33290000004, 5551481.2314, 3092889.6323)
13:15:25.595 [main] DEBUG org.rtklib.java.rtcm.Rtcm -- RTCM3 decoded message type=1033, length=27
13:15:25.595 [main] DEBUG org.rtklib.java.rtcm.Rtcm -- RTCM3 decoded message type=1124, length=254
13:15:25.595 [main] DEBUG org.rtklib.java.rtcm.Rtcm -- MSM BDS TOW: raw=61294000, tow=61308.0
13:15:25.595 [main] DEBUG org.rtklib.java.rtcm.Rtcm -- MSM BDS after adjweek: time.time=1780851708, time.sec=0.0
13:15:25.595 [main] DEBUG org.rtklib.java.rtcm.Rtcm -- decode_msm_head: sys=32 staid=0 nsat=12 nsig=5 sync=0 iod=0 ncell=32
13:15:25.595 [main] DEBUG org.rtklib.java.rtcm.Rtcm -- MSM sig[0] sigid=2 sigstr=2I code=40 idx=0
13:15:25.595 [main] DEBUG org.rtklib.java.rtcm.Rtcm -- MSM sig[1] sigid=8 sigstr=6I code=42 idx=3
13:15:25.595 [main] DEBUG org.rtklib.java.rtcm.Rtcm -- MSM sig[2] sigid=14 sigstr=7I code=27 idx=1
13:15:25.595 [main] DEBUG org.rtklib.java.rtcm.Rtcm -- MSM sig[3] sigid=23 sigstr=5P code=58 idx=2
13:15:25.595 [main] DEBUG org.rtklib.java.rtcm.Rtcm -- MSM sig[4] sigid=31 sigstr=1P code=2 idx=4
13:15:25.595 [main] DEBUG org.rtklib.java.rtcm.Rtcm -- MSM after sigindex: sig[0] code=40 idx=0
13:15:25.595 [main] DEBUG org.rtklib.java.rtcm.Rtcm -- MSM after sigindex: sig[1] code=42 idx=3
13:15:25.595 [main] DEBUG org.rtklib.java.rtcm.Rtcm -- MSM after sigindex: sig[2] code=27 idx=1
13:15:25.595 [main] DEBUG org.rtklib.java.rtcm.Rtcm -- MSM after sigindex: sig[3] code=58 idx=2
13:15:25.595 [main] DEBUG org.rtklib.java.rtcm.Rtcm -- MSM after sigindex: sig[4] code=2 idx=4
13:15:25.595 [main] DEBUG org.rtklib.java.rtcm.Rtcm -- RTCM3 decoded message type=1042, length=70
13:15:25.595 [main] INFO org.rtklib.java.rtcm.Rtcm -- RTCM 1042 eph stored: sat=114 prn=9 week=1066 toe=61200.0 A=42167667.7
13:15:25.595 [main] DEBUG org.rtklib.java.rtcm.Rtcm -- RTCM3 decoded message type=1005, length=25
13:15:25.595 [main] INFO org.rtklib.java.SppTest -- RTCM 1005 base station position: (-492860.33290000004, 5551481.2314, 3092889.6323)
13:15:25.595 [main] DEBUG org.rtklib.java.rtcm.Rtcm -- RTCM3 decoded message type=1033, length=27
13:15:25.595 [main] DEBUG org.rtklib.java.rtcm.Rtcm -- RTCM3 decoded message type=1124, length=260
13:15:25.595 [main] DEBUG org.rtklib.java.rtcm.Rtcm -- MSM BDS TOW: raw=61309000, tow=61323.0
13:15:25.595 [main] DEBUG org.rtklib.java.rtcm.Rtcm -- MSM BDS after adjweek: time.time=1780851723, time.sec=0.0
13:15:25.595 [main] DEBUG org.rtklib.java.rtcm.Rtcm -- decode_msm_head: sys=32 staid=0 nsat=12 nsig=5 sync=0 iod=0 ncell=33
13:15:25.595 [main] DEBUG org.rtklib.java.rtcm.Rtcm -- MSM sig[0] sigid=2 sigstr=2I code=40 idx=0
13:15:25.595 [main] DEBUG org.rtklib.java.rtcm.Rtcm -- MSM sig[1] sigid=8 sigstr=6I code=42 idx=3
13:15:25.595 [main] DEBUG org.rtklib.java.rtcm.Rtcm -- MSM sig[2] sigid=14 sigstr=7I code=27 idx=1
13:15:25.595 [main] DEBUG org.rtklib.java.rtcm.Rtcm -- MSM sig[3] sigid=23 sigstr=5P code=58 idx=2
13:15:25.595 [main] DEBUG org.rtklib.java.rtcm.Rtcm -- MSM sig[4] sigid=31 sigstr=1P code=2 idx=4
13:15:25.595 [main] DEBUG org.rtklib.java.rtcm.Rtcm -- MSM after sigindex: sig[0] code=40 idx=0
13:15:25.595 [main] DEBUG org.rtklib.java.rtcm.Rtcm -- MSM after sigindex: sig[1] code=42 idx=3
13:15:25.595 [main] DEBUG org.rtklib.java.rtcm.Rtcm -- MSM after sigindex: sig[2] code=27 idx=1
13:15:25.595 [main] DEBUG org.rtklib.java.rtcm.Rtcm -- MSM after sigindex: sig[3] code=58 idx=2
13:15:25.595 [main] DEBUG org.rtklib.java.rtcm.Rtcm -- MSM after sigindex: sig[4] code=2 idx=4
13:15:25.595 [main] DEBUG org.rtklib.java.rtcm.Rtcm -- RTCM3 decoded message type=1042, length=70
13:15:25.595 [main] INFO org.rtklib.java.rtcm.Rtcm -- RTCM 1042 eph stored: sat=115 prn=10 week=1066 toe=61200.0 A=42169927.7
13:15:25.595 [main] DEBUG org.rtklib.java.rtcm.Rtcm -- RTCM3 decoded message type=1005, length=25
13:15:25.595 [main] INFO org.rtklib.java.SppTest -- RTCM 1005 base station position: (-492860.33290000004, 5551481.2314, 3092889.6323)
13:15:25.595 [main] DEBUG org.rtklib.java.rtcm.Rtcm -- RTCM3 decoded message type=1033, length=27
13:15:25.595 [main] DEBUG org.rtklib.java.rtcm.Rtcm -- RTCM3 decoded message type=1124, length=260
13:15:25.595 [main] DEBUG org.rtklib.java.rtcm.Rtcm -- MSM BDS TOW: raw=61324000, tow=61338.0
13:15:25.595 [main] DEBUG org.rtklib.java.rtcm.Rtcm -- MSM BDS after adjweek: time.time=1780851738, time.sec=0.0
13:15:25.595 [main] DEBUG org.rtklib.java.rtcm.Rtcm -- decode_msm_head: sys=32 staid=0 nsat=12 nsig=5 sync=0 iod=0 ncell=33
13:15:25.595 [main] DEBUG org.rtklib.java.rtcm.Rtcm -- MSM sig[0] sigid=2 sigstr=2I code=40 idx=0
13:15:25.595 [main] DEBUG org.rtklib.java.rtcm.Rtcm -- MSM sig[1] sigid=8 sigstr=6I code=42 idx=3
13:15:25.595 [main] DEBUG org.rtklib.java.rtcm.Rtcm -- MSM sig[2] sigid=14 sigstr=7I code=27 idx=1
13:15:25.595 [main] DEBUG org.rtklib.java.rtcm.Rtcm -- MSM sig[3] sigid=23 sigstr=5P code=58 idx=2
13:15:25.595 [main] DEBUG org.rtklib.java.rtcm.Rtcm -- MSM sig[4] sigid=31 sigstr=1P code=2 idx=4
13:15:25.595 [main] DEBUG org.rtklib.java.rtcm.Rtcm -- MSM after sigindex: sig[0] code=40 idx=0
13:15:25.595 [main] DEBUG org.rtklib.java.rtcm.Rtcm -- MSM after sigindex: sig[1] code=42 idx=3
13:15:25.595 [main] DEBUG org.rtklib.java.rtcm.Rtcm -- MSM after sigindex: sig[2] code=27 idx=1
13:15:25.595 [main] DEBUG org.rtklib.java.rtcm.Rtcm -- MSM after sigindex: sig[3] code=58 idx=2
13:15:25.595 [main] DEBUG org.rtklib.java.rtcm.Rtcm -- MSM after sigindex: sig[4] code=2 idx=4
13:15:25.595 [main] DEBUG org.rtklib.java.rtcm.Rtcm -- RTCM3 decoded message type=1042, length=70
13:15:25.595 [main] INFO org.rtklib.java.rtcm.Rtcm -- RTCM 1042 eph stored: sat=117 prn=12 week=1066 toe=61200.0 A=27906348.6
13:15:25.595 [main] DEBUG org.rtklib.java.rtcm.Rtcm -- RTCM3 decoded message type=1005, length=25
13:15:25.595 [main] INFO org.rtklib.java.SppTest -- RTCM 1005 base station position: (-492860.33290000004, 5551481.2314, 3092889.6323)
13:15:25.595 [main] DEBUG org.rtklib.java.rtcm.Rtcm -- RTCM3 decoded message type=1033, length=27
13:15:25.595 [main] DEBUG org.rtklib.java.rtcm.Rtcm -- RTCM3 decoded message type=1124, length=266
13:15:25.595 [main] DEBUG org.rtklib.java.rtcm.Rtcm -- MSM BDS TOW: raw=61339000, tow=61353.0
13:15:25.595 [main] DEBUG org.rtklib.java.rtcm.Rtcm -- MSM BDS after adjweek: time.time=1780851753, time.sec=0.0
13:15:25.595 [main] DEBUG org.rtklib.java.rtcm.Rtcm -- decode_msm_head: sys=32 staid=0 nsat=12 nsig=5 sync=0 iod=0 ncell=34
13:15:25.595 [main] DEBUG org.rtklib.java.rtcm.Rtcm -- MSM sig[0] sigid=2 sigstr=2I code=40 idx=0
13:15:25.595 [main] DEBUG org.rtklib.java.rtcm.Rtcm -- MSM sig[1] sigid=8 sigstr=6I code=42 idx=3
13:15:25.595 [main] DEBUG org.rtklib.java.rtcm.Rtcm -- MSM sig[2] sigid=14 sigstr=7I code=27 idx=1
13:15:25.595 [main] DEBUG org.rtklib.java.rtcm.Rtcm -- MSM sig[3] sigid=23 sigstr=5P code=58 idx=2
13:15:25.595 [main] DEBUG org.rtklib.java.rtcm.Rtcm -- MSM sig[4] sigid=31 sigstr=1P code=2 idx=4
13:15:25.595 [main] DEBUG org.rtklib.java.rtcm.Rtcm -- MSM after sigindex: sig[0] code=40 idx=0
13:15:25.595 [main] DEBUG org.rtklib.java.rtcm.Rtcm -- MSM after sigindex: sig[1] code=42 idx=3
13:15:25.595 [main] DEBUG org.rtklib.java.rtcm.Rtcm -- MSM after sigindex: sig[2] code=27 idx=1
13:15:25.595 [main] DEBUG org.rtklib.java.rtcm.Rtcm -- MSM after sigindex: sig[3] code=58 idx=2
13:15:25.595 [main] DEBUG org.rtklib.java.rtcm.Rtcm -- MSM after sigindex: sig[4] code=2 idx=4
13:15:25.595 [main] DEBUG org.rtklib.java.rtcm.Rtcm -- RTCM3 decoded message type=1042, length=70
13:15:25.595 [main] INFO org.rtklib.java.rtcm.Rtcm -- RTCM 1042 eph stored: sat=124 prn=19 week=1066 toe=61200.0 A=27906196.7
13:15:25.595 [main] DEBUG org.rtklib.java.rtcm.Rtcm -- RTCM3 decoded message type=1005, length=25
13:15:25.595 [main] INFO org.rtklib.java.SppTest -- RTCM 1005 base station position: (-492860.33290000004, 5551481.2314, 3092889.6323)
13:15:25.595 [main] DEBUG org.rtklib.java.rtcm.Rtcm -- RTCM3 decoded message type=1033, length=27
13:15:25.595 [main] DEBUG org.rtklib.java.rtcm.Rtcm -- RTCM3 decoded message type=1124, length=254
13:15:25.595 [main] DEBUG org.rtklib.java.rtcm.Rtcm -- MSM BDS TOW: raw=61354000, tow=61368.0
13:15:25.595 [main] DEBUG org.rtklib.java.rtcm.Rtcm -- MSM BDS after adjweek: time.time=1780851768, time.sec=0.0
13:15:25.595 [main] DEBUG org.rtklib.java.rtcm.Rtcm -- decode_msm_head: sys=32 staid=0 nsat=12 nsig=5 sync=0 iod=0 ncell=32
13:15:25.595 [main] DEBUG org.rtklib.java.rtcm.Rtcm -- MSM sig[0] sigid=2 sigstr=2I code=40 idx=0
13:15:25.595 [main] DEBUG org.rtklib.java.rtcm.Rtcm -- MSM sig[1] sigid=8 sigstr=6I code=42 idx=3
13:15:25.595 [main] DEBUG org.rtklib.java.rtcm.Rtcm -- MSM sig[2] sigid=14 sigstr=7I code=27 idx=1
13:15:25.595 [main] DEBUG org.rtklib.java.rtcm.Rtcm -- MSM sig[3] sigid=23 sigstr=5P code=58 idx=2
13:15:25.595 [main] DEBUG org.rtklib.java.rtcm.Rtcm -- MSM sig[4] sigid=31 sigstr=1P code=2 idx=4
13:15:25.595 [main] DEBUG org.rtklib.java.rtcm.Rtcm -- MSM after sigindex: sig[0] code=40 idx=0
13:15:25.595 [main] DEBUG org.rtklib.java.rtcm.Rtcm -- MSM after sigindex: sig[1] code=42 idx=3
13:15:25.595 [main] DEBUG org.rtklib.java.rtcm.Rtcm -- MSM after sigindex: sig[2] code=27 idx=1
13:15:25.595 [main] DEBUG org.rtklib.java.rtcm.Rtcm -- MSM after sigindex: sig[3] code=58 idx=2
13:15:25.595 [main] DEBUG org.rtklib.java.rtcm.Rtcm -- MSM after sigindex: sig[4] code=2 idx=4
13:15:25.595 [main] DEBUG org.rtklib.java.rtcm.Rtcm -- RTCM3 decoded message type=1042, length=70
13:15:25.595 [main] INFO org.rtklib.java.rtcm.Rtcm -- RTCM 1042 eph stored: sat=125 prn=20 week=1066 toe=61200.0 A=27906274.3
13:15:25.595 [main] DEBUG org.rtklib.java.rtcm.Rtcm -- RTCM3 decoded message type=1005, length=25
13:15:25.595 [main] INFO org.rtklib.java.SppTest -- RTCM 1005 base station position: (-492860.33290000004, 5551481.2314, 3092889.6323)
13:15:25.595 [main] DEBUG org.rtklib.java.rtcm.Rtcm -- RTCM3 decoded message type=1033, length=27
13:15:25.595 [main] DEBUG org.rtklib.java.rtcm.Rtcm -- RTCM3 decoded message type=1124, length=248
13:15:25.595 [main] DEBUG org.rtklib.java.rtcm.Rtcm -- MSM BDS TOW: raw=61369000, tow=61383.0
13:15:25.595 [main] DEBUG org.rtklib.java.rtcm.Rtcm -- MSM BDS after adjweek: time.time=1780851783, time.sec=0.0
13:15:25.595 [main] DEBUG org.rtklib.java.rtcm.Rtcm -- decode_msm_head: sys=32 staid=0 nsat=12 nsig=5 sync=1 iod=0 ncell=31
13:15:25.595 [main] DEBUG org.rtklib.java.rtcm.Rtcm -- MSM sig[0] sigid=2 sigstr=2I code=40 idx=0
13:15:25.595 [main] DEBUG org.rtklib.java.rtcm.Rtcm -- MSM sig[1] sigid=8 sigstr=6I code=42 idx=3
13:15:25.595 [main] DEBUG org.rtklib.java.rtcm.Rtcm -- MSM sig[2] sigid=14 sigstr=7I code=27 idx=1
13:15:25.595 [main] DEBUG org.rtklib.java.rtcm.Rtcm -- MSM sig[3] sigid=23 sigstr=5P code=58 idx=2
13:15:25.595 [main] DEBUG org.rtklib.java.rtcm.Rtcm -- MSM sig[4] sigid=31 sigstr=1P code=2 idx=4
13:15:25.595 [main] DEBUG org.rtklib.java.rtcm.Rtcm -- MSM after sigindex: sig[0] code=40 idx=0
13:15:25.595 [main] DEBUG org.rtklib.java.rtcm.Rtcm -- MSM after sigindex: sig[1] code=42 idx=3
13:15:25.595 [main] DEBUG org.rtklib.java.rtcm.Rtcm -- MSM after sigindex: sig[2] code=27 idx=1
13:15:25.595 [main] DEBUG org.rtklib.java.rtcm.Rtcm -- MSM after sigindex: sig[3] code=58 idx=2
13:15:25.595 [main] DEBUG org.rtklib.java.rtcm.Rtcm -- MSM after sigindex: sig[4] code=2 idx=4
13:15:25.595 [main] DEBUG org.rtklib.java.rtcm.Rtcm -- RTCM3 decoded message type=1124, length=48
13:15:25.595 [main] DEBUG org.rtklib.java.rtcm.Rtcm -- MSM BDS TOW: raw=61369000, tow=61383.0
13:15:25.595 [main] DEBUG org.rtklib.java.rtcm.Rtcm -- MSM BDS after adjweek: time.time=1780851783, time.sec=0.0
13:15:25.595 [main] DEBUG org.rtklib.java.rtcm.Rtcm -- decode_msm_head: sys=32 staid=0 nsat=1 nsig=3 sync=0 iod=0 ncell=3
13:15:25.595 [main] DEBUG org.rtklib.java.rtcm.Rtcm -- MSM sig[0] sigid=2 sigstr=2I code=40 idx=0
13:15:25.595 [main] DEBUG org.rtklib.java.rtcm.Rtcm -- MSM sig[1] sigid=8 sigstr=6I code=42 idx=3
13:15:25.595 [main] DEBUG org.rtklib.java.rtcm.Rtcm -- MSM sig[2] sigid=23 sigstr=5P code=58 idx=2
13:15:25.595 [main] DEBUG org.rtklib.java.rtcm.Rtcm -- MSM after sigindex: sig[0] code=40 idx=0
13:15:25.595 [main] DEBUG org.rtklib.java.rtcm.Rtcm -- MSM after sigindex: sig[1] code=42 idx=3
13:15:25.595 [main] DEBUG org.rtklib.java.rtcm.Rtcm -- MSM after sigindex: sig[2] code=58 idx=2
13:15:25.595 [main] DEBUG org.rtklib.java.rtcm.Rtcm -- RTCM3 decoded message type=1042, length=70
13:15:25.595 [main] INFO org.rtklib.java.rtcm.Rtcm -- RTCM 1042 eph stored: sat=127 prn=22 week=1066 toe=61200.0 A=27906228.7
13:15:25.595 [main] DEBUG org.rtklib.java.rtcm.Rtcm -- RTCM3 decoded message type=1005, length=25
13:15:25.595 [main] INFO org.rtklib.java.SppTest -- RTCM 1005 base station position: (-492860.33290000004, 5551481.2314, 3092889.6323)
13:15:25.595 [main] DEBUG org.rtklib.java.rtcm.Rtcm -- RTCM3 decoded message type=1033, length=27
13:15:25.595 [main] DEBUG org.rtklib.java.rtcm.Rtcm -- RTCM3 decoded message type=1124, length=254
13:15:25.595 [main] DEBUG org.rtklib.java.rtcm.Rtcm -- MSM BDS TOW: raw=61384000, tow=61398.0
13:15:25.595 [main] DEBUG org.rtklib.java.rtcm.Rtcm -- MSM BDS after adjweek: time.time=1780851798, time.sec=0.0
13:15:25.595 [main] DEBUG org.rtklib.java.rtcm.Rtcm -- decode_msm_head: sys=32 staid=0 nsat=12 nsig=5 sync=1 iod=0 ncell=32
13:15:25.595 [main] DEBUG org.rtklib.java.rtcm.Rtcm -- MSM sig[0] sigid=2 sigstr=2I code=40 idx=0
13:15:25.595 [main] DEBUG org.rtklib.java.rtcm.Rtcm -- MSM sig[1] sigid=8 sigstr=6I code=42 idx=3
13:15:25.595 [main] DEBUG org.rtklib.java.rtcm.Rtcm -- MSM sig[2] sigid=14 sigstr=7I code=27 idx=1
13:15:25.595 [main] DEBUG org.rtklib.java.rtcm.Rtcm -- MSM sig[3] sigid=23 sigstr=5P code=58 idx=2
13:15:25.595 [main] DEBUG org.rtklib.java.rtcm.Rtcm -- MSM sig[4] sigid=31 sigstr=1P code=2 idx=4
13:15:25.595 [main] DEBUG org.rtklib.java.rtcm.Rtcm -- MSM after sigindex: sig[0] code=40 idx=0
13:15:25.595 [main] DEBUG org.rtklib.java.rtcm.Rtcm -- MSM after sigindex: sig[1] code=42 idx=3
13:15:25.595 [main] DEBUG org.rtklib.java.rtcm.Rtcm -- MSM after sigindex: sig[2] code=27 idx=1
13:15:25.595 [main] DEBUG org.rtklib.java.rtcm.Rtcm -- MSM after sigindex: sig[3] code=58 idx=2
13:15:25.595 [main] DEBUG org.rtklib.java.rtcm.Rtcm -- MSM after sigindex: sig[4] code=2 idx=4
13:15:25.595 [main] DEBUG org.rtklib.java.rtcm.Rtcm -- RTCM3 decoded message type=1124, length=48
13:15:25.595 [main] DEBUG org.rtklib.java.rtcm.Rtcm -- MSM BDS TOW: raw=61384000, tow=61398.0
13:15:25.595 [main] DEBUG org.rtklib.java.rtcm.Rtcm -- MSM BDS after adjweek: time.time=1780851798, time.sec=0.0
13:15:25.595 [main] DEBUG org.rtklib.java.rtcm.Rtcm -- decode_msm_head: sys=32 staid=0 nsat=1 nsig=3 sync=0 iod=0 ncell=3
13:15:25.595 [main] DEBUG org.rtklib.java.rtcm.Rtcm -- MSM sig[0] sigid=2 sigstr=2I code=40 idx=0
13:15:25.595 [main] DEBUG org.rtklib.java.rtcm.Rtcm -- MSM sig[1] sigid=8 sigstr=6I code=42 idx=3
13:15:25.595 [main] DEBUG org.rtklib.java.rtcm.Rtcm -- MSM sig[2] sigid=23 sigstr=5P code=58 idx=2
13:15:25.595 [main] DEBUG org.rtklib.java.rtcm.Rtcm -- MSM after sigindex: sig[0] code=40 idx=0
13:15:25.595 [main] DEBUG org.rtklib.java.rtcm.Rtcm -- MSM after sigindex: sig[1] code=42 idx=3
13:15:25.595 [main] DEBUG org.rtklib.java.rtcm.Rtcm -- MSM after sigindex: sig[2] code=58 idx=2
13:15:25.595 [main] DEBUG org.rtklib.java.rtcm.Rtcm -- RTCM3 decoded message type=1042, length=70
13:15:25.595 [main] INFO org.rtklib.java.rtcm.Rtcm -- RTCM 1042 eph stored: sat=141 prn=36 week=1066 toe=61200.0 A=27906401.4
13:15:25.595 [main] DEBUG org.rtklib.java.rtcm.Rtcm -- RTCM3 decoded message type=1005, length=25
13:15:25.595 [main] INFO org.rtklib.java.SppTest -- RTCM 1005 base station position: (-492860.33290000004, 5551481.2314, 3092889.6323)
13:15:25.595 [main] DEBUG org.rtklib.java.rtcm.Rtcm -- RTCM3 decoded message type=1033, length=27
13:15:25.595 [main] DEBUG org.rtklib.java.rtcm.Rtcm -- RTCM3 decoded message type=1124, length=224
13:15:25.595 [main] DEBUG org.rtklib.java.rtcm.Rtcm -- MSM BDS TOW: raw=61399000, tow=61413.0
13:15:25.595 [main] DEBUG org.rtklib.java.rtcm.Rtcm -- MSM BDS after adjweek: time.time=1780851813, time.sec=0.0
13:15:25.595 [main] DEBUG org.rtklib.java.rtcm.Rtcm -- decode_msm_head: sys=32 staid=0 nsat=12 nsig=5 sync=1 iod=0 ncell=27
13:15:25.595 [main] DEBUG org.rtklib.java.rtcm.Rtcm -- MSM sig[0] sigid=2 sigstr=2I code=40 idx=0
13:15:25.595 [main] DEBUG org.rtklib.java.rtcm.Rtcm -- MSM sig[1] sigid=8 sigstr=6I code=42 idx=3
13:15:25.595 [main] DEBUG org.rtklib.java.rtcm.Rtcm -- MSM sig[2] sigid=14 sigstr=7I code=27 idx=1
13:15:25.595 [main] DEBUG org.rtklib.java.rtcm.Rtcm -- MSM sig[3] sigid=23 sigstr=5P code=58 idx=2
13:15:25.595 [main] DEBUG org.rtklib.java.rtcm.Rtcm -- MSM sig[4] sigid=31 sigstr=1P code=2 idx=4
13:15:25.595 [main] DEBUG org.rtklib.java.rtcm.Rtcm -- MSM after sigindex: sig[0] code=40 idx=0
13:15:25.595 [main] DEBUG org.rtklib.java.rtcm.Rtcm -- MSM after sigindex: sig[1] code=42 idx=3
13:15:25.595 [main] DEBUG org.rtklib.java.rtcm.Rtcm -- MSM after sigindex: sig[2] code=27 idx=1
13:15:25.595 [main] DEBUG org.rtklib.java.rtcm.Rtcm -- MSM after sigindex: sig[3] code=58 idx=2
13:15:25.595 [main] DEBUG org.rtklib.java.rtcm.Rtcm -- MSM after sigindex: sig[4] code=2 idx=4
13:15:25.595 [main] DEBUG org.rtklib.java.rtcm.Rtcm -- RTCM3 decoded message type=1124, length=75
13:15:25.595 [main] DEBUG org.rtklib.java.rtcm.Rtcm -- MSM BDS TOW: raw=61399000, tow=61413.0
13:15:25.595 [main] DEBUG org.rtklib.java.rtcm.Rtcm -- MSM BDS after adjweek: time.time=1780851813, time.sec=0.0
13:15:25.595 [main] DEBUG org.rtklib.java.rtcm.Rtcm -- decode_msm_head: sys=32 staid=0 nsat=2 nsig=4 sync=0 iod=0 ncell=7
13:15:25.595 [main] DEBUG org.rtklib.java.rtcm.Rtcm -- MSM sig[0] sigid=2 sigstr=2I code=40 idx=0
13:15:25.595 [main] DEBUG org.rtklib.java.rtcm.Rtcm -- MSM sig[1] sigid=8 sigstr=6I code=42 idx=3
13:15:25.595 [main] DEBUG org.rtklib.java.rtcm.Rtcm -- MSM sig[2] sigid=23 sigstr=5P code=58 idx=2
13:15:25.595 [main] DEBUG org.rtklib.java.rtcm.Rtcm -- MSM sig[3] sigid=31 sigstr=1P code=2 idx=4
13:15:25.595 [main] DEBUG org.rtklib.java.rtcm.Rtcm -- MSM after sigindex: sig[0] code=40 idx=0
13:15:25.595 [main] DEBUG org.rtklib.java.rtcm.Rtcm -- MSM after sigindex: sig[1] code=42 idx=3
13:15:25.595 [main] DEBUG org.rtklib.java.rtcm.Rtcm -- MSM after sigindex: sig[2] code=58 idx=2
13:15:25.595 [main] DEBUG org.rtklib.java.rtcm.Rtcm -- MSM after sigindex: sig[3] code=2 idx=4
13:15:25.595 [main] DEBUG org.rtklib.java.rtcm.Rtcm -- RTCM3 decoded message type=1042, length=70
13:15:25.595 [main] INFO org.rtklib.java.rtcm.Rtcm -- RTCM 1042 eph stored: sat=142 prn=37 week=1066 toe=54000.0 A=27906625.0
13:15:25.595 [main] DEBUG org.rtklib.java.rtcm.Rtcm -- RTCM3 decoded message type=1005, length=25
13:15:25.595 [main] INFO org.rtklib.java.SppTest -- RTCM 1005 base station position: (-492860.33290000004, 5551481.2314, 3092889.6323)
13:15:25.595 [main] DEBUG org.rtklib.java.rtcm.Rtcm -- RTCM3 decoded message type=1033, length=27
13:15:25.595 [main] DEBUG org.rtklib.java.rtcm.Rtcm -- RTCM3 decoded message type=1124, length=242
13:15:25.595 [main] DEBUG org.rtklib.java.rtcm.Rtcm -- MSM BDS TOW: raw=61414000, tow=61428.0
13:15:25.595 [main] DEBUG org.rtklib.java.rtcm.Rtcm -- MSM BDS after adjweek: time.time=1780851828, time.sec=0.0
13:15:25.595 [main] DEBUG org.rtklib.java.rtcm.Rtcm -- decode_msm_head: sys=32 staid=0 nsat=12 nsig=5 sync=1 iod=0 ncell=30
13:15:25.595 [main] DEBUG org.rtklib.java.rtcm.Rtcm -- MSM sig[0] sigid=2 sigstr=2I code=40 idx=0
13:15:25.595 [main] DEBUG org.rtklib.java.rtcm.Rtcm -- MSM sig[1] sigid=8 sigstr=6I code=42 idx=3
13:15:25.595 [main] DEBUG org.rtklib.java.rtcm.Rtcm -- MSM sig[2] sigid=14 sigstr=7I code=27 idx=1
13:15:25.595 [main] DEBUG org.rtklib.java.rtcm.Rtcm -- MSM sig[3] sigid=23 sigstr=5P code=58 idx=2
13:15:25.595 [main] DEBUG org.rtklib.java.rtcm.Rtcm -- MSM sig[4] sigid=31 sigstr=1P code=2 idx=4
13:15:25.595 [main] DEBUG org.rtklib.java.rtcm.Rtcm -- MSM after sigindex: sig[0] code=40 idx=0
13:15:25.595 [main] DEBUG org.rtklib.java.rtcm.Rtcm -- MSM after sigindex: sig[1] code=42 idx=3
13:15:25.595 [main] DEBUG org.rtklib.java.rtcm.Rtcm -- MSM after sigindex: sig[2] code=27 idx=1
13:15:25.595 [main] DEBUG org.rtklib.java.rtcm.Rtcm -- MSM after sigindex: sig[3] code=58 idx=2
13:15:25.595 [main] DEBUG org.rtklib.java.rtcm.Rtcm -- MSM after sigindex: sig[4] code=2 idx=4
13:15:25.595 [main] DEBUG org.rtklib.java.rtcm.Rtcm -- RTCM3 decoded message type=1124, length=48
13:15:25.595 [main] DEBUG org.rtklib.java.rtcm.Rtcm -- MSM BDS TOW: raw=61414000, tow=61428.0
13:15:25.595 [main] DEBUG org.rtklib.java.rtcm.Rtcm -- MSM BDS after adjweek: time.time=1780851828, time.sec=0.0
13:15:25.595 [main] DEBUG org.rtklib.java.rtcm.Rtcm -- decode_msm_head: sys=32 staid=0 nsat=1 nsig=3 sync=0 iod=0 ncell=3
13:15:25.595 [main] DEBUG org.rtklib.java.rtcm.Rtcm -- MSM sig[0] sigid=2 sigstr=2I code=40 idx=0
13:15:25.595 [main] DEBUG org.rtklib.java.rtcm.Rtcm -- MSM sig[1] sigid=8 sigstr=6I code=42 idx=3
13:15:25.595 [main] DEBUG org.rtklib.java.rtcm.Rtcm -- MSM sig[2] sigid=23 sigstr=5P code=58 idx=2
13:15:25.595 [main] DEBUG org.rtklib.java.rtcm.Rtcm -- MSM after sigindex: sig[0] code=40 idx=0
13:15:25.595 [main] DEBUG org.rtklib.java.rtcm.Rtcm -- MSM after sigindex: sig[1] code=42 idx=3
13:15:25.595 [main] DEBUG org.rtklib.java.rtcm.Rtcm -- MSM after sigindex: sig[2] code=58 idx=2
13:15:25.595 [main] DEBUG org.rtklib.java.rtcm.Rtcm -- RTCM3 decoded message type=1042, length=70
13:15:25.595 [main] INFO org.rtklib.java.rtcm.Rtcm -- RTCM 1042 eph stored: sat=144 prn=39 week=1066 toe=61200.0 A=27906542.7
13:15:25.595 [main] DEBUG org.rtklib.java.rtcm.Rtcm -- RTCM3 decoded message type=1005, length=25
13:15:25.595 [main] INFO org.rtklib.java.SppTest -- RTCM 1005 base station position: (-492860.33290000004, 5551481.2314, 3092889.6323)
13:15:25.595 [main] DEBUG org.rtklib.java.rtcm.Rtcm -- RTCM3 decoded message type=1033, length=27
13:15:25.595 [main] DEBUG org.rtklib.java.rtcm.Rtcm -- RTCM3 decoded message type=1124, length=242
13:15:25.595 [main] DEBUG org.rtklib.java.rtcm.Rtcm -- MSM BDS TOW: raw=61429000, tow=61443.0
13:15:25.595 [main] DEBUG org.rtklib.java.rtcm.Rtcm -- MSM BDS after adjweek: time.time=1780851843, time.sec=0.0
13:15:25.595 [main] DEBUG org.rtklib.java.rtcm.Rtcm -- decode_msm_head: sys=32 staid=0 nsat=12 nsig=5 sync=1 iod=0 ncell=30
13:15:25.595 [main] DEBUG org.rtklib.java.rtcm.Rtcm -- MSM sig[0] sigid=2 sigstr=2I code=40 idx=0
13:15:25.595 [main] DEBUG org.rtklib.java.rtcm.Rtcm -- MSM sig[1] sigid=8 sigstr=6I code=42 idx=3
13:15:25.595 [main] DEBUG org.rtklib.java.rtcm.Rtcm -- MSM sig[2] sigid=14 sigstr=7I code=27 idx=1
13:15:25.595 [main] DEBUG org.rtklib.java.rtcm.Rtcm -- MSM sig[3] sigid=23 sigstr=5P code=58 idx=2
13:15:25.595 [main] DEBUG org.rtklib.java.rtcm.Rtcm -- MSM sig[4] sigid=31 sigstr=1P code=2 idx=4
13:15:25.595 [main] DEBUG org.rtklib.java.rtcm.Rtcm -- MSM after sigindex: sig[0] code=40 idx=0
13:15:25.595 [main] DEBUG org.rtklib.java.rtcm.Rtcm -- MSM after sigindex: sig[1] code=42 idx=3
13:15:25.595 [main] DEBUG org.rtklib.java.rtcm.Rtcm -- MSM after sigindex: sig[2] code=27 idx=1
13:15:25.595 [main] DEBUG org.rtklib.java.rtcm.Rtcm -- MSM after sigindex: sig[3] code=58 idx=2
13:15:25.595 [main] DEBUG org.rtklib.java.rtcm.Rtcm -- MSM after sigindex: sig[4] code=2 idx=4
13:15:25.595 [main] DEBUG org.rtklib.java.rtcm.Rtcm -- RTCM3 decoded message type=1124, length=54
13:15:25.595 [main] DEBUG org.rtklib.java.rtcm.Rtcm -- MSM BDS TOW: raw=61429000, tow=61443.0
13:15:25.595 [main] DEBUG org.rtklib.java.rtcm.Rtcm -- MSM BDS after adjweek: time.time=1780851843, time.sec=0.0
13:15:25.595 [main] DEBUG org.rtklib.java.rtcm.Rtcm -- decode_msm_head: sys=32 staid=0 nsat=1 nsig=4 sync=0 iod=0 ncell=4
13:15:25.595 [main] DEBUG org.rtklib.java.rtcm.Rtcm -- MSM sig[0] sigid=2 sigstr=2I code=40 idx=0
13:15:25.595 [main] DEBUG org.rtklib.java.rtcm.Rtcm -- MSM sig[1] sigid=8 sigstr=6I code=42 idx=3
13:15:25.595 [main] DEBUG org.rtklib.java.rtcm.Rtcm -- MSM sig[2] sigid=23 sigstr=5P code=58 idx=2
13:15:25.595 [main] DEBUG org.rtklib.java.rtcm.Rtcm -- MSM sig[3] sigid=31 sigstr=1P code=2 idx=4
13:15:25.595 [main] DEBUG org.rtklib.java.rtcm.Rtcm -- MSM after sigindex: sig[0] code=40 idx=0
13:15:25.595 [main] DEBUG org.rtklib.java.rtcm.Rtcm -- MSM after sigindex: sig[1] code=42 idx=3
13:15:25.595 [main] DEBUG org.rtklib.java.rtcm.Rtcm -- MSM after sigindex: sig[2] code=58 idx=2
13:15:25.595 [main] DEBUG org.rtklib.java.rtcm.Rtcm -- MSM after sigindex: sig[3] code=2 idx=4
13:15:25.595 [main] DEBUG org.rtklib.java.rtcm.Rtcm -- RTCM3 decoded message type=1042, length=70
13:15:25.595 [main] DEBUG org.rtklib.java.rtcm.Rtcm -- RTCM3 decoded message type=1005, length=25
13:15:25.595 [main] INFO org.rtklib.java.SppTest -- RTCM 1005 base station position: (-492860.33290000004, 5551481.2314, 3092889.6323)
13:15:25.595 [main] DEBUG org.rtklib.java.rtcm.Rtcm -- RTCM3 decoded message type=1033, length=27
13:15:25.595 [main] DEBUG org.rtklib.java.rtcm.Rtcm -- RTCM3 decoded message type=1124, length=254
13:15:25.595 [main] DEBUG org.rtklib.java.rtcm.Rtcm -- MSM BDS TOW: raw=61444000, tow=61458.0
13:15:25.595 [main] DEBUG org.rtklib.java.rtcm.Rtcm -- MSM BDS after adjweek: time.time=1780851858, time.sec=0.0
13:15:25.595 [main] DEBUG org.rtklib.java.rtcm.Rtcm -- decode_msm_head: sys=32 staid=0 nsat=12 nsig=5 sync=1 iod=0 ncell=32
13:15:25.595 [main] DEBUG org.rtklib.java.rtcm.Rtcm -- MSM sig[0] sigid=2 sigstr=2I code=40 idx=0
13:15:25.595 [main] DEBUG org.rtklib.java.rtcm.Rtcm -- MSM sig[1] sigid=8 sigstr=6I code=42 idx=3
13:15:25.595 [main] DEBUG org.rtklib.java.rtcm.Rtcm -- MSM sig[2] sigid=14 sigstr=7I code=27 idx=1
13:15:25.595 [main] DEBUG org.rtklib.java.rtcm.Rtcm -- MSM sig[3] sigid=23 sigstr=5P code=58 idx=2
13:15:25.595 [main] DEBUG org.rtklib.java.rtcm.Rtcm -- MSM sig[4] sigid=31 sigstr=1P code=2 idx=4
13:15:25.595 [main] DEBUG org.rtklib.java.rtcm.Rtcm -- MSM after sigindex: sig[0] code=40 idx=0
13:15:25.595 [main] DEBUG org.rtklib.java.rtcm.Rtcm -- MSM after sigindex: sig[1] code=42 idx=3
13:15:25.595 [main] DEBUG org.rtklib.java.rtcm.Rtcm -- MSM after sigindex: sig[2] code=27 idx=1
13:15:25.595 [main] DEBUG org.rtklib.java.rtcm.Rtcm -- MSM after sigindex: sig[3] code=58 idx=2
13:15:25.595 [main] DEBUG org.rtklib.java.rtcm.Rtcm -- MSM after sigindex: sig[4] code=2 idx=4
13:15:25.595 [main] DEBUG org.rtklib.java.rtcm.Rtcm -- RTCM3 decoded message type=1124, length=48
13:15:25.595 [main] DEBUG org.rtklib.java.rtcm.Rtcm -- MSM BDS TOW: raw=61444000, tow=61458.0
13:15:25.595 [main] DEBUG org.rtklib.java.rtcm.Rtcm -- MSM BDS after adjweek: time.time=1780851858, time.sec=0.0
13:15:25.595 [main] DEBUG org.rtklib.java.rtcm.Rtcm -- decode_msm_head: sys=32 staid=0 nsat=1 nsig=3 sync=0 iod=0 ncell=3
13:15:25.595 [main] DEBUG org.rtklib.java.rtcm.Rtcm -- MSM sig[0] sigid=8 sigstr=6I code=42 idx=3
13:15:25.595 [main] DEBUG org.rtklib.java.rtcm.Rtcm -- MSM sig[1] sigid=23 sigstr=5P code=58 idx=2
13:15:25.595 [main] DEBUG org.rtklib.java.rtcm.Rtcm -- MSM sig[2] sigid=31 sigstr=1P code=2 idx=4
13:15:25.595 [main] DEBUG org.rtklib.java.rtcm.Rtcm -- MSM after sigindex: sig[0] code=42 idx=3
13:15:25.595 [main] DEBUG org.rtklib.java.rtcm.Rtcm -- MSM after sigindex: sig[1] code=58 idx=2
13:15:25.595 [main] DEBUG org.rtklib.java.rtcm.Rtcm -- MSM after sigindex: sig[2] code=2 idx=4
13:15:25.595 [main] DEBUG org.rtklib.java.rtcm.Rtcm -- RTCM3 decoded message type=1042, length=70
13:15:25.595 [main] DEBUG org.rtklib.java.rtcm.Rtcm -- RTCM3 decoded message type=1005, length=25
13:15:25.595 [main] INFO org.rtklib.java.SppTest -- RTCM 1005 base station position: (-492860.33290000004, 5551481.2314, 3092889.6323)
13:15:25.595 [main] DEBUG org.rtklib.java.rtcm.Rtcm -- RTCM3 decoded message type=1033, length=27
13:15:25.595 [main] DEBUG org.rtklib.java.rtcm.Rtcm -- RTCM3 decoded message type=1124, length=230
13:15:25.595 [main] DEBUG org.rtklib.java.rtcm.Rtcm -- MSM BDS TOW: raw=61459000, tow=61473.0
13:15:25.595 [main] DEBUG org.rtklib.java.rtcm.Rtcm -- MSM BDS after adjweek: time.time=1780851873, time.sec=0.0
13:15:25.595 [main] DEBUG org.rtklib.java.rtcm.Rtcm -- decode_msm_head: sys=32 staid=0 nsat=12 nsig=5 sync=1 iod=0 ncell=28
13:15:25.595 [main] DEBUG org.rtklib.java.rtcm.Rtcm -- MSM sig[0] sigid=2 sigstr=2I code=40 idx=0
13:15:25.595 [main] DEBUG org.rtklib.java.rtcm.Rtcm -- MSM sig[1] sigid=8 sigstr=6I code=42 idx=3
13:15:25.595 [main] DEBUG org.rtklib.java.rtcm.Rtcm -- MSM sig[2] sigid=14 sigstr=7I code=27 idx=1
13:15:25.595 [main] DEBUG org.rtklib.java.rtcm.Rtcm -- MSM sig[3] sigid=23 sigstr=5P code=58 idx=2
13:15:25.595 [main] DEBUG org.rtklib.java.rtcm.Rtcm -- MSM sig[4] sigid=31 sigstr=1P code=2 idx=4
13:15:25.595 [main] DEBUG org.rtklib.java.rtcm.Rtcm -- MSM after sigindex: sig[0] code=40 idx=0
13:15:25.595 [main] DEBUG org.rtklib.java.rtcm.Rtcm -- MSM after sigindex: sig[1] code=42 idx=3
13:15:25.595 [main] DEBUG org.rtklib.java.rtcm.Rtcm -- MSM after sigindex: sig[2] code=27 idx=1
13:15:25.595 [main] DEBUG org.rtklib.java.rtcm.Rtcm -- MSM after sigindex: sig[3] code=58 idx=2
13:15:25.595 [main] DEBUG org.rtklib.java.rtcm.Rtcm -- MSM after sigindex: sig[4] code=2 idx=4
13:15:25.595 [main] DEBUG org.rtklib.java.rtcm.Rtcm -- RTCM3 decoded message type=1124, length=81
13:15:25.595 [main] DEBUG org.rtklib.java.rtcm.Rtcm -- MSM BDS TOW: raw=61459000, tow=61473.0
13:15:25.595 [main] DEBUG org.rtklib.java.rtcm.Rtcm -- MSM BDS after adjweek: time.time=1780851873, time.sec=0.0
13:15:25.595 [main] DEBUG org.rtklib.java.rtcm.Rtcm -- decode_msm_head: sys=32 staid=0 nsat=2 nsig=4 sync=0 iod=0 ncell=8
13:15:25.595 [main] DEBUG org.rtklib.java.rtcm.Rtcm -- MSM sig[0] sigid=2 sigstr=2I code=40 idx=0
13:15:25.595 [main] DEBUG org.rtklib.java.rtcm.Rtcm -- MSM sig[1] sigid=8 sigstr=6I code=42 idx=3
13:15:25.595 [main] DEBUG org.rtklib.java.rtcm.Rtcm -- MSM sig[2] sigid=23 sigstr=5P code=58 idx=2
13:15:25.595 [main] DEBUG org.rtklib.java.rtcm.Rtcm -- MSM sig[3] sigid=31 sigstr=1P code=2 idx=4
13:15:25.595 [main] DEBUG org.rtklib.java.rtcm.Rtcm -- MSM after sigindex: sig[0] code=40 idx=0
13:15:25.595 [main] DEBUG org.rtklib.java.rtcm.Rtcm -- MSM after sigindex: sig[1] code=42 idx=3
13:15:25.595 [main] DEBUG org.rtklib.java.rtcm.Rtcm -- MSM after sigindex: sig[2] code=58 idx=2
13:15:25.595 [main] DEBUG org.rtklib.java.rtcm.Rtcm -- MSM after sigindex: sig[3] code=2 idx=4
13:15:25.595 [main] DEBUG org.rtklib.java.rtcm.Rtcm -- RTCM3 decoded message type=1042, length=70
13:15:25.595 [main] DEBUG org.rtklib.java.rtcm.Rtcm -- RTCM3 decoded message type=1005, length=25
13:15:25.595 [main] INFO org.rtklib.java.SppTest -- RTCM 1005 base station position: (-492860.33290000004, 5551481.2314, 3092889.6323)
13:15:25.595 [main] DEBUG org.rtklib.java.rtcm.Rtcm -- RTCM3 decoded message type=1033, length=27
13:15:25.595 [main] DEBUG org.rtklib.java.rtcm.Rtcm -- RTCM3 decoded message type=1124, length=224
13:15:25.595 [main] DEBUG org.rtklib.java.rtcm.Rtcm -- MSM BDS TOW: raw=61474000, tow=61488.0
13:15:25.595 [main] DEBUG org.rtklib.java.rtcm.Rtcm -- MSM BDS after adjweek: time.time=1780851888, time.sec=0.0
13:15:25.595 [main] DEBUG org.rtklib.java.rtcm.Rtcm -- decode_msm_head: sys=32 staid=0 nsat=12 nsig=5 sync=1 iod=0 ncell=27
13:15:25.595 [main] DEBUG org.rtklib.java.rtcm.Rtcm -- MSM sig[0] sigid=2 sigstr=2I code=40 idx=0
13:15:25.595 [main] DEBUG org.rtklib.java.rtcm.Rtcm -- MSM sig[1] sigid=8 sigstr=6I code=42 idx=3
13:15:25.595 [main] DEBUG org.rtklib.java.rtcm.Rtcm -- MSM sig[2] sigid=14 sigstr=7I code=27 idx=1
13:15:25.595 [main] DEBUG org.rtklib.java.rtcm.Rtcm -- MSM sig[3] sigid=23 sigstr=5P code=58 idx=2
13:15:25.595 [main] DEBUG org.rtklib.java.rtcm.Rtcm -- MSM sig[4] sigid=31 sigstr=1P code=2 idx=4
13:15:25.595 [main] DEBUG org.rtklib.java.rtcm.Rtcm -- MSM after sigindex: sig[0] code=40 idx=0
13:15:25.595 [main] DEBUG org.rtklib.java.rtcm.Rtcm -- MSM after sigindex: sig[1] code=42 idx=3
13:15:25.595 [main] DEBUG org.rtklib.java.rtcm.Rtcm -- MSM after sigindex: sig[2] code=27 idx=1
13:15:25.595 [main] DEBUG org.rtklib.java.rtcm.Rtcm -- MSM after sigindex: sig[3] code=58 idx=2
13:15:25.595 [main] DEBUG org.rtklib.java.rtcm.Rtcm -- MSM after sigindex: sig[4] code=2 idx=4
13:15:25.595 [main] DEBUG org.rtklib.java.rtcm.Rtcm -- RTCM3 decoded message type=1124, length=81
13:15:25.595 [main] DEBUG org.rtklib.java.rtcm.Rtcm -- MSM BDS TOW: raw=61474000, tow=61488.0
13:15:25.595 [main] DEBUG org.rtklib.java.rtcm.Rtcm -- MSM BDS after adjweek: time.time=1780851888, time.sec=0.0
13:15:25.595 [main] DEBUG org.rtklib.java.rtcm.Rtcm -- decode_msm_head: sys=32 staid=0 nsat=2 nsig=4 sync=0 iod=0 ncell=8
13:15:25.595 [main] DEBUG org.rtklib.java.rtcm.Rtcm -- MSM sig[0] sigid=2 sigstr=2I code=40 idx=0
13:15:25.595 [main] DEBUG org.rtklib.java.rtcm.Rtcm -- MSM sig[1] sigid=8 sigstr=6I code=42 idx=3
13:15:25.595 [main] DEBUG org.rtklib.java.rtcm.Rtcm -- MSM sig[2] sigid=23 sigstr=5P code=58 idx=2
13:15:25.595 [main] DEBUG org.rtklib.java.rtcm.Rtcm -- MSM sig[3] sigid=31 sigstr=1P code=2 idx=4
13:15:25.595 [main] DEBUG org.rtklib.java.rtcm.Rtcm -- MSM after sigindex: sig[0] code=40 idx=0
13:15:25.595 [main] DEBUG org.rtklib.java.rtcm.Rtcm -- MSM after sigindex: sig[1] code=42 idx=3
13:15:25.595 [main] DEBUG org.rtklib.java.rtcm.Rtcm -- MSM after sigindex: sig[2] code=58 idx=2
13:15:25.595 [main] DEBUG org.rtklib.java.rtcm.Rtcm -- MSM after sigindex: sig[3] code=2 idx=4
13:15:25.595 [main] DEBUG org.rtklib.java.rtcm.Rtcm -- RTCM3 decoded message type=1042, length=70
13:15:25.595 [main] INFO org.rtklib.java.rtcm.Rtcm -- RTCM 1042 eph stored: sat=111 prn=6 week=1066 toe=57600.0 A=42158421.4
13:15:25.595 [main] DEBUG org.rtklib.java.rtcm.Rtcm -- RTCM3 decoded message type=1005, length=25
13:15:25.595 [main] INFO org.rtklib.java.SppTest -- RTCM 1005 base station position: (-492860.33290000004, 5551481.2314, 3092889.6323)
13:15:25.595 [main] DEBUG org.rtklib.java.rtcm.Rtcm -- RTCM3 decoded message type=1033, length=27
13:15:25.595 [main] DEBUG org.rtklib.java.rtcm.Rtcm -- RTCM3 decoded message type=1124, length=230
13:15:25.595 [main] DEBUG org.rtklib.java.rtcm.Rtcm -- MSM BDS TOW: raw=61489000, tow=61503.0
13:15:25.595 [main] DEBUG org.rtklib.java.rtcm.Rtcm -- MSM BDS after adjweek: time.time=1780851903, time.sec=0.0
13:15:25.595 [main] DEBUG org.rtklib.java.rtcm.Rtcm -- decode_msm_head: sys=32 staid=0 nsat=12 nsig=5 sync=1 iod=0 ncell=28
13:15:25.595 [main] DEBUG org.rtklib.java.rtcm.Rtcm -- MSM sig[0] sigid=2 sigstr=2I code=40 idx=0
13:15:25.595 [main] DEBUG org.rtklib.java.rtcm.Rtcm -- MSM sig[1] sigid=8 sigstr=6I code=42 idx=3
13:15:25.595 [main] DEBUG org.rtklib.java.rtcm.Rtcm -- MSM sig[2] sigid=14 sigstr=7I code=27 idx=1
13:15:25.595 [main] DEBUG org.rtklib.java.rtcm.Rtcm -- MSM sig[3] sigid=23 sigstr=5P code=58 idx=2
13:15:25.595 [main] DEBUG org.rtklib.java.rtcm.Rtcm -- MSM sig[4] sigid=31 sigstr=1P code=2 idx=4
13:15:25.595 [main] DEBUG org.rtklib.java.rtcm.Rtcm -- MSM after sigindex: sig[0] code=40 idx=0
13:15:25.595 [main] DEBUG org.rtklib.java.rtcm.Rtcm -- MSM after sigindex: sig[1] code=42 idx=3
13:15:25.595 [main] DEBUG org.rtklib.java.rtcm.Rtcm -- MSM after sigindex: sig[2] code=27 idx=1
13:15:25.595 [main] DEBUG org.rtklib.java.rtcm.Rtcm -- MSM after sigindex: sig[3] code=58 idx=2
13:15:25.595 [main] DEBUG org.rtklib.java.rtcm.Rtcm -- MSM after sigindex: sig[4] code=2 idx=4
13:15:25.595 [main] DEBUG org.rtklib.java.rtcm.Rtcm -- RTCM3 decoded message type=1124, length=81
13:15:25.595 [main] DEBUG org.rtklib.java.rtcm.Rtcm -- MSM BDS TOW: raw=61489000, tow=61503.0
13:15:25.595 [main] DEBUG org.rtklib.java.rtcm.Rtcm -- MSM BDS after adjweek: time.time=1780851903, time.sec=0.0
13:15:25.595 [main] DEBUG org.rtklib.java.rtcm.Rtcm -- decode_msm_head: sys=32 staid=0 nsat=2 nsig=4 sync=0 iod=0 ncell=8
13:15:25.595 [main] DEBUG org.rtklib.java.rtcm.Rtcm -- MSM sig[0] sigid=2 sigstr=2I code=40 idx=0
13:15:25.595 [main] DEBUG org.rtklib.java.rtcm.Rtcm -- MSM sig[1] sigid=8 sigstr=6I code=42 idx=3
13:15:25.595 [main] DEBUG org.rtklib.java.rtcm.Rtcm -- MSM sig[2] sigid=23 sigstr=5P code=58 idx=2
13:15:25.595 [main] DEBUG org.rtklib.java.rtcm.Rtcm -- MSM sig[3] sigid=31 sigstr=1P code=2 idx=4
13:15:25.595 [main] DEBUG org.rtklib.java.rtcm.Rtcm -- MSM after sigindex: sig[0] code=40 idx=0
13:15:25.595 [main] DEBUG org.rtklib.java.rtcm.Rtcm -- MSM after sigindex: sig[1] code=42 idx=3
13:15:25.595 [main] DEBUG org.rtklib.java.rtcm.Rtcm -- MSM after sigindex: sig[2] code=58 idx=2
13:15:25.595 [main] DEBUG org.rtklib.java.rtcm.Rtcm -- MSM after sigindex: sig[3] code=2 idx=4
13:15:25.595 [main] DEBUG org.rtklib.java.rtcm.Rtcm -- RTCM3 decoded message type=1042, length=70
13:15:25.595 [main] DEBUG org.rtklib.java.rtcm.Rtcm -- RTCM3 decoded message type=1005, length=25
13:15:25.595 [main] INFO org.rtklib.java.SppTest -- RTCM 1005 base station position: (-492860.33290000004, 5551481.2314, 3092889.6323)
13:15:25.595 [main] DEBUG org.rtklib.java.rtcm.Rtcm -- RTCM3 decoded message type=1033, length=27
13:15:25.595 [main] DEBUG org.rtklib.java.rtcm.Rtcm -- RTCM3 decoded message type=1124, length=248
13:15:25.595 [main] DEBUG org.rtklib.java.rtcm.Rtcm -- MSM BDS TOW: raw=61504000, tow=61518.0
13:15:25.595 [main] DEBUG org.rtklib.java.rtcm.Rtcm -- MSM BDS after adjweek: time.time=1780851918, time.sec=0.0
13:15:25.595 [main] DEBUG org.rtklib.java.rtcm.Rtcm -- decode_msm_head: sys=32 staid=0 nsat=12 nsig=5 sync=1 iod=0 ncell=31
13:15:25.595 [main] DEBUG org.rtklib.java.rtcm.Rtcm -- MSM sig[0] sigid=2 sigstr=2I code=40 idx=0
13:15:25.595 [main] DEBUG org.rtklib.java.rtcm.Rtcm -- MSM sig[1] sigid=8 sigstr=6I code=42 idx=3
13:15:25.595 [main] DEBUG org.rtklib.java.rtcm.Rtcm -- MSM sig[2] sigid=14 sigstr=7I code=27 idx=1
13:15:25.595 [main] DEBUG org.rtklib.java.rtcm.Rtcm -- MSM sig[3] sigid=23 sigstr=5P code=58 idx=2
13:15:25.595 [main] DEBUG org.rtklib.java.rtcm.Rtcm -- MSM sig[4] sigid=31 sigstr=1P code=2 idx=4
13:15:25.595 [main] DEBUG org.rtklib.java.rtcm.Rtcm -- MSM after sigindex: sig[0] code=40 idx=0
13:15:25.595 [main] DEBUG org.rtklib.java.rtcm.Rtcm -- MSM after sigindex: sig[1] code=42 idx=3
13:15:25.595 [main] DEBUG org.rtklib.java.rtcm.Rtcm -- MSM after sigindex: sig[2] code=27 idx=1
13:15:25.595 [main] DEBUG org.rtklib.java.rtcm.Rtcm -- MSM after sigindex: sig[3] code=58 idx=2
13:15:25.595 [main] DEBUG org.rtklib.java.rtcm.Rtcm -- MSM after sigindex: sig[4] code=2 idx=4
13:15:25.595 [main] DEBUG org.rtklib.java.rtcm.Rtcm -- RTCM3 decoded message type=1124, length=54
13:15:25.595 [main] DEBUG org.rtklib.java.rtcm.Rtcm -- MSM BDS TOW: raw=61504000, tow=61518.0
13:15:25.595 [main] DEBUG org.rtklib.java.rtcm.Rtcm -- MSM BDS after adjweek: time.time=1780851918, time.sec=0.0
13:15:25.595 [main] DEBUG org.rtklib.java.rtcm.Rtcm -- decode_msm_head: sys=32 staid=0 nsat=1 nsig=4 sync=0 iod=0 ncell=4
13:15:25.595 [main] DEBUG org.rtklib.java.rtcm.Rtcm -- MSM sig[0] sigid=2 sigstr=2I code=40 idx=0
13:15:25.595 [main] DEBUG org.rtklib.java.rtcm.Rtcm -- MSM sig[1] sigid=8 sigstr=6I code=42 idx=3
13:15:25.595 [main] DEBUG org.rtklib.java.rtcm.Rtcm -- MSM sig[2] sigid=23 sigstr=5P code=58 idx=2
13:15:25.595 [main] DEBUG org.rtklib.java.rtcm.Rtcm -- MSM sig[3] sigid=31 sigstr=1P code=2 idx=4
13:15:25.595 [main] DEBUG org.rtklib.java.rtcm.Rtcm -- MSM after sigindex: sig[0] code=40 idx=0
13:15:25.595 [main] DEBUG org.rtklib.java.rtcm.Rtcm -- MSM after sigindex: sig[1] code=42 idx=3
13:15:25.595 [main] DEBUG org.rtklib.java.rtcm.Rtcm -- MSM after sigindex: sig[2] code=58 idx=2
13:15:25.595 [main] DEBUG org.rtklib.java.rtcm.Rtcm -- MSM after sigindex: sig[3] code=2 idx=4
13:15:25.595 [main] DEBUG org.rtklib.java.rtcm.Rtcm -- RTCM3 decoded message type=1042, length=70
13:15:25.595 [main] DEBUG org.rtklib.java.rtcm.Rtcm -- RTCM3 decoded message type=1005, length=25
13:15:25.595 [main] INFO org.rtklib.java.SppTest -- RTCM 1005 base station position: (-492860.33290000004, 5551481.2314, 3092889.6323)
13:15:25.595 [main] DEBUG org.rtklib.java.rtcm.Rtcm -- RTCM3 decoded message type=1033, length=27
13:15:25.595 [main] DEBUG org.rtklib.java.rtcm.Rtcm -- RTCM3 decoded message type=1124, length=248
13:15:25.595 [main] DEBUG org.rtklib.java.rtcm.Rtcm -- MSM BDS TOW: raw=61519000, tow=61533.0
13:15:25.595 [main] DEBUG org.rtklib.java.rtcm.Rtcm -- MSM BDS after adjweek: time.time=1780851933, time.sec=0.0
13:15:25.595 [main] DEBUG org.rtklib.java.rtcm.Rtcm -- decode_msm_head: sys=32 staid=0 nsat=12 nsig=5 sync=1 iod=0 ncell=31
13:15:25.595 [main] DEBUG org.rtklib.java.rtcm.Rtcm -- MSM sig[0] sigid=2 sigstr=2I code=40 idx=0
13:15:25.595 [main] DEBUG org.rtklib.java.rtcm.Rtcm -- MSM sig[1] sigid=8 sigstr=6I code=42 idx=3
13:15:25.595 [main] DEBUG org.rtklib.java.rtcm.Rtcm -- MSM sig[2] sigid=14 sigstr=7I code=27 idx=1
13:15:25.595 [main] DEBUG org.rtklib.java.rtcm.Rtcm -- MSM sig[3] sigid=23 sigstr=5P code=58 idx=2
13:15:25.595 [main] DEBUG org.rtklib.java.rtcm.Rtcm -- MSM sig[4] sigid=31 sigstr=1P code=2 idx=4
13:15:25.595 [main] DEBUG org.rtklib.java.rtcm.Rtcm -- MSM after sigindex: sig[0] code=40 idx=0
13:15:25.595 [main] DEBUG org.rtklib.java.rtcm.Rtcm -- MSM after sigindex: sig[1] code=42 idx=3
13:15:25.595 [main] DEBUG org.rtklib.java.rtcm.Rtcm -- MSM after sigindex: sig[2] code=27 idx=1
13:15:25.595 [main] DEBUG org.rtklib.java.rtcm.Rtcm -- MSM after sigindex: sig[3] code=58 idx=2
13:15:25.595 [main] DEBUG org.rtklib.java.rtcm.Rtcm -- MSM after sigindex: sig[4] code=2 idx=4
13:15:25.595 [main] DEBUG org.rtklib.java.rtcm.Rtcm -- RTCM3 decoded message type=1124, length=54
13:15:25.595 [main] DEBUG org.rtklib.java.rtcm.Rtcm -- MSM BDS TOW: raw=61519000, tow=61533.0
13:15:25.595 [main] DEBUG org.rtklib.java.rtcm.Rtcm -- MSM BDS after adjweek: time.time=1780851933, time.sec=0.0
13:15:25.595 [main] DEBUG org.rtklib.java.rtcm.Rtcm -- decode_msm_head: sys=32 staid=0 nsat=1 nsig=4 sync=0 iod=0 ncell=4
13:15:25.595 [main] DEBUG org.rtklib.java.rtcm.Rtcm -- MSM sig[0] sigid=2 sigstr=2I code=40 idx=0
13:15:25.595 [main] DEBUG org.rtklib.java.rtcm.Rtcm -- MSM sig[1] sigid=8 sigstr=6I code=42 idx=3
13:15:25.595 [main] DEBUG org.rtklib.java.rtcm.Rtcm -- MSM sig[2] sigid=23 sigstr=5P code=58 idx=2
13:15:25.595 [main] DEBUG org.rtklib.java.rtcm.Rtcm -- MSM sig[3] sigid=31 sigstr=1P code=2 idx=4
13:15:25.595 [main] DEBUG org.rtklib.java.rtcm.Rtcm -- MSM after sigindex: sig[0] code=40 idx=0
13:15:25.595 [main] DEBUG org.rtklib.java.rtcm.Rtcm -- MSM after sigindex: sig[1] code=42 idx=3
13:15:25.595 [main] DEBUG org.rtklib.java.rtcm.Rtcm -- MSM after sigindex: sig[2] code=58 idx=2
13:15:25.595 [main] DEBUG org.rtklib.java.rtcm.Rtcm -- MSM after sigindex: sig[3] code=2 idx=4
13:15:25.595 [main] DEBUG org.rtklib.java.rtcm.Rtcm -- RTCM3 decoded message type=1042, length=70
13:15:25.595 [main] DEBUG org.rtklib.java.rtcm.Rtcm -- RTCM3 decoded message type=1005, length=25
13:15:25.595 [main] INFO org.rtklib.java.SppTest -- RTCM 1005 base station position: (-492860.33290000004, 5551481.2314, 3092889.6323)
13:15:25.595 [main] DEBUG org.rtklib.java.rtcm.Rtcm -- RTCM3 decoded message type=1033, length=27
13:15:25.595 [main] DEBUG org.rtklib.java.rtcm.Rtcm -- RTCM3 decoded message type=1124, length=254
13:15:25.595 [main] DEBUG org.rtklib.java.rtcm.Rtcm -- MSM BDS TOW: raw=61534000, tow=61548.0
13:15:25.595 [main] DEBUG org.rtklib.java.rtcm.Rtcm -- MSM BDS after adjweek: time.time=1780851948, time.sec=0.0
13:15:25.595 [main] DEBUG org.rtklib.java.rtcm.Rtcm -- decode_msm_head: sys=32 staid=0 nsat=12 nsig=5 sync=1 iod=0 ncell=32
13:15:25.595 [main] DEBUG org.rtklib.java.rtcm.Rtcm -- MSM sig[0] sigid=2 sigstr=2I code=40 idx=0
13:15:25.595 [main] DEBUG org.rtklib.java.rtcm.Rtcm -- MSM sig[1] sigid=8 sigstr=6I code=42 idx=3
13:15:25.595 [main] DEBUG org.rtklib.java.rtcm.Rtcm -- MSM sig[2] sigid=14 sigstr=7I code=27 idx=1
13:15:25.595 [main] DEBUG org.rtklib.java.rtcm.Rtcm -- MSM sig[3] sigid=23 sigstr=5P code=58 idx=2
13:15:25.595 [main] DEBUG org.rtklib.java.rtcm.Rtcm -- MSM sig[4] sigid=31 sigstr=1P code=2 idx=4
13:15:25.595 [main] DEBUG org.rtklib.java.rtcm.Rtcm -- MSM after sigindex: sig[0] code=40 idx=0
13:15:25.595 [main] DEBUG org.rtklib.java.rtcm.Rtcm -- MSM after sigindex: sig[1] code=42 idx=3
13:15:25.595 [main] DEBUG org.rtklib.java.rtcm.Rtcm -- MSM after sigindex: sig[2] code=27 idx=1
13:15:25.595 [main] DEBUG org.rtklib.java.rtcm.Rtcm -- MSM after sigindex: sig[3] code=58 idx=2
13:15:25.595 [main] DEBUG org.rtklib.java.rtcm.Rtcm -- MSM after sigindex: sig[4] code=2 idx=4
13:15:25.595 [main] DEBUG org.rtklib.java.rtcm.Rtcm -- RTCM3 decoded message type=1124, length=54
13:15:25.595 [main] DEBUG org.rtklib.java.rtcm.Rtcm -- MSM BDS TOW: raw=61534000, tow=61548.0
13:15:25.595 [main] DEBUG org.rtklib.java.rtcm.Rtcm -- MSM BDS after adjweek: time.time=1780851948, time.sec=0.0
13:15:25.595 [main] DEBUG org.rtklib.java.rtcm.Rtcm -- decode_msm_head: sys=32 staid=0 nsat=1 nsig=4 sync=0 iod=0 ncell=4
13:15:25.595 [main] DEBUG org.rtklib.java.rtcm.Rtcm -- MSM sig[0] sigid=2 sigstr=2I code=40 idx=0
13:15:25.595 [main] DEBUG org.rtklib.java.rtcm.Rtcm -- MSM sig[1] sigid=8 sigstr=6I code=42 idx=3
13:15:25.595 [main] DEBUG org.rtklib.java.rtcm.Rtcm -- MSM sig[2] sigid=23 sigstr=5P code=58 idx=2
13:15:25.595 [main] DEBUG org.rtklib.java.rtcm.Rtcm -- MSM sig[3] sigid=31 sigstr=1P code=2 idx=4
13:15:25.595 [main] DEBUG org.rtklib.java.rtcm.Rtcm -- MSM after sigindex: sig[0] code=40 idx=0
13:15:25.595 [main] DEBUG org.rtklib.java.rtcm.Rtcm -- MSM after sigindex: sig[1] code=42 idx=3
13:15:25.595 [main] DEBUG org.rtklib.java.rtcm.Rtcm -- MSM after sigindex: sig[2] code=58 idx=2
13:15:25.595 [main] DEBUG org.rtklib.java.rtcm.Rtcm -- MSM after sigindex: sig[3] code=2 idx=4
13:15:25.595 [main] DEBUG org.rtklib.java.rtcm.Rtcm -- RTCM3 decoded message type=1042, length=70
13:15:25.595 [main] DEBUG org.rtklib.java.rtcm.Rtcm -- RTCM3 decoded message type=1005, length=25
13:15:25.595 [main] INFO org.rtklib.java.SppTest -- RTCM 1005 base station position: (-492860.33290000004, 5551481.2314, 3092889.6323)
13:15:25.595 [main] DEBUG org.rtklib.java.rtcm.Rtcm -- RTCM3 decoded message type=1033, length=27
13:15:25.595 [main] DEBUG org.rtklib.java.rtcm.Rtcm -- RTCM3 decoded message type=1124, length=254
13:15:25.595 [main] DEBUG org.rtklib.java.rtcm.Rtcm -- MSM BDS TOW: raw=61549000, tow=61563.0
13:15:25.595 [main] DEBUG org.rtklib.java.rtcm.Rtcm -- MSM BDS after adjweek: time.time=1780851963, time.sec=0.0
13:15:25.595 [main] DEBUG org.rtklib.java.rtcm.Rtcm -- decode_msm_head: sys=32 staid=0 nsat=12 nsig=5 sync=1 iod=0 ncell=32
13:15:25.595 [main] DEBUG org.rtklib.java.rtcm.Rtcm -- MSM sig[0] sigid=2 sigstr=2I code=40 idx=0
13:15:25.595 [main] DEBUG org.rtklib.java.rtcm.Rtcm -- MSM sig[1] sigid=8 sigstr=6I code=42 idx=3
13:15:25.595 [main] DEBUG org.rtklib.java.rtcm.Rtcm -- MSM sig[2] sigid=14 sigstr=7I code=27 idx=1
13:15:25.595 [main] DEBUG org.rtklib.java.rtcm.Rtcm -- MSM sig[3] sigid=23 sigstr=5P code=58 idx=2
13:15:25.595 [main] DEBUG org.rtklib.java.rtcm.Rtcm -- MSM sig[4] sigid=31 sigstr=1P code=2 idx=4
13:15:25.595 [main] DEBUG org.rtklib.java.rtcm.Rtcm -- MSM after sigindex: sig[0] code=40 idx=0
13:15:25.595 [main] DEBUG org.rtklib.java.rtcm.Rtcm -- MSM after sigindex: sig[1] code=42 idx=3
13:15:25.595 [main] DEBUG org.rtklib.java.rtcm.Rtcm -- MSM after sigindex: sig[2] code=27 idx=1
13:15:25.595 [main] DEBUG org.rtklib.java.rtcm.Rtcm -- MSM after sigindex: sig[3] code=58 idx=2
13:15:25.595 [main] DEBUG org.rtklib.java.rtcm.Rtcm -- MSM after sigindex: sig[4] code=2 idx=4
13:15:25.595 [main] DEBUG org.rtklib.java.rtcm.Rtcm -- RTCM3 decoded message type=1124, length=54
13:15:25.595 [main] DEBUG org.rtklib.java.rtcm.Rtcm -- MSM BDS TOW: raw=61549000, tow=61563.0
13:15:25.595 [main] DEBUG org.rtklib.java.rtcm.Rtcm -- MSM BDS after adjweek: time.time=1780851963, time.sec=0.0
13:15:25.595 [main] DEBUG org.rtklib.java.rtcm.Rtcm -- decode_msm_head: sys=32 staid=0 nsat=1 nsig=4 sync=0 iod=0 ncell=4
13:15:25.595 [main] DEBUG org.rtklib.java.rtcm.Rtcm -- MSM sig[0] sigid=2 sigstr=2I code=40 idx=0
13:15:25.595 [main] DEBUG org.rtklib.java.rtcm.Rtcm -- MSM sig[1] sigid=8 sigstr=6I code=42 idx=3
13:15:25.595 [main] DEBUG org.rtklib.java.rtcm.Rtcm -- MSM sig[2] sigid=23 sigstr=5P code=58 idx=2
13:15:25.595 [main] DEBUG org.rtklib.java.rtcm.Rtcm -- MSM sig[3] sigid=31 sigstr=1P code=2 idx=4
13:15:25.595 [main] DEBUG org.rtklib.java.rtcm.Rtcm -- MSM after sigindex: sig[0] code=40 idx=0
13:15:25.595 [main] DEBUG org.rtklib.java.rtcm.Rtcm -- MSM after sigindex: sig[1] code=42 idx=3
13:15:25.595 [main] DEBUG org.rtklib.java.rtcm.Rtcm -- MSM after sigindex: sig[2] code=58 idx=2
13:15:25.595 [main] DEBUG org.rtklib.java.rtcm.Rtcm -- MSM after sigindex: sig[3] code=2 idx=4
13:15:25.595 [main] DEBUG org.rtklib.java.rtcm.Rtcm -- RTCM3 decoded message type=1042, length=70
13:15:25.595 [main] DEBUG org.rtklib.java.rtcm.Rtcm -- RTCM3 decoded message type=1005, length=25
13:15:25.595 [main] INFO org.rtklib.java.SppTest -- RTCM 1005 base station position: (-492860.33290000004, 5551481.2314, 3092889.6323)
13:15:25.595 [main] DEBUG org.rtklib.java.rtcm.Rtcm -- RTCM3 decoded message type=1033, length=27
13:15:25.595 [main] DEBUG org.rtklib.java.rtcm.Rtcm -- RTCM3 decoded message type=1124, length=248
13:15:25.595 [main] DEBUG org.rtklib.java.rtcm.Rtcm -- MSM BDS TOW: raw=61564000, tow=61578.0
13:15:25.595 [main] DEBUG org.rtklib.java.rtcm.Rtcm -- MSM BDS after adjweek: time.time=1780851978, time.sec=0.0
13:15:25.595 [main] DEBUG org.rtklib.java.rtcm.Rtcm -- decode_msm_head: sys=32 staid=0 nsat=12 nsig=5 sync=1 iod=0 ncell=31
13:15:25.595 [main] DEBUG org.rtklib.java.rtcm.Rtcm -- MSM sig[0] sigid=2 sigstr=2I code=40 idx=0
13:15:25.595 [main] DEBUG org.rtklib.java.rtcm.Rtcm -- MSM sig[1] sigid=8 sigstr=6I code=42 idx=3
13:15:25.595 [main] DEBUG org.rtklib.java.rtcm.Rtcm -- MSM sig[2] sigid=14 sigstr=7I code=27 idx=1
13:15:25.595 [main] DEBUG org.rtklib.java.rtcm.Rtcm -- MSM sig[3] sigid=23 sigstr=5P code=58 idx=2
13:15:25.595 [main] DEBUG org.rtklib.java.rtcm.Rtcm -- MSM sig[4] sigid=31 sigstr=1P code=2 idx=4
13:15:25.595 [main] DEBUG org.rtklib.java.rtcm.Rtcm -- MSM after sigindex: sig[0] code=40 idx=0
13:15:25.595 [main] DEBUG org.rtklib.java.rtcm.Rtcm -- MSM after sigindex: sig[1] code=42 idx=3
13:15:25.595 [main] DEBUG org.rtklib.java.rtcm.Rtcm -- MSM after sigindex: sig[2] code=27 idx=1
13:15:25.595 [main] DEBUG org.rtklib.java.rtcm.Rtcm -- MSM after sigindex: sig[3] code=58 idx=2
13:15:25.595 [main] DEBUG org.rtklib.java.rtcm.Rtcm -- MSM after sigindex: sig[4] code=2 idx=4
13:15:25.595 [main] DEBUG org.rtklib.java.rtcm.Rtcm -- RTCM3 decoded message type=1124, length=48
13:15:25.595 [main] DEBUG org.rtklib.java.rtcm.Rtcm -- MSM BDS TOW: raw=61564000, tow=61578.0
13:15:25.595 [main] DEBUG org.rtklib.java.rtcm.Rtcm -- MSM BDS after adjweek: time.time=1780851978, time.sec=0.0
13:15:25.595 [main] DEBUG org.rtklib.java.rtcm.Rtcm -- decode_msm_head: sys=32 staid=0 nsat=1 nsig=3 sync=0 iod=0 ncell=3
13:15:25.595 [main] DEBUG org.rtklib.java.rtcm.Rtcm -- MSM sig[0] sigid=8 sigstr=6I code=42 idx=3
13:15:25.595 [main] DEBUG org.rtklib.java.rtcm.Rtcm -- MSM sig[1] sigid=23 sigstr=5P code=58 idx=2
13:15:25.595 [main] DEBUG org.rtklib.java.rtcm.Rtcm -- MSM sig[2] sigid=31 sigstr=1P code=2 idx=4
13:15:25.595 [main] DEBUG org.rtklib.java.rtcm.Rtcm -- MSM after sigindex: sig[0] code=42 idx=3
13:15:25.595 [main] DEBUG org.rtklib.java.rtcm.Rtcm -- MSM after sigindex: sig[1] code=58 idx=2
13:15:25.595 [main] DEBUG org.rtklib.java.rtcm.Rtcm -- MSM after sigindex: sig[2] code=2 idx=4
13:15:25.595 [main] DEBUG org.rtklib.java.rtcm.Rtcm -- RTCM3 decoded message type=1042, length=70
13:15:25.595 [main] DEBUG org.rtklib.java.rtcm.Rtcm -- RTCM3 decoded message type=1005, length=25
13:15:25.595 [main] INFO org.rtklib.java.SppTest -- RTCM 1005 base station position: (-492860.33290000004, 5551481.2314, 3092889.6323)
13:15:25.595 [main] DEBUG org.rtklib.java.rtcm.Rtcm -- RTCM3 decoded message type=1033, length=27
13:15:25.595 [main] DEBUG org.rtklib.java.rtcm.Rtcm -- RTCM3 decoded message type=1124, length=248
13:15:25.595 [main] DEBUG org.rtklib.java.rtcm.Rtcm -- MSM BDS TOW: raw=61579000, tow=61593.0
13:15:25.595 [main] DEBUG org.rtklib.java.rtcm.Rtcm -- MSM BDS after adjweek: time.time=1780851993, time.sec=0.0
13:15:25.595 [main] DEBUG org.rtklib.java.rtcm.Rtcm -- decode_msm_head: sys=32 staid=0 nsat=12 nsig=5 sync=1 iod=0 ncell=31
13:15:25.595 [main] DEBUG org.rtklib.java.rtcm.Rtcm -- MSM sig[0] sigid=2 sigstr=2I code=40 idx=0
13:15:25.595 [main] DEBUG org.rtklib.java.rtcm.Rtcm -- MSM sig[1] sigid=8 sigstr=6I code=42 idx=3
13:15:25.595 [main] DEBUG org.rtklib.java.rtcm.Rtcm -- MSM sig[2] sigid=14 sigstr=7I code=27 idx=1
13:15:25.595 [main] DEBUG org.rtklib.java.rtcm.Rtcm -- MSM sig[3] sigid=23 sigstr=5P code=58 idx=2
13:15:25.596 [main] DEBUG org.rtklib.java.rtcm.Rtcm -- MSM sig[4] sigid=31 sigstr=1P code=2 idx=4
13:15:25.596 [main] DEBUG org.rtklib.java.rtcm.Rtcm -- MSM after sigindex: sig[0] code=40 idx=0
13:15:25.596 [main] DEBUG org.rtklib.java.rtcm.Rtcm -- MSM after sigindex: sig[1] code=42 idx=3
13:15:25.596 [main] DEBUG org.rtklib.java.rtcm.Rtcm -- MSM after sigindex: sig[2] code=27 idx=1
13:15:25.596 [main] DEBUG org.rtklib.java.rtcm.Rtcm -- MSM after sigindex: sig[3] code=58 idx=2
13:15:25.596 [main] DEBUG org.rtklib.java.rtcm.Rtcm -- MSM after sigindex: sig[4] code=2 idx=4
13:15:25.596 [main] DEBUG org.rtklib.java.rtcm.Rtcm -- RTCM3 decoded message type=1124, length=48
13:15:25.596 [main] DEBUG org.rtklib.java.rtcm.Rtcm -- MSM BDS TOW: raw=61579000, tow=61593.0
13:15:25.596 [main] DEBUG org.rtklib.java.rtcm.Rtcm -- MSM BDS after adjweek: time.time=1780851993, time.sec=0.0
13:15:25.596 [main] DEBUG org.rtklib.java.rtcm.Rtcm -- decode_msm_head: sys=32 staid=0 nsat=1 nsig=3 sync=0 iod=0 ncell=3
13:15:25.596 [main] DEBUG org.rtklib.java.rtcm.Rtcm -- MSM sig[0] sigid=8 sigstr=6I code=42 idx=3
13:15:25.596 [main] DEBUG org.rtklib.java.rtcm.Rtcm -- MSM sig[1] sigid=23 sigstr=5P code=58 idx=2
13:15:25.596 [main] DEBUG org.rtklib.java.rtcm.Rtcm -- MSM sig[2] sigid=31 sigstr=1P code=2 idx=4
13:15:25.596 [main] DEBUG org.rtklib.java.rtcm.Rtcm -- MSM after sigindex: sig[0] code=42 idx=3
13:15:25.596 [main] DEBUG org.rtklib.java.rtcm.Rtcm -- MSM after sigindex: sig[1] code=58 idx=2
13:15:25.596 [main] DEBUG org.rtklib.java.rtcm.Rtcm -- MSM after sigindex: sig[2] code=2 idx=4
13:15:25.596 [main] DEBUG org.rtklib.java.rtcm.Rtcm -- RTCM3 decoded message type=1042, length=70
13:15:25.596 [main] DEBUG org.rtklib.java.rtcm.Rtcm -- RTCM3 decoded message type=1005, length=25
13:15:25.596 [main] INFO org.rtklib.java.SppTest -- RTCM 1005 base station position: (-492860.33290000004, 5551481.2314, 3092889.6323)
13:15:25.596 [main] DEBUG org.rtklib.java.rtcm.Rtcm -- RTCM3 decoded message type=1033, length=27
13:15:25.596 [main] DEBUG org.rtklib.java.rtcm.Rtcm -- RTCM3 decoded message type=1124, length=254
13:15:25.596 [main] DEBUG org.rtklib.java.rtcm.Rtcm -- MSM BDS TOW: raw=61594000, tow=61608.0
13:15:25.596 [main] DEBUG org.rtklib.java.rtcm.Rtcm -- MSM BDS after adjweek: time.time=1780852008, time.sec=0.0
13:15:25.596 [main] DEBUG org.rtklib.java.rtcm.Rtcm -- decode_msm_head: sys=32 staid=0 nsat=12 nsig=5 sync=1 iod=0 ncell=32
13:15:25.596 [main] DEBUG org.rtklib.java.rtcm.Rtcm -- MSM sig[0] sigid=2 sigstr=2I code=40 idx=0
13:15:25.596 [main] DEBUG org.rtklib.java.rtcm.Rtcm -- MSM sig[1] sigid=8 sigstr=6I code=42 idx=3
13:15:25.596 [main] DEBUG org.rtklib.java.rtcm.Rtcm -- MSM sig[2] sigid=14 sigstr=7I code=27 idx=1
13:15:25.596 [main] DEBUG org.rtklib.java.rtcm.Rtcm -- MSM sig[3] sigid=23 sigstr=5P code=58 idx=2
13:15:25.596 [main] DEBUG org.rtklib.java.rtcm.Rtcm -- MSM sig[4] sigid=31 sigstr=1P code=2 idx=4
13:15:25.596 [main] DEBUG org.rtklib.java.rtcm.Rtcm -- MSM after sigindex: sig[0] code=40 idx=0
13:15:25.596 [main] DEBUG org.rtklib.java.rtcm.Rtcm -- MSM after sigindex: sig[1] code=42 idx=3
13:15:25.596 [main] DEBUG org.rtklib.java.rtcm.Rtcm -- MSM after sigindex: sig[2] code=27 idx=1
13:15:25.596 [main] DEBUG org.rtklib.java.rtcm.Rtcm -- MSM after sigindex: sig[3] code=58 idx=2
13:15:25.596 [main] DEBUG org.rtklib.java.rtcm.Rtcm -- MSM after sigindex: sig[4] code=2 idx=4
13:15:25.596 [main] DEBUG org.rtklib.java.rtcm.Rtcm -- RTCM3 decoded message type=1124, length=48
13:15:25.596 [main] DEBUG org.rtklib.java.rtcm.Rtcm -- MSM BDS TOW: raw=61594000, tow=61608.0
13:15:25.596 [main] DEBUG org.rtklib.java.rtcm.Rtcm -- MSM BDS after adjweek: time.time=1780852008, time.sec=0.0
13:15:25.596 [main] DEBUG org.rtklib.java.rtcm.Rtcm -- decode_msm_head: sys=32 staid=0 nsat=1 nsig=3 sync=0 iod=0 ncell=3
13:15:25.596 [main] DEBUG org.rtklib.java.rtcm.Rtcm -- MSM sig[0] sigid=8 sigstr=6I code=42 idx=3
13:15:25.596 [main] DEBUG org.rtklib.java.rtcm.Rtcm -- MSM sig[1] sigid=23 sigstr=5P code=58 idx=2
13:15:25.596 [main] DEBUG org.rtklib.java.rtcm.Rtcm -- MSM sig[2] sigid=31 sigstr=1P code=2 idx=4
13:15:25.596 [main] DEBUG org.rtklib.java.rtcm.Rtcm -- MSM after sigindex: sig[0] code=42 idx=3
13:15:25.596 [main] DEBUG org.rtklib.java.rtcm.Rtcm -- MSM after sigindex: sig[1] code=58 idx=2
13:15:25.596 [main] DEBUG org.rtklib.java.rtcm.Rtcm -- MSM after sigindex: sig[2] code=2 idx=4
13:15:25.596 [main] DEBUG org.rtklib.java.rtcm.Rtcm -- RTCM3 decoded message type=1042, length=70
13:15:25.596 [main] DEBUG org.rtklib.java.rtcm.Rtcm -- RTCM3 decoded message type=1005, length=25
13:15:25.596 [main] INFO org.rtklib.java.SppTest -- RTCM 1005 base station position: (-492860.33290000004, 5551481.2314, 3092889.6323)
13:15:25.596 [main] DEBUG org.rtklib.java.rtcm.Rtcm -- RTCM3 decoded message type=1033, length=27
13:15:25.596 [main] DEBUG org.rtklib.java.rtcm.Rtcm -- RTCM3 decoded message type=1124, length=260
13:15:25.596 [main] DEBUG org.rtklib.java.rtcm.Rtcm -- MSM BDS TOW: raw=61609000, tow=61623.0
13:15:25.596 [main] DEBUG org.rtklib.java.rtcm.Rtcm -- MSM BDS after adjweek: time.time=1780852023, time.sec=0.0
13:15:25.596 [main] DEBUG org.rtklib.java.rtcm.Rtcm -- decode_msm_head: sys=32 staid=0 nsat=12 nsig=5 sync=1 iod=0 ncell=33
13:15:25.596 [main] DEBUG org.rtklib.java.rtcm.Rtcm -- MSM sig[0] sigid=2 sigstr=2I code=40 idx=0
13:15:25.596 [main] DEBUG org.rtklib.java.rtcm.Rtcm -- MSM sig[1] sigid=8 sigstr=6I code=42 idx=3
13:15:25.596 [main] DEBUG org.rtklib.java.rtcm.Rtcm -- MSM sig[2] sigid=14 sigstr=7I code=27 idx=1
13:15:25.596 [main] DEBUG org.rtklib.java.rtcm.Rtcm -- MSM sig[3] sigid=23 sigstr=5P code=58 idx=2
13:15:25.596 [main] DEBUG org.rtklib.java.rtcm.Rtcm -- MSM sig[4] sigid=31 sigstr=1P code=2 idx=4
13:15:25.596 [main] DEBUG org.rtklib.java.rtcm.Rtcm -- MSM after sigindex: sig[0] code=40 idx=0
13:15:25.596 [main] DEBUG org.rtklib.java.rtcm.Rtcm -- MSM after sigindex: sig[1] code=42 idx=3
13:15:25.596 [main] DEBUG org.rtklib.java.rtcm.Rtcm -- MSM after sigindex: sig[2] code=27 idx=1
13:15:25.596 [main] DEBUG org.rtklib.java.rtcm.Rtcm -- MSM after sigindex: sig[3] code=58 idx=2
13:15:25.596 [main] DEBUG org.rtklib.java.rtcm.Rtcm -- MSM after sigindex: sig[4] code=2 idx=4
13:15:25.596 [main] DEBUG org.rtklib.java.rtcm.Rtcm -- RTCM3 decoded message type=1124, length=54
13:15:25.596 [main] DEBUG org.rtklib.java.rtcm.Rtcm -- MSM BDS TOW: raw=61609000, tow=61623.0
13:15:25.596 [main] DEBUG org.rtklib.java.rtcm.Rtcm -- MSM BDS after adjweek: time.time=1780852023, time.sec=0.0
13:15:25.596 [main] DEBUG org.rtklib.java.rtcm.Rtcm -- decode_msm_head: sys=32 staid=0 nsat=1 nsig=4 sync=0 iod=0 ncell=4
13:15:25.596 [main] DEBUG org.rtklib.java.rtcm.Rtcm -- MSM sig[0] sigid=2 sigstr=2I code=40 idx=0
13:15:25.596 [main] DEBUG org.rtklib.java.rtcm.Rtcm -- MSM sig[1] sigid=8 sigstr=6I code=42 idx=3
13:15:25.596 [main] DEBUG org.rtklib.java.rtcm.Rtcm -- MSM sig[2] sigid=23 sigstr=5P code=58 idx=2
13:15:25.596 [main] DEBUG org.rtklib.java.rtcm.Rtcm -- MSM sig[3] sigid=31 sigstr=1P code=2 idx=4
13:15:25.596 [main] DEBUG org.rtklib.java.rtcm.Rtcm -- MSM after sigindex: sig[0] code=40 idx=0
13:15:25.596 [main] DEBUG org.rtklib.java.rtcm.Rtcm -- MSM after sigindex: sig[1] code=42 idx=3
13:15:25.596 [main] DEBUG org.rtklib.java.rtcm.Rtcm -- MSM after sigindex: sig[2] code=58 idx=2
13:15:25.596 [main] DEBUG org.rtklib.java.rtcm.Rtcm -- MSM after sigindex: sig[3] code=2 idx=4
13:15:25.596 [main] DEBUG org.rtklib.java.rtcm.Rtcm -- RTCM3 decoded message type=1042, length=70
13:15:25.596 [main] INFO org.rtklib.java.rtcm.Rtcm -- RTCM 1042 eph stored: sat=132 prn=27 week=1066 toe=61200.0 A=27906476.4
13:15:25.596 [main] DEBUG org.rtklib.java.rtcm.Rtcm -- RTCM3 decoded message type=1005, length=25
13:15:25.596 [main] INFO org.rtklib.java.SppTest -- RTCM 1005 base station position: (-492860.33290000004, 5551481.2314, 3092889.6323)
13:15:25.596 [main] DEBUG org.rtklib.java.rtcm.Rtcm -- RTCM3 decoded message type=1033, length=27
13:15:25.596 [main] DEBUG org.rtklib.java.rtcm.Rtcm -- RTCM3 decoded message type=1124, length=260
13:15:25.596 [main] DEBUG org.rtklib.java.rtcm.Rtcm -- MSM BDS TOW: raw=61624000, tow=61638.0
13:15:25.596 [main] DEBUG org.rtklib.java.rtcm.Rtcm -- MSM BDS after adjweek: time.time=1780852038, time.sec=0.0
13:15:25.596 [main] DEBUG org.rtklib.java.rtcm.Rtcm -- decode_msm_head: sys=32 staid=0 nsat=12 nsig=5 sync=1 iod=0 ncell=33
13:15:25.596 [main] DEBUG org.rtklib.java.rtcm.Rtcm -- MSM sig[0] sigid=2 sigstr=2I code=40 idx=0
13:15:25.596 [main] DEBUG org.rtklib.java.rtcm.Rtcm -- MSM sig[1] sigid=8 sigstr=6I code=42 idx=3
13:15:25.596 [main] DEBUG org.rtklib.java.rtcm.Rtcm -- MSM sig[2] sigid=14 sigstr=7I code=27 idx=1
13:15:25.596 [main] DEBUG org.rtklib.java.rtcm.Rtcm -- MSM sig[3] sigid=23 sigstr=5P code=58 idx=2
13:15:25.596 [main] DEBUG org.rtklib.java.rtcm.Rtcm -- MSM sig[4] sigid=31 sigstr=1P code=2 idx=4
13:15:25.596 [main] DEBUG org.rtklib.java.rtcm.Rtcm -- MSM after sigindex: sig[0] code=40 idx=0
13:15:25.596 [main] DEBUG org.rtklib.java.rtcm.Rtcm -- MSM after sigindex: sig[1] code=42 idx=3
13:15:25.596 [main] DEBUG org.rtklib.java.rtcm.Rtcm -- MSM after sigindex: sig[2] code=27 idx=1
13:15:25.596 [main] DEBUG org.rtklib.java.rtcm.Rtcm -- MSM after sigindex: sig[3] code=58 idx=2
13:15:25.596 [main] DEBUG org.rtklib.java.rtcm.Rtcm -- MSM after sigindex: sig[4] code=2 idx=4
13:15:25.596 [main] DEBUG org.rtklib.java.rtcm.Rtcm -- RTCM3 decoded message type=1124, length=54
13:15:25.596 [main] DEBUG org.rtklib.java.rtcm.Rtcm -- MSM BDS TOW: raw=61624000, tow=61638.0
13:15:25.596 [main] DEBUG org.rtklib.java.rtcm.Rtcm -- MSM BDS after adjweek: time.time=1780852038, time.sec=0.0
13:15:25.596 [main] DEBUG org.rtklib.java.rtcm.Rtcm -- decode_msm_head: sys=32 staid=0 nsat=1 nsig=4 sync=0 iod=0 ncell=4
13:15:25.596 [main] DEBUG org.rtklib.java.rtcm.Rtcm -- MSM sig[0] sigid=2 sigstr=2I code=40 idx=0
13:15:25.596 [main] DEBUG org.rtklib.java.rtcm.Rtcm -- MSM sig[1] sigid=8 sigstr=6I code=42 idx=3
13:15:25.596 [main] DEBUG org.rtklib.java.rtcm.Rtcm -- MSM sig[2] sigid=23 sigstr=5P code=58 idx=2
13:15:25.596 [main] DEBUG org.rtklib.java.rtcm.Rtcm -- MSM sig[3] sigid=31 sigstr=1P code=2 idx=4
13:15:25.596 [main] DEBUG org.rtklib.java.rtcm.Rtcm -- MSM after sigindex: sig[0] code=40 idx=0
13:15:25.596 [main] DEBUG org.rtklib.java.rtcm.Rtcm -- MSM after sigindex: sig[1] code=42 idx=3
13:15:25.596 [main] DEBUG org.rtklib.java.rtcm.Rtcm -- MSM after sigindex: sig[2] code=58 idx=2
13:15:25.596 [main] DEBUG org.rtklib.java.rtcm.Rtcm -- MSM after sigindex: sig[3] code=2 idx=4
13:15:25.596 [main] DEBUG org.rtklib.java.rtcm.Rtcm -- RTCM3 decoded message type=1042, length=70
13:15:25.596 [main] DEBUG org.rtklib.java.rtcm.Rtcm -- RTCM3 decoded message type=1005, length=25
13:15:25.596 [main] INFO org.rtklib.java.SppTest -- RTCM 1005 base station position: (-492860.33290000004, 5551481.2314, 3092889.6323)
[...]
13:15:25.611 [main] INFO org.rtklib.java.SppTest -- RTCM 1005 base station position: (-492860.33290000004, 5551481.2314, 3092889.6323)
13:15:25.611 [main] DEBUG org.rtklib.java.rtcm.Rtcm -- RTCM3 decoded message type=1033, length=27
13:15:25.611 [main] DEBUG org.rtklib.java.rtcm.Rtcm -- RTCM3 decoded message type=1124, length=242
13:15:25.611 [main] DEBUG org.rtklib.java.rtcm.Rtcm -- MSM BDS TOW: raw=64684000, tow=64698.0
13:15:25.611 [main] DEBUG org.rtklib.java.rtcm.Rtcm -- MSM BDS after adjweek: time.time=1780855098, time.sec=0.0
13:15:25.611 [main] DEBUG org.rtklib.java.rtcm.Rtcm -- decode_msm_head: sys=32 staid=0 nsat=12 nsig=5 sync=1 iod=0 ncell=30
13:15:25.611 [main] DEBUG org.rtklib.java.rtcm.Rtcm -- MSM sig[0] sigid=2 sigstr=2I code=40 idx=0
13:15:25.611 [main] DEBUG org.rtklib.java.rtcm.Rtcm -- MSM sig[1] sigid=8 sigstr=6I code=42 idx=3
13:15:25.611 [main] DEBUG org.rtklib.java.rtcm.Rtcm -- MSM sig[2] sigid=14 sigstr=7I code=27 idx=1
13:15:25.611 [main] DEBUG org.rtklib.java.rtcm.Rtcm -- MSM sig[3] sigid=23 sigstr=5P code=58 idx=2
13:15:25.611 [main] DEBUG org.rtklib.java.rtcm.Rtcm -- MSM sig[4] sigid=31 sigstr=1P code=2 idx=4
13:15:25.611 [main] DEBUG org.rtklib.java.rtcm.Rtcm -- MSM after sigindex: sig[0] code=40 idx=0
13:15:25.611 [main] DEBUG org.rtklib.java.rtcm.Rtcm -- MSM after sigindex: sig[1] code=42 idx=3
13:15:25.611 [main] DEBUG org.rtklib.java.rtcm.Rtcm -- MSM after sigindex: sig[2] code=27 idx=1
13:15:25.611 [main] DEBUG org.rtklib.java.rtcm.Rtcm -- MSM after sigindex: sig[3] code=58 idx=2
13:15:25.611 [main] DEBUG org.rtklib.java.rtcm.Rtcm -- MSM after sigindex: sig[4] code=2 idx=4
13:15:25.611 [main] DEBUG org.rtklib.java.rtcm.Rtcm -- RTCM3 decoded message type=1124, length=48
13:15:25.611 [main] DEBUG org.rtklib.java.rtcm.Rtcm -- MSM BDS TOW: raw=64684000, tow=64698.0
13:15:25.611 [main] DEBUG org.rtklib.java.rtcm.Rtcm -- MSM BDS after adjweek: time.time=1780855098, time.sec=0.0
13:15:25.611 [main] DEBUG org.rtklib.java.rtcm.Rtcm -- decode_msm_head: sys=32 staid=0 nsat=1 nsig=3 sync=0 iod=0 ncell=3
13:15:25.611 [main] DEBUG org.rtklib.java.rtcm.Rtcm -- MSM sig[0] sigid=2 sigstr=2I code=40 idx=0
13:15:25.611 [main] DEBUG org.rtklib.java.rtcm.Rtcm -- MSM sig[1] sigid=8 sigstr=6I code=42 idx=3
13:15:25.611 [main] DEBUG org.rtklib.java.rtcm.Rtcm -- MSM sig[2] sigid=23 sigstr=5P code=58 idx=2
13:15:25.611 [main] DEBUG org.rtklib.java.rtcm.Rtcm -- MSM after sigindex: sig[0] code=40 idx=0
13:15:25.611 [main] DEBUG org.rtklib.java.rtcm.Rtcm -- MSM after sigindex: sig[1] code=42 idx=3
13:15:25.611 [main] DEBUG org.rtklib.java.rtcm.Rtcm -- MSM after sigindex: sig[2] code=58 idx=2
13:15:25.611 [main] DEBUG org.rtklib.java.rtcm.Rtcm -- RTCM3 decoded message type=1042, length=70
13:15:25.611 [main] DEBUG org.rtklib.java.rtcm.Rtcm -- RTCM3 decoded message type=1005, length=25
13:15:25.611 [main] INFO org.rtklib.java.SppTest -- RTCM 1005 base station position: (-492860.33290000004, 5551481.2314, 3092889.6323)
13:15:25.611 [main] DEBUG org.rtklib.java.rtcm.Rtcm -- RTCM3 decoded message type=1033, length=27
13:15:25.611 [main] DEBUG org.rtklib.java.rtcm.Rtcm -- RTCM3 decoded message type=1124, length=248
13:15:25.611 [main] DEBUG org.rtklib.java.rtcm.Rtcm -- MSM BDS TOW: raw=64699000, tow=64713.0
13:15:25.611 [main] DEBUG org.rtklib.java.rtcm.Rtcm -- MSM BDS after adjweek: time.time=1780855113, time.sec=0.0
13:15:25.611 [main] DEBUG org.rtklib.java.rtcm.Rtcm -- decode_msm_head: sys=32 staid=0 nsat=12 nsig=5 sync=0 iod=0 ncell=31
13:15:25.611 [main] DEBUG org.rtklib.java.rtcm.Rtcm -- MSM sig[0] sigid=2 sigstr=2I code=40 idx=0
13:15:25.611 [main] DEBUG org.rtklib.java.rtcm.Rtcm -- MSM sig[1] sigid=8 sigstr=6I code=42 idx=3
13:15:25.611 [main] DEBUG org.rtklib.java.rtcm.Rtcm -- MSM sig[2] sigid=14 sigstr=7I code=27 idx=1
13:15:25.611 [main] DEBUG org.rtklib.java.rtcm.Rtcm -- MSM sig[3] sigid=23 sigstr=5P code=58 idx=2
13:15:25.611 [main] DEBUG org.rtklib.java.rtcm.Rtcm -- MSM sig[4] sigid=31 sigstr=1P code=2 idx=4
13:15:25.611 [main] DEBUG org.rtklib.java.rtcm.Rtcm -- MSM after sigindex: sig[0] code=40 idx=0
13:15:25.611 [main] DEBUG org.rtklib.java.rtcm.Rtcm -- MSM after sigindex: sig[1] code=42 idx=3
13:15:25.611 [main] DEBUG org.rtklib.java.rtcm.Rtcm -- MSM after sigindex: sig[2] code=27 idx=1
13:15:25.611 [main] DEBUG org.rtklib.java.rtcm.Rtcm -- MSM after sigindex: sig[3] code=58 idx=2
13:15:25.611 [main] DEBUG org.rtklib.java.rtcm.Rtcm -- MSM after sigindex: sig[4] code=2 idx=4
13:15:25.611 [main] DEBUG org.rtklib.java.rtcm.Rtcm -- RTCM3 decoded message type=1042, length=70
13:15:25.611 [main] DEBUG org.rtklib.java.rtcm.Rtcm -- RTCM3 decoded message type=1005, length=25
13:15:25.611 [main] INFO org.rtklib.java.SppTest -- RTCM 1005 base station position: (-492860.33290000004, 5551481.2314, 3092889.6323)
13:15:25.611 [main] DEBUG org.rtklib.java.rtcm.Rtcm -- RTCM3 decoded message type=1033, length=27
13:15:25.611 [main] DEBUG org.rtklib.java.rtcm.Rtcm -- RTCM3 decoded message type=1124, length=254
13:15:25.611 [main] DEBUG org.rtklib.java.rtcm.Rtcm -- MSM BDS TOW: raw=64714000, tow=64728.0
13:15:25.611 [main] DEBUG org.rtklib.java.rtcm.Rtcm -- MSM BDS after adjweek: time.time=1780855128, time.sec=0.0
13:15:25.611 [main] DEBUG org.rtklib.java.rtcm.Rtcm -- decode_msm_head: sys=32 staid=0 nsat=12 nsig=5 sync=0 iod=0 ncell=32
13:15:25.611 [main] DEBUG org.rtklib.java.rtcm.Rtcm -- MSM sig[0] sigid=2 sigstr=2I code=40 idx=0
13:15:25.611 [main] DEBUG org.rtklib.java.rtcm.Rtcm -- MSM sig[1] sigid=8 sigstr=6I code=42 idx=3
13:15:25.611 [main] DEBUG org.rtklib.java.rtcm.Rtcm -- MSM sig[2] sigid=14 sigstr=7I code=27 idx=1
13:15:25.611 [main] DEBUG org.rtklib.java.rtcm.Rtcm -- MSM sig[3] sigid=23 sigstr=5P code=58 idx=2
13:15:25.611 [main] DEBUG org.rtklib.java.rtcm.Rtcm -- MSM sig[4] sigid=31 sigstr=1P code=2 idx=4
13:15:25.611 [main] DEBUG org.rtklib.java.rtcm.Rtcm -- MSM after sigindex: sig[0] code=40 idx=0
13:15:25.611 [main] DEBUG org.rtklib.java.rtcm.Rtcm -- MSM after sigindex: sig[1] code=42 idx=3
13:15:25.611 [main] DEBUG org.rtklib.java.rtcm.Rtcm -- MSM after sigindex: sig[2] code=27 idx=1
13:15:25.611 [main] DEBUG org.rtklib.java.rtcm.Rtcm -- MSM after sigindex: sig[3] code=58 idx=2
13:15:25.611 [main] DEBUG org.rtklib.java.rtcm.Rtcm -- MSM after sigindex: sig[4] code=2 idx=4
13:15:25.611 [main] DEBUG org.rtklib.java.rtcm.Rtcm -- RTCM3 decoded message type=1042, length=70
13:15:25.611 [main] DEBUG org.rtklib.java.rtcm.Rtcm -- RTCM3 decoded message type=1005, length=25
13:15:25.611 [main] INFO org.rtklib.java.SppTest -- RTCM 1005 base station position: (-492860.33290000004, 5551481.2314, 3092889.6323)
13:15:25.611 [main] DEBUG org.rtklib.java.rtcm.Rtcm -- RTCM3 decoded message type=1033, length=27
13:15:25.611 [main] DEBUG org.rtklib.java.rtcm.Rtcm -- RTCM3 decoded message type=1124, length=260
13:15:25.611 [main] DEBUG org.rtklib.java.rtcm.Rtcm -- MSM BDS TOW: raw=64729000, tow=64743.0
13:15:25.611 [main] DEBUG org.rtklib.java.rtcm.Rtcm -- MSM BDS after adjweek: time.time=1780855143, time.sec=0.0
13:15:25.611 [main] DEBUG org.rtklib.java.rtcm.Rtcm -- decode_msm_head: sys=32 staid=0 nsat=12 nsig=5 sync=0 iod=0 ncell=33
13:15:25.611 [main] DEBUG org.rtklib.java.rtcm.Rtcm -- MSM sig[0] sigid=2 sigstr=2I code=40 idx=0
13:15:25.611 [main] DEBUG org.rtklib.java.rtcm.Rtcm -- MSM sig[1] sigid=8 sigstr=6I code=42 idx=3
13:15:25.611 [main] DEBUG org.rtklib.java.rtcm.Rtcm -- MSM sig[2] sigid=14 sigstr=7I code=27 idx=1
13:15:25.611 [main] DEBUG org.rtklib.java.rtcm.Rtcm -- MSM sig[3] sigid=23 sigstr=5P code=58 idx=2
13:15:25.611 [main] DEBUG org.rtklib.java.rtcm.Rtcm -- MSM sig[4] sigid=31 sigstr=1P code=2 idx=4
13:15:25.611 [main] DEBUG org.rtklib.java.rtcm.Rtcm -- MSM after sigindex: sig[0] code=40 idx=0
13:15:25.611 [main] DEBUG org.rtklib.java.rtcm.Rtcm -- MSM after sigindex: sig[1] code=42 idx=3
13:15:25.611 [main] DEBUG org.rtklib.java.rtcm.Rtcm -- MSM after sigindex: sig[2] code=27 idx=1
13:15:25.611 [main] DEBUG org.rtklib.java.rtcm.Rtcm -- MSM after sigindex: sig[3] code=58 idx=2
13:15:25.611 [main] DEBUG org.rtklib.java.rtcm.Rtcm -- MSM after sigindex: sig[4] code=2 idx=4
13:15:25.611 [main] DEBUG org.rtklib.java.rtcm.Rtcm -- RTCM3 decoded message type=1042, length=70
13:15:25.611 [main] DEBUG org.rtklib.java.rtcm.Rtcm -- RTCM3 decoded message type=1005, length=25
13:15:25.611 [main] INFO org.rtklib.java.SppTest -- RTCM 1005 base station position: (-492860.33290000004, 5551481.2314, 3092889.6323)
13:15:25.611 [main] DEBUG org.rtklib.java.rtcm.Rtcm -- RTCM3 decoded message type=1033, length=27
13:15:25.611 [main] DEBUG org.rtklib.java.rtcm.Rtcm -- RTCM3 decoded message type=1124, length=254
13:15:25.611 [main] DEBUG org.rtklib.java.rtcm.Rtcm -- MSM BDS TOW: raw=64744000, tow=64758.0
13:15:25.611 [main] DEBUG org.rtklib.java.rtcm.Rtcm -- MSM BDS after adjweek: time.time=1780855158, time.sec=0.0
13:15:25.611 [main] DEBUG org.rtklib.java.rtcm.Rtcm -- decode_msm_head: sys=32 staid=0 nsat=12 nsig=5 sync=0 iod=0 ncell=32
13:15:25.611 [main] DEBUG org.rtklib.java.rtcm.Rtcm -- MSM sig[0] sigid=2 sigstr=2I code=40 idx=0
13:15:25.611 [main] DEBUG org.rtklib.java.rtcm.Rtcm -- MSM sig[1] sigid=8 sigstr=6I code=42 idx=3
13:15:25.611 [main] DEBUG org.rtklib.java.rtcm.Rtcm -- MSM sig[2] sigid=14 sigstr=7I code=27 idx=1
13:15:25.611 [main] DEBUG org.rtklib.java.rtcm.Rtcm -- MSM sig[3] sigid=23 sigstr=5P code=58 idx=2
13:15:25.611 [main] DEBUG org.rtklib.java.rtcm.Rtcm -- MSM sig[4] sigid=31 sigstr=1P code=2 idx=4
13:15:25.611 [main] DEBUG org.rtklib.java.rtcm.Rtcm -- MSM after sigindex: sig[0] code=40 idx=0
13:15:25.611 [main] DEBUG org.rtklib.java.rtcm.Rtcm -- MSM after sigindex: sig[1] code=42 idx=3
13:15:25.611 [main] DEBUG org.rtklib.java.rtcm.Rtcm -- MSM after sigindex: sig[2] code=27 idx=1
13:15:25.611 [main] DEBUG org.rtklib.java.rtcm.Rtcm -- MSM after sigindex: sig[3] code=58 idx=2
13:15:25.611 [main] DEBUG org.rtklib.java.rtcm.Rtcm -- MSM after sigindex: sig[4] code=2 idx=4
13:15:25.611 [main] DEBUG org.rtklib.java.rtcm.Rtcm -- RTCM3 decoded message type=1042, length=70
13:15:25.611 [main] DEBUG org.rtklib.java.rtcm.Rtcm -- RTCM3 decoded message type=1005, length=25
13:15:25.611 [main] INFO org.rtklib.java.SppTest -- RTCM 1005 base station position: (-492860.33290000004, 5551481.2314, 3092889.6323)
13:15:25.611 [main] DEBUG org.rtklib.java.rtcm.Rtcm -- RTCM3 decoded message type=1033, length=27
13:15:25.611 [main] DEBUG org.rtklib.java.rtcm.Rtcm -- RTCM3 decoded message type=1124, length=266
13:15:25.611 [main] DEBUG org.rtklib.java.rtcm.Rtcm -- MSM BDS TOW: raw=64759000, tow=64773.0
13:15:25.611 [main] DEBUG org.rtklib.java.rtcm.Rtcm -- MSM BDS after adjweek: time.time=1780855173, time.sec=0.0
13:15:25.611 [main] DEBUG org.rtklib.java.rtcm.Rtcm -- decode_msm_head: sys=32 staid=0 nsat=12 nsig=5 sync=0 iod=0 ncell=34
13:15:25.611 [main] DEBUG org.rtklib.java.rtcm.Rtcm -- MSM sig[0] sigid=2 sigstr=2I code=40 idx=0
13:15:25.611 [main] DEBUG org.rtklib.java.rtcm.Rtcm -- MSM sig[1] sigid=8 sigstr=6I code=42 idx=3
13:15:25.611 [main] DEBUG org.rtklib.java.rtcm.Rtcm -- MSM sig[2] sigid=14 sigstr=7I code=27 idx=1
13:15:25.611 [main] DEBUG org.rtklib.java.rtcm.Rtcm -- MSM sig[3] sigid=23 sigstr=5P code=58 idx=2
13:15:25.611 [main] DEBUG org.rtklib.java.rtcm.Rtcm -- MSM sig[4] sigid=31 sigstr=1P code=2 idx=4
13:15:25.611 [main] DEBUG org.rtklib.java.rtcm.Rtcm -- MSM after sigindex: sig[0] code=40 idx=0
13:15:25.611 [main] DEBUG org.rtklib.java.rtcm.Rtcm -- MSM after sigindex: sig[1] code=42 idx=3
13:15:25.611 [main] DEBUG org.rtklib.java.rtcm.Rtcm -- MSM after sigindex: sig[2] code=27 idx=1
13:15:25.611 [main] DEBUG org.rtklib.java.rtcm.Rtcm -- MSM after sigindex: sig[3] code=58 idx=2
13:15:25.611 [main] DEBUG org.rtklib.java.rtcm.Rtcm -- MSM after sigindex: sig[4] code=2 idx=4
13:15:25.611 [main] DEBUG org.rtklib.java.rtcm.Rtcm -- RTCM3 decoded message type=1042, length=70
13:15:25.611 [main] DEBUG org.rtklib.java.rtcm.Rtcm -- RTCM3 decoded message type=1005, length=25
13:15:25.611 [main] INFO org.rtklib.java.SppTest -- RTCM 1005 base station position: (-492860.33290000004, 5551481.2314, 3092889.6323)
13:15:25.611 [main] DEBUG org.rtklib.java.rtcm.Rtcm -- RTCM3 decoded message type=1033, length=27
13:15:25.611 [main] DEBUG org.rtklib.java.rtcm.Rtcm -- RTCM3 decoded message type=1124, length=254
13:15:25.611 [main] DEBUG org.rtklib.java.rtcm.Rtcm -- MSM BDS TOW: raw=64774000, tow=64788.0
13:15:25.611 [main] DEBUG org.rtklib.java.rtcm.Rtcm -- MSM BDS after adjweek: time.time=1780855188, time.sec=0.0
13:15:25.611 [main] DEBUG org.rtklib.java.rtcm.Rtcm -- decode_msm_head: sys=32 staid=0 nsat=12 nsig=5 sync=0 iod=0 ncell=32
13:15:25.611 [main] DEBUG org.rtklib.java.rtcm.Rtcm -- MSM sig[0] sigid=2 sigstr=2I code=40 idx=0
13:15:25.611 [main] DEBUG org.rtklib.java.rtcm.Rtcm -- MSM sig[1] sigid=8 sigstr=6I code=42 idx=3
13:15:25.611 [main] DEBUG org.rtklib.java.rtcm.Rtcm -- MSM sig[2] sigid=14 sigstr=7I code=27 idx=1
13:15:25.611 [main] DEBUG org.rtklib.java.rtcm.Rtcm -- MSM sig[3] sigid=23 sigstr=5P code=58 idx=2
13:15:25.611 [main] DEBUG org.rtklib.java.rtcm.Rtcm -- MSM sig[4] sigid=31 sigstr=1P code=2 idx=4
13:15:25.611 [main] DEBUG org.rtklib.java.rtcm.Rtcm -- MSM after sigindex: sig[0] code=40 idx=0
13:15:25.611 [main] DEBUG org.rtklib.java.rtcm.Rtcm -- MSM after sigindex: sig[1] code=42 idx=3
13:15:25.611 [main] DEBUG org.rtklib.java.rtcm.Rtcm -- MSM after sigindex: sig[2] code=27 idx=1
13:15:25.611 [main] DEBUG org.rtklib.java.rtcm.Rtcm -- MSM after sigindex: sig[3] code=58 idx=2
13:15:25.611 [main] DEBUG org.rtklib.java.rtcm.Rtcm -- MSM after sigindex: sig[4] code=2 idx=4
13:15:25.611 [main] DEBUG org.rtklib.java.rtcm.Rtcm -- RTCM3 decoded message type=1042, length=70
13:15:25.611 [main] DEBUG org.rtklib.java.rtcm.Rtcm -- RTCM3 decoded message type=1005, length=25
13:15:25.611 [main] INFO org.rtklib.java.SppTest -- RTCM 1005 base station position: (-492860.33290000004, 5551481.2314, 3092889.6323)
13:15:25.611 [main] DEBUG org.rtklib.java.rtcm.Rtcm -- RTCM3 decoded message type=1033, length=27
13:15:25.611 [main] DEBUG org.rtklib.java.rtcm.Rtcm -- RTCM3 decoded message type=1124, length=254
13:15:25.611 [main] DEBUG org.rtklib.java.rtcm.Rtcm -- MSM BDS TOW: raw=64789000, tow=64803.0
13:15:25.611 [main] DEBUG org.rtklib.java.rtcm.Rtcm -- MSM BDS after adjweek: time.time=1780855203, time.sec=0.0
13:15:25.611 [main] DEBUG org.rtklib.java.rtcm.Rtcm -- decode_msm_head: sys=32 staid=0 nsat=12 nsig=5 sync=0 iod=0 ncell=32
13:15:25.611 [main] DEBUG org.rtklib.java.rtcm.Rtcm -- MSM sig[0] sigid=2 sigstr=2I code=40 idx=0
13:15:25.611 [main] DEBUG org.rtklib.java.rtcm.Rtcm -- MSM sig[1] sigid=8 sigstr=6I code=42 idx=3
13:15:25.611 [main] DEBUG org.rtklib.java.rtcm.Rtcm -- MSM sig[2] sigid=14 sigstr=7I code=27 idx=1
13:15:25.611 [main] DEBUG org.rtklib.java.rtcm.Rtcm -- MSM sig[3] sigid=23 sigstr=5P code=58 idx=2
13:15:25.611 [main] DEBUG org.rtklib.java.rtcm.Rtcm -- MSM sig[4] sigid=31 sigstr=1P code=2 idx=4
13:15:25.611 [main] DEBUG org.rtklib.java.rtcm.Rtcm -- MSM after sigindex: sig[0] code=40 idx=0
13:15:25.611 [main] DEBUG org.rtklib.java.rtcm.Rtcm -- MSM after sigindex: sig[1] code=42 idx=3
13:15:25.611 [main] DEBUG org.rtklib.java.rtcm.Rtcm -- MSM after sigindex: sig[2] code=27 idx=1
13:15:25.611 [main] DEBUG org.rtklib.java.rtcm.Rtcm -- MSM after sigindex: sig[3] code=58 idx=2
13:15:25.611 [main] DEBUG org.rtklib.java.rtcm.Rtcm -- MSM after sigindex: sig[4] code=2 idx=4
13:15:25.611 [main] DEBUG org.rtklib.java.rtcm.Rtcm -- RTCM3 decoded message type=1042, length=70
13:15:25.611 [main] INFO org.rtklib.java.SppTest --   eph[105]: sat=106, A=42166232.7, week=1066, iode=1
13:15:25.611 [main] INFO org.rtklib.java.SppTest --   eph[106]: sat=107, A=42163941.3, week=1066, iode=1
13:15:25.611 [main] INFO org.rtklib.java.SppTest --   eph[107]: sat=108, A=42164777.8, week=1066, iode=1
13:15:25.611 [main] INFO org.rtklib.java.SppTest --   eph[110]: sat=111, A=42158421.4, week=1066, iode=1
13:15:25.611 [main] INFO org.rtklib.java.SppTest --   eph[111]: sat=112, A=42165725.8, week=1066, iode=1
13:15:25.611 [main] INFO org.rtklib.java.SppTest --   eph[112]: sat=113, A=42158272.3, week=1066, iode=1
13:15:25.611 [main] INFO org.rtklib.java.SppTest --   eph[113]: sat=114, A=42167667.7, week=1066, iode=2
13:15:25.611 [main] INFO org.rtklib.java.SppTest --   eph[114]: sat=115, A=42169927.7, week=1066, iode=1
13:15:25.611 [main] INFO org.rtklib.java.SppTest --   eph[115]: sat=116, A=27906290.3, week=1066, iode=1
13:15:25.611 [main] INFO org.rtklib.java.SppTest --   eph[116]: sat=117, A=27906348.6, week=1066, iode=1
13:15:25.611 [main] INFO org.rtklib.java.SppTest --   eph[123]: sat=124, A=27906196.7, week=1066, iode=1
13:15:25.611 [main] INFO org.rtklib.java.SppTest --   eph[124]: sat=125, A=27906274.3, week=1066, iode=1
13:15:25.611 [main] INFO org.rtklib.java.SppTest --   eph[126]: sat=127, A=27906228.7, week=1066, iode=1
13:15:25.611 [main] INFO org.rtklib.java.SppTest --   eph[131]: sat=132, A=27906476.4, week=1066, iode=1
13:15:25.611 [main] INFO org.rtklib.java.SppTest --   eph[134]: sat=135, A=27906367.4, week=1066, iode=1
13:15:25.611 [main] INFO org.rtklib.java.SppTest --   eph[136]: sat=137, A=27906219.4, week=1066, iode=1
13:15:25.611 [main] INFO org.rtklib.java.SppTest --   eph[140]: sat=141, A=27906401.4, week=1066, iode=1
13:15:25.611 [main] INFO org.rtklib.java.SppTest --   eph[141]: sat=142, A=27906625.0, week=1066, iode=1
13:15:25.611 [main] INFO org.rtklib.java.SppTest --   eph[143]: sat=144, A=27906542.7, week=1066, iode=1
13:15:25.611 [main] INFO org.rtklib.java.SppTest -- Phase 1 complete: ephTypes={1042=240}, obsEpochs=240, validEph=19
13:15:25.611 [main] INFO org.rtklib.java.SppTest -- Phase 2: SPP positioning for each observation epoch...
13:15:25.611 [main] INFO org.rtklib.java.SppTest -- Initialized sol.rr from base station: (-492860.33290000004, 5551481.2314, 3092889.6323)
13:15:25.612 [main] INFO org.rtklib.java.SppTest -- SPP success #1: epoch=0, time=17:00:18, n=13, lat=29.191509875 lon=95.073474161 h=922.931 ns=11
13:15:25.612 [main] INFO org.rtklib.java.SppTest -- SPP success #2: epoch=1, time=17:00:33, n=13, lat=29.191508454 lon=95.073505369 h=932.596 ns=11
13:15:25.612 [main] INFO org.rtklib.java.SppTest -- SPP success #3: epoch=2, time=17:00:48, n=13, lat=29.191500964 lon=95.073530650 h=941.763 ns=11
13:15:25.612 [main] INFO org.rtklib.java.SppTest -- SPP success #4: epoch=3, time=17:01:03, n=12, lat=29.191433742 lon=95.073653860 h=968.250 ns=10
13:15:25.612 [main] INFO org.rtklib.java.SppTest -- SPP success #5: epoch=4, time=17:01:18, n=12, lat=29.191484184 lon=95.073580204 h=961.286 ns=11
13:15:25.614 [main] INFO org.rtklib.java.SppTest -- SPP success #50: epoch=49, time=17:12:33, n=14, lat=29.191508122 lon=95.073467692 h=920.978 ns=11
13:15:25.617 [main] INFO org.rtklib.java.SppTest -- SPP success #100: epoch=99, time=17:25:03, n=14, lat=29.191490365 lon=95.073473008 h=924.596 ns=12
13:15:25.619 [main] INFO org.rtklib.java.SppTest -- SPP success #150: epoch=149, time=17:37:33, n=13, lat=29.191496972 lon=95.073469947 h=940.071 ns=13
13:15:25.621 [main] INFO org.rtklib.java.SppTest -- SPP success #200: epoch=199, time=17:50:03, n=14, lat=29.191480542 lon=95.073513968 h=918.165 ns=14
13:15:25.625 [main] INFO org.rtklib.java.SppTest -- SPP result written to: C:\Users\admin\Desktop\rtklib_java_results\2_spp_result.pos
13:15:25.625 [main] INFO org.rtklib.java.SppTest -- SPP result: success=240, fail=0
13:15:25.625 [main] INFO org.rtklib.java.SppTest -- Ephemeris message stats: {1042=240}
13:15:25.625 [main] INFO org.rtklib.java.SppTest -- Observation satellite systems: [BDS]
13:15:25.625 [main] INFO org.rtklib.java.SppTest -- Observation satellite IDs: [106, 107, 108, 112, 113, 114, 115, 116, 117, 124, 125, 127, 132, 135, 141, 144]
13:15:25.625 [main] INFO org.rtklib.java.SppTest -- SPP single point positioning test PASSED
]]></system-out>
  </testcase>
</testsuite>